{"numFailedTestSuites":30,"numFailedTests":85,"numPassedTestSuites":46,"numPassedTests":326,"numPendingTestSuites":1,"numPendingTests":6,"numRuntimeErrorTestSuites":6,"numTodoTests":1,"numTotalTestSuites":77,"numTotalTests":418,"openHandles":[],"snapshot":{"added":0,"didUpdate":false,"failure":false,"filesAdded":0,"filesRemoved":0,"filesRemovedList":[],"filesUnmatched":0,"filesUpdated":0,"matched":0,"total":0,"unchecked":0,"uncheckedKeysByFile":[],"unmatched":0,"updated":0},"startTime":1758503413101,"success":false,"testResults":[{"assertionResults":[{"ancestorTitles":["SCORM Inspector Error Handling","JSON Serialization Error Handling"],"duration":2,"failureDetails":[],"failureMessages":[],"fullName":"SCORM Inspector Error Handling JSON Serialization Error Handling should handle circular references in data","invocations":1,"location":null,"numPassingAsserts":1,"retryReasons":[],"status":"passed","title":"should handle circular references in data"},{"ancestorTitles":["SCORM Inspector Error Handling","JSON Serialization Error Handling"],"duration":10,"failureDetails":[],"failureMessages":[],"fullName":"SCORM Inspector Error Handling JSON Serialization Error Handling should handle BigInt and other non-serializable types","invocations":1,"location":null,"numPassingAsserts":2,"retryReasons":[],"status":"passed","title":"should handle BigInt and other non-serializable types"},{"ancestorTitles":["SCORM Inspector Error Handling","JSON Serialization Error Handling"],"duration":1,"failureDetails":[],"failureMessages":[],"fullName":"SCORM Inspector Error Handling JSON Serialization Error Handling should handle deeply nested circular structures","invocations":1,"location":null,"numPassingAsserts":1,"retryReasons":[],"status":"passed","title":"should handle deeply nested circular structures"},{"ancestorTitles":["SCORM Inspector Error Handling","DOM Manipulation Error Handling"],"duration":0,"failureDetails":[],"failureMessages":[],"fullName":"SCORM Inspector Error Handling DOM Manipulation Error Handling should handle missing DOM elements","invocations":1,"location":null,"numPassingAsserts":1,"retryReasons":[],"status":"passed","title":"should handle missing DOM elements"},{"ancestorTitles":["SCORM Inspector Error Handling","DOM Manipulation Error Handling"],"duration":11,"failureDetails":[{"matcherResult":{"message":"\u001b[2mexpect(\u001b[22m\u001b[31mreceived\u001b[39m\u001b[2m).\u001b[22mnot\u001b[2m.\u001b[22mtoThrow\u001b[2m()\u001b[22m\n\nError name:    \u001b[31m\"Error\"\u001b[39m\nError message: \u001b[31m\"DOM write denied\"\u001b[39m\n\n    \u001b[0m \u001b[90m 464 |\u001b[39m       inspectorWindow\u001b[33m.\u001b[39mapiTimelineElement \u001b[33m=\u001b[39m {\n     \u001b[90m 465 |\u001b[39m         \u001b[36mget\u001b[39m innerHTML() { \u001b[36mthrow\u001b[39m \u001b[36mnew\u001b[39m \u001b[33mError\u001b[39m(\u001b[32m'DOM access denied'\u001b[39m)\u001b[33m;\u001b[39m }\u001b[33m,\u001b[39m\n    \u001b[31m\u001b[1m>\u001b[22m\u001b[39m\u001b[90m 466 |\u001b[39m         \u001b[36mset\u001b[39m innerHTML(value) { \u001b[36mthrow\u001b[39m \u001b[36mnew\u001b[39m \u001b[33mError\u001b[39m(\u001b[32m'DOM write denied'\u001b[39m)\u001b[33m;\u001b[39m }\n     \u001b[90m     |\u001b[39m                                      \u001b[31m\u001b[1m^\u001b[22m\u001b[39m\n     \u001b[90m 467 |\u001b[39m       }\u001b[33m;\u001b[39m\n     \u001b[90m 468 |\u001b[39m\n     \u001b[90m 469 |\u001b[39m       expect(() \u001b[33m=>\u001b[39m {\u001b[0m\n\n      \u001b[2mat Object.set innerHTML [as innerHTML] (\u001b[22mtests/unit/renderer/scorm-inspector/error-handling.test.js\u001b[2m:466:38)\u001b[22m\n      \u001b[2mat TestScormInspectorWindow.renderApiTimeline (\u001b[22mtests/unit/renderer/scorm-inspector/error-handling.test.js\u001b[2m:213:46)\u001b[22m\n      \u001b[2mat renderApiTimeline (\u001b[22mtests/unit/renderer/scorm-inspector/error-handling.test.js\u001b[2m:470:25)\u001b[22m\n      \u001b[2mat Object.<anonymous> (\u001b[22mnode_modules/expect/build/toThrowMatchers.js\u001b[2m:74:11)\u001b[22m\n      \u001b[2mat Object.throwingMatcher [as toThrow] (\u001b[22mnode_modules/expect/build/index.js\u001b[2m:320:21)\u001b[22m\n      \u001b[2mat Object.toThrow (\u001b[22mtests/unit/renderer/scorm-inspector/error-handling.test.js\u001b[2m:471:14)\u001b[22m","pass":true}}],"failureMessages":["Error: \u001b[2mexpect(\u001b[22m\u001b[31mreceived\u001b[39m\u001b[2m).\u001b[22mnot\u001b[2m.\u001b[22mtoThrow\u001b[2m()\u001b[22m\n\nError name:    \u001b[31m\"Error\"\u001b[39m\nError message: \u001b[31m\"DOM write denied\"\u001b[39m\n\n    \u001b[0m \u001b[90m 464 |\u001b[39m       inspectorWindow\u001b[33m.\u001b[39mapiTimelineElement \u001b[33m=\u001b[39m {\n     \u001b[90m 465 |\u001b[39m         \u001b[36mget\u001b[39m innerHTML() { \u001b[36mthrow\u001b[39m \u001b[36mnew\u001b[39m \u001b[33mError\u001b[39m(\u001b[32m'DOM access denied'\u001b[39m)\u001b[33m;\u001b[39m }\u001b[33m,\u001b[39m\n    \u001b[31m\u001b[1m>\u001b[22m\u001b[39m\u001b[90m 466 |\u001b[39m         \u001b[36mset\u001b[39m innerHTML(value) { \u001b[36mthrow\u001b[39m \u001b[36mnew\u001b[39m \u001b[33mError\u001b[39m(\u001b[32m'DOM write denied'\u001b[39m)\u001b[33m;\u001b[39m }\n     \u001b[90m     |\u001b[39m                                      \u001b[31m\u001b[1m^\u001b[22m\u001b[39m\n     \u001b[90m 467 |\u001b[39m       }\u001b[33m;\u001b[39m\n     \u001b[90m 468 |\u001b[39m\n     \u001b[90m 469 |\u001b[39m       expect(() \u001b[33m=>\u001b[39m {\u001b[0m\n\n      \u001b[2mat Object.set innerHTML [as innerHTML] (\u001b[22mtests/unit/renderer/scorm-inspector/error-handling.test.js\u001b[2m:466:38)\u001b[22m\n      \u001b[2mat TestScormInspectorWindow.renderApiTimeline (\u001b[22mtests/unit/renderer/scorm-inspector/error-handling.test.js\u001b[2m:213:46)\u001b[22m\n      \u001b[2mat renderApiTimeline (\u001b[22mtests/unit/renderer/scorm-inspector/error-handling.test.js\u001b[2m:470:25)\u001b[22m\n      \u001b[2mat Object.<anonymous> (\u001b[22mnode_modules/expect/build/toThrowMatchers.js\u001b[2m:74:11)\u001b[22m\n      \u001b[2mat Object.throwingMatcher [as toThrow] (\u001b[22mnode_modules/expect/build/index.js\u001b[2m:320:21)\u001b[22m\n      \u001b[2mat Object.toThrow (\u001b[22mtests/unit/renderer/scorm-inspector/error-handling.test.js\u001b[2m:471:14)\u001b[22m\n    at Object.toThrow (/Users/seth/Documents/GitHub/scorm-tester/tests/unit/renderer/scorm-inspector/error-handling.test.js:471:14)\n    at Promise.then.completed (/Users/seth/Documents/GitHub/scorm-tester/node_modules/jest-circus/build/utils.js:298:28)\n    at new Promise (<anonymous>)\n    at callAsyncCircusFn (/Users/seth/Documents/GitHub/scorm-tester/node_modules/jest-circus/build/utils.js:231:10)\n    at _callCircusTest (/Users/seth/Documents/GitHub/scorm-tester/node_modules/jest-circus/build/run.js:316:40)\n    at _runTest (/Users/seth/Documents/GitHub/scorm-tester/node_modules/jest-circus/build/run.js:252:3)\n    at _runTestsForDescribeBlock (/Users/seth/Documents/GitHub/scorm-tester/node_modules/jest-circus/build/run.js:126:9)\n    at _runTestsForDescribeBlock (/Users/seth/Documents/GitHub/scorm-tester/node_modules/jest-circus/build/run.js:121:9)\n    at _runTestsForDescribeBlock (/Users/seth/Documents/GitHub/scorm-tester/node_modules/jest-circus/build/run.js:121:9)\n    at run (/Users/seth/Documents/GitHub/scorm-tester/node_modules/jest-circus/build/run.js:71:3)\n    at runAndTransformResultsToJestFormat (/Users/seth/Documents/GitHub/scorm-tester/node_modules/jest-circus/build/legacy-code-todo-rewrite/jestAdapterInit.js:122:21)\n    at jestAdapter (/Users/seth/Documents/GitHub/scorm-tester/node_modules/jest-circus/build/legacy-code-todo-rewrite/jestAdapter.js:79:19)\n    at runTestInternal (/Users/seth/Documents/GitHub/scorm-tester/node_modules/jest-runner/build/runTest.js:367:16)\n    at runTest (/Users/seth/Documents/GitHub/scorm-tester/node_modules/jest-runner/build/runTest.js:444:34)"],"fullName":"SCORM Inspector Error Handling DOM Manipulation Error Handling should handle DOM element access errors","invocations":1,"location":null,"numPassingAsserts":0,"retryReasons":[],"status":"failed","title":"should handle DOM element access errors"},{"ancestorTitles":["SCORM Inspector Error Handling","DOM Manipulation Error Handling"],"duration":0,"failureDetails":[],"failureMessages":[],"fullName":"SCORM Inspector Error Handling DOM Manipulation Error Handling should handle document.createElement failures","invocations":1,"location":null,"numPassingAsserts":1,"retryReasons":[],"status":"passed","title":"should handle document.createElement failures"},{"ancestorTitles":["SCORM Inspector Error Handling","Memory and Performance Error Handling"],"duration":0,"failureDetails":[],"failureMessages":[],"fullName":"SCORM Inspector Error Handling Memory and Performance Error Handling should handle memory exhaustion gracefully","invocations":1,"location":null,"numPassingAsserts":1,"retryReasons":[],"status":"passed","title":"should handle memory exhaustion gracefully"},{"ancestorTitles":["SCORM Inspector Error Handling","Memory and Performance Error Handling"],"duration":11,"failureDetails":[],"failureMessages":[],"fullName":"SCORM Inspector Error Handling Memory and Performance Error Handling should handle rapid data updates without memory leaks","invocations":1,"location":null,"numPassingAsserts":0,"retryReasons":[],"status":"passed","title":"should handle rapid data updates without memory leaks"},{"ancestorTitles":["SCORM Inspector Error Handling","Race Condition Error Handling"],"duration":3,"failureDetails":[],"failureMessages":[],"fullName":"SCORM Inspector Error Handling Race Condition Error Handling should handle concurrent updateDataModel calls safely","invocations":1,"location":null,"numPassingAsserts":2,"retryReasons":[],"status":"passed","title":"should handle concurrent updateDataModel calls safely"},{"ancestorTitles":["SCORM Inspector Error Handling","Race Condition Error Handling"],"duration":1,"failureDetails":[],"failureMessages":[],"fullName":"SCORM Inspector Error Handling Race Condition Error Handling should handle destruction during active operations","invocations":1,"location":null,"numPassingAsserts":2,"retryReasons":[],"status":"passed","title":"should handle destruction during active operations"},{"ancestorTitles":["SCORM Inspector Error Handling","Browser API Error Handling"],"duration":2,"failureDetails":[],"failureMessages":[],"fullName":"SCORM Inspector Error Handling Browser API Error Handling should handle localStorage quota exceeded","invocations":1,"location":null,"numPassingAsserts":1,"retryReasons":[],"status":"passed","title":"should handle localStorage quota exceeded"},{"ancestorTitles":["SCORM Inspector Error Handling","Browser API Error Handling"],"duration":1,"failureDetails":[],"failureMessages":[],"fullName":"SCORM Inspector Error Handling Browser API Error Handling should handle Blob/URL API unavailability","invocations":1,"location":null,"numPassingAsserts":1,"retryReasons":[],"status":"passed","title":"should handle Blob/URL API unavailability"},{"ancestorTitles":["SCORM Inspector Error Handling","Browser API Error Handling"],"duration":1,"failureDetails":[],"failureMessages":[],"fullName":"SCORM Inspector Error Handling Browser API Error Handling should handle clipboard API failures","invocations":1,"location":null,"numPassingAsserts":1,"retryReasons":[],"status":"passed","title":"should handle clipboard API failures"},{"ancestorTitles":["SCORM Inspector Error Handling","Data Validation Error Handling"],"duration":0,"failureDetails":[],"failureMessages":[],"fullName":"SCORM Inspector Error Handling Data Validation Error Handling should handle malformed API call data","invocations":1,"location":null,"numPassingAsserts":5,"retryReasons":[],"status":"passed","title":"should handle malformed API call data"},{"ancestorTitles":["SCORM Inspector Error Handling","Data Validation Error Handling"],"duration":0,"failureDetails":[],"failureMessages":[],"fullName":"SCORM Inspector Error Handling Data Validation Error Handling should handle invalid data model structures","invocations":1,"location":null,"numPassingAsserts":6,"retryReasons":[],"status":"passed","title":"should handle invalid data model structures"}],"endTime":1758503413599,"message":"\u001b[1m\u001b[31m  \u001b[1m● \u001b[22m\u001b[1mSCORM Inspector Error Handling › DOM Manipulation Error Handling › should handle DOM element access errors\u001b[39m\u001b[22m\n\n    \u001b[2mexpect(\u001b[22m\u001b[31mreceived\u001b[39m\u001b[2m).\u001b[22mnot\u001b[2m.\u001b[22mtoThrow\u001b[2m()\u001b[22m\n\n    Error name:    \u001b[31m\"Error\"\u001b[39m\n    Error message: \u001b[31m\"DOM write denied\"\u001b[39m\n\n        \u001b[0m \u001b[90m 464 |\u001b[39m       inspectorWindow\u001b[33m.\u001b[39mapiTimelineElement \u001b[33m=\u001b[39m {\n         \u001b[90m 465 |\u001b[39m         \u001b[36mget\u001b[39m innerHTML() { \u001b[36mthrow\u001b[39m \u001b[36mnew\u001b[39m \u001b[33mError\u001b[39m(\u001b[32m'DOM access denied'\u001b[39m)\u001b[33m;\u001b[39m }\u001b[33m,\u001b[39m\n        \u001b[31m\u001b[1m>\u001b[22m\u001b[39m\u001b[90m 466 |\u001b[39m         \u001b[36mset\u001b[39m innerHTML(value) { \u001b[36mthrow\u001b[39m \u001b[36mnew\u001b[39m \u001b[33mError\u001b[39m(\u001b[32m'DOM write denied'\u001b[39m)\u001b[33m;\u001b[39m }\n         \u001b[90m     |\u001b[39m                                      \u001b[31m\u001b[1m^\u001b[22m\u001b[39m\n         \u001b[90m 467 |\u001b[39m       }\u001b[33m;\u001b[39m\n         \u001b[90m 468 |\u001b[39m\n         \u001b[90m 469 |\u001b[39m       expect(() \u001b[33m=>\u001b[39m {\u001b[0m\n\n          \u001b[2mat Object.set innerHTML [as innerHTML] (\u001b[22mtests/unit/renderer/scorm-inspector/error-handling.test.js\u001b[2m:466:38)\u001b[22m\n          \u001b[2mat TestScormInspectorWindow.renderApiTimeline (\u001b[22mtests/unit/renderer/scorm-inspector/error-handling.test.js\u001b[2m:213:46)\u001b[22m\n          \u001b[2mat renderApiTimeline (\u001b[22mtests/unit/renderer/scorm-inspector/error-handling.test.js\u001b[2m:470:25)\u001b[22m\n          \u001b[2mat Object.<anonymous> (\u001b[22mnode_modules/expect/build/toThrowMatchers.js\u001b[2m:74:11)\u001b[22m\n          \u001b[2mat Object.throwingMatcher [as toThrow] (\u001b[22mnode_modules/expect/build/index.js\u001b[2m:320:21)\u001b[22m\n          \u001b[2mat Object.toThrow (\u001b[22mtests/unit/renderer/scorm-inspector/error-handling.test.js\u001b[2m:471:14)\u001b[22m\n\u001b[2m\u001b[22m\n\u001b[2m    \u001b[0m \u001b[90m 469 |\u001b[39m       expect(() \u001b[33m=>\u001b[39m {\u001b[22m\n\u001b[2m     \u001b[90m 470 |\u001b[39m         inspectorWindow\u001b[33m.\u001b[39mrenderApiTimeline()\u001b[33m;\u001b[39m\u001b[22m\n\u001b[2m    \u001b[31m\u001b[1m>\u001b[22m\u001b[2m\u001b[39m\u001b[90m 471 |\u001b[39m       })\u001b[33m.\u001b[39mnot\u001b[33m.\u001b[39mtoThrow()\u001b[33m;\u001b[39m\u001b[22m\n\u001b[2m     \u001b[90m     |\u001b[39m              \u001b[31m\u001b[1m^\u001b[22m\u001b[2m\u001b[39m\u001b[22m\n\u001b[2m     \u001b[90m 472 |\u001b[39m     })\u001b[33m;\u001b[39m\u001b[22m\n\u001b[2m     \u001b[90m 473 |\u001b[39m\u001b[22m\n\u001b[2m     \u001b[90m 474 |\u001b[39m     test(\u001b[32m'should handle document.createElement failures'\u001b[39m\u001b[33m,\u001b[39m () \u001b[33m=>\u001b[39m {\u001b[0m\u001b[22m\n\u001b[2m\u001b[22m\n\u001b[2m      \u001b[2mat Object.toThrow (\u001b[22m\u001b[2m\u001b[0m\u001b[36mtests/unit/renderer/scorm-inspector/error-handling.test.js\u001b[39m\u001b[0m\u001b[2m:471:14)\u001b[22m\u001b[2m\u001b[22m\n","name":"/Users/seth/Documents/GitHub/scorm-tester/tests/unit/renderer/scorm-inspector/error-handling.test.js","startTime":1758503413358,"status":"failed","summary":""},{"assertionResults":[{"ancestorTitles":["CAM Integration Workflow","Complete Package Processing"],"duration":9,"failureDetails":[{"matcherResult":{"actual":false,"expected":true,"message":"\u001b[2mexpect(\u001b[22m\u001b[31mreceived\u001b[39m\u001b[2m).\u001b[22mtoBe\u001b[2m(\u001b[22m\u001b[32mexpected\u001b[39m\u001b[2m) // Object.is equality\u001b[22m\n\nExpected: \u001b[32mtrue\u001b[39m\nReceived: \u001b[31mfalse\u001b[39m","name":"toBe","pass":false}}],"failureMessages":["Error: \u001b[2mexpect(\u001b[22m\u001b[31mreceived\u001b[39m\u001b[2m).\u001b[22mtoBe\u001b[2m(\u001b[22m\u001b[32mexpected\u001b[39m\u001b[2m) // Object.is equality\u001b[22m\n\nExpected: \u001b[32mtrue\u001b[39m\nReceived: \u001b[31mfalse\u001b[39m\n    at Object.toBe (/Users/seth/Documents/GitHub/scorm-tester/tests/integration/cam-workflow.test.js:90:41)"],"fullName":"CAM Integration Workflow Complete Package Processing should process valid SCORM package successfully","invocations":1,"location":null,"numPassingAsserts":9,"retryReasons":[],"status":"failed","title":"should process valid SCORM package successfully"},{"ancestorTitles":["CAM Integration Workflow","Complete Package Processing"],"duration":6,"failureDetails":[],"failureMessages":[],"fullName":"CAM Integration Workflow Complete Package Processing should handle package with validation errors","invocations":1,"location":null,"numPassingAsserts":2,"retryReasons":[],"status":"passed","title":"should handle package with validation errors"},{"ancestorTitles":["CAM Integration Workflow","Complete Package Processing"],"duration":5,"failureDetails":[],"failureMessages":[],"fullName":"CAM Integration Workflow Complete Package Processing should handle package without metadata","invocations":1,"location":null,"numPassingAsserts":3,"retryReasons":[],"status":"passed","title":"should handle package without metadata"},{"ancestorTitles":["CAM Integration Workflow","Individual Service Operations"],"duration":1,"failureDetails":[],"failureMessages":[],"fullName":"CAM Integration Workflow Individual Service Operations should parse manifest independently","invocations":1,"location":null,"numPassingAsserts":3,"retryReasons":[],"status":"passed","title":"should parse manifest independently"},{"ancestorTitles":["CAM Integration Workflow","Individual Service Operations"],"duration":3,"failureDetails":[{"matcherResult":{"actual":false,"expected":true,"message":"\u001b[2mexpect(\u001b[22m\u001b[31mreceived\u001b[39m\u001b[2m).\u001b[22mtoBe\u001b[2m(\u001b[22m\u001b[32mexpected\u001b[39m\u001b[2m) // Object.is equality\u001b[22m\n\nExpected: \u001b[32mtrue\u001b[39m\nReceived: \u001b[31mfalse\u001b[39m","name":"toBe","pass":false}}],"failureMessages":["Error: \u001b[2mexpect(\u001b[22m\u001b[31mreceived\u001b[39m\u001b[2m).\u001b[22mtoBe\u001b[2m(\u001b[22m\u001b[32mexpected\u001b[39m\u001b[2m) // Object.is equality\u001b[22m\n\nExpected: \u001b[32mtrue\u001b[39m\nReceived: \u001b[31mfalse\u001b[39m\n    at Object.toBe (/Users/seth/Documents/GitHub/scorm-tester/tests/integration/cam-workflow.test.js:157:34)"],"fullName":"CAM Integration Workflow Individual Service Operations should validate package independently","invocations":1,"location":null,"numPassingAsserts":1,"retryReasons":[],"status":"failed","title":"should validate package independently"},{"ancestorTitles":["CAM Integration Workflow","Individual Service Operations"],"duration":1,"failureDetails":[],"failureMessages":[],"fullName":"CAM Integration Workflow Individual Service Operations should analyze package independently","invocations":1,"location":null,"numPassingAsserts":2,"retryReasons":[],"status":"passed","title":"should analyze package independently"},{"ancestorTitles":["CAM Integration Workflow","Service Status and Capabilities"],"duration":1,"failureDetails":[],"failureMessages":[],"fullName":"CAM Integration Workflow Service Status and Capabilities should return service status","invocations":1,"location":null,"numPassingAsserts":7,"retryReasons":[],"status":"passed","title":"should return service status"},{"ancestorTitles":["CAM Integration Workflow","Error Handling Integration"],"duration":7,"failureDetails":[],"failureMessages":[],"fullName":"CAM Integration Workflow Error Handling Integration should handle non-existent package directory","invocations":1,"location":null,"numPassingAsserts":1,"retryReasons":[],"status":"passed","title":"should handle non-existent package directory"},{"ancestorTitles":["CAM Integration Workflow","Error Handling Integration"],"duration":8,"failureDetails":[],"failureMessages":[],"fullName":"CAM Integration Workflow Error Handling Integration should handle corrupted manifest file","invocations":1,"location":null,"numPassingAsserts":1,"retryReasons":[],"status":"passed","title":"should handle corrupted manifest file"},{"ancestorTitles":["CAM Integration Workflow","Performance and Scalability"],"duration":5,"failureDetails":[],"failureMessages":[],"fullName":"CAM Integration Workflow Performance and Scalability should handle large package efficiently","invocations":1,"location":null,"numPassingAsserts":2,"retryReasons":[],"status":"passed","title":"should handle large package efficiently"},{"ancestorTitles":["CAM Integration Workflow","Performance and Scalability"],"duration":19,"failureDetails":[],"failureMessages":[],"fullName":"CAM Integration Workflow Performance and Scalability should handle multiple concurrent processing requests","invocations":1,"location":null,"numPassingAsserts":10,"retryReasons":[],"status":"passed","title":"should handle multiple concurrent processing requests"}],"endTime":1758503413801,"message":"\u001b[1m\u001b[31m  \u001b[1m● \u001b[22m\u001b[1mCAM Integration Workflow › Complete Package Processing › should process valid SCORM package successfully\u001b[39m\u001b[22m\n\n    \u001b[2mexpect(\u001b[22m\u001b[31mreceived\u001b[39m\u001b[2m).\u001b[22mtoBe\u001b[2m(\u001b[22m\u001b[32mexpected\u001b[39m\u001b[2m) // Object.is equality\u001b[22m\n\n    Expected: \u001b[32mtrue\u001b[39m\n    Received: \u001b[31mfalse\u001b[39m\n\u001b[2m\u001b[22m\n\u001b[2m    \u001b[0m \u001b[90m 88 |\u001b[39m\u001b[22m\n\u001b[2m     \u001b[90m 89 |\u001b[39m       \u001b[90m// Verify validation results\u001b[39m\u001b[22m\n\u001b[2m    \u001b[31m\u001b[1m>\u001b[22m\u001b[2m\u001b[39m\u001b[90m 90 |\u001b[39m       expect(result\u001b[33m.\u001b[39mvalidation\u001b[33m.\u001b[39misValid)\u001b[33m.\u001b[39mtoBe(\u001b[36mtrue\u001b[39m)\u001b[33m;\u001b[39m\u001b[22m\n\u001b[2m     \u001b[90m    |\u001b[39m                                         \u001b[31m\u001b[1m^\u001b[22m\u001b[2m\u001b[39m\u001b[22m\n\u001b[2m     \u001b[90m 91 |\u001b[39m       expect(result\u001b[33m.\u001b[39mvalidation\u001b[33m.\u001b[39merrors)\u001b[33m.\u001b[39mtoHaveLength(\u001b[35m0\u001b[39m)\u001b[33m;\u001b[39m\u001b[22m\n\u001b[2m     \u001b[90m 92 |\u001b[39m       expect(result\u001b[33m.\u001b[39mvalidation\u001b[33m.\u001b[39msummary)\u001b[33m.\u001b[39mtoBeDefined()\u001b[33m;\u001b[39m\u001b[22m\n\u001b[2m     \u001b[90m 93 |\u001b[39m\u001b[0m\u001b[22m\n\u001b[2m\u001b[22m\n\u001b[2m      \u001b[2mat Object.toBe (\u001b[22m\u001b[2m\u001b[0m\u001b[36mtests/integration/cam-workflow.test.js\u001b[39m\u001b[0m\u001b[2m:90:41)\u001b[22m\u001b[2m\u001b[22m\n\n\u001b[1m\u001b[31m  \u001b[1m● \u001b[22m\u001b[1mCAM Integration Workflow › Individual Service Operations › should validate package independently\u001b[39m\u001b[22m\n\n    \u001b[2mexpect(\u001b[22m\u001b[31mreceived\u001b[39m\u001b[2m).\u001b[22mtoBe\u001b[2m(\u001b[22m\u001b[32mexpected\u001b[39m\u001b[2m) // Object.is equality\u001b[22m\n\n    Expected: \u001b[32mtrue\u001b[39m\n    Received: \u001b[31mfalse\u001b[39m\n\u001b[2m\u001b[22m\n\u001b[2m    \u001b[0m \u001b[90m 155 |\u001b[39m\u001b[22m\n\u001b[2m     \u001b[90m 156 |\u001b[39m       expect(validation)\u001b[33m.\u001b[39mtoBeDefined()\u001b[33m;\u001b[39m\u001b[22m\n\u001b[2m    \u001b[31m\u001b[1m>\u001b[22m\u001b[2m\u001b[39m\u001b[90m 157 |\u001b[39m       expect(validation\u001b[33m.\u001b[39misValid)\u001b[33m.\u001b[39mtoBe(\u001b[36mtrue\u001b[39m)\u001b[33m;\u001b[39m\u001b[22m\n\u001b[2m     \u001b[90m     |\u001b[39m                                  \u001b[31m\u001b[1m^\u001b[22m\u001b[2m\u001b[39m\u001b[22m\n\u001b[2m     \u001b[90m 158 |\u001b[39m       \u001b[90m// summary shape may vary; assert boolean validity primarily\u001b[39m\u001b[22m\n\u001b[2m     \u001b[90m 159 |\u001b[39m     })\u001b[33m;\u001b[39m\u001b[22m\n\u001b[2m     \u001b[90m 160 |\u001b[39m\u001b[0m\u001b[22m\n\u001b[2m\u001b[22m\n\u001b[2m      \u001b[2mat Object.toBe (\u001b[22m\u001b[2m\u001b[0m\u001b[36mtests/integration/cam-workflow.test.js\u001b[39m\u001b[0m\u001b[2m:157:34)\u001b[22m\u001b[2m\u001b[22m\n","name":"/Users/seth/Documents/GitHub/scorm-tester/tests/integration/cam-workflow.test.js","startTime":1758503413677,"status":"failed","summary":""},{"assertionResults":[{"ancestorTitles":["CourseOutline HTML escaping of item titles"],"duration":68,"failureDetails":[{"code":"BABEL_PARSE_ERROR","reasonCode":"MissingSemicolon","loc":{"line":271,"column":7,"index":8289},"pos":8289}],"failureMessages":["\u001b[1m\u001b[31mJest encountered an unexpected token\u001b[39m\u001b[22m\n\nJest failed to parse a file. This happens e.g. when your code or its dependencies use non-standard JavaScript syntax, or when Jest is not configured to support such syntax.\n\nOut of the box Jest supports Babel, which will be used to transform your files into valid JS based on your Babel configuration.\n\nBy default \"node_modules\" folder is ignored by transformers.\n\nHere's what you can do:\n • If you are trying to use ECMAScript Modules, see \u001b[4mhttps://jestjs.io/docs/ecmascript-modules\u001b[24m for how to enable it.\n • If you are trying to use TypeScript, see \u001b[4mhttps://jestjs.io/docs/getting-started#using-typescript\u001b[24m\n • To have some of your \"node_modules\" files transformed, you can specify a custom \u001b[1m\"transformIgnorePatterns\"\u001b[22m in your config.\n • If you need a custom transformation specify a \u001b[1m\"transform\"\u001b[22m option in your config.\n • If you simply want to mock your non-JS modules (e.g. binary assets) you can stub them out with the \u001b[1m\"moduleNameMapper\"\u001b[22m config option.\n\nYou'll find more details and examples of these config options in the docs:\n\u001b[36mhttps://jestjs.io/docs/configuration\u001b[39m\nFor information about custom transformations, see:\n\u001b[36mhttps://jestjs.io/docs/code-transformation\u001b[39m\n\n\u001b[1m\u001b[31mDetails:\u001b[39m\u001b[22m\n\nSyntaxError: /Users/seth/Documents/GitHub/scorm-tester/src/renderer/services/sn-bridge.js: Missing semicolon. (271:7)\n\n\u001b[0m \u001b[90m 269 |\u001b[39m     }\n \u001b[90m 270 |\u001b[39m\n\u001b[31m\u001b[1m>\u001b[22m\u001b[39m\u001b[90m 271 |\u001b[39m   \u001b[36masync\u001b[39m getScormDataModel() {\n \u001b[90m     |\u001b[39m        \u001b[31m\u001b[1m^\u001b[22m\u001b[39m\n \u001b[90m 272 |\u001b[39m     \u001b[36mtry\u001b[39m {\n \u001b[90m 273 |\u001b[39m       \u001b[36mif\u001b[39m (window\u001b[33m.\u001b[39melectronAPI\u001b[33m?\u001b[39m\u001b[33m.\u001b[39mgetScormDataModel) {\n \u001b[90m 274 |\u001b[39m         \u001b[36mreturn\u001b[39m \u001b[36mawait\u001b[39m window\u001b[33m.\u001b[39melectronAPI\u001b[33m.\u001b[39mgetScormDataModel()\u001b[33m;\u001b[39m\u001b[0m\n    at constructor (/Users/seth/Documents/GitHub/scorm-tester/node_modules/@babel/parser/src/parse-error.ts:95:45)\n    at Parser.toParseError [as raise] (/Users/seth/Documents/GitHub/scorm-tester/node_modules/@babel/parser/src/tokenizer/index.ts:1503:19)\n    at Parser.raise [as semicolon] (/Users/seth/Documents/GitHub/scorm-tester/node_modules/@babel/parser/src/parser/util.ts:149:10)\n    at Parser.semicolon [as parseExpressionStatement] (/Users/seth/Documents/GitHub/scorm-tester/node_modules/@babel/parser/src/parser/statement.ts:1358:10)\n    at Parser.parseExpressionStatement [as parseStatementContent] (/Users/seth/Documents/GitHub/scorm-tester/node_modules/@babel/parser/src/parser/statement.ts:697:19)\n    at Parser.parseStatementContent [as parseStatementLike] (/Users/seth/Documents/GitHub/scorm-tester/node_modules/@babel/parser/src/parser/statement.ts:477:17)\n    at Parser.parseStatementLike [as parseStatementListItem] (/Users/seth/Documents/GitHub/scorm-tester/node_modules/@babel/parser/src/parser/statement.ts:426:17)\n    at Parser.parseStatementListItem [as parseBlockOrModuleBlockBody] (/Users/seth/Documents/GitHub/scorm-tester/node_modules/@babel/parser/src/parser/statement.ts:1439:16)\n    at Parser.parseBlockOrModuleBlockBody [as parseBlockBody] (/Users/seth/Documents/GitHub/scorm-tester/node_modules/@babel/parser/src/parser/statement.ts:1412:10)\n    at Parser.parseBlockBody [as parseBlock] (/Users/seth/Documents/GitHub/scorm-tester/node_modules/@babel/parser/src/parser/statement.ts:1380:10)\n    at Parser.parseBlock [as parseFunctionBody] (/Users/seth/Documents/GitHub/scorm-tester/node_modules/@babel/parser/src/parser/expression.ts:2616:24)\n    at Parser.parseFunctionBody [as parseFunctionBodyAndFinish] (/Users/seth/Documents/GitHub/scorm-tester/node_modules/@babel/parser/src/parser/expression.ts:2585:10)\n    at Parser.parseFunctionBodyAndFinish [as parseMethod] (/Users/seth/Documents/GitHub/scorm-tester/node_modules/@babel/parser/src/parser/expression.ts:2482:31)\n    at Parser.parseMethod [as pushClassMethod] (/Users/seth/Documents/GitHub/scorm-tester/node_modules/@babel/parser/src/parser/statement.ts:2239:12)\n    at Parser.pushClassMethod [as parseClassMemberWithIsStatic] (/Users/seth/Documents/GitHub/scorm-tester/node_modules/@babel/parser/src/parser/statement.ts:2060:14)\n    at Parser.parseClassMemberWithIsStatic [as parseClassMember] (/Users/seth/Documents/GitHub/scorm-tester/node_modules/@babel/parser/src/parser/statement.ts:1933:10)\n    at parseClassMember (/Users/seth/Documents/GitHub/scorm-tester/node_modules/@babel/parser/src/parser/statement.ts:1846:14)\n    at Parser.callback [as withSmartMixTopicForbiddingContext] (/Users/seth/Documents/GitHub/scorm-tester/node_modules/@babel/parser/src/parser/expression.ts:3166:14)\n    at Parser.withSmartMixTopicForbiddingContext [as parseClassBody] (/Users/seth/Documents/GitHub/scorm-tester/node_modules/@babel/parser/src/parser/statement.ts:1818:10)\n    at Parser.parseClassBody [as parseClass] (/Users/seth/Documents/GitHub/scorm-tester/node_modules/@babel/parser/src/parser/statement.ts:1769:22)\n    at Parser.parseClass [as parseStatementContent] (/Users/seth/Documents/GitHub/scorm-tester/node_modules/@babel/parser/src/parser/statement.ts:527:21)\n    at Parser.parseStatementContent [as parseStatementLike] (/Users/seth/Documents/GitHub/scorm-tester/node_modules/@babel/parser/src/parser/statement.ts:477:17)\n    at Parser.parseStatementLike [as parseModuleItem] (/Users/seth/Documents/GitHub/scorm-tester/node_modules/@babel/parser/src/parser/statement.ts:414:17)\n    at Parser.parseModuleItem [as parseBlockOrModuleBlockBody] (/Users/seth/Documents/GitHub/scorm-tester/node_modules/@babel/parser/src/parser/statement.ts:1438:16)\n    at Parser.parseBlockOrModuleBlockBody [as parseBlockBody] (/Users/seth/Documents/GitHub/scorm-tester/node_modules/@babel/parser/src/parser/statement.ts:1412:10)\n    at Parser.parseBlockBody [as parseProgram] (/Users/seth/Documents/GitHub/scorm-tester/node_modules/@babel/parser/src/parser/statement.ts:229:10)\n    at Parser.parseProgram [as parseTopLevel] (/Users/seth/Documents/GitHub/scorm-tester/node_modules/@babel/parser/src/parser/statement.ts:203:25)\n    at Parser.parseTopLevel [as parse] (/Users/seth/Documents/GitHub/scorm-tester/node_modules/@babel/parser/src/parser/index.ts:93:10)\n    at parse (/Users/seth/Documents/GitHub/scorm-tester/node_modules/@babel/parser/src/index.ts:92:38)\n    at parser (/Users/seth/Documents/GitHub/scorm-tester/node_modules/@babel/core/src/parser/index.ts:28:19)\n    at parser.next (<anonymous>)\n    at normalizeFile (/Users/seth/Documents/GitHub/scorm-tester/node_modules/@babel/core/src/transformation/normalize-file.ts:49:24)\n    at normalizeFile.next (<anonymous>)\n    at run (/Users/seth/Documents/GitHub/scorm-tester/node_modules/@babel/core/src/transformation/index.ts:40:36)\n    at run.next (<anonymous>)\n    at transform (/Users/seth/Documents/GitHub/scorm-tester/node_modules/@babel/core/src/transform.ts:29:20)\n    at transform.next (<anonymous>)\n    at evaluateSync (/Users/seth/Documents/GitHub/scorm-tester/node_modules/gensync/index.js:251:28)\n    at sync (/Users/seth/Documents/GitHub/scorm-tester/node_modules/gensync/index.js:89:14)\n    at fn (/Users/seth/Documents/GitHub/scorm-tester/node_modules/@babel/core/src/errors/rewrite-stack-trace.ts:99:14)\n    at transformSync (/Users/seth/Documents/GitHub/scorm-tester/node_modules/@babel/core/src/transform.ts:66:52)\n    at Object.process (/Users/seth/Documents/GitHub/scorm-tester/node_modules/babel-jest/build/index.js:273:57)\n    at ScriptTransformer.transformSource (/Users/seth/Documents/GitHub/scorm-tester/node_modules/@jest/transform/build/ScriptTransformer.js:545:31)\n    at ScriptTransformer._transformAndBuildScript (/Users/seth/Documents/GitHub/scorm-tester/node_modules/@jest/transform/build/ScriptTransformer.js:674:40)\n    at ScriptTransformer.transform (/Users/seth/Documents/GitHub/scorm-tester/node_modules/@jest/transform/build/ScriptTransformer.js:726:19)\n    at Runtime.transformFile (/Users/seth/Documents/GitHub/scorm-tester/node_modules/jest-runtime/build/index.js:1465:53)\n    at Runtime._execModule (/Users/seth/Documents/GitHub/scorm-tester/node_modules/jest-runtime/build/index.js:1397:34)\n    at Runtime._loadModule (/Users/seth/Documents/GitHub/scorm-tester/node_modules/jest-runtime/build/index.js:1022:12)\n    at Runtime.requireModule (/Users/seth/Documents/GitHub/scorm-tester/node_modules/jest-runtime/build/index.js:882:12)\n    at Runtime.requireModuleOrMock (/Users/seth/Documents/GitHub/scorm-tester/node_modules/jest-runtime/build/index.js:1048:21)\n    at Object.require (/Users/seth/Documents/GitHub/scorm-tester/src/renderer/components/scorm/course-outline.js:15:1)\n    at Runtime._execModule (/Users/seth/Documents/GitHub/scorm-tester/node_modules/jest-runtime/build/index.js:1439:24)\n    at Runtime._loadModule (/Users/seth/Documents/GitHub/scorm-tester/node_modules/jest-runtime/build/index.js:1022:12)\n    at Runtime.requireModule (/Users/seth/Documents/GitHub/scorm-tester/node_modules/jest-runtime/build/index.js:882:12)\n    at Runtime.requireModuleOrMock (/Users/seth/Documents/GitHub/scorm-tester/node_modules/jest-runtime/build/index.js:1048:21)\n    at require (/Users/seth/Documents/GitHub/scorm-tester/tests/unit/renderer/course-outline.escaping.test.js:44:31)\n    at Object.<anonymous> (/Users/seth/Documents/GitHub/scorm-tester/tests/unit/renderer/course-outline.escaping.test.js:44:31)"],"fullName":"CourseOutline HTML escaping of item titles renders malicious titles as inert escaped text","invocations":1,"location":null,"numPassingAsserts":0,"retryReasons":[],"status":"failed","title":"renders malicious titles as inert escaped text"}],"endTime":1758503413897,"message":"\u001b[1m\u001b[31m  \u001b[1m● \u001b[22m\u001b[1mCourseOutline HTML escaping of item titles › renders malicious titles as inert escaped text\u001b[39m\u001b[22m\n\n    \u001b[1m\u001b[31mJest encountered an unexpected token\u001b[39m\u001b[22m\n\n    Jest failed to parse a file. This happens e.g. when your code or its dependencies use non-standard JavaScript syntax, or when Jest is not configured to support such syntax.\n\n    Out of the box Jest supports Babel, which will be used to transform your files into valid JS based on your Babel configuration.\n\n    By default \"node_modules\" folder is ignored by transformers.\n\n    Here's what you can do:\n     • If you are trying to use ECMAScript Modules, see \u001b[4mhttps://jestjs.io/docs/ecmascript-modules\u001b[24m for how to enable it.\n     • If you are trying to use TypeScript, see \u001b[4mhttps://jestjs.io/docs/getting-started#using-typescript\u001b[24m\n     • To have some of your \"node_modules\" files transformed, you can specify a custom \u001b[1m\"transformIgnorePatterns\"\u001b[22m in your config.\n     • If you need a custom transformation specify a \u001b[1m\"transform\"\u001b[22m option in your config.\n     • If you simply want to mock your non-JS modules (e.g. binary assets) you can stub them out with the \u001b[1m\"moduleNameMapper\"\u001b[22m config option.\n\n    You'll find more details and examples of these config options in the docs:\n    \u001b[36mhttps://jestjs.io/docs/configuration\u001b[39m\n    For information about custom transformations, see:\n    \u001b[36mhttps://jestjs.io/docs/code-transformation\u001b[39m\n\n    \u001b[1m\u001b[31mDetails:\u001b[39m\u001b[22m\n\n    SyntaxError: /Users/seth/Documents/GitHub/scorm-tester/src/renderer/services/sn-bridge.js: Missing semicolon. (271:7)\n\n    \u001b[0m \u001b[90m 269 |\u001b[39m     }\n     \u001b[90m 270 |\u001b[39m\n    \u001b[31m\u001b[1m>\u001b[22m\u001b[39m\u001b[90m 271 |\u001b[39m   \u001b[36masync\u001b[39m getScormDataModel() {\n     \u001b[90m     |\u001b[39m        \u001b[31m\u001b[1m^\u001b[22m\u001b[39m\n     \u001b[90m 272 |\u001b[39m     \u001b[36mtry\u001b[39m {\n     \u001b[90m 273 |\u001b[39m       \u001b[36mif\u001b[39m (window\u001b[33m.\u001b[39melectronAPI\u001b[33m?\u001b[39m\u001b[33m.\u001b[39mgetScormDataModel) {\n     \u001b[90m 274 |\u001b[39m         \u001b[36mreturn\u001b[39m \u001b[36mawait\u001b[39m window\u001b[33m.\u001b[39melectronAPI\u001b[33m.\u001b[39mgetScormDataModel()\u001b[33m;\u001b[39m\u001b[0m\n\u001b[2m\u001b[22m\n\u001b[2m    \u001b[0m \u001b[90m 13 |\u001b[39m \u001b[36mimport\u001b[39m { uiState \u001b[36mas\u001b[39m uiStatePromise } \u001b[36mfrom\u001b[39m \u001b[32m'../../services/ui-state.js'\u001b[39m\u001b[33m;\u001b[39m\u001b[22m\n\u001b[2m     \u001b[90m 14 |\u001b[39m \u001b[36mimport\u001b[39m { rendererLogger } \u001b[36mfrom\u001b[39m \u001b[32m'../../utils/renderer-logger.js'\u001b[39m\u001b[33m;\u001b[39m\u001b[22m\n\u001b[2m    \u001b[31m\u001b[1m>\u001b[22m\u001b[2m\u001b[39m\u001b[90m 15 |\u001b[39m \u001b[36mimport\u001b[39m { snBridge } \u001b[36mfrom\u001b[39m \u001b[32m'../../services/sn-bridge.js'\u001b[39m\u001b[33m;\u001b[39m\u001b[22m\n\u001b[2m     \u001b[90m    |\u001b[39m \u001b[31m\u001b[1m^\u001b[22m\u001b[2m\u001b[39m\u001b[22m\n\u001b[2m     \u001b[90m 16 |\u001b[39m \u001b[36mimport\u001b[39m { escapeHTML } \u001b[36mfrom\u001b[39m \u001b[32m'../../utils/escape.js'\u001b[39m\u001b[33m;\u001b[39m\u001b[22m\n\u001b[2m     \u001b[90m 17 |\u001b[39m\u001b[22m\n\u001b[2m     \u001b[90m 18 |\u001b[39m\u001b[0m\u001b[22m\n\u001b[2m\u001b[22m\n\u001b[2m      \u001b[2mat constructor (\u001b[22m\u001b[2mnode_modules/@babel/parser/src/parse-error.ts\u001b[2m:95:45)\u001b[22m\u001b[2m\u001b[22m\n\u001b[2m      \u001b[2mat Parser.toParseError [as raise] (\u001b[22m\u001b[2mnode_modules/@babel/parser/src/tokenizer/index.ts\u001b[2m:1503:19)\u001b[22m\u001b[2m\u001b[22m\n\u001b[2m      \u001b[2mat Parser.raise [as semicolon] (\u001b[22m\u001b[2mnode_modules/@babel/parser/src/parser/util.ts\u001b[2m:149:10)\u001b[22m\u001b[2m\u001b[22m\n\u001b[2m      \u001b[2mat Parser.semicolon [as parseExpressionStatement] (\u001b[22m\u001b[2mnode_modules/@babel/parser/src/parser/statement.ts\u001b[2m:1358:10)\u001b[22m\u001b[2m\u001b[22m\n\u001b[2m      \u001b[2mat Parser.parseExpressionStatement [as parseStatementContent] (\u001b[22m\u001b[2mnode_modules/@babel/parser/src/parser/statement.ts\u001b[2m:697:19)\u001b[22m\u001b[2m\u001b[22m\n\u001b[2m      \u001b[2mat Parser.parseStatementContent [as parseStatementLike] (\u001b[22m\u001b[2mnode_modules/@babel/parser/src/parser/statement.ts\u001b[2m:477:17)\u001b[22m\u001b[2m\u001b[22m\n\u001b[2m      \u001b[2mat Parser.parseStatementLike [as parseStatementListItem] (\u001b[22m\u001b[2mnode_modules/@babel/parser/src/parser/statement.ts\u001b[2m:426:17)\u001b[22m\u001b[2m\u001b[22m\n\u001b[2m      \u001b[2mat Parser.parseStatementListItem [as parseBlockOrModuleBlockBody] (\u001b[22m\u001b[2mnode_modules/@babel/parser/src/parser/statement.ts\u001b[2m:1439:16)\u001b[22m\u001b[2m\u001b[22m\n\u001b[2m      \u001b[2mat Parser.parseBlockOrModuleBlockBody [as parseBlockBody] (\u001b[22m\u001b[2mnode_modules/@babel/parser/src/parser/statement.ts\u001b[2m:1412:10)\u001b[22m\u001b[2m\u001b[22m\n\u001b[2m      \u001b[2mat Parser.parseBlockBody [as parseBlock] (\u001b[22m\u001b[2mnode_modules/@babel/parser/src/parser/statement.ts\u001b[2m:1380:10)\u001b[22m\u001b[2m\u001b[22m\n\u001b[2m      \u001b[2mat Parser.parseBlock [as parseFunctionBody] (\u001b[22m\u001b[2mnode_modules/@babel/parser/src/parser/expression.ts\u001b[2m:2616:24)\u001b[22m\u001b[2m\u001b[22m\n\u001b[2m      \u001b[2mat Parser.parseFunctionBody [as parseFunctionBodyAndFinish] (\u001b[22m\u001b[2mnode_modules/@babel/parser/src/parser/expression.ts\u001b[2m:2585:10)\u001b[22m\u001b[2m\u001b[22m\n\u001b[2m      \u001b[2mat Parser.parseFunctionBodyAndFinish [as parseMethod] (\u001b[22m\u001b[2mnode_modules/@babel/parser/src/parser/expression.ts\u001b[2m:2482:31)\u001b[22m\u001b[2m\u001b[22m\n\u001b[2m      \u001b[2mat Parser.parseMethod [as pushClassMethod] (\u001b[22m\u001b[2mnode_modules/@babel/parser/src/parser/statement.ts\u001b[2m:2239:12)\u001b[22m\u001b[2m\u001b[22m\n\u001b[2m      \u001b[2mat Parser.pushClassMethod [as parseClassMemberWithIsStatic] (\u001b[22m\u001b[2mnode_modules/@babel/parser/src/parser/statement.ts\u001b[2m:2060:14)\u001b[22m\u001b[2m\u001b[22m\n\u001b[2m      \u001b[2mat Parser.parseClassMemberWithIsStatic [as parseClassMember] (\u001b[22m\u001b[2mnode_modules/@babel/parser/src/parser/statement.ts\u001b[2m:1933:10)\u001b[22m\u001b[2m\u001b[22m\n\u001b[2m      \u001b[2mat parseClassMember (\u001b[22m\u001b[2mnode_modules/@babel/parser/src/parser/statement.ts\u001b[2m:1846:14)\u001b[22m\u001b[2m\u001b[22m\n\u001b[2m      \u001b[2mat Parser.callback [as withSmartMixTopicForbiddingContext] (\u001b[22m\u001b[2mnode_modules/@babel/parser/src/parser/expression.ts\u001b[2m:3166:14)\u001b[22m\u001b[2m\u001b[22m\n\u001b[2m      \u001b[2mat Parser.withSmartMixTopicForbiddingContext [as parseClassBody] (\u001b[22m\u001b[2mnode_modules/@babel/parser/src/parser/statement.ts\u001b[2m:1818:10)\u001b[22m\u001b[2m\u001b[22m\n\u001b[2m      \u001b[2mat Parser.parseClassBody [as parseClass] (\u001b[22m\u001b[2mnode_modules/@babel/parser/src/parser/statement.ts\u001b[2m:1769:22)\u001b[22m\u001b[2m\u001b[22m\n\u001b[2m      \u001b[2mat Parser.parseClass [as parseStatementContent] (\u001b[22m\u001b[2mnode_modules/@babel/parser/src/parser/statement.ts\u001b[2m:527:21)\u001b[22m\u001b[2m\u001b[22m\n\u001b[2m      \u001b[2mat Parser.parseStatementContent [as parseStatementLike] (\u001b[22m\u001b[2mnode_modules/@babel/parser/src/parser/statement.ts\u001b[2m:477:17)\u001b[22m\u001b[2m\u001b[22m\n\u001b[2m      \u001b[2mat Parser.parseStatementLike [as parseModuleItem] (\u001b[22m\u001b[2mnode_modules/@babel/parser/src/parser/statement.ts\u001b[2m:414:17)\u001b[22m\u001b[2m\u001b[22m\n\u001b[2m      \u001b[2mat Parser.parseModuleItem [as parseBlockOrModuleBlockBody] (\u001b[22m\u001b[2mnode_modules/@babel/parser/src/parser/statement.ts\u001b[2m:1438:16)\u001b[22m\u001b[2m\u001b[22m\n\u001b[2m      \u001b[2mat Parser.parseBlockOrModuleBlockBody [as parseBlockBody] (\u001b[22m\u001b[2mnode_modules/@babel/parser/src/parser/statement.ts\u001b[2m:1412:10)\u001b[22m\u001b[2m\u001b[22m\n\u001b[2m      \u001b[2mat Parser.parseBlockBody [as parseProgram] (\u001b[22m\u001b[2mnode_modules/@babel/parser/src/parser/statement.ts\u001b[2m:229:10)\u001b[22m\u001b[2m\u001b[22m\n\u001b[2m      \u001b[2mat Parser.parseProgram [as parseTopLevel] (\u001b[22m\u001b[2mnode_modules/@babel/parser/src/parser/statement.ts\u001b[2m:203:25)\u001b[22m\u001b[2m\u001b[22m\n\u001b[2m      \u001b[2mat Parser.parseTopLevel [as parse] (\u001b[22m\u001b[2mnode_modules/@babel/parser/src/parser/index.ts\u001b[2m:93:10)\u001b[22m\u001b[2m\u001b[22m\n\u001b[2m      \u001b[2mat parse (\u001b[22m\u001b[2mnode_modules/@babel/parser/src/index.ts\u001b[2m:92:38)\u001b[22m\u001b[2m\u001b[22m\n\u001b[2m      \u001b[2mat parser (\u001b[22m\u001b[2mnode_modules/@babel/core/src/parser/index.ts\u001b[2m:28:19)\u001b[22m\u001b[2m\u001b[22m\n\u001b[2m          at parser.next (<anonymous>)\u001b[22m\n\u001b[2m      \u001b[2mat normalizeFile (\u001b[22m\u001b[2mnode_modules/@babel/core/src/transformation/normalize-file.ts\u001b[2m:49:24)\u001b[22m\u001b[2m\u001b[22m\n\u001b[2m          at normalizeFile.next (<anonymous>)\u001b[22m\n\u001b[2m      \u001b[2mat run (\u001b[22m\u001b[2mnode_modules/@babel/core/src/transformation/index.ts\u001b[2m:40:36)\u001b[22m\u001b[2m\u001b[22m\n\u001b[2m          at run.next (<anonymous>)\u001b[22m\n\u001b[2m      \u001b[2mat transform (\u001b[22m\u001b[2mnode_modules/@babel/core/src/transform.ts\u001b[2m:29:20)\u001b[22m\u001b[2m\u001b[22m\n\u001b[2m          at transform.next (<anonymous>)\u001b[22m\n\u001b[2m      \u001b[2mat evaluateSync (\u001b[22m\u001b[2mnode_modules/gensync/index.js\u001b[2m:251:28)\u001b[22m\u001b[2m\u001b[22m\n\u001b[2m      \u001b[2mat sync (\u001b[22m\u001b[2mnode_modules/gensync/index.js\u001b[2m:89:14)\u001b[22m\u001b[2m\u001b[22m\n\u001b[2m      \u001b[2mat fn (\u001b[22m\u001b[2mnode_modules/@babel/core/src/errors/rewrite-stack-trace.ts\u001b[2m:99:14)\u001b[22m\u001b[2m\u001b[22m\n\u001b[2m      \u001b[2mat transformSync (\u001b[22m\u001b[2mnode_modules/@babel/core/src/transform.ts\u001b[2m:66:52)\u001b[22m\u001b[2m\u001b[22m\n\u001b[2m      \u001b[2mat ScriptTransformer.transformSource (\u001b[22m\u001b[2mnode_modules/@jest/transform/build/ScriptTransformer.js\u001b[2m:545:31)\u001b[22m\u001b[2m\u001b[22m\n\u001b[2m      \u001b[2mat ScriptTransformer._transformAndBuildScript (\u001b[22m\u001b[2mnode_modules/@jest/transform/build/ScriptTransformer.js\u001b[2m:674:40)\u001b[22m\u001b[2m\u001b[22m\n\u001b[2m      \u001b[2mat ScriptTransformer.transform (\u001b[22m\u001b[2mnode_modules/@jest/transform/build/ScriptTransformer.js\u001b[2m:726:19)\u001b[22m\u001b[2m\u001b[22m\n\u001b[2m      \u001b[2mat Object.require (\u001b[22m\u001b[2msrc/renderer/components/scorm/course-outline.js\u001b[2m:15:1)\u001b[22m\u001b[2m\u001b[22m\n\u001b[2m      \u001b[2mat require (\u001b[22m\u001b[2m\u001b[0m\u001b[36mtests/unit/renderer/course-outline.escaping.test.js\u001b[39m\u001b[0m\u001b[2m:44:31)\u001b[22m\u001b[2m\u001b[22m\n\u001b[2m      \u001b[2mat Object.<anonymous> (\u001b[22m\u001b[2m\u001b[0m\u001b[36mtests/unit/renderer/course-outline.escaping.test.js\u001b[39m\u001b[0m\u001b[2m:44:31)\u001b[22m\u001b[2m\u001b[22m\n","name":"/Users/seth/Documents/GitHub/scorm-tester/tests/unit/renderer/course-outline.escaping.test.js","startTime":1758503413809,"status":"failed","summary":""},{"assertionResults":[{"ancestorTitles":["SCORM 2004 4th Edition Compliance","Simple Remediation Package Compliance"],"duration":1,"failureDetails":[],"failureMessages":[],"fullName":"SCORM 2004 4th Edition Compliance Simple Remediation Package Compliance should process CAM manifest without errors","invocations":1,"location":null,"numPassingAsserts":2,"retryReasons":[],"status":"passed","title":"should process CAM manifest without errors"},{"ancestorTitles":["SCORM 2004 4th Edition Compliance","Simple Remediation Package Compliance"],"duration":0,"failureDetails":[{"name":"ParserError","code":"PARSE_VALIDATION_ERROR","detail":{"reason":"EMPTY_ACTIVITY_TREE","defaultOrgId":"org1","orgCount":0,"topCount":0},"phase":"SN_INIT","severity":"error"}],"failureMessages":["ParserError: No items in default organization\n    at ScormSNService.initialize (/Users/seth/Documents/GitHub/scorm-tester/src/main/services/scorm/sn/index.js:122:15)\n    at Object.initialize (/Users/seth/Documents/GitHub/scorm-tester/tests/integration/scorm-compliance.test.js:101:42)\n    at Promise.then.completed (/Users/seth/Documents/GitHub/scorm-tester/node_modules/jest-circus/build/utils.js:298:28)\n    at new Promise (<anonymous>)\n    at callAsyncCircusFn (/Users/seth/Documents/GitHub/scorm-tester/node_modules/jest-circus/build/utils.js:231:10)\n    at _callCircusTest (/Users/seth/Documents/GitHub/scorm-tester/node_modules/jest-circus/build/run.js:316:40)\n    at _runTest (/Users/seth/Documents/GitHub/scorm-tester/node_modules/jest-circus/build/run.js:252:3)\n    at _runTestsForDescribeBlock (/Users/seth/Documents/GitHub/scorm-tester/node_modules/jest-circus/build/run.js:126:9)\n    at _runTestsForDescribeBlock (/Users/seth/Documents/GitHub/scorm-tester/node_modules/jest-circus/build/run.js:121:9)\n    at _runTestsForDescribeBlock (/Users/seth/Documents/GitHub/scorm-tester/node_modules/jest-circus/build/run.js:121:9)\n    at run (/Users/seth/Documents/GitHub/scorm-tester/node_modules/jest-circus/build/run.js:71:3)\n    at runAndTransformResultsToJestFormat (/Users/seth/Documents/GitHub/scorm-tester/node_modules/jest-circus/build/legacy-code-todo-rewrite/jestAdapterInit.js:122:21)\n    at jestAdapter (/Users/seth/Documents/GitHub/scorm-tester/node_modules/jest-circus/build/legacy-code-todo-rewrite/jestAdapter.js:79:19)\n    at runTestInternal (/Users/seth/Documents/GitHub/scorm-tester/node_modules/jest-runner/build/runTest.js:367:16)\n    at runTest (/Users/seth/Documents/GitHub/scorm-tester/node_modules/jest-runner/build/runTest.js:444:34)"],"fullName":"SCORM 2004 4th Edition Compliance Simple Remediation Package Compliance should initialize SN service successfully","invocations":1,"location":null,"numPassingAsserts":0,"retryReasons":[],"status":"failed","title":"should initialize SN service successfully"},{"ancestorTitles":["SCORM 2004 4th Edition Compliance","Simple Remediation Package Compliance"],"duration":2,"failureDetails":[{"name":"ParserError","code":"PARSE_VALIDATION_ERROR","detail":{"reason":"EMPTY_ACTIVITY_TREE","defaultOrgId":"org1","orgCount":0,"topCount":0},"phase":"SN_INIT","severity":"error"}],"failureMessages":["ParserError: No items in default organization\n    at ScormSNService.initialize (/Users/seth/Documents/GitHub/scorm-tester/src/main/services/scorm/sn/index.js:122:15)\n    at Object.initialize (/Users/seth/Documents/GitHub/scorm-tester/tests/integration/scorm-compliance.test.js:109:23)\n    at Promise.then.completed (/Users/seth/Documents/GitHub/scorm-tester/node_modules/jest-circus/build/utils.js:298:28)\n    at new Promise (<anonymous>)\n    at callAsyncCircusFn (/Users/seth/Documents/GitHub/scorm-tester/node_modules/jest-circus/build/utils.js:231:10)\n    at _callCircusTest (/Users/seth/Documents/GitHub/scorm-tester/node_modules/jest-circus/build/run.js:316:40)\n    at _runTest (/Users/seth/Documents/GitHub/scorm-tester/node_modules/jest-circus/build/run.js:252:3)\n    at _runTestsForDescribeBlock (/Users/seth/Documents/GitHub/scorm-tester/node_modules/jest-circus/build/run.js:126:9)\n    at _runTestsForDescribeBlock (/Users/seth/Documents/GitHub/scorm-tester/node_modules/jest-circus/build/run.js:121:9)\n    at _runTestsForDescribeBlock (/Users/seth/Documents/GitHub/scorm-tester/node_modules/jest-circus/build/run.js:121:9)\n    at run (/Users/seth/Documents/GitHub/scorm-tester/node_modules/jest-circus/build/run.js:71:3)\n    at runAndTransformResultsToJestFormat (/Users/seth/Documents/GitHub/scorm-tester/node_modules/jest-circus/build/legacy-code-todo-rewrite/jestAdapterInit.js:122:21)\n    at jestAdapter (/Users/seth/Documents/GitHub/scorm-tester/node_modules/jest-circus/build/legacy-code-todo-rewrite/jestAdapter.js:79:19)\n    at runTestInternal (/Users/seth/Documents/GitHub/scorm-tester/node_modules/jest-runner/build/runTest.js:367:16)\n    at runTest (/Users/seth/Documents/GitHub/scorm-tester/node_modules/jest-runner/build/runTest.js:444:34)"],"fullName":"SCORM 2004 4th Edition Compliance Simple Remediation Package Compliance should create correct activity tree structure","invocations":1,"location":null,"numPassingAsserts":0,"retryReasons":[],"status":"failed","title":"should create correct activity tree structure"},{"ancestorTitles":["SCORM 2004 4th Edition Compliance","Simple Remediation Package Compliance"],"duration":0,"failureDetails":[{"name":"ParserError","code":"PARSE_VALIDATION_ERROR","detail":{"reason":"EMPTY_ACTIVITY_TREE","defaultOrgId":"org1","orgCount":0,"topCount":0},"phase":"SN_INIT","severity":"error"}],"failureMessages":["ParserError: No items in default organization\n    at ScormSNService.initialize (/Users/seth/Documents/GitHub/scorm-tester/src/main/services/scorm/sn/index.js:122:15)\n    at Object.initialize (/Users/seth/Documents/GitHub/scorm-tester/tests/integration/scorm-compliance.test.js:119:23)\n    at Promise.then.completed (/Users/seth/Documents/GitHub/scorm-tester/node_modules/jest-circus/build/utils.js:298:28)\n    at new Promise (<anonymous>)\n    at callAsyncCircusFn (/Users/seth/Documents/GitHub/scorm-tester/node_modules/jest-circus/build/utils.js:231:10)\n    at _callCircusTest (/Users/seth/Documents/GitHub/scorm-tester/node_modules/jest-circus/build/run.js:316:40)\n    at _runTest (/Users/seth/Documents/GitHub/scorm-tester/node_modules/jest-circus/build/run.js:252:3)\n    at _runTestsForDescribeBlock (/Users/seth/Documents/GitHub/scorm-tester/node_modules/jest-circus/build/run.js:126:9)\n    at _runTestsForDescribeBlock (/Users/seth/Documents/GitHub/scorm-tester/node_modules/jest-circus/build/run.js:121:9)\n    at _runTestsForDescribeBlock (/Users/seth/Documents/GitHub/scorm-tester/node_modules/jest-circus/build/run.js:121:9)\n    at run (/Users/seth/Documents/GitHub/scorm-tester/node_modules/jest-circus/build/run.js:71:3)\n    at runAndTransformResultsToJestFormat (/Users/seth/Documents/GitHub/scorm-tester/node_modules/jest-circus/build/legacy-code-todo-rewrite/jestAdapterInit.js:122:21)\n    at jestAdapter (/Users/seth/Documents/GitHub/scorm-tester/node_modules/jest-circus/build/legacy-code-todo-rewrite/jestAdapter.js:79:19)\n    at runTestInternal (/Users/seth/Documents/GitHub/scorm-tester/node_modules/jest-runner/build/runTest.js:367:16)\n    at runTest (/Users/seth/Documents/GitHub/scorm-tester/node_modules/jest-runner/build/runTest.js:444:34)"],"fullName":"SCORM 2004 4th Edition Compliance Simple Remediation Package Compliance should support flow navigation (start)","invocations":1,"location":null,"numPassingAsserts":0,"retryReasons":[],"status":"failed","title":"should support flow navigation (start)"},{"ancestorTitles":["SCORM 2004 4th Edition Compliance","Simple Remediation Package Compliance"],"duration":1,"failureDetails":[{"name":"ParserError","code":"PARSE_VALIDATION_ERROR","detail":{"reason":"EMPTY_ACTIVITY_TREE","defaultOrgId":"org1","orgCount":0,"topCount":0},"phase":"SN_INIT","severity":"error"}],"failureMessages":["ParserError: No items in default organization\n    at ScormSNService.initialize (/Users/seth/Documents/GitHub/scorm-tester/src/main/services/scorm/sn/index.js:122:15)\n    at Object.initialize (/Users/seth/Documents/GitHub/scorm-tester/tests/integration/scorm-compliance.test.js:129:23)\n    at Promise.then.completed (/Users/seth/Documents/GitHub/scorm-tester/node_modules/jest-circus/build/utils.js:298:28)\n    at new Promise (<anonymous>)\n    at callAsyncCircusFn (/Users/seth/Documents/GitHub/scorm-tester/node_modules/jest-circus/build/utils.js:231:10)\n    at _callCircusTest (/Users/seth/Documents/GitHub/scorm-tester/node_modules/jest-circus/build/run.js:316:40)\n    at _runTest (/Users/seth/Documents/GitHub/scorm-tester/node_modules/jest-circus/build/run.js:252:3)\n    at _runTestsForDescribeBlock (/Users/seth/Documents/GitHub/scorm-tester/node_modules/jest-circus/build/run.js:126:9)\n    at _runTestsForDescribeBlock (/Users/seth/Documents/GitHub/scorm-tester/node_modules/jest-circus/build/run.js:121:9)\n    at _runTestsForDescribeBlock (/Users/seth/Documents/GitHub/scorm-tester/node_modules/jest-circus/build/run.js:121:9)\n    at run (/Users/seth/Documents/GitHub/scorm-tester/node_modules/jest-circus/build/run.js:71:3)\n    at runAndTransformResultsToJestFormat (/Users/seth/Documents/GitHub/scorm-tester/node_modules/jest-circus/build/legacy-code-todo-rewrite/jestAdapterInit.js:122:21)\n    at jestAdapter (/Users/seth/Documents/GitHub/scorm-tester/node_modules/jest-circus/build/legacy-code-todo-rewrite/jestAdapter.js:79:19)\n    at runTestInternal (/Users/seth/Documents/GitHub/scorm-tester/node_modules/jest-runner/build/runTest.js:367:16)\n    at runTest (/Users/seth/Documents/GitHub/scorm-tester/node_modules/jest-runner/build/runTest.js:444:34)"],"fullName":"SCORM 2004 4th Edition Compliance Simple Remediation Package Compliance should handle continue navigation appropriately","invocations":1,"location":null,"numPassingAsserts":0,"retryReasons":[],"status":"failed","title":"should handle continue navigation appropriately"},{"ancestorTitles":["SCORM 2004 4th Edition Compliance","Simple Remediation Package Compliance"],"duration":0,"failureDetails":[{"name":"ParserError","code":"PARSE_VALIDATION_ERROR","detail":{"reason":"EMPTY_ACTIVITY_TREE","defaultOrgId":"org1","orgCount":0,"topCount":0},"phase":"SN_INIT","severity":"error"}],"failureMessages":["ParserError: No items in default organization\n    at ScormSNService.initialize (/Users/seth/Documents/GitHub/scorm-tester/src/main/services/scorm/sn/index.js:122:15)\n    at Object.initialize (/Users/seth/Documents/GitHub/scorm-tester/tests/integration/scorm-compliance.test.js:140:23)\n    at Promise.then.completed (/Users/seth/Documents/GitHub/scorm-tester/node_modules/jest-circus/build/utils.js:298:28)\n    at new Promise (<anonymous>)\n    at callAsyncCircusFn (/Users/seth/Documents/GitHub/scorm-tester/node_modules/jest-circus/build/utils.js:231:10)\n    at _callCircusTest (/Users/seth/Documents/GitHub/scorm-tester/node_modules/jest-circus/build/run.js:316:40)\n    at _runTest (/Users/seth/Documents/GitHub/scorm-tester/node_modules/jest-circus/build/run.js:252:3)\n    at _runTestsForDescribeBlock (/Users/seth/Documents/GitHub/scorm-tester/node_modules/jest-circus/build/run.js:126:9)\n    at _runTestsForDescribeBlock (/Users/seth/Documents/GitHub/scorm-tester/node_modules/jest-circus/build/run.js:121:9)\n    at _runTestsForDescribeBlock (/Users/seth/Documents/GitHub/scorm-tester/node_modules/jest-circus/build/run.js:121:9)\n    at run (/Users/seth/Documents/GitHub/scorm-tester/node_modules/jest-circus/build/run.js:71:3)\n    at runAndTransformResultsToJestFormat (/Users/seth/Documents/GitHub/scorm-tester/node_modules/jest-circus/build/legacy-code-todo-rewrite/jestAdapterInit.js:122:21)\n    at jestAdapter (/Users/seth/Documents/GitHub/scorm-tester/node_modules/jest-circus/build/legacy-code-todo-rewrite/jestAdapter.js:79:19)\n    at runTestInternal (/Users/seth/Documents/GitHub/scorm-tester/node_modules/jest-runner/build/runTest.js:367:16)\n    at runTest (/Users/seth/Documents/GitHub/scorm-tester/node_modules/jest-runner/build/runTest.js:444:34)"],"fullName":"SCORM 2004 4th Edition Compliance Simple Remediation Package Compliance should disable choice navigation when configured","invocations":1,"location":null,"numPassingAsserts":0,"retryReasons":[],"status":"failed","title":"should disable choice navigation when configured"},{"ancestorTitles":["SCORM 2004 4th Edition Compliance","Simple Remediation Package Compliance"],"duration":0,"failureDetails":[{"name":"ParserError","code":"PARSE_VALIDATION_ERROR","detail":{"reason":"EMPTY_ACTIVITY_TREE","defaultOrgId":"org1","orgCount":0,"topCount":0},"phase":"SN_INIT","severity":"error"}],"failureMessages":["ParserError: No items in default organization\n    at ScormSNService.initialize (/Users/seth/Documents/GitHub/scorm-tester/src/main/services/scorm/sn/index.js:122:15)\n    at Object.initialize (/Users/seth/Documents/GitHub/scorm-tester/tests/integration/scorm-compliance.test.js:149:23)\n    at Promise.then.completed (/Users/seth/Documents/GitHub/scorm-tester/node_modules/jest-circus/build/utils.js:298:28)\n    at new Promise (<anonymous>)\n    at callAsyncCircusFn (/Users/seth/Documents/GitHub/scorm-tester/node_modules/jest-circus/build/utils.js:231:10)\n    at _callCircusTest (/Users/seth/Documents/GitHub/scorm-tester/node_modules/jest-circus/build/run.js:316:40)\n    at _runTest (/Users/seth/Documents/GitHub/scorm-tester/node_modules/jest-circus/build/run.js:252:3)\n    at _runTestsForDescribeBlock (/Users/seth/Documents/GitHub/scorm-tester/node_modules/jest-circus/build/run.js:126:9)\n    at _runTestsForDescribeBlock (/Users/seth/Documents/GitHub/scorm-tester/node_modules/jest-circus/build/run.js:121:9)\n    at _runTestsForDescribeBlock (/Users/seth/Documents/GitHub/scorm-tester/node_modules/jest-circus/build/run.js:121:9)\n    at run (/Users/seth/Documents/GitHub/scorm-tester/node_modules/jest-circus/build/run.js:71:3)\n    at runAndTransformResultsToJestFormat (/Users/seth/Documents/GitHub/scorm-tester/node_modules/jest-circus/build/legacy-code-todo-rewrite/jestAdapterInit.js:122:21)\n    at jestAdapter (/Users/seth/Documents/GitHub/scorm-tester/node_modules/jest-circus/build/legacy-code-todo-rewrite/jestAdapter.js:79:19)\n    at runTestInternal (/Users/seth/Documents/GitHub/scorm-tester/node_modules/jest-runner/build/runTest.js:367:16)\n    at runTest (/Users/seth/Documents/GitHub/scorm-tester/node_modules/jest-runner/build/runTest.js:444:34)"],"fullName":"SCORM 2004 4th Edition Compliance Simple Remediation Package Compliance should handle activity progress and rollup","invocations":1,"location":null,"numPassingAsserts":0,"retryReasons":[],"status":"failed","title":"should handle activity progress and rollup"},{"ancestorTitles":["SCORM 2004 4th Edition Compliance","Simple Remediation Package Compliance"],"duration":1,"failureDetails":[{"name":"ParserError","code":"PARSE_VALIDATION_ERROR","detail":{"reason":"EMPTY_ACTIVITY_TREE","defaultOrgId":"org1","orgCount":0,"topCount":0},"phase":"SN_INIT","severity":"error"}],"failureMessages":["ParserError: No items in default organization\n    at ScormSNService.initialize (/Users/seth/Documents/GitHub/scorm-tester/src/main/services/scorm/sn/index.js:122:15)\n    at Object.initialize (/Users/seth/Documents/GitHub/scorm-tester/tests/integration/scorm-compliance.test.js:167:23)\n    at Promise.then.completed (/Users/seth/Documents/GitHub/scorm-tester/node_modules/jest-circus/build/utils.js:298:28)\n    at new Promise (<anonymous>)\n    at callAsyncCircusFn (/Users/seth/Documents/GitHub/scorm-tester/node_modules/jest-circus/build/utils.js:231:10)\n    at _callCircusTest (/Users/seth/Documents/GitHub/scorm-tester/node_modules/jest-circus/build/run.js:316:40)\n    at _runTest (/Users/seth/Documents/GitHub/scorm-tester/node_modules/jest-circus/build/run.js:252:3)\n    at _runTestsForDescribeBlock (/Users/seth/Documents/GitHub/scorm-tester/node_modules/jest-circus/build/run.js:126:9)\n    at _runTestsForDescribeBlock (/Users/seth/Documents/GitHub/scorm-tester/node_modules/jest-circus/build/run.js:121:9)\n    at _runTestsForDescribeBlock (/Users/seth/Documents/GitHub/scorm-tester/node_modules/jest-circus/build/run.js:121:9)\n    at run (/Users/seth/Documents/GitHub/scorm-tester/node_modules/jest-circus/build/run.js:71:3)\n    at runAndTransformResultsToJestFormat (/Users/seth/Documents/GitHub/scorm-tester/node_modules/jest-circus/build/legacy-code-todo-rewrite/jestAdapterInit.js:122:21)\n    at jestAdapter (/Users/seth/Documents/GitHub/scorm-tester/node_modules/jest-circus/build/legacy-code-todo-rewrite/jestAdapter.js:79:19)\n    at runTestInternal (/Users/seth/Documents/GitHub/scorm-tester/node_modules/jest-runner/build/runTest.js:367:16)\n    at runTest (/Users/seth/Documents/GitHub/scorm-tester/node_modules/jest-runner/build/runTest.js:444:34)"],"fullName":"SCORM 2004 4th Edition Compliance Simple Remediation Package Compliance should track global objectives","invocations":1,"location":null,"numPassingAsserts":0,"retryReasons":[],"status":"failed","title":"should track global objectives"},{"ancestorTitles":["SCORM 2004 4th Edition Compliance","Simple Remediation Package Compliance"],"duration":0,"failureDetails":[{"name":"ParserError","code":"PARSE_VALIDATION_ERROR","detail":{"reason":"EMPTY_ACTIVITY_TREE","defaultOrgId":"org1","orgCount":0,"topCount":0},"phase":"SN_INIT","severity":"error"}],"failureMessages":["ParserError: No items in default organization\n    at ScormSNService.initialize (/Users/seth/Documents/GitHub/scorm-tester/src/main/services/scorm/sn/index.js:122:15)\n    at Object.initialize (/Users/seth/Documents/GitHub/scorm-tester/tests/integration/scorm-compliance.test.js:175:23)\n    at Promise.then.completed (/Users/seth/Documents/GitHub/scorm-tester/node_modules/jest-circus/build/utils.js:298:28)\n    at new Promise (<anonymous>)\n    at callAsyncCircusFn (/Users/seth/Documents/GitHub/scorm-tester/node_modules/jest-circus/build/utils.js:231:10)\n    at _callCircusTest (/Users/seth/Documents/GitHub/scorm-tester/node_modules/jest-circus/build/run.js:316:40)\n    at _runTest (/Users/seth/Documents/GitHub/scorm-tester/node_modules/jest-circus/build/run.js:252:3)\n    at _runTestsForDescribeBlock (/Users/seth/Documents/GitHub/scorm-tester/node_modules/jest-circus/build/run.js:126:9)\n    at _runTestsForDescribeBlock (/Users/seth/Documents/GitHub/scorm-tester/node_modules/jest-circus/build/run.js:121:9)\n    at _runTestsForDescribeBlock (/Users/seth/Documents/GitHub/scorm-tester/node_modules/jest-circus/build/run.js:121:9)\n    at run (/Users/seth/Documents/GitHub/scorm-tester/node_modules/jest-circus/build/run.js:71:3)\n    at runAndTransformResultsToJestFormat (/Users/seth/Documents/GitHub/scorm-tester/node_modules/jest-circus/build/legacy-code-todo-rewrite/jestAdapterInit.js:122:21)\n    at jestAdapter (/Users/seth/Documents/GitHub/scorm-tester/node_modules/jest-circus/build/legacy-code-todo-rewrite/jestAdapter.js:79:19)\n    at runTestInternal (/Users/seth/Documents/GitHub/scorm-tester/node_modules/jest-runner/build/runTest.js:367:16)\n    at runTest (/Users/seth/Documents/GitHub/scorm-tester/node_modules/jest-runner/build/runTest.js:444:34)"],"fullName":"SCORM 2004 4th Edition Compliance Simple Remediation Package Compliance should support remediation workflow","invocations":1,"location":null,"numPassingAsserts":0,"retryReasons":[],"status":"failed","title":"should support remediation workflow"},{"ancestorTitles":["SCORM 2004 4th Edition Compliance","Simple Remediation Package Compliance"],"duration":0,"failureDetails":[{"name":"ParserError","code":"PARSE_VALIDATION_ERROR","detail":{"reason":"EMPTY_ACTIVITY_TREE","defaultOrgId":"org1","orgCount":0,"topCount":0},"phase":"SN_INIT","severity":"error"}],"failureMessages":["ParserError: No items in default organization\n    at ScormSNService.initialize (/Users/seth/Documents/GitHub/scorm-tester/src/main/services/scorm/sn/index.js:122:15)\n    at Object.initialize (/Users/seth/Documents/GitHub/scorm-tester/tests/integration/scorm-compliance.test.js:196:23)\n    at Promise.then.completed (/Users/seth/Documents/GitHub/scorm-tester/node_modules/jest-circus/build/utils.js:298:28)\n    at new Promise (<anonymous>)\n    at callAsyncCircusFn (/Users/seth/Documents/GitHub/scorm-tester/node_modules/jest-circus/build/utils.js:231:10)\n    at _callCircusTest (/Users/seth/Documents/GitHub/scorm-tester/node_modules/jest-circus/build/run.js:316:40)\n    at _runTest (/Users/seth/Documents/GitHub/scorm-tester/node_modules/jest-circus/build/run.js:252:3)\n    at _runTestsForDescribeBlock (/Users/seth/Documents/GitHub/scorm-tester/node_modules/jest-circus/build/run.js:126:9)\n    at _runTestsForDescribeBlock (/Users/seth/Documents/GitHub/scorm-tester/node_modules/jest-circus/build/run.js:121:9)\n    at _runTestsForDescribeBlock (/Users/seth/Documents/GitHub/scorm-tester/node_modules/jest-circus/build/run.js:121:9)\n    at run (/Users/seth/Documents/GitHub/scorm-tester/node_modules/jest-circus/build/run.js:71:3)\n    at runAndTransformResultsToJestFormat (/Users/seth/Documents/GitHub/scorm-tester/node_modules/jest-circus/build/legacy-code-todo-rewrite/jestAdapterInit.js:122:21)\n    at jestAdapter (/Users/seth/Documents/GitHub/scorm-tester/node_modules/jest-circus/build/legacy-code-todo-rewrite/jestAdapter.js:79:19)\n    at runTestInternal (/Users/seth/Documents/GitHub/scorm-tester/node_modules/jest-runner/build/runTest.js:367:16)\n    at runTest (/Users/seth/Documents/GitHub/scorm-tester/node_modules/jest-runner/build/runTest.js:444:34)"],"fullName":"SCORM 2004 4th Edition Compliance Simple Remediation Package Compliance should terminate sequencing cleanly","invocations":1,"location":null,"numPassingAsserts":0,"retryReasons":[],"status":"failed","title":"should terminate sequencing cleanly"},{"ancestorTitles":["SCORM 2004 4th Edition Compliance","SCORM API Compliance"],"duration":8,"failureDetails":[],"failureMessages":[],"fullName":"SCORM 2004 4th Edition Compliance SCORM API Compliance should validate all required SCORM functions exist","invocations":1,"location":null,"numPassingAsserts":8,"retryReasons":[],"status":"passed","title":"should validate all required SCORM functions exist"},{"ancestorTitles":["SCORM 2004 4th Edition Compliance","SCORM API Compliance"],"duration":2,"failureDetails":[],"failureMessages":[],"fullName":"SCORM 2004 4th Edition Compliance SCORM API Compliance should follow proper API call sequence","invocations":1,"location":null,"numPassingAsserts":8,"retryReasons":[],"status":"passed","title":"should follow proper API call sequence"},{"ancestorTitles":["SCORM 2004 4th Edition Compliance","SCORM API Compliance"],"duration":1,"failureDetails":[],"failureMessages":[],"fullName":"SCORM 2004 4th Edition Compliance SCORM API Compliance should maintain data integrity throughout session","invocations":1,"location":null,"numPassingAsserts":7,"retryReasons":[],"status":"passed","title":"should maintain data integrity throughout session"},{"ancestorTitles":["SCORM 2004 4th Edition Compliance","SCORM API Compliance"],"duration":1,"failureDetails":[],"failureMessages":[],"fullName":"SCORM 2004 4th Edition Compliance SCORM API Compliance should handle interaction data correctly","invocations":1,"location":null,"numPassingAsserts":5,"retryReasons":[],"status":"passed","title":"should handle interaction data correctly"},{"ancestorTitles":["SCORM 2004 4th Edition Compliance","SCORM API Compliance"],"duration":1,"failureDetails":[],"failureMessages":[],"fullName":"SCORM 2004 4th Edition Compliance SCORM API Compliance should handle navigation requests","invocations":1,"location":null,"numPassingAsserts":3,"retryReasons":[],"status":"passed","title":"should handle navigation requests"},{"ancestorTitles":["SCORM 2004 4th Edition Compliance","Performance and Scalability"],"duration":0,"failureDetails":[{"name":"ParserError","code":"PARSE_VALIDATION_ERROR","detail":{"reason":"EMPTY_ACTIVITY_TREE","defaultOrgId":"org1","orgCount":0,"topCount":0},"phase":"SN_INIT","severity":"error"}],"failureMessages":["ParserError: No items in default organization\n    at ScormSNService.initialize (/Users/seth/Documents/GitHub/scorm-tester/src/main/services/scorm/sn/index.js:122:15)\n    at Object.initialize (/Users/seth/Documents/GitHub/scorm-tester/tests/integration/scorm-compliance.test.js:318:38)\n    at Promise.then.completed (/Users/seth/Documents/GitHub/scorm-tester/node_modules/jest-circus/build/utils.js:298:28)\n    at new Promise (<anonymous>)\n    at callAsyncCircusFn (/Users/seth/Documents/GitHub/scorm-tester/node_modules/jest-circus/build/utils.js:231:10)\n    at _callCircusTest (/Users/seth/Documents/GitHub/scorm-tester/node_modules/jest-circus/build/run.js:316:40)\n    at _runTest (/Users/seth/Documents/GitHub/scorm-tester/node_modules/jest-circus/build/run.js:252:3)\n    at _runTestsForDescribeBlock (/Users/seth/Documents/GitHub/scorm-tester/node_modules/jest-circus/build/run.js:126:9)\n    at _runTestsForDescribeBlock (/Users/seth/Documents/GitHub/scorm-tester/node_modules/jest-circus/build/run.js:121:9)\n    at _runTestsForDescribeBlock (/Users/seth/Documents/GitHub/scorm-tester/node_modules/jest-circus/build/run.js:121:9)\n    at run (/Users/seth/Documents/GitHub/scorm-tester/node_modules/jest-circus/build/run.js:71:3)\n    at runAndTransformResultsToJestFormat (/Users/seth/Documents/GitHub/scorm-tester/node_modules/jest-circus/build/legacy-code-todo-rewrite/jestAdapterInit.js:122:21)\n    at jestAdapter (/Users/seth/Documents/GitHub/scorm-tester/node_modules/jest-circus/build/legacy-code-todo-rewrite/jestAdapter.js:79:19)\n    at runTestInternal (/Users/seth/Documents/GitHub/scorm-tester/node_modules/jest-runner/build/runTest.js:367:16)\n    at runTest (/Users/seth/Documents/GitHub/scorm-tester/node_modules/jest-runner/build/runTest.js:444:34)"],"fullName":"SCORM 2004 4th Edition Compliance Performance and Scalability should initialize within performance thresholds","invocations":1,"location":null,"numPassingAsserts":0,"retryReasons":[],"status":"failed","title":"should initialize within performance thresholds"},{"ancestorTitles":["SCORM 2004 4th Edition Compliance","Performance and Scalability"],"duration":1,"failureDetails":[{"name":"ParserError","code":"PARSE_VALIDATION_ERROR","detail":{"reason":"EMPTY_ACTIVITY_TREE","defaultOrgId":"org1","orgCount":0,"topCount":0},"phase":"SN_INIT","severity":"error"}],"failureMessages":["ParserError: No items in default organization\n    at ScormSNService.initialize (/Users/seth/Documents/GitHub/scorm-tester/src/main/services/scorm/sn/index.js:122:15)\n    at Object.initialize (/Users/seth/Documents/GitHub/scorm-tester/tests/integration/scorm-compliance.test.js:327:23)\n    at Promise.then.completed (/Users/seth/Documents/GitHub/scorm-tester/node_modules/jest-circus/build/utils.js:298:28)\n    at new Promise (<anonymous>)\n    at callAsyncCircusFn (/Users/seth/Documents/GitHub/scorm-tester/node_modules/jest-circus/build/utils.js:231:10)\n    at _callCircusTest (/Users/seth/Documents/GitHub/scorm-tester/node_modules/jest-circus/build/run.js:316:40)\n    at _runTest (/Users/seth/Documents/GitHub/scorm-tester/node_modules/jest-circus/build/run.js:252:3)\n    at _runTestsForDescribeBlock (/Users/seth/Documents/GitHub/scorm-tester/node_modules/jest-circus/build/run.js:126:9)\n    at _runTestsForDescribeBlock (/Users/seth/Documents/GitHub/scorm-tester/node_modules/jest-circus/build/run.js:121:9)\n    at _runTestsForDescribeBlock (/Users/seth/Documents/GitHub/scorm-tester/node_modules/jest-circus/build/run.js:121:9)\n    at run (/Users/seth/Documents/GitHub/scorm-tester/node_modules/jest-circus/build/run.js:71:3)\n    at runAndTransformResultsToJestFormat (/Users/seth/Documents/GitHub/scorm-tester/node_modules/jest-circus/build/legacy-code-todo-rewrite/jestAdapterInit.js:122:21)\n    at jestAdapter (/Users/seth/Documents/GitHub/scorm-tester/node_modules/jest-circus/build/legacy-code-todo-rewrite/jestAdapter.js:79:19)\n    at runTestInternal (/Users/seth/Documents/GitHub/scorm-tester/node_modules/jest-runner/build/runTest.js:367:16)\n    at runTest (/Users/seth/Documents/GitHub/scorm-tester/node_modules/jest-runner/build/runTest.js:444:34)"],"fullName":"SCORM 2004 4th Edition Compliance Performance and Scalability should handle navigation within performance thresholds","invocations":1,"location":null,"numPassingAsserts":0,"retryReasons":[],"status":"failed","title":"should handle navigation within performance thresholds"},{"ancestorTitles":["SCORM 2004 4th Edition Compliance","Performance and Scalability"],"duration":0,"failureDetails":[{"name":"ParserError","code":"PARSE_VALIDATION_ERROR","detail":{"reason":"EMPTY_ACTIVITY_TREE","defaultOrgId":"org1","orgCount":0,"topCount":0},"phase":"SN_INIT","severity":"error"}],"failureMessages":["ParserError: No items in default organization\n    at ScormSNService.initialize (/Users/seth/Documents/GitHub/scorm-tester/src/main/services/scorm/sn/index.js:122:15)\n    at Object.initialize (/Users/seth/Documents/GitHub/scorm-tester/tests/integration/scorm-compliance.test.js:339:23)\n    at Promise.then.completed (/Users/seth/Documents/GitHub/scorm-tester/node_modules/jest-circus/build/utils.js:298:28)\n    at new Promise (<anonymous>)\n    at callAsyncCircusFn (/Users/seth/Documents/GitHub/scorm-tester/node_modules/jest-circus/build/utils.js:231:10)\n    at _callCircusTest (/Users/seth/Documents/GitHub/scorm-tester/node_modules/jest-circus/build/run.js:316:40)\n    at _runTest (/Users/seth/Documents/GitHub/scorm-tester/node_modules/jest-circus/build/run.js:252:3)\n    at _runTestsForDescribeBlock (/Users/seth/Documents/GitHub/scorm-tester/node_modules/jest-circus/build/run.js:126:9)\n    at _runTestsForDescribeBlock (/Users/seth/Documents/GitHub/scorm-tester/node_modules/jest-circus/build/run.js:121:9)\n    at _runTestsForDescribeBlock (/Users/seth/Documents/GitHub/scorm-tester/node_modules/jest-circus/build/run.js:121:9)\n    at run (/Users/seth/Documents/GitHub/scorm-tester/node_modules/jest-circus/build/run.js:71:3)\n    at runAndTransformResultsToJestFormat (/Users/seth/Documents/GitHub/scorm-tester/node_modules/jest-circus/build/legacy-code-todo-rewrite/jestAdapterInit.js:122:21)\n    at jestAdapter (/Users/seth/Documents/GitHub/scorm-tester/node_modules/jest-circus/build/legacy-code-todo-rewrite/jestAdapter.js:79:19)\n    at runTestInternal (/Users/seth/Documents/GitHub/scorm-tester/node_modules/jest-runner/build/runTest.js:367:16)\n    at runTest (/Users/seth/Documents/GitHub/scorm-tester/node_modules/jest-runner/build/runTest.js:444:34)"],"fullName":"SCORM 2004 4th Edition Compliance Performance and Scalability should handle progress updates efficiently","invocations":1,"location":null,"numPassingAsserts":0,"retryReasons":[],"status":"failed","title":"should handle progress updates efficiently"},{"ancestorTitles":["SCORM 2004 4th Edition Compliance","Edge Cases and Robustness"],"duration":1,"failureDetails":[],"failureMessages":[],"fullName":"SCORM 2004 4th Edition Compliance Edge Cases and Robustness should throw ParserError(PARSE_VALIDATION_ERROR) for empty activity tree","invocations":1,"location":null,"numPassingAsserts":1,"retryReasons":[],"status":"passed","title":"should throw ParserError(PARSE_VALIDATION_ERROR) for empty activity tree"},{"ancestorTitles":["SCORM 2004 4th Edition Compliance","Edge Cases and Robustness"],"duration":0,"failureDetails":[{"name":"ParserError","code":"PARSE_VALIDATION_ERROR","detail":{"reason":"EMPTY_ACTIVITY_TREE","defaultOrgId":"org1","orgCount":0,"topCount":0},"phase":"SN_INIT","severity":"error"}],"failureMessages":["ParserError: No items in default organization\n    at ScormSNService.initialize (/Users/seth/Documents/GitHub/scorm-tester/src/main/services/scorm/sn/index.js:122:15)\n    at Object.initialize (/Users/seth/Documents/GitHub/scorm-tester/tests/integration/scorm-compliance.test.js:402:38)\n    at Promise.then.completed (/Users/seth/Documents/GitHub/scorm-tester/node_modules/jest-circus/build/utils.js:298:28)\n    at new Promise (<anonymous>)\n    at callAsyncCircusFn (/Users/seth/Documents/GitHub/scorm-tester/node_modules/jest-circus/build/utils.js:231:10)\n    at _callCircusTest (/Users/seth/Documents/GitHub/scorm-tester/node_modules/jest-circus/build/run.js:316:40)\n    at _runTest (/Users/seth/Documents/GitHub/scorm-tester/node_modules/jest-circus/build/run.js:252:3)\n    at _runTestsForDescribeBlock (/Users/seth/Documents/GitHub/scorm-tester/node_modules/jest-circus/build/run.js:126:9)\n    at _runTestsForDescribeBlock (/Users/seth/Documents/GitHub/scorm-tester/node_modules/jest-circus/build/run.js:121:9)\n    at _runTestsForDescribeBlock (/Users/seth/Documents/GitHub/scorm-tester/node_modules/jest-circus/build/run.js:121:9)\n    at run (/Users/seth/Documents/GitHub/scorm-tester/node_modules/jest-circus/build/run.js:71:3)\n    at runAndTransformResultsToJestFormat (/Users/seth/Documents/GitHub/scorm-tester/node_modules/jest-circus/build/legacy-code-todo-
[...]
\u001b[22m\n      \u001b[2mat parse (\u001b[22mnode_modules/@babel/parser/src/index.ts\u001b[2m:92:38)\u001b[22m\n      \u001b[2mat parser (\u001b[22mnode_modules/@babel/core/src/parser/index.ts\u001b[2m:28:19)\u001b[22m\n          at parser.next (<anonymous>)\n      \u001b[2mat normalizeFile (\u001b[22mnode_modules/@babel/core/src/transformation/normalize-file.ts\u001b[2m:49:24)\u001b[22m\n          at normalizeFile.next (<anonymous>)\n      \u001b[2mat run (\u001b[22mnode_modules/@babel/core/src/transformation/index.ts\u001b[2m:40:36)\u001b[22m\n          at run.next (<anonymous>)\n      \u001b[2mat transform (\u001b[22mnode_modules/@babel/core/src/transform.ts\u001b[2m:29:20)\u001b[22m\n          at transform.next (<anonymous>)\n      \u001b[2mat evaluateSync (\u001b[22mnode_modules/gensync/index.js\u001b[2m:251:28)\u001b[22m\n      \u001b[2mat sync (\u001b[22mnode_modules/gensync/index.js\u001b[2m:89:14)\u001b[22m\n      \u001b[2mat fn (\u001b[22mnode_modules/@babel/core/src/errors/rewrite-stack-trace.ts\u001b[2m:99:14)\u001b[22m\n      \u001b[2mat transformSync (\u001b[22mnode_modules/@babel/core/src/transform.ts\u001b[2m:66:52)\u001b[22m\n      \u001b[2mat ScriptTransformer.transformSource (\u001b[22mnode_modules/@jest/transform/build/ScriptTransformer.js\u001b[2m:545:31)\u001b[22m\n      \u001b[2mat ScriptTransformer._transformAndBuildScript (\u001b[22mnode_modules/@jest/transform/build/ScriptTransformer.js\u001b[2m:674:40)\u001b[22m\n      \u001b[2mat ScriptTransformer.transform (\u001b[22mnode_modules/@jest/transform/build/ScriptTransformer.js\u001b[2m:726:19)\u001b[22m\n      \u001b[2mat Object.require (\u001b[22m\u001b[0m\u001b[36mtests/unit/main/ipc/ipc-handler.test.js\u001b[39m\u001b[0m\u001b[2m:1:20)\u001b[22m\n","name":"/Users/seth/Documents/GitHub/scorm-tester/tests/unit/main/ipc/ipc-handler.test.js","startTime":1758503418213,"status":"failed","summary":""},{"assertionResults":[],"coverage":{},"endTime":1758503418213,"message":"  \u001b[1m● \u001b[22mTest suite failed to run\n\n    \u001b[1m\u001b[31mJest encountered an unexpected token\u001b[39m\u001b[22m\n\n    Jest failed to parse a file. This happens e.g. when your code or its dependencies use non-standard JavaScript syntax, or when Jest is not configured to support such syntax.\n\n    Out of the box Jest supports Babel, which will be used to transform your files into valid JS based on your Babel configuration.\n\n    By default \"node_modules\" folder is ignored by transformers.\n\n    Here's what you can do:\n     • If you are trying to use ECMAScript Modules, see \u001b[4mhttps://jestjs.io/docs/ecmascript-modules\u001b[24m for how to enable it.\n     • If you are trying to use TypeScript, see \u001b[4mhttps://jestjs.io/docs/getting-started#using-typescript\u001b[24m\n     • To have some of your \"node_modules\" files transformed, you can specify a custom \u001b[1m\"transformIgnorePatterns\"\u001b[22m in your config.\n     • If you need a custom transformation specify a \u001b[1m\"transform\"\u001b[22m option in your config.\n     • If you simply want to mock your non-JS modules (e.g. binary assets) you can stub them out with the \u001b[1m\"moduleNameMapper\"\u001b[22m config option.\n\n    You'll find more details and examples of these config options in the docs:\n    \u001b[36mhttps://jestjs.io/docs/configuration\u001b[39m\n    For information about custom transformations, see:\n    \u001b[36mhttps://jestjs.io/docs/code-transformation\u001b[39m\n\n    \u001b[1m\u001b[31mDetails:\u001b[39m\u001b[22m\n\n    SyntaxError: /Users/seth/Documents/GitHub/scorm-tester/src/renderer/services/sn-bridge.js: Missing semicolon. (271:7)\n\n    \u001b[0m \u001b[90m 269 |\u001b[39m     }\n     \u001b[90m 270 |\u001b[39m\n    \u001b[31m\u001b[1m>\u001b[22m\u001b[39m\u001b[90m 271 |\u001b[39m   \u001b[36masync\u001b[39m getScormDataModel() {\n     \u001b[90m     |\u001b[39m        \u001b[31m\u001b[1m^\u001b[22m\u001b[39m\n     \u001b[90m 272 |\u001b[39m     \u001b[36mtry\u001b[39m {\n     \u001b[90m 273 |\u001b[39m       \u001b[36mif\u001b[39m (window\u001b[33m.\u001b[39melectronAPI\u001b[33m?\u001b[39m\u001b[33m.\u001b[39mgetScormDataModel) {\n     \u001b[90m 274 |\u001b[39m         \u001b[36mreturn\u001b[39m \u001b[36mawait\u001b[39m window\u001b[33m.\u001b[39melectronAPI\u001b[33m.\u001b[39mgetScormDataModel()\u001b[33m;\u001b[39m\u001b[0m\n\n    \u001b[0m \u001b[90m 13 |\u001b[39m \u001b[36mimport\u001b[39m { uiState \u001b[36mas\u001b[39m uiStatePromise } \u001b[36mfrom\u001b[39m \u001b[32m'../../services/ui-state.js'\u001b[39m\u001b[33m;\u001b[39m\n     \u001b[90m 14 |\u001b[39m \u001b[36mimport\u001b[39m { rendererLogger } \u001b[36mfrom\u001b[39m \u001b[32m'../../utils/renderer-logger.js'\u001b[39m\u001b[33m;\u001b[39m\n    \u001b[31m\u001b[1m>\u001b[22m\u001b[39m\u001b[90m 15 |\u001b[39m \u001b[36mimport\u001b[39m { snBridge } \u001b[36mfrom\u001b[39m \u001b[32m'../../services/sn-bridge.js'\u001b[39m\u001b[33m;\u001b[39m\n     \u001b[90m    |\u001b[39m \u001b[31m\u001b[1m^\u001b[22m\u001b[39m\n     \u001b[90m 16 |\u001b[39m \u001b[36mimport\u001b[39m { escapeHTML } \u001b[36mfrom\u001b[39m \u001b[32m'../../utils/escape.js'\u001b[39m\u001b[33m;\u001b[39m\n     \u001b[90m 17 |\u001b[39m\n     \u001b[90m 18 |\u001b[39m\u001b[0m\n\n      \u001b[2mat constructor (\u001b[22mnode_modules/@babel/parser/src/parse-error.ts\u001b[2m:95:45)\u001b[22m\n      \u001b[2mat Parser.toParseError [as raise] (\u001b[22mnode_modules/@babel/parser/src/tokenizer/index.ts\u001b[2m:1503:19)\u001b[22m\n      \u001b[2mat Parser.raise [as semicolon] (\u001b[22mnode_modules/@babel/parser/src/parser/util.ts\u001b[2m:149:10)\u001b[22m\n      \u001b[2mat Parser.semicolon [as parseExpressionStatement] (\u001b[22mnode_modules/@babel/parser/src/parser/statement.ts\u001b[2m:1358:10)\u001b[22m\n      \u001b[2mat Parser.parseExpressionStatement [as parseStatementContent] (\u001b[22mnode_modules/@babel/parser/src/parser/statement.ts\u001b[2m:697:19)\u001b[22m\n      \u001b[2mat Parser.parseStatementContent [as parseStatementLike] (\u001b[22mnode_modules/@babel/parser/src/parser/statement.ts\u001b[2m:477:17)\u001b[22m\n      \u001b[2mat Parser.parseStatementLike [as parseStatementListItem] (\u001b[22mnode_modules/@babel/parser/src/parser/statement.ts\u001b[2m:426:17)\u001b[22m\n      \u001b[2mat Parser.parseStatementListItem [as parseBlockOrModuleBlockBody] (\u001b[22mnode_modules/@babel/parser/src/parser/statement.ts\u001b[2m:1439:16)\u001b[22m\n      \u001b[2mat Parser.parseBlockOrModuleBlockBody [as parseBlockBody] (\u001b[22mnode_modules/@babel/parser/src/parser/statement.ts\u001b[2m:1412:10)\u001b[22m\n      \u001b[2mat Parser.parseBlockBody [as parseBlock] (\u001b[22mnode_modules/@babel/parser/src/parser/statement.ts\u001b[2m:1380:10)\u001b[22m\n      \u001b[2mat Parser.parseBlock [as parseFunctionBody] (\u001b[22mnode_modules/@babel/parser/src/parser/expression.ts\u001b[2m:2616:24)\u001b[22m\n      \u001b[2mat Parser.parseFunctionBody [as parseFunctionBodyAndFinish] (\u001b[22mnode_modules/@babel/parser/src/parser/expression.ts\u001b[2m:2585:10)\u001b[22m\n      \u001b[2mat Parser.parseFunctionBodyAndFinish [as parseMethod] (\u001b[22mnode_modules/@babel/parser/src/parser/expression.ts\u001b[2m:2482:31)\u001b[22m\n      \u001b[2mat Parser.parseMethod [as pushClassMethod] (\u001b[22mnode_modules/@babel/parser/src/parser/statement.ts\u001b[2m:2239:12)\u001b[22m\n      \u001b[2mat Parser.pushClassMethod [as parseClassMemberWithIsStatic] (\u001b[22mnode_modules/@babel/parser/src/parser/statement.ts\u001b[2m:2060:14)\u001b[22m\n      \u001b[2mat Parser.parseClassMemberWithIsStatic [as parseClassMember] (\u001b[22mnode_modules/@babel/parser/src/parser/statement.ts\u001b[2m:1933:10)\u001b[22m\n      \u001b[2mat parseClassMember (\u001b[22mnode_modules/@babel/parser/src/parser/statement.ts\u001b[2m:1846:14)\u001b[22m\n      \u001b[2mat Parser.callback [as withSmartMixTopicForbiddingContext] (\u001b[22mnode_modules/@babel/parser/src/parser/expression.ts\u001b[2m:3166:14)\u001b[22m\n      \u001b[2mat Parser.withSmartMixTopicForbiddingContext [as parseClassBody] (\u001b[22mnode_modules/@babel/parser/src/parser/statement.ts\u001b[2m:1818:10)\u001b[22m\n      \u001b[2mat Parser.parseClassBody [as parseClass] (\u001b[22mnode_modules/@babel/parser/src/parser/statement.ts\u001b[2m:1769:22)\u001b[22m\n      \u001b[2mat Parser.parseClass [as parseStatementContent] (\u001b[22mnode_modules/@babel/parser/src/parser/statement.ts\u001b[2m:527:21)\u001b[22m\n      \u001b[2mat Parser.parseStatementContent [as parseStatementLike] (\u001b[22mnode_modules/@babel/parser/src/parser/statement.ts\u001b[2m:477:17)\u001b[22m\n      \u001b[2mat Parser.parseStatementLike [as parseModuleItem] (\u001b[22mnode_modules/@babel/parser/src/parser/statement.ts\u001b[2m:414:17)\u001b[22m\n      \u001b[2mat Parser.parseModuleItem [as parseBlockOrModuleBlockBody] (\u001b[22mnode_modules/@babel/parser/src/parser/statement.ts\u001b[2m:1438:16)\u001b[22m\n      \u001b[2mat Parser.parseBlockOrModuleBlockBody [as parseBlockBody] (\u001b[22mnode_modules/@babel/parser/src/parser/statement.ts\u001b[2m:1412:10)\u001b[22m\n      \u001b[2mat Parser.parseBlockBody [as parseProgram] (\u001b[22mnode_modules/@babel/parser/src/parser/statement.ts\u001b[2m:229:10)\u001b[22m\n      \u001b[2mat Parser.parseProgram [as parseTopLevel] (\u001b[22mnode_modules/@babel/parser/src/parser/statement.ts\u001b[2m:203:25)\u001b[22m\n      \u001b[2mat Parser.parseTopLevel [as parse] (\u001b[22mnode_modules/@babel/parser/src/parser/index.ts\u001b[2m:93:10)\u001b[22m\n      \u001b[2mat parse (\u001b[22mnode_modules/@babel/parser/src/index.ts\u001b[2m:92:38)\u001b[22m\n      \u001b[2mat parser (\u001b[22mnode_modules/@babel/core/src/parser/index.ts\u001b[2m:28:19)\u001b[22m\n          at parser.next (<anonymous>)\n      \u001b[2mat normalizeFile (\u001b[22mnode_modules/@babel/core/src/transformation/normalize-file.ts\u001b[2m:49:24)\u001b[22m\n          at normalizeFile.next (<anonymous>)\n      \u001b[2mat run (\u001b[22mnode_modules/@babel/core/src/transformation/index.ts\u001b[2m:40:36)\u001b[22m\n          at run.next (<anonymous>)\n      \u001b[2mat transform (\u001b[22mnode_modules/@babel/core/src/transform.ts\u001b[2m:29:20)\u001b[22m\n          at transform.next (<anonymous>)\n      \u001b[2mat evaluateSync (\u001b[22mnode_modules/gensync/index.js\u001b[2m:251:28)\u001b[22m\n      \u001b[2mat sync (\u001b[22mnode_modules/gensync/index.js\u001b[2m:89:14)\u001b[22m\n      \u001b[2mat fn (\u001b[22mnode_modules/@babel/core/src/errors/rewrite-stack-trace.ts\u001b[2m:99:14)\u001b[22m\n      \u001b[2mat transformSync (\u001b[22mnode_modules/@babel/core/src/transform.ts\u001b[2m:66:52)\u001b[22m\n      \u001b[2mat ScriptTransformer.transformSource (\u001b[22mnode_modules/@jest/transform/build/ScriptTransformer.js\u001b[2m:545:31)\u001b[22m\n      \u001b[2mat ScriptTransformer._transformAndBuildScript (\u001b[22mnode_modules/@jest/transform/build/ScriptTransformer.js\u001b[2m:674:40)\u001b[22m\n      \u001b[2mat ScriptTransformer.transform (\u001b[22mnode_modules/@jest/transform/build/ScriptTransformer.js\u001b[2m:726:19)\u001b[22m\n      \u001b[2mat Object.require (\u001b[22msrc/renderer/components/scorm/course-outline.js\u001b[2m:15:1)\u001b[22m\n      \u001b[2mat Object.require (\u001b[22m\u001b[0m\u001b[36mtests/unit/renderer/course-outline-escaping.test.js\u001b[39m\u001b[0m\u001b[2m:3:1)\u001b[22m\n","name":"/Users/seth/Documents/GitHub/scorm-tester/tests/unit/renderer/course-outline-escaping.test.js","startTime":1758503418213,"status":"failed","summary":""},{"assertionResults":[],"coverage":{},"endTime":1758503418213,"message":"  \u001b[1m● \u001b[22mTest suite failed to run\n\n    \u001b[1m\u001b[31mJest encountered an unexpected token\u001b[39m\u001b[22m\n\n    Jest failed to parse a file. This happens e.g. when your code or its dependencies use non-standard JavaScript syntax, or when Jest is not configured to support such syntax.\n\n    Out of the box Jest supports Babel, which will be used to transform your files into valid JS based on your Babel configuration.\n\n    By default \"node_modules\" folder is ignored by transformers.\n\n    Here's what you can do:\n     • If you are trying to use ECMAScript Modules, see \u001b[4mhttps://jestjs.io/docs/ecmascript-modules\u001b[24m for how to enable it.\n     • If you are trying to use TypeScript, see \u001b[4mhttps://jestjs.io/docs/getting-started#using-typescript\u001b[24m\n     • To have some of your \"node_modules\" files transformed, you can specify a custom \u001b[1m\"transformIgnorePatterns\"\u001b[22m in your config.\n     • If you need a custom transformation specify a \u001b[1m\"transform\"\u001b[22m option in your config.\n     • If you simply want to mock your non-JS modules (e.g. binary assets) you can stub them out with the \u001b[1m\"moduleNameMapper\"\u001b[22m config option.\n\n    You'll find more details and examples of these config options in the docs:\n    \u001b[36mhttps://jestjs.io/docs/configuration\u001b[39m\n    For information about custom transformations, see:\n    \u001b[36mhttps://jestjs.io/docs/code-transformation\u001b[39m\n\n    \u001b[1m\u001b[31mDetails:\u001b[39m\u001b[22m\n\n    SyntaxError: /Users/seth/Documents/GitHub/scorm-tester/src/renderer/services/course-loader.js: Unexpected token (68:11)\n\n    \u001b[0m \u001b[90m 66 |\u001b[39m         \u001b[36mtry\u001b[39m { rendererLogger\u001b[33m.\u001b[39minfo(\u001b[32m'CourseLoader: All required Electron API methods available'\u001b[39m)\u001b[33m;\u001b[39m } \u001b[36mcatch\u001b[39m (_) {}\n     \u001b[90m 67 |\u001b[39m       }\n    \u001b[31m\u001b[1m>\u001b[22m\u001b[39m\u001b[90m 68 |\u001b[39m     } \u001b[36melse\u001b[39m {\n     \u001b[90m    |\u001b[39m            \u001b[31m\u001b[1m^\u001b[22m\u001b[39m\n     \u001b[90m 69 |\u001b[39m       \u001b[36mtry\u001b[39m { rendererLogger\u001b[33m.\u001b[39merror(\u001b[32m'CourseLoader: Electron API not available - this will prevent course loading'\u001b[39m)\u001b[33m;\u001b[39m } \u001b[36mcatch\u001b[39m (_) {}\n     \u001b[90m 70 |\u001b[39m     }\n     \u001b[90m 71 |\u001b[39m   }\u001b[0m\n\n    \u001b[0m \u001b[90m 21 |\u001b[39m \u001b[36mconst\u001b[39m { \u001b[33mScormCAMService\u001b[39m } \u001b[33m=\u001b[39m require(\u001b[32m'../../src/main/services/scorm/cam/index.js'\u001b[39m)\u001b[33m;\u001b[39m\n     \u001b[90m 22 |\u001b[39m \u001b[36mconst\u001b[39m { buildUIOutlineFromResourcesFallback } \u001b[33m=\u001b[39m require(\u001b[32m'../../src/main/services/scorm/cam/package-analyzer.js'\u001b[39m)\u001b[33m;\u001b[39m \u001b[90m// sanity: ensure we can detect if fallback was used\u001b[39m\n    \u001b[31m\u001b[1m>\u001b[22m\u001b[39m\u001b[90m 23 |\u001b[39m \u001b[36mconst\u001b[39m \u001b[33mCourseLoader\u001b[39m \u001b[33m=\u001b[39m require(\u001b[32m'../../src/renderer/services/course-loader.js'\u001b[39m)\u001b[33m;\u001b[39m \u001b[90m// used for normalized flags\u001b[39m\n     \u001b[90m    |\u001b[39m                      \u001b[31m\u001b[1m^\u001b[22m\u001b[39m\n     \u001b[90m 24 |\u001b[39m \u001b[36mconst\u001b[39m { \u001b[33mJSDOM\u001b[39m } \u001b[33m=\u001b[39m require(\u001b[32m'jsdom'\u001b[39m)\u001b[33m;\u001b[39m\n     \u001b[90m 25 |\u001b[39m\n     \u001b[90m 26 |\u001b[39m describe(\u001b[32m'CAM workflow with real course fixtures'\u001b[39m\u001b[33m,\u001b[39m () \u001b[33m=>\u001b[39m {\u001b[0m\n\n      \u001b[2mat constructor (\u001b[22mnode_modules/@babel/parser/src/parse-error.ts\u001b[2m:95:45)\u001b[22m\n      \u001b[2mat Parser.toParseError [as raise] (\u001b[22mnode_modules/@babel/parser/src/tokenizer/index.ts\u001b[2m:1503:19)\u001b[22m\n      \u001b[2mat Parser.raise [as unexpected] (\u001b[22mnode_modules/@babel/parser/src/tokenizer/index.ts\u001b[2m:1543:16)\u001b[22m\n      \u001b[2mat Parser.unexpected [as parseClassMemberWithIsStatic] (\u001b[22mnode_modules/@babel/parser/src/parser/statement.ts\u001b[2m:2115:12)\u001b[22m\n      \u001b[2mat Parser.parseClassMemberWithIsStatic [as parseClassMember] (\u001b[22mnode_modules/@babel/parser/src/parser/statement.ts\u001b[2m:1933:10)\u001b[22m\n      \u001b[2mat parseClassMember (\u001b[22mnode_modules/@babel/parser/src/parser/statement.ts\u001b[2m:1846:14)\u001b[22m\n      \u001b[2mat Parser.callback [as withSmartMixTopicForbiddingContext] (\u001b[22mnode_modules/@babel/parser/src/parser/expression.ts\u001b[2m:3166:14)\u001b[22m\n      \u001b[2mat Parser.withSmartMixTopicForbiddingContext [as parseClassBody] (\u001b[22mnode_modules/@babel/parser/src/parser/statement.ts\u001b[2m:1818:10)\u001b[22m\n      \u001b[2mat Parser.parseClassBody [as parseClass] (\u001b[22mnode_modules/@babel/parser/src/parser/statement.ts\u001b[2m:1769:22)\u001b[22m\n      \u001b[2mat Parser.parseClass [as parseStatementContent] (\u001b[22mnode_modules/@babel/parser/src/parser/statement.ts\u001b[2m:527:21)\u001b[22m\n      \u001b[2mat Parser.parseStatementContent [as parseStatementLike] (\u001b[22mnode_modules/@babel/parser/src/parser/statement.ts\u001b[2m:477:17)\u001b[22m\n      \u001b[2mat Parser.parseStatementLike [as parseModuleItem] (\u001b[22mnode_modules/@babel/parser/src/parser/statement.ts\u001b[2m:414:17)\u001b[22m\n      \u001b[2mat Parser.parseModuleItem [as parseBlockOrModuleBlockBody] (\u001b[22mnode_modules/@babel/parser/src/parser/statement.ts\u001b[2m:1438:16)\u001b[22m\n      \u001b[2mat Parser.parseBlockOrModuleBlockBody [as parseBlockBody] (\u001b[22mnode_modules/@babel/parser/src/parser/statement.ts\u001b[2m:1412:10)\u001b[22m\n      \u001b[2mat Parser.parseBlockBody [as parseProgram] (\u001b[22mnode_modules/@babel/parser/src/parser/statement.ts\u001b[2m:229:10)\u001b[22m\n      \u001b[2mat Parser.parseProgram [as parseTopLevel] (\u001b[22mnode_modules/@babel/parser/src/parser/statement.ts\u001b[2m:203:25)\u001b[22m\n      \u001b[2mat Parser.parseTopLevel [as parse] (\u001b[22mnode_modules/@babel/parser/src/parser/index.ts\u001b[2m:93:10)\u001b[22m\n      \u001b[2mat parse (\u001b[22mnode_modules/@babel/parser/src/index.ts\u001b[2m:92:38)\u001b[22m\n      \u001b[2mat parser (\u001b[22mnode_modules/@babel/core/src/parser/index.ts\u001b[2m:28:19)\u001b[22m\n          at parser.next (<anonymous>)\n      \u001b[2mat normalizeFile (\u001b[22mnode_modules/@babel/core/src/transformation/normalize-file.ts\u001b[2m:49:24)\u001b[22m\n          at normalizeFile.next (<anonymous>)\n      \u001b[2mat run (\u001b[22mnode_modules/@babel/core/src/transformation/index.ts\u001b[2m:40:36)\u001b[22m\n          at run.next (<anonymous>)\n      \u001b[2mat transform (\u001b[22mnode_modules/@babel/core/src/transform.ts\u001b[2m:29:20)\u001b[22m\n          at transform.next (<anonymous>)\n      \u001b[2mat evaluateSync (\u001b[22mnode_modules/gensync/index.js\u001b[2m:251:28)\u001b[22m\n      \u001b[2mat sync (\u001b[22mnode_modules/gensync/index.js\u001b[2m:89:14)\u001b[22m\n      \u001b[2mat fn (\u001b[22mnode_modules/@babel/core/src/errors/rewrite-stack-trace.ts\u001b[2m:99:14)\u001b[22m\n      \u001b[2mat transformSync (\u001b[22mnode_modules/@babel/core/src/transform.ts\u001b[2m:66:52)\u001b[22m\n      \u001b[2mat ScriptTransformer.transformSource (\u001b[22mnode_modules/@jest/transform/build/ScriptTransformer.js\u001b[2m:545:31)\u001b[22m\n      \u001b[2mat ScriptTransformer._transformAndBuildScript (\u001b[22mnode_modules/@jest/transform/build/ScriptTransformer.js\u001b[2m:674:40)\u001b[22m\n      \u001b[2mat ScriptTransformer.transform (\u001b[22mnode_modules/@jest/transform/build/ScriptTransformer.js\u001b[2m:726:19)\u001b[22m\n      \u001b[2mat Object.require (\u001b[22m\u001b[0m\u001b[36mtests/integration/cam-workflow.real-courses.test.js\u001b[39m\u001b[0m\u001b[2m:23:22)\u001b[22m\n","name":"/Users/seth/Documents/GitHub/scorm-tester/tests/integration/cam-workflow.real-courses.test.js","startTime":1758503418213,"status":"failed","summary":""}],"wasInterrupted":false}
