TN:
SF:src\main\services\base-service.js
FN:32,(anonymous_0)
FN:62,(anonymous_1)
FN:123,(anonymous_2)
FN:157,(anonymous_3)
FN:176,(anonymous_4)
FN:185,(anonymous_5)
FN:195,(anonymous_6)
FN:213,(anonymous_7)
FN:226,(anonymous_8)
FN:236,(anonymous_9)
FN:245,(anonymous_10)
FNF:11
FNH:6
FNDA:11,(anonymous_0)
FNDA:6,(anonymous_1)
FNDA:5,(anonymous_2)
FNDA:0,(anonymous_3)
FNDA:0,(anonymous_4)
FNDA:49,(anonymous_5)
FNDA:10,(anonymous_6)
FNDA:22,(anonymous_7)
FNDA:0,(anonymous_8)
FNDA:0,(anonymous_9)
FNDA:0,(anonymous_10)
DA:10,4
DA:15,4
DA:16,4
DA:33,11
DA:35,11
DA:36,11
DA:37,11
DA:38,11
DA:41,11
DA:42,11
DA:43,11
DA:44,11
DA:45,11
DA:52,11
DA:53,9
DA:63,6
DA:65,6
DA:66,6
DA:67,6
DA:68,6
DA:71,6
DA:74,6
DA:75,0
DA:79,6
DA:82,1
DA:83,1
DA:86,1
DA:87,0
DA:90,1
DA:91,1
DA:96,1
DA:97,1
DA:100,5
DA:101,5
DA:103,5
DA:109,5
DA:114,5
DA:115,5
DA:124,5
DA:125,5
DA:126,5
DA:127,5
DA:130,5
DA:132,5
DA:133,5
DA:135,5
DA:136,5
DA:139,0
DA:140,0
DA:142,0
DA:148,0
DA:149,0
DA:158,0
DA:177,0
DA:186,49
DA:196,10
DA:197,10
DA:203,10
DA:204,5
DA:214,22
DA:215,22
DA:217,22
DA:218,22
DA:228,0
DA:250,4
LF:65
LH:55
BRDA:32,0,0,0
BRDA:52,1,0,9
BRDA:52,1,1,2
BRDA:52,2,0,11
BRDA:52,2,1,11
BRDA:62,3,0,0
BRDA:74,4,0,0
BRDA:74,4,1,6
BRDA:86,5,0,0
BRDA:86,5,1,1
BRDA:163,6,0,0
BRDA:163,6,1,0
BRDA:166,7,0,0
BRDA:166,7,1,0
BRDA:177,8,0,0
BRDA:177,8,1,0
BRDA:186,9,0,49
BRDA:186,9,1,12
BRDA:195,10,0,0
BRDA:203,11,0,5
BRDA:203,11,1,5
BRF:21
BRH:10
end_of_record
TN:
SF:src\main\services\file-manager.js
FN:34,(anonymous_0)
FN:60,(anonymous_1)
FN:69,(anonymous_2)
FN:88,(anonymous_3)
FN:116,(anonymous_4)
FN:156,(anonymous_5)
FN:205,(anonymous_6)
FN:278,(anonymous_7)
FN:301,(anonymous_8)
FN:341,(anonymous_9)
FN:342,(anonymous_10)
FN:343,(anonymous_11)
FN:351,(anonymous_12)
FN:424,(anonymous_13)
FN:465,(anonymous_14)
FN:513,(anonymous_15)
FN:539,(anonymous_16)
FN:558,(anonymous_17)
FN:614,(anonymous_18)
FN:651,(anonymous_19)
FN:673,(anonymous_20)
FN:705,(anonymous_21)
FN:727,(anonymous_22)
FN:745,(anonymous_23)
FN:755,(anonymous_24)
FN:794,(anonymous_25)
FN:795,(anonymous_26)
FN:804,(anonymous_27)
FN:832,(anonymous_28)
FN:851,(anonymous_29)
FN:895,(anonymous_30)
FN:905,(anonymous_31)
FN:946,(anonymous_32)
FNF:33
FNH:9
FNDA:3,(anonymous_0)
FNDA:0,(anonymous_1)
FNDA:0,(anonymous_2)
FNDA:0,(anonymous_3)
FNDA:0,(anonymous_4)
FNDA:0,(anonymous_5)
FNDA:0,(anonymous_6)
FNDA:0,(anonymous_7)
FNDA:0,(anonymous_8)
FNDA:0,(anonymous_9)
FNDA:0,(anonymous_10)
FNDA:0,(anonymous_11)
FNDA:0,(anonymous_12)
FNDA:0,(anonymous_13)
FNDA:0,(anonymous_14)
FNDA:3,(anonymous_15)
FNDA:3,(anonymous_16)
FNDA:3,(anonymous_17)
FNDA:18,(anonymous_18)
FNDA:5,(anonymous_19)
FNDA:0,(anonymous_20)
FNDA:0,(anonymous_21)
FNDA:0,(anonymous_22)
FNDA:0,(anonymous_23)
FNDA:0,(anonymous_24)
FNDA:0,(anonymous_25)
FNDA:0,(anonymous_26)
FNDA:0,(anonymous_27)
FNDA:0,(anonymous_28)
FNDA:0,(anonymous_29)
FNDA:2,(anonymous_30)
FNDA:6,(anonymous_31)
FNDA:2,(anonymous_32)
DA:13,1
DA:14,1
DA:15,1
DA:16,1
DA:18,1
DA:19,1
DA:24,1
DA:25,1
DA:35,3
DA:38,3
DA:44,3
DA:47,3
DA:48,3
DA:51,3
DA:52,3
DA:62,0
DA:70,0
DA:73,0
DA:76,0
DA:79,0
DA:81,0
DA:89,0
DA:92,0
DA:93,0
DA:94,0
DA:98,0
DA:99,0
DA:106,0
DA:107,0
DA:109,0
DA:117,0
DA:118,0
DA:120,0
DA:128,0
DA:129,0
DA:130,0
DA:131,0
DA:132,0
DA:135,0
DA:136,0
DA:137,0
DA:140,0
DA:146,0
DA:147,0
DA:148,0
DA:157,0
DA:158,0
DA:160,0
DA:164,0
DA:165,0
DA:166,0
DA:167,0
DA:170,0
DA:172,0
DA:173,0
DA:174,0
DA:177,0
DA:178,0
DA:179,0
DA:180,0
DA:181,0
DA:184,0
DA:185,0
DA:186,0
DA:189,0
DA:194,0
DA:195,0
DA:196,0
DA:206,0
DA:207,0
DA:209,0
DA:210,0
DA:211,0
DA:214,0
DA:215,0
DA:219,0
DA:220,0
DA:221,0
DA:225,0
DA:226,0
DA:228,0
DA:229,0
DA:232,0
DA:234,0
DA:237,0
DA:239,0
DA:249,0
DA:250,0
DA:251,0
DA:252,0
DA:254,0
DA:258,0
DA:264,0
DA:265,0
DA:266,0
DA:269,0
DA:279,0
DA:280,0
DA:281,0
DA:283,0
DA:284,0
DA:285,0
DA:288,0
DA:290,0
DA:302,0
DA:303,0
DA:305,0
DA:306,0
DA:308,0
DA:309,0
DA:310,0
DA:311,0
DA:314,0
DA:316,0
DA:317,0
DA:318,0
DA:319,0
DA:321,0
DA:324,0
DA:325,0
DA:328,0
DA:334,0
DA:335,0
DA:336,0
DA:341,0
DA:342,0
DA:343,0
DA:352,0
DA:353,0
DA:356,0
DA:357,0
DA:361,0
DA:362,0
DA:363,0
DA:367,0
DA:368,0
DA:371,0
DA:372,0
DA:373,0
DA:376,0
DA:379,0
DA:380,0
DA:384,0
DA:387,0
DA:389,0
DA:390,0
DA:392,0
DA:395,0
DA:401,0
DA:402,0
DA:404,0
DA:425,0
DA:426,0
DA:427,0
DA:430,0
DA:431,0
DA:434,0
DA:435,0
DA:439,0
DA:440,0
DA:443,0
DA:445,0
DA:446,0
DA:447,0
DA:449,0
DA:453,0
DA:455,0
DA:456,0
DA:457,0
DA:461,0
DA:462,0
DA:465,0
DA:466,0
DA:467,0
DA:468,0
DA:469,0
DA:470,0
DA:471,0
DA:472,0
DA:473,0
DA:474,0
DA:475,0
DA:478,0
DA:484,0
DA:485,0
DA:488,0
DA:489,0
DA:491,0
DA:492,0
DA:493,0
DA:496,0
DA:500,0
DA:503,0
DA:504,0
DA:514,3
DA:516,3
DA:517,3
DA:518,3
DA:520,3
DA:522,3
DA:524,2
DA:526,2
DA:528,2
DA:530,3
DA:540,3
DA:541,0
DA:544,3
DA:545,0
DA:559,3
DA:560,3
DA:561,3
DA:562,3
DA:564,3
DA:565,18
DA:567,18
DA:568,18
DA:570,18
DA:571,12
DA:572,10
DA:574,12
DA:575,12
DA:579,6
DA:580,1
DA:581,1
DA:585,5
DA:586,5
DA:587,5
DA:588,5
DA:590,0
DA:594,1
DA:595,1
DA:597,0
DA:598,0
DA:602,2
DA:615,18
DA:618,18
DA:619,2
DA:623,16
DA:624,8
DA:627,8
DA:628,2
DA:632,6
DA:633,6
DA:634,6
DA:636,6
DA:637,0
DA:640,6
DA:652,5
DA:654,5
DA:655,5
DA:658,5
DA:659,5
DA:662,0
DA:663,0
DA:674,0
DA:675,0
DA:679,0
DA:682,0
DA:685,0
DA:686,0
DA:687,0
DA:688,0
DA:692,0
DA:693,0
DA:696,0
DA:706,0
DA:707,0
DA:710,0
DA:711,0
DA:714,0
DA:715,0
DA:718,0
DA:728,0
DA:729,0
DA:732,0
DA:733,0
DA:734,0
DA:736,0
DA:746,0
DA:747,0
DA:756,0
DA:757,0
DA:760,0
DA:762,0
DA:763,0
DA:766,0
DA:767,0
DA:770,0
DA:771,0
DA:774,0
DA:775,0
DA:776,0
DA:779,0
DA:781,0
DA:785,0
DA:786,0
DA:795,0
DA:796,0
DA:805,0
DA:806,0
DA:808,0
DA:809,0
DA:810,0
DA:811,0
DA:812,0
DA:814,0
DA:815,0
DA:816,0
DA:817,0
DA:820,0
DA:823,0
DA:833,0
DA:834,0
DA:835,0
DA:836,0
DA:837,0
DA:840,0
DA:844,0
DA:852,0
DA:854,0
DA:855,0
DA:856,0
DA:857,0
DA:860,0
DA:861,0
DA:863,0
DA:864,0
DA:866,0
DA:868,0
DA:869,0
DA:870,0
DA:871,0
DA:874,0
DA:878,0
DA:879,0
DA:881,0
DA:885,0
DA:896,2
DA:898,2
DA:899,0
DA:900,0
DA:904,2
DA:905,2
DA:906,6
DA:907,6
DA:908,6
DA:909,4
DA:910,4
DA:911,4
DA:912,0
DA:913,0
DA:915,0
DA:916,0
DA:918,0
DA:923,0
DA:927,2
DA:929,2
DA:931,2
DA:932,2
DA:936,0
DA:947,2
DA:948,2
DA:949,2
DA:950,2
DA:954,1
LF:365
LH:86
BRDA:34,0,0,0
BRDA:92,1,0,0
BRDA:92,1,1,0
BRDA:128,2,0,0
BRDA:128,2,1,0
BRDA:128,3,0,0
BRDA:128,3,1,0
BRDA:164,4,0,0
BRDA:164,4,1,0
BRDA:164,5,0,0
BRDA:164,5,1,0
BRDA:172,6,0,0
BRDA:172,6,1,0
BRDA:178,7,0,0
BRDA:178,7,1,0
BRDA:214,8,0,0
BRDA:214,8,1,0
BRDA:220,9,0,0
BRDA:220,9,1,0
BRDA:249,10,0,0
BRDA:249,10,1,0
BRDA:249,11,0,0
BRDA:249,11,1,0
BRDA:280,12,0,0
BRDA:280,12,1,0
BRDA:280,13,0,0
BRDA:280,13,1,0
BRDA:284,14,0,0
BRDA:284,14,1,0
BRDA:290,15,0,0
BRDA:290,15,1,0
BRDA:301,16,0,0
BRDA:302,17,0,0
BRDA:303,18,0,0
BRDA:303,18,1,0
BRDA:309,19,0,0
BRDA:309,19,1,0
BRDA:311,20,0,0
BRDA:311,20,1,0
BRDA:316,21,0,0
BRDA:316,21,1,0
BRDA:356,22,0,0
BRDA:356,22,1,0
BRDA:356,23,0,0
BRDA:356,23,1,0
BRDA:362,24,0,0
BRDA:362,24,1,0
BRDA:379,25,0,0
BRDA:379,25,1,0
BRDA:426,26,0,0
BRDA:426,26,1,0
BRDA:426,27,0,0
BRDA:426,27,1,0
BRDA:426,27,2,0
BRDA:434,28,0,0
BRDA:434,28,1,0
BRDA:434,29,0,0
BRDA:434,29,1,0
BRDA:443,30,0,0
BRDA:443,30,1,0
BRDA:443,31,0,0
BRDA:443,31,1,0
BRDA:443,31,2,0
BRDA:446,32,0,0
BRDA:446,32,1,0
BRDA:447,33,0,0
BRDA:447,33,1,0
BRDA:453,34,0,0
BRDA:453,34,1,0
BRDA:456,35,0,0
BRDA:456,35,1,0
BRDA:470,36,0,0
BRDA:470,36,1,0
BRDA:473,37,0,0
BRDA:473,37,1,0
BRDA:478,38,0,0
BRDA:478,38,1,0
BRDA:489,39,0,0
BRDA:489,39,1,0
BRDA:504,40,0,0
BRDA:504,40,1,0
BRDA:540,41,0,0
BRDA:540,41,1,3
BRDA:544,42,0,0
BRDA:544,42,1,3
BRDA:570,43,0,12
BRDA:570,43,1,6
BRDA:571,44,0,10
BRDA:571,44,1,2
BRDA:579,45,0,1
BRDA:579,45,1,5
BRDA:579,46,0,6
BRDA:579,46,1,0
BRDA:586,47,0,5
BRDA:586,47,1,0
BRDA:587,48,0,5
BRDA:587,48,1,0
BRDA:594,49,0,1
BRDA:594,49,1,0
BRDA:597,50,0,0
BRDA:597,50,1,0
BRDA:618,51,0,2
BRDA:618,51,1,16
BRDA:618,52,0,18
BRDA:618,52,1,16
BRDA:623,53,0,8
BRDA:623,53,1,8
BRDA:623,54,0,16
BRDA:623,54,1,12
BRDA:623,54,2,10
BRDA:627,55,0,2
BRDA:627,55,1,6
BRDA:634,56,0,6
BRDA:634,56,1,6
BRDA:636,57,0,0
BRDA:636,57,1,6
BRDA:662,58,0,0
BRDA:662,58,1,0
BRDA:674,59,0,0
BRDA:674,59,1,0
BRDA:674,60,0,0
BRDA:674,60,1,0
BRDA:685,61,0,0
BRDA:685,61,1,0
BRDA:692,62,0,0
BRDA:692,62,1,0
BRDA:706,63,0,0
BRDA:706,63,1,0
BRDA:706,64,0,0
BRDA:706,64,1,0
BRDA:710,65,0,0
BRDA:710,65,1,0
BRDA:710,66,0,0
BRDA:710,66,1,0
BRDA:714,67,0,0
BRDA:714,67,1,0
BRDA:728,68,0,0
BRDA:728,68,1,0
BRDA:746,69,0,0
BRDA:746,69,1,0
BRDA:774,70,0,0
BRDA:774,70,1,0
BRDA:810,71,0,0
BRDA:810,71,1,0
BRDA:814,72,0,0
BRDA:814,72,1,0
BRDA:835,73,0,0
BRDA:835,73,1,0
BRDA:855,74,0,0
BRDA:855,74,1,0
BRDA:868,75,0,0
BRDA:868,75,1,0
BRDA:878,76,0,0
BRDA:878,76,1,0
BRDA:898,77,0,0
BRDA:898,77,1,2
BRDA:910,78,0,4
BRDA:910,78,1,0
BRDA:912,79,0,0
BRDA:912,79,1,0
BRDA:931,80,0,2
BRDA:931,80,1,0
BRDA:948,81,0,0
BRDA:948,81,1,2
BRF:164
BRH:30
end_of_record
TN:
SF:src\main\services\ipc-handler.js
FN:21,(anonymous_0)
FN:42,(anonymous_1)
FN:72,(anonymous_2)
FN:98,(anonymous_3)
FN:116,(anonymous_4)
FN:125,(anonymous_5)
FN:136,(anonymous_6)
FN:183,(anonymous_7)
FN:215,(anonymous_8)
FN:220,(anonymous_9)
FN:224,(anonymous_10)
FN:228,(anonymous_11)
FN:232,(anonymous_12)
FN:244,(anonymous_13)
FN:248,(anonymous_14)
FN:337,(anonymous_15)
FN:341,(anonymous_16)
FN:375,(anonymous_17)
FN:400,(anonymous_18)
FN:403,(anonymous_19)
FN:432,(anonymous_20)
FN:525,(anonymous_21)
FN:526,(anonymous_22)
FN:545,(anonymous_23)
FN:569,(anonymous_24)
FN:593,(anonymous_25)
FN:594,(anonymous_26)
FN:599,(anonymous_27)
FN:613,(anonymous_28)
FN:626,(anonymous_29)
FN:631,(anonymous_30)
FN:636,(anonymous_31)
FN:641,(anonymous_32)
FN:646,(anonymous_33)
FN:668,(anonymous_34)
FN:673,(anonymous_35)
FN:682,(anonymous_36)
FN:687,(anonymous_37)
FN:692,(anonymous_38)
FN:697,(anonymous_39)
FN:702,(anonymous_40)
FN:707,(anonymous_41)
FN:713,(anonymous_42)
FN:718,(anonymous_43)
FN:724,(anonymous_44)
FN:729,(anonymous_45)
FN:737,(anonymous_46)
FN:743,(anonymous_47)
FN:748,(anonymous_48)
FN:754,(anonymous_49)
FN:760,(anonymous_50)
FN:764,(anonymous_51)
FN:803,(anonymous_52)
FN:804,(anonymous_53)
FN:805,(anonymous_54)
FN:806,(anonymous_55)
FN:812,(anonymous_56)
FN:813,(anonymous_57)
FN:814,(anonymous_58)
FN:815,(anonymous_59)
FN:820,(anonymous_60)
FN:854,(anonymous_61)
FN:859,(anonymous_62)
FN:863,(anonymous_63)
FN:868,(anonymous_64)
FN:874,(anonymous_65)
FN:917,(anonymous_66)
FN:925,(anonymous_67)
FN:927,(anonymous_68)
FN:928,(anonymous_69)
FN:938,(anonymous_70)
FN:956,(anonymous_71)
FN:962,(anonymous_72)
FN:975,(anonymous_73)
FN:986,(anonymous_74)
FN:996,(anonymous_75)
FN:1006,(anonymous_76)
FN:1016,(anonymous_77)
FN:1026,(anonymous_78)
FN:1037,(anonymous_79)
FN:1046,(anonymous_80)
FN:1055,(anonymous_81)
FN:1064,(anonymous_82)
FN:1080,(anonymous_83)
FN:1115,(anonymous_84)
FN:1150,(anonymous_85)
FN:1178,(anonymous_86)
FN:1206,(anonymous_87)
FN:1234,(anonymous_88)
FN:1264,(anonymous_89)
FN:1269,(anonymous_90)
FN:1287,(anonymous_91)
FN:1302,(anonymous_92)
FN:1314,(anonymous_93)
FN:1346,(anonymous_94)
FN:1367,(anonymous_95)
FN:1389,(anonymous_96)
FN:1399,(anonymous_97)
FN:1410,(anonymous_98)
FNF:99
FNH:19
FNDA:2,(anonymous_0)
FNDA:7,(anonymous_1)
FNDA:5,(anonymous_2)
FNDA:5,(anonymous_3)
FNDA:3,(anonymous_4)
FNDA:1,(anonymous_5)
FNDA:1,(anonymous_6)
FNDA:5,(anonymous_7)
FNDA:5,(anonymous_8)
FNDA:0,(anonymous_9)
FNDA:0,(anonymous_10)
FNDA:0,(anonymous_11)
FNDA:0,(anonymous_12)
FNDA:5,(anonymous_13)
FNDA:215,(anonymous_14)
FNDA:5,(anonymous_15)
FNDA:15,(anonymous_16)
FNDA:0,(anonymous_17)
FNDA:5,(anonymous_18)
FNDA:0,(anonymous_19)
FNDA:0,(anonymous_20)
FNDA:0,(anonymous_21)
FNDA:0,(anonymous_22)
FNDA:0,(anonymous_23)
FNDA:0,(anonymous_24)
FNDA:0,(anonymous_25)
FNDA:0,(anonymous_26)
FNDA:0,(anonymous_27)
FNDA:5,(anonymous_28)
FNDA:0,(anonymous_29)
FNDA:0,(anonymous_30)
FNDA:0,(anonymous_31)
FNDA:0,(anonymous_32)
FNDA:0,(anonymous_33)
FNDA:0,(anonymous_34)
FNDA:0,(anonymous_35)
FNDA:0,(anonymous_36)
FNDA:0,(anonymous_37)
FNDA:0,(anonymous_38)
FNDA:0,(anonymous_39)
FNDA:0,(anonymous_40)
FNDA:0,(anonymous_41)
FNDA:0,(anonymous_42)
FNDA:0,(anonymous_43)
FNDA:0,(anonymous_44)
FNDA:0,(anonymous_45)
FNDA:0,(anonymous_46)
FNDA:0,(anonymous_47)
FNDA:0,(anonymous_48)
FNDA:0,(anonymous_49)
FNDA:0,(anonymous_50)
FNDA:0,(anonymous_51)
FNDA:0,(anonymous_52)
FNDA:0,(anonymous_53)
FNDA:0,(anonymous_54)
FNDA:0,(anonymous_55)
FNDA:0,(anonymous_56)
FNDA:0,(anonymous_57)
FNDA:0,(anonymous_58)
FNDA:0,(anonymous_59)
FNDA:0,(anonymous_60)
FNDA:0,(anonymous_61)
FNDA:0,(anonymous_62)
FNDA:0,(anonymous_63)
FNDA:0,(anonymous_64)
FNDA:0,(anonymous_65)
FNDA:5,(anonymous_66)
FNDA:0,(anonymous_67)
FNDA:0,(anonymous_68)
FNDA:0,(anonymous_69)
FNDA:0,(anonymous_70)
FNDA:0,(anonymous_71)
FNDA:2,(anonymous_72)
FNDA:1,(anonymous_73)
FNDA:0,(anonymous_74)
FNDA:0,(anonymous_75)
FNDA:0,(anonymous_76)
FNDA:0,(anonymous_77)
FNDA:0,(anonymous_78)
FNDA:0,(anonymous_79)
FNDA:0,(anonymous_80)
FNDA:0,(anonymous_81)
FNDA:0,(anonymous_82)
FNDA:3,(anonymous_83)
FNDA:0,(anonymous_84)
FNDA:0,(anonymous_85)
FNDA:0,(anonymous_86)
FNDA:0,(anonymous_87)
FNDA:0,(anonymous_88)
FNDA:0,(anonymous_89)
FNDA:0,(anonymous_90)
FNDA:0,(anonymous_91)
FNDA:0,(anonymous_92)
FNDA:0,(anonymous_93)
FNDA:0,(anonymous_94)
FNDA:0,(anonymous_95)
FNDA:0,(anonymous_96)
FNDA:0,(anonymous_97)
FNDA:0,(anonymous_98)
DA:11,2
DA:12,2
DA:13,2
DA:18,2
DA:19,2
DA:20,2
DA:21,2
DA:22,2
DA:23,2
DA:25,0
DA:29,2
DA:32,2
DA:33,2
DA:43,7
DA:45,7
DA:47,7
DA:50,7
DA:51,7
DA:52,7
DA:53,7
DA:54,7
DA:55,7
DA:56,7
DA:57,7
DA:59,7
DA:62,7
DA:63,7
DA:73,5
DA:74,5
DA:75,5
DA:77,5
DA:78,0
DA:79,0
DA:82,5
DA:83,0
DA:84,0
DA:87,5
DA:88,0
DA:89,0
DA:92,5
DA:101,5
DA:102,5
DA:103,5
DA:104,5
DA:106,5
DA:112,5
DA:113,5
DA:115,5
DA:116,5
DA:117,3
DA:120,0
DA:124,5
DA:125,5
DA:126,1
DA:127,1
DA:130,1
DA:131,1
DA:132,0
DA:133,0
DA:136,5
DA:137,1
DA:138,1
DA:141,1
DA:142,1
DA:143,0
DA:144,0
DA:148,0
DA:151,0
DA:154,5
DA:155,5
DA:156,5
DA:160,5
DA:161,5
DA:162,5
DA:163,0
DA:165,5
DA:169,5
DA:170,0
DA:173,0
DA:175,0
DA:186,5
DA:187,5
DA:188,0
DA:195,5
DA:200,5
DA:201,5
DA:202,5
DA:205,5
DA:206,0
DA:207,0
DA:216,5
DA:219,5
DA:220,5
DA:221,0
DA:222,0
DA:224,0
DA:225,0
DA:226,0
DA:228,0
DA:229,0
DA:230,0
DA:232,0
DA:233,0
DA:234,0
DA:246,5
DA:248,215
DA:249,5
DA:251,5
DA:252,0
DA:253,0
DA:254,0
DA:255,0
DA:258,0
DA:259,0
DA:260,0
DA:261,0
DA:262,0
DA:263,0
DA:264,0
DA:265,0
DA:268,0
DA:269,0
DA:270,0
DA:271,0
DA:274,0
DA:275,0
DA:276,0
DA:277,0
DA:278,0
DA:281,0
DA:284,0
DA:285,0
DA:286,0
DA:287,0
DA:288,0
DA:289,0
DA:292,0
DA:293,0
DA:294,0
DA:297,0
DA:298,0
DA:299,0
DA:300,0
DA:301,0
DA:303,0
DA:306,0
DA:309,0
DA:310,0
DA:311,0
DA:312,0
DA:315,0
DA:319,0
DA:322,5
DA:328,5
DA:329,5
DA:330,5
DA:339,5
DA:340,5
DA:341,15
DA:342,5
DA:343,5
DA:344,5
DA:345,0
DA:346,0
DA:348,5
DA:349,0
DA:350,0
DA:353,5
DA:357,5
DA:358,0
DA:359,0
DA:362,5
DA:363,5
DA:364,5
DA:365,0
DA:367,5
DA:368,5
DA:376,0
DA:377,0
DA:382,0
DA:383,0
DA:384,0
DA:385,0
DA:386,0
DA:387,0
DA:390,0
DA:391,0
DA:392,0
DA:393,0
DA:403,5
DA:404,0
DA:405,0
DA:407,0
DA:408,0
DA:409,0
DA:420,0
DA:426,0
DA:428,0
DA:429,0
DA:431,0
DA:432,0
DA:433,0
DA:434,0
DA:435,0
DA:436,0
DA:438,0
DA:439,0
DA:440,0
DA:441,0
DA:446,0
DA:452,0
DA:456,0
DA:457,0
DA:458,0
DA:459,0
DA:465,0
DA:469,0
DA:473,0
DA:474,0
DA:476,0
DA:478,0
DA:480,0
DA:481,0
DA:482,0
DA:484,0
DA:487,0
DA:489,0
DA:491,0
DA:492,0
DA:494,0
DA:495,0
DA:496,0
DA:502,0
DA:504,0
DA:510,0
DA:511,0
DA:513,0
DA:517,0
DA:526,0
DA:527,0
DA:528,0
DA:529,0
DA:532,0
DA:533,0
DA:536,0
DA:537,0
DA:546,0
DA:547,0
DA:548,0
DA:549,0
DA:550,0
DA:553,0
DA:556,0
DA:557,0
DA:570,0
DA:571,0
DA:575,0
DA:576,0
DA:577,0
DA:578,0
DA:579,0
DA:580,0
DA:587,0
DA:594,0
DA:595,0
DA:596,0
DA:598,0
DA:599,0
DA:601,0
DA:602,0
DA:614,5
DA:615,0
DA:616,0
DA:619,5
DA:620,5
DA:627,0
DA:628,0
DA:632,0
DA:633,0
DA:637,0
DA:638,0
DA:642,0
DA:643,0
DA:647,0
DA:648,0
DA:649,0
DA:651,0
DA:654,0
DA:655,0
DA:656,0
DA:659,0
DA:660,0
DA:663,0
DA:669,0
DA:670,0
DA:674,0
DA:675,0
DA:676,0
DA:677,0
DA:679,0
DA:683,0
DA:684,0
DA:688,0
DA:689,0
DA:693,0
DA:694,0
DA:698,0
DA:699,0
DA:703,0
DA:704,0
DA:708,0
DA:709,0
DA:714,0
DA:715,0
DA:719,0
DA:720,0
DA:725,0
DA:726,0
DA:730,0
DA:731,0
DA:734,0
DA:738,0
DA:739,0
DA:744,0
DA:745,0
DA:749,0
DA:750,0
DA:755,0
DA:756,0
DA:761,0
DA:765,0
DA:768,0
DA:772,0
DA:774,0
DA:776,0
DA:777,0
DA:784,0
DA:785,0
DA:786,0
DA:787,0
DA:788,0
DA:790,0
DA:795,0
DA:796,0
DA:799,0
DA:802,0
DA:803,0
DA:804,0
DA:805,0
DA:806,0
DA:810,0
DA:811,0
DA:821,0
DA:822,0
DA:823,0
DA:824,0
DA:826,0
DA:829,0
DA:830,0
DA:831,0
DA:835,0
DA:836,0
DA:837,0
DA:841,0
DA:846,0
DA:855,0
DA:856,0
DA:860,0
DA:864,0
DA:869,0
DA:875,0
DA:877,0
DA:878,0
DA:879,0
DA:880,0
DA:883,0
DA:884,0
DA:885,0
DA:886,0
DA:887,0
DA:888,0
DA:890,0
DA:893,0
DA:896,0
DA:902,0
DA:904,0
DA:905,0
DA:910,0
DA:918,5
DA:919,5
DA:920,5
DA:923,5
DA:924,0
DA:925,0
DA:926,0
DA:928,0
DA:930,0
DA:934,5
DA:935,5
DA:936,15
DA:937,0
DA:938,0
DA:939,0
DA:957,0
DA:958,0
DA:964,2
DA:965,1
DA:969,1
DA:970,1
DA:971,1
DA:974,1
DA:975,1
DA:976,1
DA:983,0
DA:987,0
DA:988,0
DA:989,0
DA:990,0
DA:992,0
DA:993,0
DA:997,0
DA:998,0
DA:999,0
DA:1000,0
DA:1002,0
DA:1003,0
DA:1007,0
DA:1008,0
DA:1009,0
DA:1010,0
DA:1012,0
DA:1013,0
DA:1017,0
DA:1018,0
DA:1019,0
DA:1020,0
DA:1022,0
DA:1023,0
DA:1027,0
DA:1028,0
DA:1029,0
DA:1030,0
DA:1032,0
DA:1033,0
DA:1038,0
DA:1039,0
DA:1040,0
DA:1042,0
DA:1043,0
DA:1047,0
DA:1048,0
DA:1049,0
DA:1051,0
DA:1052,0
DA:1056,0
DA:1057,0
DA:1058,0
DA:1060,0
DA:1061,0
DA:1065,0
DA:1066,0
DA:1067,0
DA:1069,0
DA:1070,0
DA:1081,3
DA:1082,3
DA:1083,3
DA:1084,0
DA:1085,0
DA:1086,0
DA:1087,0
DA:1088,0
DA:1089,0
DA:1090,0
DA:1092,0
DA:1096,0
DA:1097,3
DA:1099,3
DA:1100,5
DA:1101,4
DA:1104,3
DA:1106,0
DA:1109,0
DA:1116,0
DA:1117,0
DA:1118,0
DA:1119,0
DA:1122,0
DA:1124,0
DA:1125,0
DA:1126,0
DA:1127,0
DA:1128,0
DA:1129,0
DA:1131,0
DA:1132,0
DA:1134,0
DA:1135,0
DA:1136,0
DA:1139,0
DA:1140,0
DA:1141,0
DA:1151,0
DA:1153,0
DA:1154,0
DA:1155,0
DA:1156,0
DA:1160,0
DA:1161,0
DA:1162,0
DA:1166,0
DA:1168,0
DA:1170,0
DA:1171,0
DA:1179,0
DA:1181,0
DA:1182,0
DA:1183,0
DA:1184,0
DA:1188,0
DA:1189,0
DA:1190,0
DA:1194,0
DA:1196,0
DA:1198,0
DA:1199,0
DA:1207,0
DA:1209,0
DA:1210,0
DA:1211,0
DA:1212,0
DA:1216,0
DA:1217,0
DA:1218,0
DA:1222,0
DA:1224,0
DA:1226,0
DA:1227,0
DA:1235,0
DA:1237,0
DA:1238,0
DA:1239,0
DA:1240,0
DA:1244,0
DA:1245,0
DA:1246,0
DA:1250,0
DA:1252,0
DA:1254,0
DA:1255,0
DA:1265,0
DA:1266,0
DA:1269,0
DA:1270,0
DA:1279,0
DA:1280,0
DA:1287,0
DA:1301,0
DA:1302,0
DA:1305,0
DA:1308,0
DA:1315,0
DA:1318,0
DA:1329,0
DA:1330,0
DA:1340,0
DA:1347,0
DA:1348,0
DA:1351,0
DA:1352,0
DA:1353,0
DA:1361,0
DA:1368,0
DA:1370,0
DA:1371,0
DA:1372,0
DA:1373,0
DA:1374,0
DA:1384,0
DA:1390,0
DA:1396,0
DA:1400,0
DA:1407,0
DA:1411,0
DA:1412,0
DA:1413,0
DA:1414,0
DA:1418,2
LF:588
LH:122
BRDA:42,0,0,0
BRDA:47,1,0,7
BRDA:47,1,1,7
BRDA:77,2,0,0
BRDA:77,2,1,5
BRDA:82,3,0,0
BRDA:82,3,1,5
BRDA:87,4,0,0
BRDA:87,4,1,5
BRDA:103,5,0,5
BRDA:103,5,1,0
BRDA:106,6,0,5
BRDA:106,6,1,0
BRDA:115,7,0,5
BRDA:115,7,1,0
BRDA:115,8,0,5
BRDA:115,8,1,5
BRDA:124,9,0,5
BRDA:124,9,1,0
BRDA:124,10,0,5
BRDA:124,10,1,5
BRDA:124,10,2,5
BRDA:126,11,0,1
BRDA:126,11,1,0
BRDA:131,12,0,0
BRDA:131,12,1,1
BRDA:131,13,0,1
BRDA:131,13,1,1
BRDA:137,14,0,1
BRDA:137,14,1,0
BRDA:142,15,0,0
BRDA:142,15,1,1
BRDA:142,16,0,1
BRDA:142,16,1,1
BRDA:151,17,0,0
BRDA:151,17,1,0
BRDA:156,18,0,0
BRDA:156,18,1,5
BRDA:160,19,0,5
BRDA:160,19,1,0
BRDA:173,20,0,0
BRDA:173,20,1,0
BRDA:173,21,0,0
BRDA:173,21,1,0
BRDA:187,22,0,0
BRDA:187,22,1,5
BRDA:187,23,0,5
BRDA:187,23,1,0
BRDA:205,24,0,0
BRDA:205,24,1,5
BRDA:248,25,0,5
BRDA:248,25,1,0
BRDA:340,26,0,5
BRDA:340,26,1,0
BRDA:342,27,0,5
BRDA:342,27,1,0
BRDA:344,28,0,0
BRDA:344,28,1,5
BRDA:353,29,0,5
BRDA:353,29,1,0
BRDA:357,30,0,0
BRDA:357,30,1,5
BRDA:376,31,0,0
BRDA:376,31,1,0
BRDA:408,32,0,0
BRDA:408,32,1,0
BRDA:420,33,0,0
BRDA:420,33,1,0
BRDA:420,33,2,0
BRDA:420,33,3,0
BRDA:420,33,4,0
BRDA:426,34,0,0
BRDA:426,34,1,0
BRDA:429,35,0,0
BRDA:429,35,1,0
BRDA:431,36,0,0
BRDA:431,36,1,0
BRDA:434,37,0,0
BRDA:434,37,1,0
BRDA:438,38,0,0
BRDA:438,38,1,0
BRDA:446,39,0,0
BRDA:446,39,1,0
BRDA:446,39,2,0
BRDA:446,39,3,0
BRDA:452,40,0,0
BRDA:452,40,1,0
BRDA:452,40,2,0
BRDA:456,41,0,0
BRDA:456,41,1,0
BRDA:456,42,0,0
BRDA:456,42,1,0
BRDA:489,43,0,0
BRDA:489,43,1,0
BRDA:489,44,0,0
BRDA:489,44,1,0
BRDA:491,45,0,0
BRDA:491,45,1,0
BRDA:491,45,2,0
BRDA:492,46,0,0
BRDA:492,46,1,0
BRDA:492,46,2,0
BRDA:494,47,0,0
BRDA:494,47,1,0
BRDA:494,48,0,0
BRDA:494,48,1,0
BRDA:528,49,0,0
BRDA:528,49,1,0
BRDA:548,50,0,0
BRDA:548,50,1,0
BRDA:569,51,0,0
BRDA:570,52,0,0
BRDA:570,52,1,0
BRDA:577,53,0,0
BRDA:577,53,1,0
BRDA:578,54,0,0
BRDA:578,54,1,0
BRDA:601,55,0,0
BRDA:601,55,1,0
BRDA:651,56,0,0
BRDA:651,56,1,0
BRDA:651,57,0,0
BRDA:651,57,1,0
BRDA:654,58,0,0
BRDA:654,58,1,0
BRDA:654,59,0,0
BRDA:654,59,1,0
BRDA:655,60,0,0
BRDA:655,60,1,0
BRDA:655,61,0,0
BRDA:655,61,1,0
BRDA:655,61,2,0
BRDA:655,61,3,0
BRDA:659,62,0,0
BRDA:659,62,1,0
BRDA:659,63,0,0
BRDA:659,63,1,0
BRDA:675,64,0,0
BRDA:675,64,1,0
BRDA:675,65,0,0
BRDA:675,65,1,0
BRDA:776,66,0,0
BRDA:776,66,1,0
BRDA:776,67,0,0
BRDA:776,67,1,0
BRDA:784,68,0,0
BRDA:784,68,1,0
BRDA:785,69,0,0
BRDA:785,69,1,0
BRDA:785,70,0,0
BRDA:785,70,1,0
BRDA:787,71,0,0
BRDA:787,71,1,0
BRDA:787,72,0,0
BRDA:787,72,1,0
BRDA:795,73,0,0
BRDA:795,73,1,0
BRDA:810,74,0,0
BRDA:810,74,1,0
BRDA:829,75,0,0
BRDA:829,75,1,0
BRDA:835,76,0,0
BRDA:835,76,1,0
BRDA:848,77,0,0
BRDA:848,77,1,0
BRDA:874,78,0,0
BRDA:877,79,0,0
BRDA:877,79,1,0
BRDA:877,80,0,0
BRDA:877,80,1,0
BRDA:880,81,0,0
BRDA:880,81,1,0
BRDA:885,82,0,0
BRDA:885,82,1,0
BRDA:885,83,0,0
BRDA:885,83,1,0
BRDA:887,84,0,0
BRDA:887,84,1,0
BRDA:897,85,0,0
BRDA:897,85,1,0
BRDA:898,86,0,0
BRDA:898,86,1,0
BRDA:920,87,0,0
BRDA:920,87,1,5
BRDA:923,88,0,0
BRDA:923,88,1,5
BRDA:936,89,0,0
BRDA:936,89,1,15
BRDA:964,90,0,1
BRDA:964,90,1,1
BRDA:964,91,0,2
BRDA:964,91,1,1
BRDA:971,92,0,1
BRDA:971,92,1,0
BRDA:971,93,0,1
BRDA:971,93,1,1
BRDA:974,94,0,1
BRDA:974,94,1,0
BRDA:974,95,0,1
BRDA:974,95,1,1
BRDA:989,96,0,0
BRDA:989,96,1,0
BRDA:996,97,0,0
BRDA:999,98,0,0
BRDA:999,98,1,0
BRDA:1002,99,0,0
BRDA:1002,99,1,0
BRDA:1006,100,0,0
BRDA:1009,101,0,0
BRDA:1009,101,1,0
BRDA:1012,102,0,0
BRDA:1012,102,1,0
BRDA:1016,103,0,0
BRDA:1019,104,0,0
BRDA:1019,104,1,0
BRDA:1022,105,0,0
BRDA:1022,105,1,0
BRDA:1029,106,0,0
BRDA:1029,106,1,0
BRDA:1039,107,0,0
BRDA:1039,107,1,0
BRDA:1048,108,0,0
BRDA:1048,108,1,0
BRDA:1057,109,0,0
BRDA:1057,109,1,0
BRDA:1066,110,0,0
BRDA:1066,110,1,0
BRDA:1083,111,0,0
BRDA:1083,111,1,3
BRDA:1083,112,0,3
BRDA:1083,112,1,3
BRDA:1087,113,0,0
BRDA:1087,113,1,0
BRDA:1087,114,0,0
BRDA:1087,114,1,0
BRDA:1092,115,0,0
BRDA:1092,115,1,0
BRDA:1097,116,0,3
BRDA:1097,116,1,0
BRDA:1100,117,0,4
BRDA:1100,117,1,1
BRDA:1100,118,0,5
BRDA:1100,118,1,5
BRDA:1109,119,0,0
BRDA:1109,119,1,0
BRDA:1117,120,0,0
BRDA:1117,120,1,0
BRDA:1125,121,0,0
BRDA:1125,121,1,0
BRDA:1125,122,0,0
BRDA:1125,122,1,0
BRDA:1131,123,0,0
BRDA:1131,123,1,0
BRDA:1150,124,0,0
BRDA:1155,125,0,0
BRDA:1155,125,1,0
BRDA:1161,126,0,0
BRDA:1161,126,1,0
BRDA:1161,127,0,0
BRDA:1161,127,1,0
BRDA:1161,127,2,0
BRDA:1178,128,0,0
BRDA:1183,129,0,0
BRDA:1183,129,1,0
BRDA:1189,130,0,0
BRDA:1189,130,1,0
BRDA:1189,131,0,0
BRDA:1189,131,1,0
BRDA:1206,132,0,0
BRDA:1211,133,0,0
BRDA:1211,133,1,0
BRDA:1217,134,0,0
BRDA:1217,134,1,0
BRDA:1217,135,0,0
BRDA:1217,135,1,0
BRDA:1234,136,0,0
BRDA:1239,137,0,0
BRDA:1239,137,1,0
BRDA:1245,138,0,0
BRDA:1245,138,1,0
BRDA:1245,139,0,0
BRDA:1245,139,1,0
BRDA:1265,140,0,0
BRDA:1265,140,1,0
BRDA:1265,141,0,0
BRDA:1265,141,1,0
BRDA:1273,142,0,0
BRDA:1273,142,1,0
BRDA:1273,143,0,0
BRDA:1273,143,1,0
BRDA:1279,144,0,0
BRDA:1279,144,1,0
BRDA:1279,145,0,0
BRDA:1279,145,1,0
BRDA:1279,145,2,0
BRDA:1283,146,0,0
BRDA:1283,146,1,0
BRDA:1287,147,0,0
BRDA:1287,147,1,0
BRDA:1289,148,0,0
BRDA:1289,148,1,0
BRDA:1301,149,0,0
BRDA:1301,149,1,0
BRDA:1301,150,0,0
BRDA:1301,150,1,0
BRDA:1315,151,0,0
BRDA:1315,151,1,0
BRDA:1329,152,0,0
BRDA:1329,152,1,0
BRDA:1347,153,0,0
BRDA:1347,153,1,0
BRDA:1347,154,0,0
BRDA:1347,154,1,0
BRDA:1355,155,0,0
BRDA:1355,155,1,0
BRDA:1356,156,0,0
BRDA:1356,156,1,0
BRDA:1357,157,0,0
BRDA:1357,157,1,0
BRDA:1371,158,0,0
BRDA:1371,158,1,0
BRDA:1371,159,0,0
BRDA:1371,159,1,0
BRDA:1373,160,0,0
BRDA:1373,160,1,0
BRDA:1373,161,0,0
BRDA:1373,161,1,0
BRDA:1396,162,0,0
BRDA:1396,162,1,0
BRDA:1407,163,0,0
BRDA:1407,163,1,0
BRDA:1411,164,0,0
BRDA:1411,164,1,0
BRDA:1412,165,0,0
BRDA:1412,165,1,0
BRDA:1413,166,0,0
BRDA:1413,166,1,0
BRDA:1413,167,0,0
BRDA:1413,167,1,0
BRF:339
BRH:54
end_of_record
TN:
SF:src\main\services\scorm-service.js
FN:32,(anonymous_0)
FN:65,(anonymous_1)
FN:81,(anonymous_2)
FN:97,(anonymous_3)
FN:137,(anonymous_4)
FN:178,(anonymous_5)
FN:183,(anonymous_6)
FN:186,(anonymous_7)
FN:201,(anonymous_8)
FN:214,(anonymous_9)
FN:269,(anonymous_10)
FN:324,(anonymous_11)
FN:380,(anonymous_12)
FN:431,(anonymous_13)
FN:515,(anonymous_14)
FN:526,(anonymous_15)
FN:527,(anonymous_16)
FN:554,(anonymous_17)
FN:588,(anonymous_18)
FN:632,(anonymous_19)
FN:641,(anonymous_20)
FN:655,(anonymous_21)
FN:665,(anonymous_22)
FN:676,(anonymous_23)
FN:677,(anonymous_24)
FN:703,(anonymous_25)
FN:704,(anonymous_26)
FN:717,(anonymous_27)
FN:725,(anonymous_28)
FN:726,(anonymous_29)
FN:733,(anonymous_30)
FN:737,(anonymous_31)
FN:768,(anonymous_32)
FN:786,(anonymous_33)
FN:848,(anonymous_34)
FN:906,(anonymous_35)
FN:957,(anonymous_36)
FN:965,(anonymous_37)
FN:966,(anonymous_38)
FN:986,(anonymous_39)
FN:1019,(anonymous_40)
FN:1027,(anonymous_41)
FN:1039,(anonymous_42)
FNF:43
FNH:18
FNDA:1,(anonymous_0)
FNDA:1,(anonymous_1)
FNDA:1,(anonymous_2)
FNDA:0,(anonymous_3)
FNDA:1,(anonymous_4)
FNDA:1,(anonymous_5)
FNDA:1,(anonymous_6)
FNDA:2,(anonymous_7)
FNDA:1,(anonymous_8)
FNDA:4,(anonymous_9)
FNDA:1,(anonymous_10)
FNDA:1,(anonymous_11)
FNDA:1,(anonymous_12)
FNDA:1,(anonymous_13)
FNDA:0,(anonymous_14)
FNDA:0,(anonymous_15)
FNDA:0,(anonymous_16)
FNDA:0,(anonymous_17)
FNDA:0,(anonymous_18)
FNDA:0,(anonymous_19)
FNDA:0,(anonymous_20)
FNDA:0,(anonymous_21)
FNDA:0,(anonymous_22)
FNDA:0,(anonymous_23)
FNDA:0,(anonymous_24)
FNDA:0,(anonymous_25)
FNDA:0,(anonymous_26)
FNDA:0,(anonymous_27)
FNDA:0,(anonymous_28)
FNDA:0,(anonymous_29)
FNDA:0,(anonymous_30)
FNDA:0,(anonymous_31)
FNDA:1,(anonymous_32)
FNDA:1,(anonymous_33)
FNDA:4,(anonymous_34)
FNDA:1,(anonymous_35)
FNDA:0,(anonymous_36)
FNDA:1,(anonymous_37)
FNDA:0,(anonymous_38)
FNDA:0,(anonymous_39)
FNDA:0,(anonymous_40)
FNDA:0,(anonymous_41)
FNDA:0,(anonymous_42)
DA:13,1
DA:14,1
DA:15,1
DA:16,1
DA:17,1
DA:18,1
DA:22,1
DA:23,1
DA:33,1
DA:36,1
DA:42,1
DA:43,1
DA:44,1
DA:46,1
DA:49,1
DA:50,1
DA:53,1
DA:56,1
DA:57,1
DA:67,1
DA:69,1
DA:70,0
DA:71,0
DA:74,1
DA:82,1
DA:85,1
DA:88,1
DA:90,1
DA:98,0
DA:101,0
DA:102,0
DA:103,0
DA:107,0
DA:108,0
DA:109,0
DA:111,0
DA:113,0
DA:114,0
DA:116,0
DA:122,0
DA:123,0
DA:126,0
DA:127,0
DA:129,0
DA:138,1
DA:139,1
DA:142,1
DA:143,0
DA:151,1
DA:152,0
DA:160,1
DA:170,1
DA:173,1
DA:176,1
DA:177,1
DA:180,1
DA:181,1
DA:184,1
DA:188,2
DA:189,2
DA:190,2
DA:191,0
DA:192,0
DA:195,0
DA:198,2
DA:199,2
DA:202,1
DA:206,1
DA:207,1
DA:209,1
DA:211,1
DA:212,1
DA:214,1
DA:215,4
DA:218,0
DA:222,1
DA:223,1
DA:224,1
DA:226,0
DA:227,0
DA:229,0
DA:230,0
DA:231,0
DA:239,1
DA:240,1
DA:242,1
DA:245,0
DA:252,0
DA:257,0
DA:259,0
DA:270,1
DA:271,1
DA:272,1
DA:273,0
DA:277,1
DA:280,1
DA:281,1
DA:282,1
DA:283,1
DA:284,1
DA:285,1
DA:286,1
DA:289,0
DA:290,0
DA:293,0
DA:294,0
DA:295,0
DA:299,1
DA:301,1
DA:302,1
DA:306,0
DA:312,0
DA:313,0
DA:325,1
DA:326,1
DA:327,1
DA:328,0
DA:332,1
DA:335,1
DA:336,1
DA:337,1
DA:338,1
DA:339,1
DA:340,1
DA:343,0
DA:344,0
DA:345,0
DA:348,0
DA:349,0
DA:353,1
DA:356,1
DA:358,1
DA:359,1
DA:363,0
DA:370,0
DA:371,0
DA:381,1
DA:382,1
DA:383,1
DA:384,0
DA:388,1
DA:391,1
DA:394,1
DA:395,1
DA:396,1
DA:397,1
DA:398,1
DA:399,1
DA:402,0
DA:405,0
DA:406,0
DA:411,1
DA:412,1
DA:416,0
DA:421,0
DA:422,0
DA:432,1
DA:433,1
DA:434,1
DA:436,0
DA:437,0
DA:441,1
DA:442,0
DA:444,0
DA:446,0
DA:447,0
DA:449,1
DA:452,1
DA:455,1
DA:456,1
DA:457,1
DA:458,1
DA:459,1
DA:460,1
DA:463,0
DA:464,0
DA:468,1
DA:469,1
DA:470,1
DA:475,1
DA:476,1
DA:478,1
DA:479,1
DA:481,1
DA:484,0
DA:486,0
DA:487,0
DA:489,0
DA:490,0
DA:491,0
DA:492,0
DA:495,0
DA:501,0
DA:502,0
DA:505,1
DA:506,1
DA:516,0
DA:517,0
DA:518,0
DA:519,0
DA:521,0
DA:522,0
DA:523,0
DA:524,0
DA:526,0
DA:527,0
DA:532,0
DA:539,0
DA:544,0
DA:545,0
DA:555,0
DA:556,0
DA:557,0
DA:558,0
DA:560,0
DA:561,0
DA:562,0
DA:563,0
DA:565,0
DA:572,0
DA:577,0
DA:578,0
DA:589,0
DA:590,0
DA:591,0
DA:592,0
DA:594,0
DA:597,0
DA:598,0
DA:599,0
DA:600,0
DA:601,0
DA:603,0
DA:607,0
DA:608,0
DA:610,0
DA:617,0
DA:622,0
DA:623,0
DA:633,0
DA:642,0
DA:643,0
DA:644,0
DA:645,0
DA:646,0
DA:648,0
DA:656,0
DA:666,0
DA:667,0
DA:668,0
DA:669,0
DA:672,0
DA:675,0
DA:676,0
DA:678,0
DA:679,0
DA:682,0
DA:683,0
DA:687,0
DA:688,0
DA:690,0
DA:693,0
DA:694,0
DA:695,0
DA:704,0
DA:718,0
DA:719,0
DA:720,0
DA:721,0
DA:724,0
DA:726,0
DA:727,0
DA:728,0
DA:729,0
DA:730,0
DA:734,0
DA:735,0
DA:736,0
DA:737,0
DA:738,0
DA:739,0
DA:743,0
DA:744,0
DA:747,0
DA:751,0
DA:752,0
DA:755,0
DA:758,0
DA:759,0
DA:760,0
DA:770,1
DA:772,1
DA:778,1
DA:787,1
DA:849,4
DA:858,4
DA:859,4
DA:865,4
DA:866,4
DA:867,4
DA:868,0
DA:877,0
DA:878,0
DA:881,0
DA:885,4
DA:886,4
DA:908,1
DA:909,1
DA:911,1
DA:912,0
DA:913,0
DA:915,0
DA:916,0
DA:918,0
DA:919,0
DA:921,0
DA:922,0
DA:926,0
DA:929,0
DA:930,0
DA:933,0
DA:934,0
DA:938,0
DA:939,0
DA:940,0
DA:941,0
DA:942,0
DA:946,1
DA:958,0
DA:966,1
DA:967,0
DA:968,0
DA:970,0
DA:971,0
DA:972,0
DA:973,0
DA:987,0
DA:996,0
DA:997,0
DA:1000,0
DA:1001,0
DA:1004,0
DA:1005,0
DA:1008,0
DA:1009,0
DA:1012,0
DA:1020,0
DA:1028,0
DA:1030,0
DA:1031,0
DA:1033,0
DA:1034,0
DA:1035,0
DA:1039,0
DA:1040,0
DA:1041,0
DA:1042,0
DA:1045,0
DA:1048,0
DA:1052,0
DA:1053,0
DA:1054,0
DA:1056,0
DA:1059,0
DA:1061,0
DA:1062,0
DA:1067,1
LF:367
LH:138
BRDA:32,0,0,1
BRDA:69,1,0,0
BRDA:69,1,1,1
BRDA:111,2,0,0
BRDA:111,2,1,0
BRDA:111,3,0,0
BRDA:111,3,1,0
BRDA:113,4,0,0
BRDA:113,4,1,0
BRDA:113,5,0,0
BRDA:113,5,1,0
BRDA:113,5,2,0
BRDA:122,6,0,0
BRDA:122,6,1,0
BRDA:142,7,0,0
BRDA:142,7,1,1
BRDA:151,8,0,0
BRDA:151,8,1,1
BRDA:189,9,0,2
BRDA:189,9,1,2
BRDA:190,10,0,0
BRDA:190,10,1,2
BRDA:190,11,0,2
BRDA:190,11,1,0
BRDA:195,12,0,0
BRDA:195,12,1,0
BRDA:202,13,0,1
BRDA:202,13,1,1
BRDA:202,14,0,1
BRDA:202,14,1,1
BRDA:218,15,0,0
BRDA:218,15,1,0
BRDA:222,16,0,1
BRDA:222,16,1,0
BRDA:224,17,0,0
BRDA:224,17,1,1
BRDA:224,18,0,1
BRDA:224,18,1,0
BRDA:227,19,0,0
BRDA:227,19,1,0
BRDA:227,20,0,0
BRDA:227,20,1,0
BRDA:230,21,0,0
BRDA:230,21,1,0
BRDA:272,22,0,0
BRDA:272,22,1,1
BRDA:284,23,0,1
BRDA:284,23,1,0
BRDA:284,24,0,1
BRDA:284,24,1,1
BRDA:286,25,0,0
BRDA:286,25,1,1
BRDA:289,26,0,0
BRDA:289,26,1,0
BRDA:289,27,0,0
BRDA:289,27,1,0
BRDA:290,28,0,0
BRDA:290,28,1,0
BRDA:290,29,0,0
BRDA:290,29,1,0
BRDA:290,30,0,0
BRDA:290,30,1,0
BRDA:293,31,0,0
BRDA:293,31,1,0
BRDA:327,32,0,0
BRDA:327,32,1,1
BRDA:338,33,0,1
BRDA:338,33,1,0
BRDA:338,34,0,1
BRDA:338,34,1,1
BRDA:343,35,0,0
BRDA:343,35,1,0
BRDA:348,36,0,0
BRDA:348,36,1,0
BRDA:353,37,0,1
BRDA:353,37,1,0
BRDA:359,38,0,1
BRDA:359,38,1,0
BRDA:383,39,0,0
BRDA:383,39,1,1
BRDA:397,40,0,1
BRDA:397,40,1,0
BRDA:397,41,0,1
BRDA:397,41,1,1
BRDA:405,42,0,0
BRDA:405,42,1,0
BRDA:412,43,0,1
BRDA:412,43,1,0
BRDA:434,44,0,0
BRDA:434,44,1,1
BRDA:441,45,0,0
BRDA:441,45,1,1
BRDA:441,46,0,1
BRDA:441,46,1,1
BRDA:458,47,0,1
BRDA:458,47,1,0
BRDA:458,48,0,1
BRDA:458,48,1,1
BRDA:463,49,0,0
BRDA:463,49,1,0
BRDA:484,50,0,0
BRDA:484,50,1,0
BRDA:484,51,0,0
BRDA:484,51,1,0
BRDA:486,52,0,0
BRDA:486,52,1,0
BRDA:486,53,0,0
BRDA:486,53,1,0
BRDA:486,53,2,0
BRDA:499,54,0,0
BRDA:499,54,1,0
BRDA:506,55,0,0
BRDA:506,55,1,1
BRDA:506,56,0,1
BRDA:506,56,1,0
BRDA:518,57,0,0
BRDA:518,57,1,0
BRDA:557,58,0,0
BRDA:557,58,1,0
BRDA:591,59,0,0
BRDA:591,59,1,0
BRDA:597,60,0,0
BRDA:597,60,1,0
BRDA:597,61,0,0
BRDA:597,61,1,0
BRDA:597,61,2,0
BRDA:599,62,0,0
BRDA:599,62,1,0
BRDA:607,63,0,0
BRDA:607,63,1,0
BRDA:633,64,0,0
BRDA:633,64,1,0
BRDA:642,65,0,0
BRDA:642,65,1,0
BRDA:668,66,0,0
BRDA:668,66,1,0
BRDA:672,67,0,0
BRDA:672,67,1,0
BRDA:720,68,0,0
BRDA:720,68,1,0
BRDA:743,69,0,0
BRDA:743,69,1,0
BRDA:866,70,0,4
BRDA:866,70,1,4
BRDA:867,71,0,0
BRDA:867,71,1,4
BRDA:867,72,0,4
BRDA:867,72,1,0
BRDA:881,73,0,0
BRDA:881,73,1,0
BRDA:908,74,0,1
BRDA:908,74,1,0
BRDA:911,75,0,0
BRDA:911,75,1,1
BRDA:913,76,0,0
BRDA:913,76,1,0
BRDA:913,76,2,0
BRDA:913,76,3,0
BRDA:913,76,4,0
BRDA:913,76,5,0
BRDA:938,77,0,0
BRDA:938,77,1,0
BRDA:941,78,0,0
BRDA:941,78,1,0
BRDA:971,79,0,0
BRDA:971,79,1,0
BRDA:986,80,0,0
BRDA:996,81,0,0
BRDA:996,81,1,0
BRDA:996,82,0,0
BRDA:996,82,1,0
BRDA:996,82,2,0
BRDA:996,82,3,0
BRDA:1000,83,0,0
BRDA:1000,83,1,0
BRDA:1000,84,0,0
BRDA:1000,84,1,0
BRDA:1004,85,0,0
BRDA:1004,85,1,0
BRDA:1004,86,0,0
BRDA:1004,86,1,0
BRDA:1008,87,0,0
BRDA:1008,87,1,0
BRDA:1008,88,0,0
BRDA:1008,88,1,0
BRDA:1031,89,0,0
BRDA:1031,89,1,0
BRDA:1033,90,0,0
BRDA:1033,90,1,0
BRDA:1033,91,0,0
BRDA:1033,91,1,0
BRDA:1040,92,0,0
BRDA:1040,92,1,0
BRDA:1041,93,0,0
BRDA:1041,93,1,0
BRDA:1042,94,0,0
BRDA:1042,94,1,0
BRDA:1045,95,0,0
BRDA:1045,95,1,0
BRDA:1048,96,0,0
BRDA:1048,96,1,0
BRDA:1048,97,0,0
BRDA:1048,97,1,0
BRDA:1048,97,2,0
BRDA:1048,97,3,0
BRDA:1053,98,0,0
BRDA:1053,98,1,0
BRF:207
BRH:46
end_of_record
TN:
SF:src\main\services\ipc\rate-limiter.js
FN:11,(anonymous_0)
FN:31,(anonymous_1)
FN:35,(anonymous_2)
FN:49,(anonymous_3)
FNF:4
FNH:4
FNDA:6,(anonymous_0)
FNDA:13,(anonymous_1)
FNDA:16,(anonymous_2)
FNDA:16,(anonymous_3)
DA:13,6
DA:20,6
DA:23,6
DA:32,13
DA:36,16
DA:51,16
DA:52,3
DA:55,13
DA:58,13
DA:59,13
DA:60,1
DA:61,1
DA:62,1
DA:63,1
DA:64,1
DA:65,1
DA:67,1
DA:77,12
DA:78,12
DA:79,12
DA:80,12
DA:82,0
DA:86,12
DA:87,1
DA:90,11
DA:91,11
DA:92,11
DA:95,11
DA:96,11
DA:98,11
DA:99,11
DA:100,4
DA:101,4
DA:105,11
DA:106,11
DA:107,0
DA:111,11
DA:112,11
DA:115,4
DA:116,0
DA:118,4
DA:122,7
DA:123,7
DA:127,2
LF:44
LH:41
BRDA:11,0,0,2
BRDA:37,1,0,16
BRDA:37,1,1,14
BRDA:37,1,2,13
BRDA:37,1,3,13
BRDA:37,1,4,13
BRDA:49,2,0,0
BRDA:49,3,0,0
BRDA:51,4,0,3
BRDA:51,4,1,13
BRDA:59,5,0,1
BRDA:59,5,1,12
BRDA:61,6,0,1
BRDA:61,6,1,0
BRDA:61,7,0,1
BRDA:61,7,1,1
BRDA:63,8,0,1
BRDA:63,8,1,0
BRDA:64,9,0,1
BRDA:64,9,1,0
BRDA:64,10,0,1
BRDA:64,10,1,1
BRDA:65,11,0,1
BRDA:65,11,1,0
BRDA:65,12,0,1
BRDA:65,12,1,1
BRDA:77,13,0,12
BRDA:77,13,1,0
BRDA:77,14,0,12
BRDA:77,14,1,12
BRDA:79,15,0,12
BRDA:79,15,1,0
BRDA:79,16,0,12
BRDA:79,16,1,12
BRDA:82,17,0,0
BRDA:82,17,1,0
BRDA:82,18,0,0
BRDA:82,18,1,0
BRDA:86,19,0,1
BRDA:86,19,1,11
BRDA:90,20,0,11
BRDA:90,20,1,0
BRDA:90,20,2,0
BRDA:91,21,0,11
BRDA:91,21,1,0
BRDA:91,22,0,0
BRDA:91,22,1,0
BRDA:95,23,0,11
BRDA:95,23,1,0
BRDA:95,24,0,11
BRDA:95,24,1,11
BRDA:96,25,0,11
BRDA:96,25,1,0
BRDA:99,26,0,4
BRDA:99,26,1,7
BRDA:106,27,0,11
BRDA:106,27,1,7
BRDA:112,28,0,4
BRDA:112,28,1,7
BRDA:115,29,0,0
BRDA:115,29,1,4
BRDA:116,30,0,0
BRDA:116,30,1,0
BRF:63
BRH:41
end_of_record
TN:
SF:src\main\services\ipc\routes.js
FNF:0
FNH:0
DA:1,2
LF:1
LH:1
BRF:0
BRH:0
end_of_record
TN:
SF:src\main\services\ipc\wrapper-factory.js
FN:30,(anonymous_0)
FN:32,(anonymous_1)
FN:55,(anonymous_2)
FN:73,(anonymous_3)
FN:80,(anonymous_4)
FN:87,(anonymous_5)
FN:152,(anonymous_6)
FN:156,(anonymous_7)
FN:175,(anonymous_8)
FN:179,(anonymous_9)
FN:198,(anonymous_10)
FNF:11
FNH:4
FNDA:7,(anonymous_0)
FNDA:0,(anonymous_1)
FNDA:1,(anonymous_2)
FNDA:1,(anonymous_3)
FNDA:0,(anonymous_4)
FNDA:1,(anonymous_5)
FNDA:0,(anonymous_6)
FNDA:0,(anonymous_7)
FNDA:0,(anonymous_8)
FNDA:0,(anonymous_9)
FNDA:0,(anonymous_10)
DA:4,2
DA:5,2
DA:6,2
DA:9,2
DA:27,2
DA:29,2
DA:31,7
DA:32,0
DA:35,7
DA:36,7
DA:40,7
DA:44,7
DA:46,1
DA:47,1
DA:48,2
DA:49,1
DA:52,1
DA:55,1
DA:56,1
DA:61,6
DA:62,6
DA:63,6
DA:64,0
DA:67,0
DA:71,6
DA:73,6
DA:74,1
DA:75,1
DA:76,1
DA:79,1
DA:80,1
DA:81,0
DA:82,0
DA:84,0
DA:87,1
DA:88,1
DA:89,1
DA:91,0
DA:94,1
DA:97,1
DA:98,1
DA:99,1
DA:100,1
DA:101,1
DA:103,0
DA:104,0
DA:105,0
DA:106,0
DA:107,0
DA:112,0
DA:113,0
DA:116,0
DA:118,0
DA:119,0
DA:120,0
DA:121,0
DA:123,0
DA:124,0
DA:125,0
DA:126,0
DA:129,0
DA:130,0
DA:131,0
DA:135,0
DA:140,0
DA:141,0
DA:142,0
DA:143,0
DA:144,0
DA:145,0
DA:149,0
DA:150,0
DA:151,0
DA:152,0
DA:153,0
DA:154,0
DA:155,0
DA:156,0
DA:157,0
DA:158,0
DA:160,0
DA:162,0
DA:164,0
DA:166,0
DA:170,0
DA:171,0
DA:174,0
DA:175,0
DA:176,0
DA:177,0
DA:178,0
DA:179,0
DA:180,0
DA:181,0
DA:183,0
DA:185,0
DA:187,0
DA:189,0
DA:192,0
DA:193,0
DA:198,0
DA:200,0
DA:201,0
DA:202,0
DA:203,0
DA:205,0
DA:208,0
DA:209,0
DA:210,0
DA:211,0
DA:215,0
DA:217,0
DA:218,0
DA:219,0
DA:220,0
DA:224,0
DA:225,0
DA:229,0
LF:118
LH:37
BRDA:31,0,0,0
BRDA:31,0,1,7
BRDA:31,1,0,7
BRDA:31,1,1,7
BRDA:40,2,0,6
BRDA:40,2,1,1
BRDA:44,3,0,1
BRDA:44,3,1,6
BRDA:48,4,0,1
BRDA:48,4,1,1
BRDA:63,5,0,0
BRDA:63,5,1,6
BRDA:63,6,0,6
BRDA:63,6,1,6
BRDA:64,7,0,0
BRDA:64,7,1,0
BRDA:71,8,0,0
BRDA:71,8,1,6
BRDA:71,9,0,6
BRDA:71,9,1,6
BRDA:74,10,0,1
BRDA:74,10,1,1
BRDA:79,11,0,1
BRDA:79,11,1,1
BRDA:79,11,2,0
BRDA:81,12,0,0
BRDA:81,12,1,0
BRDA:88,13,0,1
BRDA:88,13,1,0
BRDA:97,14,0,1
BRDA:97,14,1,0
BRDA:97,15,0,1
BRDA:97,15,1,1
BRDA:99,16,0,1
BRDA:99,16,1,0
BRDA:101,17,0,1
BRDA:101,17,1,0
BRDA:103,18,0,0
BRDA:103,18,1,0
BRDA:105,19,0,0
BRDA:105,19,1,0
BRDA:107,20,0,0
BRDA:107,20,1,0
BRDA:112,21,0,0
BRDA:112,21,1,0
BRDA:112,22,0,0
BRDA:112,22,1,0
BRDA:113,23,0,0
BRDA:113,23,1,0
BRDA:113,24,0,0
BRDA:113,24,1,0
BRDA:118,25,0,0
BRDA:118,25,1,0
BRDA:120,26,0,0
BRDA:120,26,1,0
BRDA:121,27,0,0
BRDA:121,27,1,0
BRDA:121,28,0,0
BRDA:121,28,1,0
BRDA:123,29,0,0
BRDA:123,29,1,0
BRDA:123,30,0,0
BRDA:123,30,1,0
BRDA:124,31,0,0
BRDA:124,31,1,0
BRDA:124,31,2,0
BRDA:124,32,0,0
BRDA:124,32,1,0
BRDA:125,33,0,0
BRDA:125,33,1,0
BRDA:129,34,0,0
BRDA:129,34,1,0
BRDA:129,34,2,0
BRDA:129,35,0,0
BRDA:129,35,1,0
BRDA:130,36,0,0
BRDA:130,36,1,0
BRDA:135,37,0,0
BRDA:135,37,1,0
BRDA:140,38,0,0
BRDA:140,38,1,0
BRDA:143,39,0,0
BRDA:143,39,1,0
BRDA:149,40,0,0
BRDA:149,40,1,0
BRDA:157,41,0,0
BRDA:157,41,1,0
BRDA:162,42,0,0
BRDA:162,42,1,0
BRDA:164,43,0,0
BRDA:164,43,1,0
BRDA:170,44,0,0
BRDA:170,44,1,0
BRDA:180,45,0,0
BRDA:180,45,1,0
BRDA:185,46,0,0
BRDA:185,46,1,0
BRDA:187,47,0,0
BRDA:187,47,1,0
BRDA:192,48,0,0
BRDA:192,48,1,0
BRDA:200,49,0,0
BRDA:200,49,1,0
BRDA:200,50,0,0
BRDA:200,50,1,0
BRDA:200,50,2,0
BRDA:201,51,0,0
BRDA:201,51,1,0
BRDA:201,51,2,0
BRDA:201,51,3,0
BRDA:210,52,0,0
BRDA:210,52,1,0
BRDA:218,53,0,0
BRDA:218,53,1,0
BRDA:219,54,0,0
BRDA:219,54,1,0
BRDA:224,55,0,0
BRDA:224,55,1,0
BRDA:224,56,0,0
BRDA:224,56,1,0
BRDA:225,57,0,0
BRDA:225,57,1,0
BRDA:225,58,0,0
BRDA:225,58,1,0
BRF:124
BRH:25
end_of_record
TN:
SF:src\main\services\scorm-inspector\scorm-inspector-telemetry-store.js
FN:17,(anonymous_0)
FN:50,(anonymous_1)
FN:103,(anonymous_2)
FN:133,(anonymous_3)
FN:144,(anonymous_4)
FN:149,(anonymous_5)
FN:150,(anonymous_6)
FN:155,(anonymous_7)
FN:194,(anonymous_8)
FN:201,(anonymous_9)
FN:228,(anonymous_10)
FN:239,(anonymous_11)
FN:266,(anonymous_12)
FN:275,(anonymous_13)
FN:302,(anonymous_14)
FN:313,(anonymous_15)
FN:327,(anonymous_16)
FN:343,(anonymous_17)
FN:383,(anonymous_18)
FN:390,(anonymous_19)
FN:413,(anonymous_20)
FN:417,(anonymous_21)
FN:418,(anonymous_22)
FN:428,(anonymous_23)
FNF:24
FNH:0
FNDA:0,(anonymous_0)
FNDA:0,(anonymous_1)
FNDA:0,(anonymous_2)
FNDA:0,(anonymous_3)
FNDA:0,(anonymous_4)
FNDA:0,(anonymous_5)
FNDA:0,(anonymous_6)
FNDA:0,(anonymous_7)
FNDA:0,(anonymous_8)
FNDA:0,(anonymous_9)
FNDA:0,(anonymous_10)
FNDA:0,(anonymous_11)
FNDA:0,(anonymous_12)
FNDA:0,(anonymous_13)
FNDA:0,(anonymous_14)
FNDA:0,(anonymous_15)
FNDA:0,(anonymous_16)
FNDA:0,(anonymous_17)
FNDA:0,(anonymous_18)
FNDA:0,(anonymous_19)
FNDA:0,(anonymous_20)
FNDA:0,(anonymous_21)
FNDA:0,(anonymous_22)
FNDA:0,(anonymous_23)
DA:18,0
DA:20,0
DA:27,0
DA:30,0
DA:31,0
DA:34,0
DA:37,0
DA:51,0
DA:53,0
DA:54,0
DA:56,0
DA:63,0
DA:66,0
DA:67,0
DA:70,0
DA:71,0
DA:76,0
DA:77,0
DA:80,0
DA:81,0
DA:82,0
DA:85,0
DA:86,0
DA:89,0
DA:93,0
DA:94,0
DA:104,0
DA:105,0
DA:113,0
DA:114,0
DA:117,0
DA:119,0
DA:122,0
DA:123,0
DA:134,0
DA:135,0
DA:137,0
DA:139,0
DA:142,0
DA:143,0
DA:144,0
DA:145,0
DA:148,0
DA:149,0
DA:150,0
DA:151,0
DA:155,0
DA:158,0
DA:159,0
DA:160,0
DA:161,0
DA:163,0
DA:166,0
DA:168,0
DA:176,0
DA:177,0
DA:179,0
DA:195,0
DA:196,0
DA:198,0
DA:200,0
DA:201,0
DA:204,0
DA:211,0
DA:212,0
DA:214,0
DA:229,0
DA:230,0
DA:233,0
DA:235,0
DA:236,0
DA:237,0
DA:239,0
DA:240,0
DA:241,0
DA:242,0
DA:243,0
DA:245,0
DA:251,0
DA:252,0
DA:253,0
DA:255,0
DA:258,0
DA:267,0
DA:268,0
DA:276,0
DA:277,0
DA:278,0
DA:279,0
DA:282,0
DA:283,0
DA:285,0
DA:286,0
DA:287,0
DA:289,0
DA:293,0
DA:294,0
DA:303,0
DA:304,0
DA:305,0
DA:306,0
DA:314,0
DA:315,0
DA:316,0
DA:317,0
DA:318,0
DA:328,0
DA:329,0
DA:330,0
DA:332,0
DA:333,0
DA:334,0
DA:335,0
DA:344,0
DA:346,0
DA:348,0
DA:353,0
DA:355,0
DA:360,0
DA:362,0
DA:367,0
DA:369,0
DA:376,0
DA:384,0
DA:391,0
DA:392,0
DA:394,0
DA:395,0
DA:398,0
DA:406,0
DA:414,0
DA:417,0
DA:418,0
DA:429,0
DA:430,0
DA:431,0
DA:433,0
DA:434,0
DA:446,1
LF:139
LH:1
BRDA:17,0,0,0
BRDA:18,1,0,0
BRDA:18,2,0,0
BRDA:18,3,0,0
BRDA:21,4,0,0
BRDA:21,4,1,0
BRDA:27,5,0,0
BRDA:27,5,1,0
BRDA:54,6,0,0
BRDA:54,6,1,0
BRDA:54,7,0,0
BRDA:54,7,1,0
BRDA:63,8,0,0
BRDA:63,8,1,0
BRDA:70,9,0,0
BRDA:70,9,1,0
BRDA:70,10,0,0
BRDA:70,10,1,0
BRDA:76,11,0,0
BRDA:76,11,1,0
BRDA:85,12,0,0
BRDA:85,12,1,0
BRDA:89,13,0,0
BRDA:89,13,1,0
BRDA:94,14,0,0
BRDA:94,14,1,0
BRDA:94,15,0,0
BRDA:94,15,1,0
BRDA:119,16,0,0
BRDA:119,16,1,0
BRDA:123,17,0,0
BRDA:123,17,1,0
BRDA:123,18,0,0
BRDA:123,18,1,0
BRDA:133,19,0,0
BRDA:135,20,0,0
BRDA:135,21,0,0
BRDA:135,22,0,0
BRDA:135,23,0,0
BRDA:135,24,0,0
BRDA:135,24,1,0
BRDA:137,25,0,0
BRDA:137,25,1,0
BRDA:142,26,0,0
BRDA:142,26,1,0
BRDA:143,27,0,0
BRDA:143,27,1,0
BRDA:144,28,0,0
BRDA:144,28,1,0
BRDA:145,29,0,0
BRDA:145,29,1,0
BRDA:148,30,0,0
BRDA:148,30,1,0
BRDA:149,31,0,0
BRDA:149,31,1,0
BRDA:151,32,0,0
BRDA:151,32,1,0
BRDA:158,33,0,0
BRDA:158,33,1,0
BRDA:159,34,0,0
BRDA:159,34,1,0
BRDA:160,35,0,0
BRDA:160,35,1,0
BRDA:166,36,0,0
BRDA:166,36,1,0
BRDA:177,37,0,0
BRDA:177,37,1,0
BRDA:177,38,0,0
BRDA:177,38,1,0
BRDA:184,39,0,0
BRDA:184,39,1,0
BRDA:194,40,0,0
BRDA:196,41,0,0
BRDA:200,42,0,0
BRDA:200,42,1,0
BRDA:212,43,0,0
BRDA:212,43,1,0
BRDA:212,44,0,0
BRDA:212,44,1,0
BRDA:218,45,0,0
BRDA:218,45,1,0
BRDA:229,46,0,0
BRDA:229,46,1,0
BRDA:229,47,0,0
BRDA:229,47,1,0
BRDA:240,48,0,0
BRDA:240,48,1,0
BRDA:240,49,0,0
BRDA:240,49,1,0
BRDA:245,50,0,0
BRDA:245,50,1,0
BRDA:245,51,0,0
BRDA:245,51,1,0
BRDA:255,52,0,0
BRDA:255,52,1,0
BRDA:258,53,0,0
BRDA:258,53,1,0
BRDA:258,54,0,0
BRDA:258,54,1,0
BRDA:268,55,0,0
BRDA:268,55,1,0
BRDA:277,56,0,0
BRDA:277,56,1,0
BRDA:277,57,0,0
BRDA:277,57,1,0
BRDA:278,58,0,0
BRDA:278,58,1,0
BRDA:283,59,0,0
BRDA:283,59,1,0
BRDA:289,60,0,0
BRDA:289,60,1,0
BRDA:289,61,0,0
BRDA:289,61,1,0
BRDA:294,62,0,0
BRDA:294,62,1,0
BRDA:294,63,0,0
BRDA:294,63,1,0
BRDA:303,64,0,0
BRDA:303,64,1,0
BRDA:306,65,0,0
BRDA:306,65,1,0
BRDA:315,66,0,0
BRDA:315,66,1,0
BRDA:318,67,0,0
BRDA:318,67,1,0
BRDA:332,68,0,0
BRDA:332,68,1,0
BRDA:333,69,0,0
BRDA:333,69,1,0
BRDA:334,70,0,0
BRDA:334,70,1,0
BRDA:346,71,0,0
BRDA:346,71,1,0
BRDA:346,71,2,0
BRDA:346,71,3,0
BRDA:406,72,0,0
BRDA:406,72,1,0
BRDA:419,73,0,0
BRDA:419,73,1,0
BRDA:433,74,0,0
BRDA:433,74,1,0
BRDA:434,75,0,0
BRDA:434,75,1,0
BRF:143
BRH:0
end_of_record
TN:
SF:src\main\services\scorm\cam\content-validator.js
FN:31,(anonymous_0)
FN:49,(anonymous_1)
FN:79,(anonymous_2)
FN:196,(anonymous_3)
FN:209,(anonymous_4)
FN:236,(anonymous_5)
FN:239,(anonymous_6)
FN:256,(anonymous_7)
FN:287,(anonymous_8)
FN:298,(anonymous_9)
FN:315,(anonymous_10)
FN:342,(anonymous_11)
FN:343,(anonymous_12)
FN:366,(anonymous_13)
FN:381,(anonymous_14)
FN:395,(anonymous_15)
FN:403,(anonymous_16)
FN:411,(anonymous_17)
FN:418,(anonymous_18)
FN:426,(anonymous_19)
FN:441,(anonymous_20)
FN:466,(anonymous_21)
FN:481,(anonymous_22)
FN:494,(anonymous_23)
FNF:24
FNH:24
FNDA:75,(anonymous_0)
FNDA:14,(anonymous_1)
FNDA:14,(anonymous_2)
FNDA:14,(anonymous_3)
FNDA:36,(anonymous_4)
FNDA:14,(anonymous_5)
FNDA:36,(anonymous_6)
FNDA:14,(anonymous_7)
FNDA:14,(anonymous_8)
FNDA:14,(anonymous_9)
FNDA:14,(anonymous_10)
FNDA:16,(anonymous_11)
FNDA:44,(anonymous_12)
FNDA:9,(anonymous_13)
FNDA:121,(anonymous_14)
FNDA:14,(anonymous_15)
FNDA:7,(anonymous_16)
FNDA:20,(anonymous_17)
FNDA:14,(anonymous_18)
FNDA:14,(anonymous_19)
FNDA:14,(anonymous_20)
FNDA:34,(anonymous_21)
FNDA:14,(anonymous_22)
FNDA:14,(anonymous_23)
DA:20,7
DA:21,7
DA:22,7
DA:32,75
DA:33,75
DA:34,75
DA:35,75
DA:36,75
DA:37,75
DA:38,75
DA:39,75
DA:40,75
DA:50,14
DA:51,14
DA:53,14
DA:55,14
DA:56,14
DA:57,14
DA:58,14
DA:59,14
DA:60,14
DA:61,14
DA:63,14
DA:70,0
DA:71,0
DA:80,14
DA:81,14
DA:82,14
DA:85,14
DA:86,0
DA:87,0
DA:88,0
DA:89,0
DA:90,0
DA:93,14
DA:94,0
DA:95,0
DA:96,0
DA:97,0
DA:98,0
DA:101,14
DA:110,14
DA:112,14
DA:113,14
DA:114,0
DA:115,0
DA:116,0
DA:118,14
DA:121,0
DA:122,0
DA:123,0
DA:126,14
DA:127,14
DA:128,0
DA:129,0
DA:130,0
DA:132,14
DA:135,0
DA:136,0
DA:137,0
DA:140,14
DA:141,14
DA:142,0
DA:143,0
DA:144,0
DA:146,14
DA:149,0
DA:150,0
DA:151,0
DA:154,14
DA:155,14
DA:158,14
DA:159,14
DA:160,9
DA:161,9
DA:162,9
DA:163,9
DA:165,5
DA:166,5
DA:167,5
DA:170,0
DA:171,0
DA:172,0
DA:176,14
DA:177,14
DA:178,1
DA:179,1
DA:180,13
DA:181,13
DA:184,0
DA:185,0
DA:188,14
DA:197,14
DA:199,14
DA:200,36
DA:210,36
DA:213,36
DA:214,27
DA:215,27
DA:216,5
DA:221,36
DA:222,36
DA:223,94
DA:224,94
DA:225,2
DA:237,14
DA:239,36
DA:241,14
DA:242,36
DA:243,36
DA:244,21
DA:245,0
DA:257,14
DA:258,0
DA:259,0
DA:262,14
DA:263,14
DA:264,36
DA:265,36
DA:266,0
DA:267,0
DA:271,36
DA:272,0
DA:273,0
DA:277,0
DA:280,14
DA:288,14
DA:290,14
DA:291,14
DA:292,0
DA:293,0
DA:297,14
DA:298,14
DA:299,14
DA:300,0
DA:305,14
DA:306,14
DA:316,14
DA:317,14
DA:318,0
DA:319,0
DA:322,14
DA:323,1
DA:327,14
DA:328,14
DA:331,14
DA:333,14
DA:343,44
DA:345,16
DA:346,30
DA:347,0
DA:351,30
DA:352,0
DA:356,30
DA:357,2
DA:367,9
DA:368,0
DA:371,9
DA:372,0
DA:382,121
DA:383,121
DA:384,114
DA:386,7
DA:396,14
DA:404,7
DA:412,20
DA:419,14
DA:420,14
DA:427,14
DA:428,14
DA:429,14
DA:430,14
DA:431,14
DA:432,14
DA:442,14
DA:443,14
DA:444,14
DA:445,14
DA:446,1
DA:447,1
DA:449,13
DA:450,0
DA:451,0
DA:455,14
DA:456,14
DA:457,13
DA:467,34
DA:468,21
DA:469,0
DA:471,21
DA:472,0
DA:475,34
DA:482,14
DA:495,14
DA:510,7
LF:195
LH:139
BRDA:80,0,0,14
BRDA:80,0,1,0
BRDA:81,1,0,14
BRDA:81,1,1,0
BRDA:82,2,0,14
BRDA:82,2,1,0
BRDA:85,3,0,0
BRDA:85,3,1,14
BRDA:86,4,0,0
BRDA:86,4,1,0
BRDA:93,5,0,0
BRDA:93,5,1,14
BRDA:94,6,0,0
BRDA:94,6,1,0
BRDA:101,7,0,14
BRDA:101,7,1,0
BRDA:113,8,0,0
BRDA:113,8,1,14
BRDA:114,9,0,0
BRDA:114,9,1,0
BRDA:118,10,0,14
BRDA:118,10,1,0
BRDA:121,11,0,0
BRDA:121,11,1,0
BRDA:127,12,0,0
BRDA:127,12,1,14
BRDA:128,13,0,0
BRDA:128,13,1,0
BRDA:132,14,0,14
BRDA:132,14,1,0
BRDA:135,15,0,0
BRDA:135,15,1,0
BRDA:141,16,0,0
BRDA:141,16,1,14
BRDA:142,17,0,0
BRDA:142,17,1,0
BRDA:146,18,0,14
BRDA:146,18,1,0
BRDA:146,19,0,0
BRDA:146,19,1,0
BRDA:149,20,0,0
BRDA:149,20,1,0
BRDA:155,21,0,14
BRDA:155,21,1,0
BRDA:159,22,0,9
BRDA:159,22,1,5
BRDA:160,23,0,9
BRDA:160,23,1,0
BRDA:163,24,0,9
BRDA:163,24,1,0
BRDA:165,25,0,5
BRDA:165,25,1,0
BRDA:170,26,0,0
BRDA:170,26,1,0
BRDA:177,27,0,1
BRDA:177,27,1,13
BRDA:177,28,0,14
BRDA:177,28,1,14
BRDA:178,29,0,1
BRDA:178,29,1,0
BRDA:180,30,0,13
BRDA:180,30,1,0
BRDA:181,31,0,13
BRDA:181,31,1,0
BRDA:184,32,0,0
BRDA:184,32,1,0
BRDA:188,33,0,14
BRDA:188,33,1,0
BRDA:197,34,0,0
BRDA:197,34,1,14
BRDA:210,35,0,36
BRDA:210,35,1,0
BRDA:213,36,0,27
BRDA:213,36,1,9
BRDA:215,37,0,5
BRDA:215,37,1,22
BRDA:221,38,0,36
BRDA:221,38,1,0
BRDA:223,39,0,94
BRDA:223,39,1,0
BRDA:224,40,0,2
BRDA:224,40,1,92
BRDA:225,41,0,2
BRDA:225,41,1,0
BRDA:237,42,0,0
BRDA:237,42,1,14
BRDA:242,43,0,36
BRDA:242,43,1,0
BRDA:244,44,0,0
BRDA:244,44,1,21
BRDA:244,45,0,21
BRDA:244,45,1,0
BRDA:245,46,0,0
BRDA:245,46,1,0
BRDA:257,47,0,0
BRDA:257,47,1,14
BRDA:264,48,0,36
BRDA:264,48,1,0
BRDA:265,49,0,0
BRDA:265,49,1,36
BRDA:271,50,0,0
BRDA:271,50,1,36
BRDA:271,51,0,36
BRDA:271,51,1,25
BRDA:288,52,0,0
BRDA:288,52,1,14
BRDA:291,53,0,0
BRDA:291,53,1,14
BRDA:291,54,0,14
BRDA:291,54,1,14
BRDA:297,55,0,14
BRDA:297,55,1,0
BRDA:299,56,0,0
BRDA:299,56,1,14
BRDA:317,57,0,0
BRDA:317,57,1,14
BRDA:322,58,0,1
BRDA:322,58,1,13
BRDA:327,59,0,14
BRDA:327,59,1,0
BRDA:331,60,0,0
BRDA:331,60,1,14
BRDA:343,61,0,16
BRDA:343,61,1,0
BRDA:346,62,0,0
BRDA:346,62,1,30
BRDA:351,63,0,0
BRDA:351,63,1,30
BRDA:351,64,0,30
BRDA:351,64,1,28
BRDA:356,65,0,2
BRDA:356,65,1,28
BRDA:356,66,0,30
BRDA:356,66,1,30
BRDA:367,67,0,0
BRDA:367,67,1,9
BRDA:367,68,0,9
BRDA:367,68,1,9
BRDA:371,69,0,0
BRDA:371,69,1,9
BRDA:371,70,0,9
BRDA:371,70,1,9
BRDA:443,71,0,14
BRDA:443,71,1,0
BRDA:443,72,0,14
BRDA:443,72,1,14
BRDA:445,73,0,1
BRDA:445,73,1,13
BRDA:449,74,0,0
BRDA:449,74,1,13
BRDA:449,75,0,13
BRDA:449,75,1,13
BRDA:456,76,0,13
BRDA:456,76,1,1
BRDA:468,77,0,0
BRDA:468,77,1,21
BRDA:471,78,0,0
BRDA:471,78,1,21
BRDA:471,79,0,21
BRDA:471,79,1,21
BRDA:482,80,0,14
BRDA:482,80,1,12
BRDA:482,80,2,12
BRDA:482,80,3,12
BRDA:482,80,4,12
BRDA:482,80,5,0
BRF:166
BRH:92
end_of_record
TN:
SF:src\main\services\scorm\cam\index.js
FN:32,(anonymous_0)
FN:55,(anonymous_1)
FN:94,(anonymous_2)
FN:95,(anonymous_3)
FN:100,(anonymous_4)
FN:103,(anonymous_5)
FN:180,(anonymous_6)
FN:181,(anonymous_7)
FN:190,(anonymous_8)
FN:207,(anonymous_9)
FN:228,(anonymous_10)
FN:240,(anonymous_11)
FN:255,(anonymous_12)
FN:256,(anonymous_13)
FN:261,(anonymous_14)
FN:369,(anonymous_15)
FN:377,(anonymous_16)
FN:408,(anonymous_17)
FN:412,(anonymous_18)
FN:444,(anonymous_19)
FN:483,(anonymous_20)
FN:501,(anonymous_21)
FN:519,(anonymous_22)
FN:528,(anonymous_23)
FN:536,(anonymous_24)
FN:554,(anonymous_25)
FN:556,(anonymous_26)
FN:557,(anonymous_27)
FN:567,(anonymous_28)
FN:626,(anonymous_29)
FN:630,(anonymous_30)
FN:634,(anonymous_31)
FN:670,(anonymous_32)
FN:674,(anonymous_33)
FN:722,(anonymous_34)
FN:739,(anonymous_35)
FN:740,(anonymous_36)
FN:741,(anonymous_37)
FN:753,(anonymous_38)
FNF:39
FNH:21
FNDA:36,(anonymous_0)
FNDA:14,(anonymous_1)
FNDA:26,(anonymous_2)
FNDA:45,(anonymous_3)
FNDA:13,(anonymous_4)
FNDA:19,(anonymous_5)
FNDA:67,(anonymous_6)
FNDA:352,(anonymous_7)
FNDA:13,(anonymous_8)
FNDA:28,(anonymous_9)
FNDA:15,(anonymous_10)
FNDA:3,(anonymous_11)
FNDA:26,(anonymous_12)
FNDA:28,(anonymous_13)
FNDA:13,(anonymous_14)
FNDA:11,(anonymous_15)
FNDA:0,(anonymous_16)
FNDA:0,(anonymous_17)
FNDA:39,(anonymous_18)
FNDA:0,(anonymous_19)
FNDA:1,(anonymous_20)
FNDA:1,(anonymous_21)
FNDA:1,(anonymous_22)
FNDA:0,(anonymous_23)
FNDA:1,(anonymous_24)
FNDA:0,(anonymous_25)
FNDA:0,(anonymous_26)
FNDA:0,(anonymous_27)
FNDA:0,(anonymous_28)
FNDA:0,(anonymous_29)
FNDA:0,(anonymous_30)
FNDA:0,(anonymous_31)
FNDA:0,(anonymous_32)
FNDA:0,(anonymous_33)
FNDA:0,(anonymous_34)
FNDA:0,(anonymous_35)
FNDA:0,(anonymous_36)
FNDA:0,(anonymous_37)
FNDA:0,(anonymous_38)
DA:16,6
DA:17,6
DA:18,6
DA:19,6
DA:20,6
DA:24,6
DA:33,36
DA:35,36
DA:36,36
DA:41,36
DA:42,36
DA:43,36
DA:44,36
DA:46,36
DA:56,14
DA:57,14
DA:60,14
DA:61,14
DA:64,14
DA:65,0
DA:66,0
DA:69,14
DA:70,0
DA:71,0
DA:74,14
DA:75,0
DA:76,0
DA:80,14
DA:82,14
DA:83,14
DA:84,13
DA:85,13
DA:93,13
DA:94,26
DA:95,45
DA:96,13
DA:97,13
DA:98,13
DA:99,13
DA:100,13
DA:102,13
DA:103,19
DA:104,13
DA:105,13
DA:116,13
DA:118,0
DA:122,1
DA:133,1
DA:135,1
DA:136,1
DA:138,0
DA:146,13
DA:147,0
DA:148,0
DA:151,13
DA:152,0
DA:153,0
DA:157,13
DA:159,13
DA:160,13
DA:161,13
DA:163,0
DA:164,0
DA:168,13
DA:170,13
DA:171,13
DA:172,13
DA:174,0
DA:175,0
DA:179,13
DA:180,67
DA:181,352
DA:183,13
DA:186,13
DA:187,13
DA:188,13
DA:189,13
DA:190,13
DA:194,13
DA:195,13
DA:196,13
DA:197,33
DA:198,33
DA:199,33
DA:202,33
DA:203,33
DA:207,13
DA:208,28
DA:209,28
DA:210,28
DA:211,28
DA:212,28
DA:214,28
DA:215,26
DA:216,26
DA:217,26
DA:218,26
DA:221,28
DA:222,28
DA:225,13
DA:228,13
DA:229,15
DA:230,12
DA:231,10
DA:233,2
DA:234,2
DA:236,4
DA:238,13
DA:239,13
DA:240,3
DA:241,3
DA:242,1
DA:243,1
DA:245,0
DA:246,0
DA:248,2
DA:250,3
DA:254,13
DA:255,26
DA:256,28
DA:257,13
DA:258,13
DA:259,13
DA:260,13
DA:261,13
DA:263,13
DA:264,13
DA:265,2
DA:266,2
DA:280,2
DA:281,2
DA:286,11
DA:287,11
DA:289,2
DA:291,2
DA:292,2
DA:297,11
DA:299,11
DA:300,11
DA:301,11
DA:303,0
DA:305,0
DA:309,11
DA:311,11
DA:312,11
DA:315,11
DA:318,11
DA:332,11
DA:340,11
DA:341,11
DA:344,3
DA:345,3
DA:351,3
DA:352,3
DA:355,3
DA:356,3
DA:360,0
DA:370,11
DA:372,11
DA:377,11
DA:378,11
DA:381,11
DA:382,11
DA:383,11
DA:386,11
DA:387,11
DA:388,11
DA:390,11
DA:393,11
DA:395,11
DA:396,11
DA:397,0
DA:398,0
DA:399,0
DA:400,0
DA:401,0
DA:402,0
DA:403,0
DA:404,0
DA:405,0
DA:407,0
DA:408,0
DA:412,11
DA:413,39
DA:414,39
DA:415,39
DA:416,28
DA:418,39
DA:419,11
DA:422,39
DA:423,39
DA:425,39
DA:427,11
DA:431,11
DA:432,11
DA:433,11
DA:434,11
DA:435,0
DA:436,11
DA:437,11
DA:438,0
DA:439,0
DA:440,0
DA:441,0
DA:442,0
DA:443,0
DA:444,0
DA:448,11
DA:452,11
DA:456,11
DA:461,11
DA:463,0
DA:465,0
DA:484,1
DA:485,1
DA:486,1
DA:487,1
DA:489,0
DA:490,0
DA:491,0
DA:502,1
DA:503,1
DA:504,1
DA:505,1
DA:507,0
DA:508,0
DA:509,0
DA:520,1
DA:529,0
DA:537,1
DA:556,0
DA:557,0
DA:561,0
DA:562,0
DA:563,0
DA:566,0
DA:567,0
DA:568,0
DA:569,0
DA:570,0
DA:571,0
DA:572,0
DA:573,0
DA:574,0
DA:577,0
DA:578,0
DA:579,0
DA:580,0
DA:581,0
DA:583,0
DA:584,0
DA:586,0
DA:596,0
DA:610,0
DA:621,0
DA:622,0
DA:623,0
DA:624,0
DA:625,0
DA:626,0
DA:628,0
DA:630,0
DA:634,0
DA:635,0
DA:636,0
DA:639,0
DA:641,0
DA:642,0
DA:643,0
DA:644,0
DA:645,0
DA:646,0
DA:647,0
DA:649,0
DA:650,0
DA:651,0
DA:659,0
DA:666,0
DA:670,0
DA:671,0
DA:672,0
DA:673,0
DA:674,0
DA:675,0
DA:676,0
DA:677,0
DA:678,0
DA:679,0
DA:680,0
DA:683,0
DA:684,0
DA:685,0
DA:686,0
DA:687,0
DA:689,0
DA:690,0
DA:691,0
DA:694,0
DA:705,0
DA:707,0
DA:709,0
DA:712,0
DA:717,0
DA:719,0
DA:722,0
DA:724,0
DA:725,0
DA:726,0
DA:727,0
DA:728,0
DA:732,0
DA:740,0
DA:741,0
DA:744,0
DA:745,0
DA:746,0
DA:747,0
DA:749,0
DA:750,0
DA:752,0
DA:753,0
DA:756,0
DA:757,0
DA:758,0
DA:759,0
DA:760,0
DA:761,0
DA:762,0
DA:764,0
DA:765,0
DA:774,0
DA:775,0
DA:779,6
LF:333
LH:182
BRDA:36,0,0,4
BRDA:36,0,1,32
BRDA:36,1,0,36
BRDA:36,1,1,4
BRDA:60,2,0,14
BRDA:60,2,1,0
BRDA:64,3,0,0
BRDA:64,3,1,14
BRDA:69,4,0,0
BRDA:69,4,1,14
BRDA:74,5,0,0
BRDA:74,5,1,14
BRDA:94,6,0,26
BRDA:94,6,1,0
BRDA:94,7,0,0
BRDA:94,7,1,0
BRDA:95,8,0,45
BRDA:95,9,0,45
BRDA:95,9,1,0
BRDA:95,10,0,45
BRDA:95,10,1,45
BRDA:96,11,0,13
BRDA:96,11,1,0
BRDA:99,12,0,13
BRDA:99,12,1,0
BRDA:100,13,0,13
BRDA:100,13,1,0
BRDA:100,14,0,13
BRDA:100,14,1,13
BRDA:101,15,0,0
BRDA:101,15,1,0
BRDA:102,16,0,13
BRDA:102,16,1,0
BRDA:103,17,0,19
BRDA:103,17,1,0
BRDA:103,17,2,0
BRDA:110,18,0,13
BRDA:110,18,1,0
BRDA:111,19,0,13
BRDA:111,19,1,0
BRDA:111,19,2,0
BRDA:118,20,0,0
BRDA:118,20,1,0
BRDA:125,21,0,1
BRDA:125,21,1,0
BRDA:126,22,0,1
BRDA:126,22,1,0
BRDA:135,23,0,1
BRDA:135,23,1,0
BRDA:140,24,0,0
BRDA:140,24,1,0
BRDA:146,25,0,0
BRDA:146,25,1,13
BRDA:151,26,0,0
BRDA:151,26,1,13
BRDA:180,27,0,67
BRDA:180,27,1,0
BRDA:180,28,0,0
BRDA:180,28,1,0
BRDA:181,29,0,324
BRDA:181,30,0,334
BRDA:181,30,1,18
BRDA:181,31,0,352
BRDA:181,31,1,334
BRDA:183,32,0,13
BRDA:183,32,1,0
BRDA:186,33,0,13
BRDA:186,33,1,0
BRDA:189,34,0,13
BRDA:189,34,1,0
BRDA:190,35,0,13
BRDA:190,35,1,0
BRDA:190,36,0,13
BRDA:190,36,1,13
BRDA:191,37,0,0
BRDA:191,37,1,0
BRDA:198,38,0,0
BRDA:198,38,1,33
BRDA:199,39,0,25
BRDA:199,39,1,8
BRDA:199,40,0,33
BRDA:199,40,1,33
BRDA:203,41,0,33
BRDA:203,41,1,8
BRDA:203,42,0,33
BRDA:203,42,1,0
BRDA:208,43,0,28
BRDA:208,43,1,0
BRDA:208,43,2,0
BRDA:214,44,0,26
BRDA:214,44,1,2
BRDA:214,45,0,28
BRDA:214,45,1,26
BRDA:218,46,0,25
BRDA:218,46,1,1
BRDA:218,47,0,1
BRDA:218,47,1,0
BRDA:225,48,0,13
BRDA:225,48,1,0
BRDA:229,49,0,15
BRDA:229,49,1,0
BRDA:230,50,0,10
BRDA:230,50,1,2
BRDA:230,51,0,12
BRDA:230,51,1,11
BRDA:230,52,0,11
BRDA:230,52,1,0
BRDA:231,53,0,10
BRDA:231,53,1,0
BRDA:231,53,2,0
BRDA:231,54,0,10
BRDA:231,54,1,0
BRDA:231,54,2,0
BRDA:234,55,0,1
BRDA:234,55,1,1
BRDA:239,56,0,3
BRDA:239,56,1,10
BRDA:241,57,0,3
BRDA:241,57,1,0
BRDA:242,58,0,1
BRDA:242,58,1,0
BRDA:243,59,0,1
BRDA:243,59,1,0
BRDA:243,59,2,0
BRDA:243,60,0,1
BRDA:243,60,1,0
BRDA:243,60,2,0
BRDA:246,61,0,0
BRDA:246,61,1,0
BRDA:255,62,0,26
BRDA:255,62,1,0
BRDA:255,63,0,0
BRDA:255,63,1,0
BRDA:256,64,0,28
BRDA:256,65,0,28
BRDA:256,65,1,0
BRDA:256,66,0,28
BRDA:256,66,1,28
BRDA:257,67,0,13
BRDA:257,67,1,0
BRDA:260,68,0,13
BRDA:260,68,1,0
BRDA:261,69,0,13
BRDA:261,69,1,0
BRDA:261,70,0,13
BRDA:261,70,1,13
BRDA:262,71,0,0
BRDA:262,71,1,0
BRDA:264,72,0,2
BRDA:264,72,1,11
BRDA:264,73,0,13
BRDA:264,73,1,13
BRDA:267,74,0,2
BRDA:267,74,1,0
BRDA:271,75,0,2
BRDA:271,75,1,0
BRDA:271,75,2,0
BRDA:280,76,0,2
BRDA:280,76,1,0
BRDA:280,77,0,2
BRDA:280,77,1,2
BRDA:280,77,2,0
BRDA:287,78,0,11
BRDA:287,78,1,0
BRDA:289,79,0,2
BRDA:289,79,1,0
BRDA:291,80,0,2
BRDA:291,80,1,0
BRDA:291,81,0,2
BRDA:291,81,1,2
BRDA:291,81,2,0
BRDA:312,82,0,11
BRDA:312,82,1,0
BRDA:315,83,0,11
BRDA:315,83,1,0
BRDA:321,84,0,11
BRDA:321,84,1,0
BRDA:324,85,0,11
BRDA:324,85,1,0
BRDA:346,86,0,3
BRDA:346,86,1,0
BRDA:347,87,0,3
BRDA:347,87,1,0
BRDA:348,88,0,3
BRDA:348,88,1,0
BRDA:349,89,0,3
BRDA:349,89,1,0
BRDA:355,90,0,3
BRDA:355,90,1,0
BRDA:355,91,0,3
BRDA:355,91,1,3
BRDA:355,91,2,0
BRDA:377,92,0,0
BRDA:377,92,1,0
BRDA:377,93,0,0
BRDA:377,93,1,0
BRDA:381,94,0,11
BRDA:381,94,1,0
BRDA:382,95,0,11
BRDA:382,95,1,0
BRDA:383,96,0,11
BRDA:383,96,1,3
BRDA:388,97,0,11
BRDA:388,97,1,0
BRDA:393,98,0,11
BRDA:393,98,1,0
BRDA:395,99,0,11
BRDA:395,99,1,0
BRDA:397,100,0,0
BRDA:397,100,1,0
BRDA:399,101,0,0
BRDA:399,101,1,0
BRDA:401,102,0,0
BRDA:401,102,1,0
BRDA:403,103,0,0
BRDA:403,103,1,0
BRDA:405,104,0,0
BRDA:405,104,1,0
BRDA:408,105,0,0
BRDA:408,105,1,0
BRDA:408,105,2,0
BRDA:408,105,3,0
BRDA:408,105,4,0
BRDA:413,106,0,0
BRDA:413,106,1,39
BRDA:413,107,0,39
BRDA:413,107,1,39
BRDA:415,108,0,28
BRDA:415,108,1,11
BRDA:415,109,0,39
BRDA:415,109,1,28
BRDA:418,110,0,11
BRDA:418,110,1,28
BRDA:418,111,0,39
BRDA:418,111,1,11
BRDA:422,112,0,39
BRDA:422,112,1,0
BRDA:432,113,0,11
BRDA:432,113,1,0
BRDA:434,114,0,0
BRDA:434,114,1,11
BRDA:436,115,0,11
BRDA:436,115,1,0
BRDA:438,116,0,0
BRDA:438,116,1,0
BRDA:440,117,0,0
BRDA:440,117,1,0
BRDA:442,118,0,0
BRDA:442,118,1,0
BRDA:444,119,0,0
BRDA:444,119,1,0
BRDA:444,119,2,0
BRDA:444,119,3,0
BRDA:448,120,0,11
BRDA:448,120,1,0
BRDA:448,121,0,11
BRDA:448,121,1,0
BRDA:449,122,0,11
BRDA:449,122,1,0
BRDA:452,123,0,11
BRDA:452,123,1,0
BRDA:454,124,0,0
BRDA:454,124,1,0
BRDA:457,125,0,11
BRDA:457,125,1,0
BRDA:458,126,0,11
BRDA:458,126,1,0
BRDA:466,127,0,0
BRDA:466,127,1,0
BRDA:467,128,0,0
BRDA:467,128,1,0
BRDA:468,129,0,0
BRDA:468,129,1,0
BRDA:469,130,0,0
BRDA:469,130,1,0
BRDA:471,131,0,0
BRDA:471,131,1,0
BRDA:472,132,0,0
BRDA:472,132,1,0
BRDA:546,133,0,1
BRDA:546,133,1,0
BRDA:556,134,0,0
BRDA:556,134,1,0
BRDA:556,135,0,0
BRDA:556,135,1,0
BRDA:557,136,0,0
BRDA:557,137,0,0
BRDA:557,137,1,0
BRDA:557,138,0,0
BRDA:557,138,1,0
BRDA:566,139,0,0
BRDA:566,139,1,0
BRDA:566,139,2,0
BRDA:566,139,3,0
BRDA:570,140,0,0
BRDA:570,140,1,0
BRDA:571,141,0,0
BRDA:571,141,1,0
BRDA:579,142,0,0
BRDA:579,142,1,0
BRDA:580,143,0,0
BRDA:580,143,1,0
BRDA:580,143,2,0
BRDA:580,143,3,0
BRDA:583,144,0,0
BRDA:583,144,1,0
BRDA:587,145,0,0
BRDA:587,145,1,0
BRDA:587,145,2,0
BRDA:587,145,3,0
BRDA:587,145,4,0
BRDA:587,145,5,0
BRDA:587,145,6,0
BRDA:599,146,0,0
BRDA:599,146,1,0
BRDA:600,147,0,0
BRDA:600,147,1,0
BRDA:600,147,2,0
BRDA:600,147,3,0
BRDA:612,148,0,0
BRDA:612,148,1,0
BRDA:613,149,0,0
BRDA:613,149,1,0
BRDA:614,150,0,0
BRDA:614,150,1,0
BRDA:615,151,0,0
BRDA:615,151,1,0
BRDA:616,152,0,0
BRDA:616,152,1,0
BRDA:625,153,0,0
BRDA:625,153,1,0
BRDA:626,154,0,0
BRDA:626,154,1,0
BRDA:628,155,0,0
BRDA:628,155,1,0
BRDA:628,156,0,0
BRDA:628,156,1,0
BRDA:630,157,0,0
BRDA:630,157,1,0
BRDA:630,158,0,0
BRDA:630,158,1,0
BRDA:630,159,0,0
BRDA:630,159,1,0
BRDA:630,160,0,0
BRDA:630,160,1,0
BRDA:630,160,2,0
BRDA:635,161,0,0
BRDA:635,161,1,0
BRDA:639,162,0,0
BRDA:639,162,1,0
BRDA:645,163,0,0
BRDA:645,163,1,0
BRDA:646,164,0,0
BRDA:646,164,1,0
BRDA:647,165,0,0
BRDA:647,165,1,0
BRDA:648,166,0,0
BRDA:648,166,1,0
BRDA:648,166,2,0
BRDA:649,167,0,0
BRDA:649,167,1,0
BRDA:650,168,0,0
BRDA:650,168,1,0
BRDA:650,168,2,0
BRDA:650,168,3,0
BRDA:652,169,0,0
BRDA:652,169,1,0
BRDA:654,170,0,0
BRDA:654,170,1,0
BRDA:661,171,0,0
BRDA:661,171,1,0
BRDA:661,171,2,0
BRDA:662,172,0,0
BRDA:662,172,1,0
BRDA:672,173,0,0
BRDA:672,173,1,0
BRDA:672,173,2,0
BRDA:672,173,3,0
BRDA:672,174,0,0
BRDA:672,174,1,0
BRDA:676,175,0,0
BRDA:676,175,1,0
BRDA:678,176,0,0
BRDA:678,176,1,0
BRDA:685,177,0,0
BRDA:685,177,1,0
BRDA:687,178,0,0
BRDA:687,178,1,0
BRDA:691,179,0,0
BRDA:691,179,1,0
BRDA:691,180,0,0
BRDA:691,180,1,0
BRDA:695,181,0,0
BRDA:695,181,1,0
BRDA:697,182,0,0
BRDA:697,182,1,0
BRDA:698,183,0,0
BRDA:698,183,1,0
BRDA:699,184,0,0
BRDA:699,184,1,0
BRDA:700,185,0,0
BRDA:700,185,1,0
BRDA:701,186,0,0
BRDA:701,186,1,0
BRDA:705,187,0,0
BRDA:705,187,1,0
BRDA:707,188,0,0
BRDA:707,188,1,0
BRDA:717,189,0,0
BRDA:717,189,1,0
BRDA:725,190,0,0
BRDA:725,190,1,0
BRDA:727,191,0,0
BRDA:727,191,1,0
BRDA:740,192,0,0
BRDA:740,192,1,0
BRDA:740,193,0,0
BRDA:740,193,1,0
BRDA:741,194,0,0
BRDA:741,195,0,0
BRDA:741,195,1,0
BRDA:741,196,0,0
BRDA:741,196,1,0
BRDA:745,197,0,0
BRDA:745,197,1,0
BRDA:747,198,0,0
BRDA:747,198,1,0
BRDA:750,199,0,0
BRDA:750,199,1,0
BRDA:750,200,0,0
BRDA:750,200,1,0
BRDA:753,201,0,0
BRDA:753,201,1,0
BRDA:753,201,2,0
BRDA:759,202,0,0
BRDA:759,202,1,0
BRDA:761,203,0,0
BRDA:761,203,1,0
BRDA:761,203,2,0
BRDA:761,203,3,0
BRDA:762,204,0,0
BRDA:762,204,1,0
BRDA:763,205,0,0
BRDA:763,205,1,0
BRDA:763,205,2,0
BRDA:764,206,0,0
BRDA:764,206,1,0
BRDA:768,207,0,0
BRDA:768,207,1,0
BRF:449
BRH:136
end_of_record
TN:
SF:src\main\services\scorm\cam\manifest-parser.js
FN:39,(anonymous_0)
FN:43,(anonymous_1)
FN:53,(anonymous_2)
FN:62,(anonymous_3)
FN:90,(anonymous_4)
FN:106,(anonymous_5)
FN:219,(anonymous_6)
FN:257,(anonymous_7)
FN:275,(anonymous_8)
FN:305,(anonymous_9)
FN:310,(anonymous_10)
FN:327,(anonymous_11)
FN:346,(anonymous_12)
FN:387,(anonymous_13)
FN:392,(anonymous_14)
FN:441,(anonymous_15)
FN:452,(anonymous_16)
FN:485,(anonymous_17)
FN:524,(anonymous_18)
FN:533,(anonymous_19)
FN:542,(anonymous_20)
FN:555,(anonymous_21)
FN:592,(anonymous_22)
FN:616,(anonymous_23)
FN:633,(anonymous_24)
FN:649,(anonymous_25)
FN:672,(anonymous_26)
FN:684,(anonymous_27)
FN:707,(anonymous_28)
FN:724,(anonymous_29)
FN:741,(anonymous_30)
FN:749,(anonymous_31)
FN:763,(anonymous_32)
FN:778,(anonymous_33)
FN:794,(anonymous_34)
FN:815,(anonymous_35)
FN:835,(anonymous_36)
FN:842,(anonymous_37)
FN:852,(anonymous_38)
FN:870,(anonymous_39)
FN:889,(anonymous_40)
FN:907,(anonymous_41)
FN:924,(anonymous_42)
FN:933,(anonymous_43)
FN:945,(anonymous_44)
FN:952,(anonymous_45)
FN:965,(anonymous_46)
FN:971,(anonymous_47)
FN:976,(anonymous_48)
FN:989,(anonymous_49)
FN:994,(anonymous_50)
FN:996,(anonymous_51)
FN:997,(anonymous_52)
FN:998,(anonymous_53)
FN:1016,(anonymous_54)
FN:1020,(anonymous_55)
FN:1040,(anonymous_56)
FN:1056,(anonymous_57)
FN:1060,(anonymous_58)
FN:1074,(anonymous_59)
FN:1078,(anonymous_60)
FN:1090,(anonymous_61)
FN:1094,(anonymous_62)
FN:1096,(anonymous_63)
FN:1098,(anonymous_64)
FN:1104,(anonymous_65)
FN:1114,(anonymous_66)
FN:1131,(anonymous_67)
FN:1146,(anonymous_68)
FN:1161,(anonymous_69)
FN:1175,(anonymous_70)
FN:1194,(anonymous_71)
FNF:72
FNH:40
FNDA:77,(anonymous_0)
FNDA:4,(anonymous_1)
FNDA:4,(anonymous_2)
FNDA:0,(anonymous_3)
FNDA:2,(anonymous_4)
FNDA:48,(anonymous_5)
FNDA:32,(anonymous_6)
FNDA:169,(anonymous_7)
FNDA:39,(anonymous_8)
FNDA:27,(anonymous_9)
FNDA:1,(anonymous_10)
FNDA:37,(anonymous_11)
FNDA:35,(anonymous_12)
FNDA:52,(anonymous_13)
FNDA:209,(anonymous_14)
FNDA:850,(anonymous_15)
FNDA:726,(anonymous_16)
FNDA:343,(anonymous_17)
FNDA:134,(anonymous_18)
FNDA:151,(anonymous_19)
FNDA:74,(anonymous_20)
FNDA:79,(anonymous_21)
FNDA:79,(anonymous_22)
FNDA:51,(anonymous_23)
FNDA:51,(anonymous_24)
FNDA:15,(anonymous_25)
FNDA:34,(anonymous_26)
FNDA:14,(anonymous_27)
FNDA:14,(anonymous_28)
FNDA:6,(anonymous_29)
FNDA:3,(anonymous_30)
FNDA:8,(anonymous_31)
FNDA:3,(anonymous_32)
FNDA:14,(anonymous_33)
FNDA:14,(anonymous_34)
FNDA:0,(anonymous_35)
FNDA:14,(anonymous_36)
FNDA:0,(anonymous_37)
FNDA:8,(anonymous_38)
FNDA:8,(anonymous_39)
FNDA:14,(anonymous_40)
FNDA:14,(anonymous_41)
FNDA:0,(anonymous_42)
FNDA:0,(anonymous_43)
FNDA:0,(anonymous_44)
FNDA:0,(anonymous_45)
FNDA:0,(anonymous_46)
FNDA:0,(anonymous_47)
FNDA:0,(anonymous_48)
FNDA:0,(anonymous_49)
FNDA:0,(anonymous_50)
FNDA:0,(anonymous_51)
FNDA:0,(anonymous_52)
FNDA:0,(anonymous_53)
FNDA:0,(anonymous_54)
FNDA:0,(anonymous_55)
FNDA:0,(anonymous_56)
FNDA:0,(anonymous_57)
FNDA:0,(anonymous_58)
FNDA:0,(anonymous_59)
FNDA:0,(anonymous_60)
FNDA:0,(anonymous_61)
FNDA:0,(anonymous_62)
FNDA:0,(anonymous_63)
FNDA:0,(anonymous_64)
FNDA:0,(anonymous_65)
FNDA:0,(anonymous_66)
FNDA:0,(anonymous_67)
FNDA:0,(anonymous_68)
FNDA:0,(anonymous_69)
FNDA:0,(anonymous_70)
FNDA:37,(anonymous_71)
DA:19,9
DA:20,9
DA:21,9
DA:22,9
DA:23,9
DA:29,9
DA:30,9
DA:40,77
DA:41,77
DA:45,4
DA:50,4
DA:51,4
DA:54,4
DA:59,4
DA:60,4
DA:63,0
DA:68,0
DA:69,0
DA:75,77
DA:91,2
DA:92,2
DA:93,1
DA:95,1
DA:96,1
DA:107,48
DA:108,48
DA:110,48
DA:111,3
DA:116,3
DA:117,3
DA:120,45
DA:122,45
DA:123,41
DA:125,41
DA:126,41
DA:127,0
DA:128,0
DA:129,0
DA:131,0
DA:136,0
DA:137,0
DA:140,41
DA:141,0
DA:145,0
DA:146,0
DA:149,41
DA:150,41
DA:151,2
DA:156,2
DA:157,2
DA:160,39
DA:161,39
DA:164,39
DA:166,39
DA:167,39
DA:170,0
DA:173,39
DA:174,35
DA:177,34
DA:178,34
DA:179,51
DA:182,34
DA:183,34
DA:185,0
DA:186,0
DA:190,34
DA:191,34
DA:192,35
DA:194,34
DA:195,41
DA:196,39
DA:197,2
DA:202,2
DA:203,2
DA:208,32
DA:218,32
DA:219,32
DA:220,32
DA:222,32
DA:235,32
DA:237,16
DA:238,0
DA:243,0
DA:244,0
DA:246,16
DA:247,16
DA:258,169
DA:259,169
DA:261,15
DA:277,39
DA:278,39
DA:279,2
DA:286,37
DA:290,37
DA:291,37
DA:292,37
DA:293,37
DA:296,37
DA:297,1
DA:304,36
DA:305,27
DA:306,27
DA:307,1
DA:310,1
DA:315,35
DA:328,37
DA:348,35
DA:349,35
DA:350,0
DA:357,35
DA:358,35
DA:360,35
DA:361,35
DA:362,52
DA:363,51
DA:364,51
DA:365,0
DA:370,51
DA:372,51
DA:373,2
DA:375,51
DA:378,34
DA:388,52
DA:389,52
DA:392,52
DA:393,209
DA:394,209
DA:395,52
DA:396,52
DA:397,52
DA:398,52
DA:401,157
DA:403,52
DA:404,52
DA:405,52
DA:406,52
DA:409,52
DA:410,0
DA:415,52
DA:416,1
DA:422,51
DA:442,850
DA:453,726
DA:454,726
DA:455,726
DA:457,726
DA:458,726
DA:459,2828
DA:460,2828
DA:462,1124
DA:463,1124
DA:465,1124
DA:466,254
DA:467,121
DA:468,44
DA:470,77
DA:471,72
DA:474,133
DA:478,477
DA:486,343
DA:487,343
DA:489,343
DA:490,343
DA:492,343
DA:493,343
DA:494,1529
DA:495,1529
DA:497,600
DA:498,600
DA:500,600
DA:501,285
DA:502,138
DA:503,9
DA:504,9
DA:506,129
DA:507,129
DA:508,129
DA:511,147
DA:515,343
DA:525,134
DA:526,134
DA:527,110
DA:528,110
DA:535,151
DA:536,220
DA:537,220
DA:539,69
DA:543,74
DA:544,76
DA:545,76
DA:547,2
DA:556,79
DA:557,79
DA:559,79
DA:560,79
DA:561,42
DA:562,42
DA:563,42
DA:564,0
DA:570,42
DA:573,42
DA:584,79
DA:595,79
DA:597,79
DA:599,14
DA:617,51
DA:618,51
DA:619,51
DA:620,116
DA:625,51
DA:634,51
DA:635,51
DA:636,51
DA:637,25
DA:641,51
DA:650,15
DA:651,15
DA:653,0
DA:676,34
DA:685,14
DA:687,14
DA:689,6
DA:708,14
DA:709,14
DA:711,2
DA:725,6
DA:726,6
DA:727,6
DA:728,3
DA:733,6
DA:742,3
DA:744,3
DA:746,3
DA:749,8
DA:764,3
DA:766,3
DA:768,0
DA:779,14
DA:780,14
DA:782,0
DA:795,14
DA:797,14
DA:799,0
DA:816,0
DA:818,0
DA:820,0
DA:836,14
DA:838,14
DA:840,8
DA:842,0
DA:853,8
DA:855,8
DA:857,8
DA:871,8
DA:873,8
DA:875,8
DA:890,14
DA:892,14
DA:894,0
DA:908,14
DA:910,14
DA:912,0
DA:925,0
DA:926,0
DA:928,0
DA:933,0
DA:946,0
DA:947,0
DA:949,0
DA:952,0
DA:966,0
DA:967,0
DA:969,0
DA:971,0
DA:976,0
DA:990,0
DA:991,0
DA:993,0
DA:994,0
DA:996,0
DA:997,0
DA:998,0
DA:1017,0
DA:1018,0
DA:1020,0
DA:1041,0
DA:1042,0
DA:1044,0
DA:1057,0
DA:1058,0
DA:1060,0
DA:1075,0
DA:1076,0
DA:1078,0
DA:1091,0
DA:1092,0
DA:1094,0
DA:1096,0
DA:1098,0
DA:1104,0
DA:1115,0
DA:1116,0
DA:1117,0
DA:1118,0
DA:1119,0
DA:1132,0
DA:1133,0
DA:1134,0
DA:1147,0
DA:1148,0
DA:1149,0
DA:1162,0
DA:1163,0
DA:1164,0
DA:1176,0
DA:1177,0
DA:1178,0
DA:1179,0
DA:1184,0
DA:1195,37
DA:1196,37
DA:1197,41
DA:1198,41
DA:1199,41
DA:1200,2
DA:1206,9
LF:326
LH:237
BRDA:106,0,0,17
BRDA:108,1,0,48
BRDA:108,1,1,3
BRDA:110,2,0,3
BRDA:110,2,1,45
BRDA:110,3,0,48
BRDA:110,3,1,45
BRDA:126,4,0,0
BRDA:126,4,1,41
BRDA:129,5,0,0
BRDA:129,5,1,0
BRDA:140,6,0,0
BRDA:140,6,1,41
BRDA:149,7,0,41
BRDA:149,7,1,0
BRDA:150,8,0,2
BRDA:150,8,1,39
BRDA:161,9,0,39
BRDA:161,9,1,20
BRDA:170,10,0,0
BRDA:170,10,1,0
BRDA:179,11,0,51
BRDA:179,11,1,0
BRDA:185,12,0,0
BRDA:185,12,1,0
BRDA:191,13,0,34
BRDA:191,13,1,0
BRDA:192,14,0,35
BRDA:192,14,1,0
BRDA:195,15,0,39
BRDA:195,15,1,2
BRDA:196,16,0,2
BRDA:196,16,1,37
BRDA:218,17,0,32
BRDA:218,17,1,0
BRDA:219,18,0,32
BRDA:219,18,1,0
BRDA:219,18,2,0
BRDA:219,19,0,32
BRDA:219,19,1,0
BRDA:219,20,0,0
BRDA:219,20,1,0
BRDA:220,21,0,32
BRDA:220,21,1,0
BRDA:226,22,0,32
BRDA:226,22,1,0
BRDA:229,23,0,32
BRDA:229,23,1,0
BRDA:237,24,0,0
BRDA:237,24,1,16
BRDA:259,25,0,154
BRDA:259,25,1,15
BRDA:278,26,0,2
BRDA:278,26,1,37
BRDA:286,27,0,37
BRDA:286,27,1,0
BRDA:287,28,0,37
BRDA:287,28,1,10
BRDA:296,29,0,1
BRDA:296,29,1,36
BRDA:304,30,0,27
BRDA:304,30,1,9
BRDA:305,31,0,27
BRDA:305,31,1,0
BRDA:306,32,0,1
BRDA:306,32,1,26
BRDA:316,33,0,35
BRDA:316,33,1,9
BRDA:316,33,2,0
BRDA:331,34,0,37
BRDA:331,34,1,37
BRDA:349,35,0,0
BRDA:349,35,1,35
BRDA:363,36,0,51
BRDA:363,36,1,0
BRDA:364,37,0,0
BRDA:364,37,1,51
BRDA:372,38,0,2
BRDA:372,38,1,49
BRDA:388,39,0,52
BRDA:388,39,1,51
BRDA:393,40,0,0
BRDA:393,40,1,209
BRDA:394,41,0,52
BRDA:394,41,1,157
BRDA:394,42,0,209
BRDA:394,42,1,52
BRDA:397,43,0,52
BRDA:397,43,1,0
BRDA:398,44,0,52
BRDA:398,44,1,2
BRDA:398,44,2,2
BRDA:401,45,0,157
BRDA:401,45,1,16
BRDA:401,45,2,16
BRDA:401,46,0,157
BRDA:401,46,1,0
BRDA:404,47,0,52
BRDA:404,47,1,2
BRDA:409,48,0,0
BRDA:409,48,1,52
BRDA:415,49,0,1
BRDA:415,49,1,51
BRDA:415,50,0,52
BRDA:415,50,1,37
BRDA:415,51,0,52
BRDA:415,51,1,2
BRDA:442,52,0,850
BRDA:442,52,1,349
BRDA:453,53,0,0
BRDA:453,53,1,726
BRDA:454,54,0,281
BRDA:454,54,1,445
BRDA:455,55,0,281
BRDA:455,55,1,445
BRDA:457,56,0,726
BRDA:457,56,1,0
BRDA:460,57,0,1704
BRDA:460,57,1,1124
BRDA:460,58,0,2828
BRDA:460,58,1,2828
BRDA:462,59,0,1124
BRDA:462,59,1,0
BRDA:463,60,0,1124
BRDA:463,60,1,905
BRDA:463,61,0,0
BRDA:463,61,1,905
BRDA:465,62,0,254
BRDA:465,62,1,870
BRDA:466,63,0,121
BRDA:466,63,1,133
BRDA:467,64,0,44
BRDA:467,64,1,77
BRDA:470,65,0,72
BRDA:470,65,1,5
BRDA:470,66,0,77
BRDA:470,66,1,77
BRDA:470,66,2,77
BRDA:487,67,0,0
BRDA:487,67,1,343
BRDA:489,68,0,168
BRDA:489,68,1,175
BRDA:490,69,0,168
BRDA:490,69,1,175
BRDA:492,70,0,343
BRDA:492,70,1,0
BRDA:495,71,0,929
BRDA:495,71,1,600
BRDA:495,72,0,1529
BRDA:495,72,1,1529
BRDA:497,73,0,600
BRDA:497,73,1,0
BRDA:498,74,0,600
BRDA:498,74,1,553
BRDA:498,75,0,0
BRDA:498,75,1,553
BRDA:500,76,0,285
BRDA:500,76,1,315
BRDA:501,77,0,138
BRDA:501,77,1,147
BRDA:502,78,0,9
BRDA:502,78,1,129
BRDA:506,79,0,129
BRDA:506,79,1,0
BRDA:506,80,0,129
BRDA:506,80,1,129
BRDA:506,80,2,129
BRDA:526,81,0,24
BRDA:526,81,1,110
BRDA:528,82,0,110
BRDA:528,82,1,0
BRDA:537,83,0,82
BRDA:537,83,1,138
BRDA:545,84,0,72
BRDA:545,84,1,4
BRDA:562,85,0,42
BRDA:562,85,1,0
BRDA:563,86,0,0
BRDA:563,86,1,42
BRDA:567,87,0,0
BRDA:567,87,1,0
BRDA:567,87,2,0
BRDA:595,88,0,79
BRDA:595,88,1,68
BRDA:597,89,0,65
BRDA:597,89,1,14
BRDA:651,90,0,15
BRDA:651,90,1,0
BRDA:685,91,0,14
BRDA:685,91,1,10
BRDA:687,92,0,8
BRDA:687,92,1,6
BRDA:709,93,0,12
BRDA:709,93,1,2
BRDA:742,94,0,3
BRDA:742,94,1,0
BRDA:744,95,0,0
BRDA:744,95,1,3
BRDA:747,96,0,3
BRDA:747,96,1,1
BRDA:751,97,0,8
BRDA:751,97,1,4
BRDA:764,98,0,3
BRDA:764,98,1,3
BRDA:766,99,0,3
BRDA:766,99,1,0
BRDA:780,100,0,14
BRDA:780,100,1,0
BRDA:795,101,0,14
BRDA:795,101,1,14
BRDA:797,102,0,14
BRDA:797,102,1,0
BRDA:816,103,0,0
BRDA:816,103,1,0
BRDA:818,104,0,0
BRDA:818,104,1,0
BRDA:836,105,0,14
BRDA:836,105,1,6
BRDA:838,106,0,6
BRDA:838,106,1,8
BRDA:852,107,0,0
BRDA:853,108,0,8
BRDA:853,108,1,0
BRDA:854,109,0,0
BRDA:854,109,1,0
BRDA:855,110,0,0
BRDA:855,110,1,8
BRDA:871,111,0,8
BRDA:871,111,1,0
BRDA:873,112,0,0
BRDA:873,112,1,8
BRDA:890,113,0,14
BRDA:890,113,1,14
BRDA:892,114,0,14
BRDA:892,114,1,0
BRDA:908,115,0,14
BRDA:908,115,1,14
BRDA:910,116,0,14
BRDA:910,116,1,0
BRDA:926,117,0,0
BRDA:926,117,1,0
BRDA:947,118,0,0
BRDA:947,118,1,0
BRDA:967,119,0,0
BRDA:967,119,1,0
BRDA:991,120,0,0
BRDA:991,120,1,0
BRDA:1018,121,0,0
BRDA:1018,121,1,0
BRDA:1042,122,0,0
BRDA:1042,122,1,0
BRDA:1058,123,0,0
BRDA:1058,123,1,0
BRDA:1076,124,0,0
BRDA:1076,124,1,0
BRDA:1092,125,0,0
BRDA:1092,125,1,0
BRDA:1116,126,0,0
BRDA:1116,126,1,0
BRDA:1118,127,0,0
BRDA:1118,127,1,0
BRDA:1133,128,0,0
BRDA:1133,128,1,0
BRDA:1148,129,0,0
BRDA:1148,129,1,0
BRDA:1161,130,0,0
BRDA:1163,131,0,0
BRDA:1163,131,1,0
BRDA:1184,132,0,0
BRDA:1184,132,1,0
BRDA:1195,133,0,0
BRDA:1195,133,1,37
BRDA:1197,134,0,0
BRDA:1197,134,1,41
BRDA:1199,135,0,2
BRDA:1199,135,1,39
BRDA:1199,136,0,41
BRDA:1199,136,1,41
BRF:278
BRH:179
end_of_record
TN:
SF:src\main\services\scorm\cam\metadata-handler.js
FN:28,(anonymous_0)
FN:70,(anonymous_1)
FN:102,(anonymous_2)
FN:121,(anonymous_3)
FN:144,(anonymous_4)
FN:162,(anonymous_5)
FN:175,(anonymous_6)
FN:192,(anonymous_7)
FN:213,(anonymous_8)
FN:226,(anonymous_9)
FNF:10
FNH:2
FNDA:36,(anonymous_0)
FNDA:11,(anonymous_1)
FNDA:0,(anonymous_2)
FNDA:0,(anonymous_3)
FNDA:0,(anonymous_4)
FNDA:0,(anonymous_5)
FNDA:0,(anonymous_6)
FNDA:0,(anonymous_7)
FNDA:0,(anonymous_8)
FNDA:0,(anonymous_9)
DA:19,6
DA:29,36
DA:32,36
DA:45,36
DA:71,11
DA:73,8
DA:74,8
DA:83,8
DA:84,0
DA:90,8
DA:92,0
DA:93,0
DA:103,0
DA:106,0
DA:107,0
DA:108,0
DA:112,0
DA:122,0
DA:124,0
DA:126,0
DA:128,0
DA:130,0
DA:132,0
DA:135,0
DA:145,0
DA:163,0
DA:176,0
DA:193,0
DA:214,0
DA:228,0
DA:255,6
LF:31
LH:10
BRDA:71,0,0,3
BRDA:71,0,1,8
BRDA:83,1,0,0
BRDA:83,1,1,8
BRDA:107,2,0,0
BRDA:107,2,1,0
BRDA:122,3,0,0
BRDA:122,3,1,0
BRDA:122,3,2,0
BRDA:122,3,3,0
BRDA:122,3,4,0
BRDA:122,3,5,0
BRF:12
BRH:3
end_of_record
TN:
SF:src\main\services\scorm\cam\package-analyzer.js
FN:31,(anonymous_0)
FN:42,(anonymous_1)
FN:66,(anonymous_2)
FN:85,(anonymous_3)
FN:90,(anonymous_4)
FN:102,(anonymous_5)
FN:121,(anonymous_6)
FN:141,(anonymous_7)
FN:159,(anonymous_8)
FN:171,(anonymous_9)
FN:192,(anonymous_10)
FN:218,(anonymous_11)
FN:283,(anonymous_12)
FN:286,(anonymous_13)
FN:297,(anonymous_14)
FN:307,(anonymous_15)
FN:317,(anonymous_16)
FN:331,(anonymous_17)
FN:336,(anonymous_18)
FN:343,(anonymous_19)
FN:345,(anonymous_20)
FN:350,(anonymous_21)
FN:351,(anonymous_22)
FN:362,(anonymous_23)
FN:380,(anonymous_24)
FN:393,(anonymous_25)
FN:405,(anonymous_26)
FN:406,(anonymous_27)
FN:411,(anonymous_28)
FN:414,(anonymous_29)
FN:419,(anonymous_30)
FN:420,(anonymous_31)
FN:425,(anonymous_32)
FN:426,(anonymous_33)
FN:431,(anonymous_34)
FN:434,(anonymous_35)
FN:441,(anonymous_36)
FN:442,(anonymous_37)
FN:444,(anonymous_38)
FN:466,(anonymous_39)
FN:468,(anonymous_40)
FN:475,(anonymous_41)
FN:477,(anonymous_42)
FN:484,(anonymous_43)
FN:486,(anonymous_44)
FN:488,(anonymous_45)
FN:497,(anonymous_46)
FN:498,(anonymous_47)
FN:503,(anonymous_48)
FN:504,(anonymous_49)
FN:509,(anonymous_50)
FN:510,(anonymous_51)
FN:515,(anonymous_52)
FN:520,(anonymous_53)
FN:523,(anonymous_54)
FN:525,(anonymous_55)
FN:533,(anonymous_56)
FN:534,(anonymous_57)
FN:544,(anonymous_58)
FN:549,(anonymous_59)
FN:560,(anonymous_60)
FN:567,(anonymous_61)
FN:576,(anonymous_62)
FN:579,(anonymous_63)
FN:583,(anonymous_64)
FN:588,(anonymous_65)
FN:589,(anonymous_66)
FN:597,(anonymous_67)
FN:600,(anonymous_68)
FN:601,(anonymous_69)
FN:607,(anonymous_70)
FN:608,(anonymous_71)
FN:611,(anonymous_72)
FN:614,(anonymous_73)
FN:624,(anonymous_74)
FN:632,(anonymous_75)
FN:636,(anonymous_76)
FN:641,(anonymous_77)
FN:645,(anonymous_78)
FN:648,(anonymous_79)
FN:649,(anonymous_80)
FN:651,(anonymous_81)
FN:673,(anonymous_82)
FN:674,(anonymous_83)
FN:677,(anonymous_84)
FN:680,(anonymous_85)
FN:687,(anonymous_86)
FN:702,(anonymous_87)
FN:713,(anonymous_88)
FN:721,(anonymous_89)
FN:722,(anonymous_90)
FN:727,(anonymous_91)
FN:728,(anonymous_92)
FN:735,(anonymous_93)
FN:739,(anonymous_94)
FNF:95
FNH:94
FNDA:39,(anonymous_0)
FNDA:14,(anonymous_1)
FNDA:14,(anonymous_2)
FNDA:14,(anonymous_3)
FNDA:14,(anonymous_4)
FNDA:14,(anonymous_5)
FNDA:14,(anonymous_6)
FNDA:14,(anonymous_7)
FNDA:14,(anonymous_8)
FNDA:14,(anonymous_9)
FNDA:0,(anonymous_10)
FNDA:17,(anonymous_11)
FNDA:17,(anonymous_12)
FNDA:37,(anonymous_13)
FNDA:17,(anonymous_14)
FNDA:16,(anonymous_15)
FNDA:37,(anonymous_16)
FNDA:14,(anonymous_17)
FNDA:14,(anonymous_18)
FNDA:59,(anonymous_19)
FNDA:58,(anonymous_20)
FNDA:140,(anonymous_21)
FNDA:86,(anonymous_22)
FNDA:14,(anonymous_23)
FNDA:35,(anonymous_24)
FNDA:34,(anonymous_25)
FNDA:14,(anonymous_26)
FNDA:14,(anonymous_27)
FNDA:132,(anonymous_28)
FNDA:90,(anonymous_29)
FNDA:42,(anonymous_30)
FNDA:42,(anonymous_31)
FNDA:176,(anonymous_32)
FNDA:120,(anonymous_33)
FNDA:14,(anonymous_34)
FNDA:14,(anonymous_35)
FNDA:44,(anonymous_36)
FNDA:30,(anonymous_37)
FNDA:59,(anonymous_38)
FNDA:14,(anonymous_39)
FNDA:36,(anonymous_40)
FNDA:14,(anonymous_41)
FNDA:36,(anonymous_42)
FNDA:14,(anonymous_43)
FNDA:36,(anonymous_44)
FNDA:94,(anonymous_45)
FNDA:14,(anonymous_46)
FNDA:36,(anonymous_47)
FNDA:14,(anonymous_48)
FNDA:36,(anonymous_49)
FNDA:28,(anonymous_50)
FNDA:72,(anonymous_51)
FNDA:14,(anonymous_52)
FNDA:14,(anonymous_53)
FNDA:36,(anonymous_54)
FNDA:21,(anonymous_55)
FNDA:36,(anonymous_56)
FNDA:21,(anonymous_57)
FNDA:14,(anonymous_58)
FNDA:48,(anonymous_59)
FNDA:21,(anonymous_60)
FNDA:36,(anonymous_61)
FNDA:14,(anonymous_62)
FNDA:14,(anonymous_63)
FNDA:36,(anonymous_64)
FNDA:44,(anonymous_65)
FNDA:30,(anonymous_66)
FNDA:14,(anonymous_67)
FNDA:36,(anonymous_68)
FNDA:21,(anonymous_69)
FNDA:9,(anonymous_70)
FNDA:9,(anonymous_71)
FNDA:14,(anonymous_72)
FNDA:57,(anonymous_73)
FNDA:21,(anonymous_74)
FNDA:36,(anonymous_75)
FNDA:28,(anonymous_76)
FNDA:28,(anonymous_77)
FNDA:14,(anonymous_78)
FNDA:44,(anonymous_79)
FNDA:30,(anonymous_80)
FNDA:59,(anonymous_81)
FNDA:28,(anonymous_82)
FNDA:72,(anonymous_83)
FNDA:14,(anonymous_84)
FNDA:14,(anonymous_85)
FNDA:14,(anonymous_86)
FNDA:14,(anonymous_87)
FNDA:14,(anonymous_88)
FNDA:14,(anonymous_89)
FNDA:21,(anonymous_90)
FNDA:44,(anonymous_91)
FNDA:30,(anonymous_92)
FNDA:44,(anonymous_93)
FNDA:30,(anonymous_94)
DA:20,7
DA:21,7
DA:22,7
DA:32,39
DA:33,39
DA:43,14
DA:44,14
DA:54,14
DA:56,0
DA:57,0
DA:67,14
DA:86,14
DA:88,14
DA:90,14
DA:103,14
DA:122,14
DA:124,14
DA:142,14
DA:143,14
DA:145,14
DA:160,14
DA:161,14
DA:163,14
DA:172,14
DA:173,14
DA:175,14
DA:193,0
DA:194,0
DA:195,0
DA:207,0
DA:208,0
DA:219,17
DA:220,17
DA:221,17
DA:222,17
DA:223,17
DA:225,17
DA:226,0
DA:227,0
DA:241,17
DA:242,17
DA:243,17
DA:244,17
DA:245,17
DA:247,17
DA:259,17
DA:260,17
DA:262,0
DA:263,0
DA:264,0
DA:284,17
DA:286,17
DA:287,37
DA:288,37
DA:298,17
DA:299,17
DA:302,17
DA:303,17
DA:307,17
DA:308,16
DA:309,16
DA:310,0
DA:312,16
DA:317,17
DA:318,37
DA:319,37
DA:320,0
DA:322,37
DA:326,17
DA:332,14
DA:333,14
DA:337,14
DA:338,14
DA:344,59
DA:345,59
DA:346,58
DA:351,140
DA:352,86
DA:363,14
DA:364,14
DA:365,14
DA:366,1
DA:368,13
DA:369,0
DA:372,13
DA:381,35
DA:382,34
DA:384,1
DA:385,1
DA:394,34
DA:395,21
DA:396,0
DA:398,21
DA:399,0
DA:402,34
DA:406,14
DA:407,14
DA:412,132
DA:414,42
DA:415,90
DA:420,42
DA:421,42
DA:426,176
DA:427,120
DA:432,14
DA:434,14
DA:435,14
DA:438,14
DA:442,44
DA:443,30
DA:444,59
DA:445,28
DA:446,28
DA:447,27
DA:448,1
DA:449,1
DA:452,0
DA:456,0
DA:458,2
DA:459,2
DA:462,30
DA:467,14
DA:468,14
DA:469,36
DA:470,36
DA:472,14
DA:476,14
DA:477,14
DA:478,36
DA:479,36
DA:481,14
DA:485,14
DA:486,14
DA:487,36
DA:488,36
DA:489,94
DA:490,94
DA:494,14
DA:498,14
DA:499,36
DA:504,14
DA:505,36
DA:510,28
DA:511,72
DA:517,14
DA:521,14
DA:523,14
DA:524,36
DA:526,21
DA:533,14
DA:534,36
DA:535,21
DA:536,21
DA:541,14
DA:545,14
DA:546,14
DA:547,14
DA:549,14
DA:550,48
DA:551,0
DA:552,0
DA:555,48
DA:557,36
DA:558,36
DA:560,36
DA:561,21
DA:564,36
DA:567,14
DA:568,36
DA:569,27
DA:573,14
DA:577,14
DA:579,14
DA:580,14
DA:583,14
DA:584,36
DA:589,44
DA:590,30
DA:591,28
DA:593,30
DA:598,14
DA:600,14
DA:601,36
DA:602,21
DA:606,14
DA:607,9
DA:608,9
DA:612,14
DA:614,14
DA:615,57
DA:616,57
DA:618,36
DA:619,36
DA:621,36
DA:622,15
DA:624,21
DA:625,21
DA:629,36
DA:632,36
DA:633,14
DA:637,28
DA:638,28
DA:640,28
DA:641,28
DA:646,14
DA:648,14
DA:649,44
DA:650,30
DA:651,59
DA:652,28
DA:653,27
DA:663,30
DA:664,30
DA:669,14
DA:670,14
DA:674,72
DA:678,14
DA:680,14
DA:681,14
DA:684,14
DA:689,14
DA:690,14
DA:692,14
DA:693,14
DA:694,14
DA:695,14
DA:696,14
DA:698,14
DA:703,14
DA:705,1
DA:714,14
DA:722,14
DA:723,21
DA:728,44
DA:729,30
DA:730,30
DA:736,44
DA:738,14
DA:739,14
DA:740,30
DA:743,14
DA:747,7
LF:242
LH:221
BRDA:69,0,0,14
BRDA:69,0,1,0
BRDA:71,1,0,14
BRDA:71,1,1,5
BRDA:72,2,0,14
BRDA:72,2,1,5
BRDA:86,3,0,14
BRDA:86,3,1,0
BRDA:93,4,0,14
BRDA:93,4,1,0
BRDA:106,5,0,14
BRDA:106,5,1,0
[...]
FN:594,(anonymous_41)
FN:601,(anonymous_42)
FN:601,(anonymous_43)
FN:601,(anonymous_44)
FN:601,(anonymous_45)
FN:601,(anonymous_46)
FN:601,(anonymous_47)
FN:601,(anonymous_48)
FN:601,(anonymous_49)
FNF:50
FNH:11
FNDA:3,(anonymous_0)
FNDA:3,(anonymous_1)
FNDA:3,(anonymous_2)
FNDA:0,(anonymous_3)
FNDA:0,(anonymous_4)
FNDA:0,(anonymous_5)
FNDA:0,(anonymous_6)
FNDA:0,(anonymous_7)
FNDA:0,(anonymous_8)
FNDA:0,(anonymous_9)
FNDA:0,(anonymous_10)
FNDA:0,(anonymous_11)
FNDA:0,(anonymous_12)
FNDA:0,(anonymous_13)
FNDA:0,(anonymous_14)
FNDA:0,(anonymous_15)
FNDA:0,(anonymous_16)
FNDA:0,(anonymous_17)
FNDA:0,(anonymous_18)
FNDA:0,(anonymous_19)
FNDA:0,(anonymous_20)
FNDA:0,(anonymous_21)
FNDA:0,(anonymous_22)
FNDA:0,(anonymous_23)
FNDA:2,(anonymous_24)
FNDA:0,(anonymous_25)
FNDA:0,(anonymous_26)
FNDA:0,(anonymous_27)
FNDA:0,(anonymous_28)
FNDA:0,(anonymous_29)
FNDA:6,(anonymous_30)
FNDA:0,(anonymous_31)
FNDA:0,(anonymous_32)
FNDA:0,(anonymous_33)
FNDA:0,(anonymous_34)
FNDA:3,(anonymous_35)
FNDA:3,(anonymous_36)
FNDA:3,(anonymous_37)
FNDA:0,(anonymous_38)
FNDA:1,(anonymous_39)
FNDA:0,(anonymous_40)
FNDA:0,(anonymous_41)
FNDA:3,(anonymous_42)
FNDA:6,(anonymous_43)
FNDA:0,(anonymous_44)
FNDA:0,(anonymous_45)
FNDA:0,(anonymous_46)
FNDA:0,(anonymous_47)
FNDA:0,(anonymous_48)
FNDA:0,(anonymous_49)
DA:23,3
DA:24,3
DA:25,3
DA:26,3
DA:27,3
DA:28,3
DA:30,3
DA:33,3
DA:35,3
DA:38,3
DA:39,2
DA:42,1
DA:43,1
DA:53,3
DA:54,3
DA:63,3
DA:72,0
DA:73,0
DA:76,0
DA:86,0
DA:88,0
DA:90,0
DA:91,0
DA:93,0
DA:95,0
DA:98,0
DA:99,0
DA:100,0
DA:111,0
DA:112,0
DA:115,0
DA:116,0
DA:118,0
DA:126,0
DA:132,0
DA:140,0
DA:147,0
DA:156,0
DA:157,0
DA:159,0
DA:160,0
DA:164,0
DA:165,0
DA:166,0
DA:169,0
DA:170,0
DA:174,0
DA:182,0
DA:183,0
DA:193,0
DA:194,0
DA:195,0
DA:196,0
DA:197,0
DA:198,0
DA:200,0
DA:203,0
DA:205,0
DA:206,0
DA:208,0
DA:212,0
DA:213,0
DA:215,0
DA:217,0
DA:220,0
DA:230,0
DA:231,0
DA:232,0
DA:233,0
DA:234,0
DA:235,0
DA:237,0
DA:240,0
DA:242,0
DA:244,0
DA:245,0
DA:247,0
DA:254,0
DA:257,0
DA:258,0
DA:261,0
DA:262,0
DA:263,0
DA:265,0
DA:267,0
DA:269,0
DA:273,0
DA:281,0
DA:282,0
DA:283,0
DA:293,0
DA:295,0
DA:296,0
DA:298,0
DA:300,0
DA:308,0
DA:316,0
DA:325,0
DA:336,0
DA:338,0
DA:339,0
DA:346,0
DA:348,0
DA:350,0
DA:351,0
DA:352,0
DA:353,0
DA:354,0
DA:355,0
DA:357,0
DA:365,0
DA:367,0
DA:368,0
DA:369,0
DA:370,0
DA:372,0
DA:373,0
DA:374,0
DA:376,0
DA:385,2
DA:386,0
DA:387,0
DA:389,0
DA:393,2
DA:394,0
DA:395,0
DA:396,0
DA:402,2
DA:403,0
DA:412,0
DA:413,0
DA:414,0
DA:416,0
DA:419,0
DA:432,0
DA:433,0
DA:434,0
DA:436,0
DA:437,0
DA:439,0
DA:440,0
DA:443,0
DA:447,0
DA:448,0
DA:454,0
DA:455,0
DA:456,0
DA:457,0
DA:458,0
DA:459,0
DA:460,0
DA:464,0
DA:465,0
DA:468,0
DA:475,0
DA:476,0
DA:485,6
DA:486,6
DA:487,6
DA:488,0
DA:500,0
DA:501,0
DA:504,0
DA:505,0
DA:514,0
DA:516,0
DA:523,0
DA:538,0
DA:539,0
DA:541,0
DA:542,0
DA:545,0
DA:552,3
DA:553,3
DA:557,3
DA:558,0
DA:561,3
DA:562,0
DA:565,3
DA:566,3
DA:570,3
DA:571,3
DA:572,3
DA:573,3
DA:576,3
DA:577,0
DA:584,0
DA:585,0
DA:586,0
DA:588,0
DA:592,0
DA:594,3
DA:595,3
DA:596,3
DA:597,0
DA:598,0
DA:601,6
DA:602,3
DA:603,3
DA:609,3
DA:610,3
LF:201
LH:41
BRDA:33,0,0,3
BRDA:33,0,1,2
BRDA:38,1,0,2
BRDA:38,1,1,1
BRDA:71,2,0,0
BRDA:72,3,0,0
BRDA:72,3,1,0
BRDA:85,4,0,0
BRDA:85,5,0,0
BRDA:88,6,0,0
BRDA:88,6,1,0
BRDA:91,7,0,0
BRDA:91,7,1,0
BRDA:91,8,0,0
BRDA:91,8,1,0
BRDA:98,9,0,0
BRDA:98,9,1,0
BRDA:110,10,0,0
BRDA:111,11,0,0
BRDA:111,11,1,0
BRDA:128,12,0,0
BRDA:128,12,1,0
BRDA:169,13,0,0
BRDA:169,13,1,0
BRDA:182,14,0,0
BRDA:182,14,1,0
BRDA:193,15,0,0
BRDA:193,15,1,0
BRDA:198,16,0,0
BRDA:198,16,1,0
BRDA:203,17,0,0
BRDA:203,17,1,0
BRDA:230,18,0,0
BRDA:230,18,1,0
BRDA:235,19,0,0
BRDA:235,19,1,0
BRDA:242,20,0,0
BRDA:242,20,1,0
BRDA:262,21,0,0
BRDA:262,21,1,0
BRDA:281,22,0,0
BRDA:281,22,1,0
BRDA:282,23,0,0
BRDA:282,23,1,0
BRDA:286,24,0,0
BRDA:286,24,1,0
BRDA:287,25,0,0
BRDA:287,25,1,0
BRDA:287,26,0,0
BRDA:287,26,1,0
BRDA:288,27,0,0
BRDA:288,27,1,0
BRDA:289,28,0,0
BRDA:289,28,1,0
BRDA:290,29,0,0
BRDA:290,29,1,0
BRDA:295,30,0,0
BRDA:295,30,1,0
BRDA:324,31,0,0
BRDA:338,32,0,0
BRDA:338,32,1,0
BRDA:340,33,0,0
BRDA:340,33,1,0
BRDA:342,34,0,0
BRDA:342,34,1,0
BRDA:348,35,0,0
BRDA:348,35,1,0
BRDA:351,36,0,0
BRDA:351,36,1,0
BRDA:351,37,0,0
BRDA:351,37,1,0
BRDA:353,38,0,0
BRDA:353,38,1,0
BRDA:385,39,0,0
BRDA:385,39,1,2
BRDA:385,40,0,2
BRDA:385,40,1,2
BRDA:395,41,0,0
BRDA:395,41,1,0
BRDA:412,42,0,0
BRDA:412,42,1,0
BRDA:434,43,0,0
BRDA:434,43,1,0
BRDA:439,44,0,0
BRDA:439,44,1,0
BRDA:448,45,0,0
BRDA:448,45,1,0
BRDA:455,46,0,0
BRDA:455,46,1,0
BRDA:456,47,0,0
BRDA:456,47,1,0
BRDA:457,48,0,0
BRDA:457,48,1,0
BRDA:458,49,0,0
BRDA:458,49,1,0
BRDA:464,50,0,0
BRDA:464,50,1,0
BRDA:475,51,0,0
BRDA:475,51,1,0
BRDA:487,52,0,0
BRDA:487,52,1,6
BRDA:487,53,0,6
BRDA:487,53,1,6
BRDA:500,54,0,0
BRDA:500,54,1,0
BRDA:541,55,0,0
BRDA:541,55,1,0
BRDA:557,56,0,0
BRDA:557,56,1,3
BRDA:561,57,0,0
BRDA:561,57,1,3
BRF:111
BRH:12
end_of_record
TN:
SF:src\renderer\services\ui-state.notifications.js
FN:6,showNotification
FN:23,(anonymous_1)
FN:33,removeNotification
FN:34,(anonymous_3)
FNF:4
FNH:0
FNDA:0,showNotification
FNDA:0,(anonymous_1)
FNDA:0,removeNotification
FNDA:0,(anonymous_3)
DA:7,0
DA:8,0
DA:10,0
DA:18,0
DA:21,0
DA:22,0
DA:23,0
DA:24,0
DA:25,0
DA:30,0
DA:34,0
DA:35,0
LF:12
LH:0
BRDA:7,0,0,0
BRDA:7,0,1,0
BRDA:22,1,0,0
BRDA:22,1,1,0
BRDA:27,2,0,0
BRDA:27,2,1,0
BRDA:34,3,0,0
BRDA:34,3,1,0
BRF:8
BRH:0
end_of_record
TN:
SF:src\renderer\utils\payload-sanitizer.js
FN:8,safeStringify
FN:37,sanitizeParam
FNF:2
FNH:2
FNDA:12,safeStringify
FNDA:12,sanitizeParam
DA:9,12
DA:10,12
DA:11,12
DA:12,12
DA:14,0
DA:17,0
DA:18,0
DA:19,0
DA:21,0
DA:23,0
DA:24,0
DA:26,0
DA:38,12
DA:39,12
LF:14
LH:6
BRDA:8,0,0,0
BRDA:10,1,0,0
BRDA:10,1,1,12
BRDA:10,2,0,12
BRDA:10,2,1,12
BRDA:11,3,0,12
BRDA:11,3,1,0
BRDA:12,4,0,0
BRDA:12,4,1,12
BRDA:14,5,0,0
BRDA:14,5,1,0
BRDA:14,6,0,0
BRDA:14,6,1,0
BRDA:18,7,0,0
BRDA:18,7,1,0
BRDA:24,8,0,0
BRDA:24,8,1,0
BRDA:37,9,0,12
BRDA:38,10,0,0
BRDA:38,10,1,12
BRDA:38,11,0,12
BRDA:38,11,1,12
BRF:22
BRH:9
end_of_record
TN:
SF:src\renderer\utils\renderer-logger.js
FN:27,(anonymous_0)
FN:36,(anonymous_1)
FN:38,(anonymous_2)
FN:42,(anonymous_3)
FN:58,(anonymous_4)
FN:72,(anonymous_5)
FN:118,(anonymous_6)
FN:119,(anonymous_7)
FN:120,(anonymous_8)
FN:121,(anonymous_9)
FNF:10
FNH:7
FNDA:2,(anonymous_0)
FNDA:2,(anonymous_1)
FNDA:2,(anonymous_2)
FNDA:4,(anonymous_3)
FNDA:2,(anonymous_4)
FNDA:2,(anonymous_5)
FNDA:0,(anonymous_6)
FNDA:0,(anonymous_7)
FNDA:2,(anonymous_8)
FNDA:0,(anonymous_9)
DA:11,2
DA:12,2
DA:13,2
DA:15,2
DA:16,2
DA:19,2
DA:20,2
DA:27,2
DA:28,2
DA:29,2
DA:30,0
DA:33,2
DA:36,2
DA:38,2
DA:39,2
DA:41,2
DA:43,4
DA:45,0
DA:46,0
DA:47,0
DA:48,0
DA:50,4
DA:54,0
DA:58,2
DA:59,2
DA:60,2
DA:61,2
DA:63,2
DA:64,0
DA:67,2
DA:68,2
DA:69,2
DA:72,2
DA:74,2
DA:75,0
DA:79,2
DA:80,0
DA:84,2
DA:85,0
DA:86,0
DA:87,0
DA:88,0
DA:90,0
DA:91,0
DA:93,0
DA:96,2
DA:97,2
DA:99,0
DA:100,0
DA:102,0
DA:104,0
DA:105,0
DA:106,0
DA:109,0
DA:117,2
DA:118,0
DA:119,0
DA:120,2
DA:121,0
LF:59
LH:33
BRDA:29,0,0,0
BRDA:29,0,1,2
BRDA:29,1,0,2
BRDA:29,1,1,2
BRDA:29,1,2,2
BRDA:42,2,0,2
BRDA:42,2,1,0
BRDA:43,3,0,0
BRDA:43,3,1,4
BRDA:43,4,0,4
BRDA:43,4,1,4
BRDA:54,5,0,0
BRDA:54,5,1,0
BRDA:61,6,0,2
BRDA:61,6,1,0
BRDA:63,7,0,0
BRDA:63,7,1,2
BRDA:63,8,0,2
BRDA:63,8,1,0
BRDA:72,9,0,0
BRDA:74,10,0,0
BRDA:74,10,1,2
BRDA:79,11,0,0
BRDA:79,11,1,2
BRDA:84,12,0,0
BRDA:84,12,1,2
BRDA:86,13,0,0
BRDA:86,13,1,0
BRDA:90,14,0,0
BRDA:90,14,1,0
BRDA:97,15,0,2
BRDA:97,15,1,0
BRDA:97,16,0,2
BRDA:97,16,1,0
BRDA:102,17,0,0
BRDA:102,17,1,0
BRDA:102,18,0,0
BRDA:102,18,1,0
BRDA:104,19,0,0
BRDA:104,19,1,0
BRF:40
BRH:16
end_of_record
TN:
SF:src\shared\constants\data-model-schema.js
FNF:0
FNH:0
DA:17,8
DA:22,8
DA:31,8
DA:44,8
DA:398,8
DA:399,8
DA:400,8
DA:402,8
LF:8
LH:8
BRF:0
BRH:0
end_of_record
TN:
SF:src\shared\constants\error-codes.js
FN:111,getErrorCategory
FN:131,isSuccess
FN:140,isValidErrorCode
FN:150,getErrorString
FNF:4
FNH:4
FNDA:703,getErrorCategory
FNDA:1183,isSuccess
FNDA:583,isValidErrorCode
FNDA:1281,getErrorString
DA:21,11
DA:95,11
DA:112,703
DA:114,703
DA:115,459
DA:116,426
DA:117,426
DA:118,426
DA:119,1
DA:120,0
DA:121,0
DA:123,0
DA:132,1183
DA:141,583
DA:142,583
DA:151,1281
DA:152,1281
DA:158,11
DA:176,11
DA:219,11
DA:220,11
DA:221,11
DA:223,11
LF:23
LH:20
BRDA:114,0,0,244
BRDA:114,0,1,459
BRDA:115,1,0,33
BRDA:115,1,1,426
BRDA:115,2,0,459
BRDA:115,2,1,459
BRDA:116,3,0,0
BRDA:116,3,1,426
BRDA:116,4,0,426
BRDA:116,4,1,426
BRDA:117,5,0,0
BRDA:117,5,1,426
BRDA:117,6,0,426
BRDA:117,6,1,426
BRDA:118,7,0,425
BRDA:118,7,1,1
BRDA:118,8,0,426
BRDA:118,8,1,426
BRDA:119,9,0,1
BRDA:119,9,1,0
BRDA:119,10,0,1
BRDA:119,10,1,1
BRDA:120,11,0,0
BRDA:120,11,1,0
BRDA:120,12,0,0
BRDA:120,12,1,0
BRDA:121,13,0,0
BRDA:121,13,1,0
BRDA:121,14,0,0
BRDA:121,14,1,0
BRDA:142,15,0,583
BRDA:142,15,1,583
BRDA:142,15,2,583
BRDA:152,16,0,1281
BRDA:152,16,1,2
BRF:35
BRH:24
end_of_record
TN:
SF:src\shared\constants\main-process-constants.js
FNF:0
FNH:0
DA:13,4
DA:26,4
DA:36,4
DA:44,4
DA:57,4
DA:68,4
DA:78,4
DA:149,4
DA:159,4
DA:193,4
DA:204,4
DA:271,4
DA:272,4
DA:273,4
DA:274,4
DA:275,4
DA:276,4
DA:277,4
DA:278,4
DA:279,4
DA:280,4
DA:281,4
DA:283,4
LF:23
LH:23
BRF:0
BRH:0
end_of_record
TN:
SF:src\shared\constants\scorm-constants.js
FNF:0
FNH:0
DA:12,16
DA:200,16
DA:201,16
DA:202,16
DA:203,16
DA:204,16
DA:205,16
DA:206,16
DA:207,16
DA:209,16
LF:10
LH:10
BRF:0
BRH:0
end_of_record
TN:
SF:src\shared\constants\sn-constants.js
FNF:0
FNH:0
DA:14,7
DA:52,7
DA:61,7
DA:71,7
DA:80,7
DA:96,7
DA:113,7
DA:123,7
DA:139,7
DA:148,7
DA:158,7
DA:167,7
DA:176,7
DA:185,7
DA:186,7
DA:187,7
DA:188,7
DA:189,7
DA:190,7
DA:191,7
DA:192,7
DA:193,7
DA:194,7
DA:195,7
DA:196,7
DA:197,7
DA:199,7
LF:27
LH:27
BRF:0
BRH:0
end_of_record
TN:
SF:src\shared\errors\parser-error.js
FN:42,(anonymous_0)
FN:76,(anonymous_1)
FN:95,(anonymous_2)
FN:117,(anonymous_3)
FN:146,normalizePackagePath
FN:157,redactDetail
FN:162,(anonymous_6)
FNF:7
FNH:1
FNDA:23,(anonymous_0)
FNDA:0,(anonymous_1)
FNDA:0,(anonymous_2)
FNDA:0,(anonymous_3)
FNDA:0,normalizePackagePath
FNDA:0,redactDetail
FNDA:0,(anonymous_6)
DA:19,9
DA:21,9
DA:54,23
DA:55,23
DA:56,23
DA:57,23
DA:58,23
DA:59,23
DA:60,23
DA:61,23
DA:62,23
DA:63,23
DA:66,23
DA:67,23
DA:70,23
DA:72,0
DA:77,0
DA:96,0
DA:99,0
DA:110,0
DA:120,0
DA:121,0
DA:122,0
DA:124,0
DA:125,0
DA:127,0
DA:128,0
DA:130,0
DA:131,0
DA:133,0
DA:134,0
DA:137,0
DA:138,0
DA:147,0
DA:148,0
DA:150,0
DA:151,0
DA:153,0
DA:159,0
DA:160,0
DA:162,0
DA:164,0
DA:165,0
DA:167,0
DA:168,0
DA:171,0
DA:173,0
DA:175,0
DA:179,9
LF:49
LH:16
BRDA:45,0,0,1
BRDA:46,1,0,20
BRDA:51,2,0,23
BRDA:52,3,0,23
BRDA:56,4,0,23
BRDA:56,4,1,0
BRDA:59,5,0,23
BRDA:59,5,1,23
BRDA:60,6,0,23
BRDA:60,6,1,23
BRDA:61,7,0,23
BRDA:61,7,1,23
BRDA:62,8,0,0
BRDA:62,8,1,23
BRDA:63,9,0,23
BRDA:63,9,1,0
BRDA:66,10,0,23
BRDA:66,10,1,0
BRDA:70,11,0,0
BRDA:70,11,1,23
BRDA:95,12,0,0
BRDA:95,13,0,0
BRDA:125,14,0,0
BRDA:125,14,1,0
BRDA:125,14,2,0
BRDA:125,14,3,0
BRDA:125,14,4,0
BRDA:148,15,0,0
BRDA:148,15,1,0
BRDA:150,16,0,0
BRDA:150,16,1,0
BRDA:160,17,0,0
BRDA:160,17,1,0
BRDA:164,18,0,0
BRDA:164,18,1,0
BRDA:165,19,0,0
BRDA:165,19,1,0
BRDA:165,20,0,0
BRDA:165,20,1,0
BRDA:167,21,0,0
BRDA:167,21,1,0
BRDA:167,22,0,0
BRDA:167,22,1,0
BRF:43
BRH:15
end_of_record
TN:
SF:src\shared\utils\error-classifier.js
FN:39,(anonymous_0)
FN:85,(anonymous_1)
FN:99,(anonymous_2)
FN:143,(anonymous_3)
FNF:4
FNH:0
FNDA:0,(anonymous_0)
FNDA:0,(anonymous_1)
FNDA:0,(anonymous_2)
FNDA:0,(anonymous_3)
DA:7,1
DA:9,1
DA:15,1
DA:41,0
DA:42,0
DA:45,0
DA:46,0
DA:49,0
DA:50,0
DA:53,0
DA:54,0
DA:58,0
DA:59,0
DA:62,0
DA:63,0
DA:66,0
DA:67,0
DA:71,0
DA:72,0
DA:76,0
DA:86,0
DA:87,0
DA:88,0
DA:89,0
DA:100,0
DA:102,0
DA:104,0
DA:109,0
DA:112,0
DA:117,0
DA:120,0
DA:125,0
DA:128,0
DA:135,0
DA:144,0
DA:147,0
DA:148,0
DA:149,0
DA:150,0
DA:152,0
DA:157,1
DA:158,1
DA:160,1
LF:43
LH:6
BRDA:39,0,0,0
BRDA:41,1,0,0
BRDA:41,1,1,0
BRDA:45,2,0,0
BRDA:45,2,1,0
BRDA:49,3,0,0
BRDA:49,3,1,0
BRDA:53,4,0,0
BRDA:53,4,1,0
BRDA:58,5,0,0
BRDA:58,5,1,0
BRDA:58,6,0,0
BRDA:58,6,1,0
BRDA:62,7,0,0
BRDA:62,7,1,0
BRDA:62,8,0,0
BRDA:62,8,1,0
BRDA:62,8,2,0
BRDA:66,9,0,0
BRDA:66,9,1,0
BRDA:66,10,0,0
BRDA:66,10,1,0
BRDA:71,11,0,0
BRDA:71,11,1,0
BRDA:71,12,0,0
BRDA:71,12,1,0
BRDA:86,13,0,0
BRDA:86,13,1,0
BRDA:86,14,0,0
BRDA:86,14,1,0
BRDA:87,15,0,0
BRDA:87,15,1,0
BRDA:87,16,0,0
BRDA:87,16,1,0
BRDA:88,17,0,0
BRDA:88,17,1,0
BRDA:102,18,0,0
BRDA:102,18,1,0
BRDA:102,18,2,0
BRDA:102,18,3,0
BRF:40
BRH:0
end_of_record
TN:
SF:src\shared\utils\error-handler.js
FN:18,(anonymous_0)
FN:46,(anonymous_1)
FN:69,(anonymous_2)
FN:97,(anonymous_3)
FN:125,(anonymous_4)
FN:143,(anonymous_5)
FN:169,(anonymous_6)
FN:192,(anonymous_7)
FNF:8
FNH:0
FNDA:0,(anonymous_0)
FNDA:0,(anonymous_1)
FNDA:0,(anonymous_2)
FNDA:0,(anonymous_3)
FNDA:0,(anonymous_4)
FNDA:0,(anonymous_5)
FNDA:0,(anonymous_6)
FNDA:0,(anonymous_7)
DA:7,1
DA:8,1
DA:9,1
DA:19,0
DA:22,0
DA:25,0
DA:27,0
DA:28,0
DA:31,0
DA:32,0
DA:35,0
DA:36,0
DA:47,0
DA:48,0
DA:59,0
DA:71,0
DA:72,0
DA:73,0
DA:74,0
DA:76,0
DA:77,0
DA:82,0
DA:99,0
DA:100,0
DA:101,0
DA:102,0
DA:104,0
DA:105,0
DA:110,0
DA:127,0
DA:132,0
DA:133,0
DA:144,0
DA:170,0
DA:172,0
DA:174,0
DA:176,0
DA:178,0
DA:180,0
DA:182,0
DA:193,0
DA:195,0
DA:196,0
DA:197,0
DA:199,0
DA:200,0
DA:205,0
DA:206,0
DA:207,0
DA:214,0
DA:215,0
DA:221,1
LF:52
LH:4
BRDA:18,0,0,0
BRDA:18,1,0,0
BRDA:25,2,0,0
BRDA:25,2,1,0
BRDA:25,2,2,0
BRDA:71,3,0,0
BRDA:71,3,1,0
BRDA:71,4,0,0
BRDA:71,4,1,0
BRDA:77,5,0,0
BRDA:77,5,1,0
BRDA:99,6,0,0
BRDA:99,6,1,0
BRDA:99,7,0,0
BRDA:99,7,1,0
BRDA:105,8,0,0
BRDA:105,8,1,0
BRDA:147,9,0,0
BRDA:147,9,1,0
BRDA:148,10,0,0
BRDA:148,10,1,0
BRDA:152,11,0,0
BRDA:152,11,1,0
BRDA:170,12,0,0
BRDA:170,12,1,0
BRDA:170,12,2,0
BRDA:170,12,3,0
BRDA:170,12,4,0
BRDA:170,12,5,0
BRDA:195,13,0,0
BRDA:195,13,1,0
BRDA:195,14,0,0
BRDA:195,14,1,0
BRDA:200,15,0,0
BRDA:200,15,1,0
BRDA:205,16,0,0
BRDA:205,16,1,0
BRDA:205,17,0,0
BRDA:205,17,1,0
BRDA:205,17,2,0
BRDA:215,18,0,0
BRDA:215,18,1,0
BRF:42
BRH:0
end_of_record
TN:
SF:src\shared\utils\ipc-result.js
FN:9,success
FN:17,failure
FNF:2
FNH:1
FNDA:0,success
FNDA:2,failure
DA:10,0
DA:12,0
DA:14,0
DA:18,2
DA:23,2
DA:24,2
DA:25,2
DA:28,3
LF:8
LH:5
BRDA:9,0,0,0
BRDA:10,1,0,0
BRDA:10,1,1,0
BRDA:10,2,0,0
BRDA:10,2,1,0
BRDA:10,2,2,0
BRDA:17,3,0,0
BRDA:17,4,0,0
BRDA:17,5,0,1
BRDA:17,6,0,2
BRDA:23,7,0,1
BRDA:23,7,1,1
BRDA:24,8,0,0
BRDA:24,8,1,2
BRF:14
BRH:5
end_of_record
TN:
SF:src\shared\utils\ipc-validation.js
FN:14,isSafePath
FN:36,validateRequest
FN:41,(anonymous_2)
FNF:3
FNH:3
FNDA:1,isSafePath
FNDA:1,validateRequest
FNDA:1,(anonymous_2)
DA:3,3
DA:15,1
DA:16,1
DA:18,1
DA:19,1
DA:20,1
DA:22,0
DA:24,0
DA:37,1
DA:38,1
DA:41,1
DA:42,1
DA:43,1
DA:45,0
DA:48,1
DA:49,0
DA:53,1
DA:54,1
DA:55,1
DA:56,1
DA:57,1
DA:61,0
DA:65,0
DA:67,0
DA:71,3
LF:25
LH:18
BRDA:15,0,0,0
BRDA:15,0,1,1
BRDA:15,1,0,1
BRDA:15,1,1,1
BRDA:20,2,0,1
BRDA:20,2,1,0
BRDA:36,3,0,0
BRDA:38,4,0,0
BRDA:38,4,1,1
BRDA:38,5,0,1
BRDA:38,5,1,1
BRDA:48,6,0,0
BRDA:48,6,1,1
BRDA:54,7,0,1
BRDA:54,7,1,0
BRDA:55,8,0,1
BRDA:55,8,1,1
BRDA:56,9,0,0
BRDA:56,9,1,1
BRDA:57,10,0,1
BRDA:57,10,1,0
BRDA:61,11,0,0
BRDA:61,11,1,0
BRDA:61,12,0,0
BRDA:61,12,1,0
BRDA:61,12,2,0
BRDA:61,12,3,0
BRF:27
BRH:13
end_of_record
TN:
SF:src\shared\utils\logger.js
FN:14,(anonymous_0)
FN:26,(anonymous_1)
FN:39,(anonymous_2)
FN:43,(anonymous_3)
FN:102,(anonymous_4)
FN:106,(anonymous_5)
FN:110,(anonymous_6)
FN:114,(anonymous_7)
FN:121,(anonymous_8)
FN:130,getDefaultLogDir
FN:148,getLogger
FNF:11
FNH:11
FNDA:9,(anonymous_0)
FNDA:9,(anonymous_1)
FNDA:322,(anonymous_2)
FNDA:179,(anonymous_3)
FNDA:220,(anonymous_4)
FNDA:1,(anonymous_5)
FNDA:5,(anonymous_6)
FNDA:96,(anonymous_7)
FNDA:96,(anonymous_8)
FNDA:9,getDefaultLogDir
FNDA:41,getLogger
DA:10,12
DA:11,12
DA:15,9
DA:16,0
DA:19,9
DA:20,9
DA:21,9
DA:23,9
DA:27,9
DA:28,9
DA:29,9
DA:30,0
DA:33,9
DA:35,0
DA:40,322
DA:43,322
DA:44,179
DA:45,179
DA:46,0
DA:54,179
DA:56,178
DA:57,0
DA:66,178
DA:67,178
DA:68,737
DA:69,178
DA:71,1
DA:73,0
DA:77,322
DA:78,322
DA:79,322
DA:80,322
DA:82,0
DA:85,322
DA:87,322
DA:88,322
DA:90,0
DA:93,322
DA:94,0
DA:95,0
DA:103,220
DA:107,1
DA:111,5
DA:116,96
DA:117,96
DA:122,96
DA:123,96
DA:124,96
DA:125,96
DA:131,9
DA:133,9
DA:134,9
DA:135,9
DA:136,0
DA:142,9
DA:147,12
DA:149,41
DA:150,9
DA:151,9
DA:152,9
DA:155,12
LF:61
LH:50
BRDA:15,0,0,0
BRDA:15,0,1,9
BRDA:19,1,0,9
BRDA:19,1,1,9
BRDA:20,2,0,9
BRDA:20,2,1,9
BRDA:29,3,0,0
BRDA:29,3,1,9
BRDA:45,4,0,0
BRDA:45,4,1,179
BRDA:51,5,0,0
BRDA:51,5,1,0
BRDA:54,6,0,178
BRDA:54,6,1,1
BRDA:54,7,0,179
BRDA:54,7,1,179
BRDA:56,8,0,0
BRDA:56,8,1,178
BRDA:56,9,0,178
BRDA:56,9,1,45
BRDA:56,9,2,178
BRDA:58,10,0,0
BRDA:58,10,1,0
BRDA:62,11,0,0
BRDA:62,11,1,0
BRDA:80,12,0,179
BRDA:80,12,1,143
BRDA:82,13,0,0
BRDA:82,13,1,0
BRDA:93,14,0,0
BRDA:93,14,1,322
BRDA:116,15,0,96
BRDA:116,15,1,0
BRDA:123,16,0,96
BRDA:123,16,1,0
BRDA:124,17,0,96
BRDA:124,17,1,96
BRDA:134,18,0,9
BRDA:134,18,1,9
BRDA:135,19,0,0
BRDA:135,19,1,9
BRDA:135,20,0,9
BRDA:135,20,1,0
BRDA:149,21,0,32
BRDA:149,21,1,9
BRDA:150,22,0,9
BRDA:150,22,1,9
BRF:47
BRH:30
end_of_record
TN:
SF:src\shared\utils\path-utils.js
FN:21,(anonymous_0)
FN:36,(anonymous_1)
FN:47,(anonymous_2)
FN:56,(anonymous_3)
FN:77,(anonymous_4)
FN:116,(anonymous_5)
FN:197,(anonymous_6)
FN:230,(anonymous_7)
FN:306,(anonymous_8)
FN:317,(anonymous_9)
FN:327,(anonymous_10)
FNF:11
FNH:1
FNDA:0,(anonymous_0)
FNDA:0,(anonymous_1)
FNDA:0,(anonymous_2)
FNDA:18,(anonymous_3)
FNDA:0,(anonymous_4)
FNDA:0,(anonymous_5)
FNDA:0,(anonymous_6)
FNDA:0,(anonymous_7)
FNDA:0,(anonymous_8)
FNDA:0,(anonymous_9)
FNDA:0,(anonymous_10)
DA:10,3
DA:11,3
DA:12,3
DA:13,3
DA:22,0
DA:23,0
DA:24,0
DA:26,0
DA:29,0
DA:37,0
DA:48,0
DA:57,18
DA:58,0
DA:62,18
DA:65,18
DA:66,2
DA:68,18
DA:78,0
DA:79,0
DA:82,0
DA:83,0
DA:86,0
DA:87,0
DA:91,0
DA:94,0
DA:95,0
DA:100,0
DA:101,0
DA:103,0
DA:106,0
DA:117,0
DA:118,0
DA:119,0
DA:123,0
DA:127,0
DA:129,0
DA:130,0
DA:132,0
DA:133,0
DA:137,0
DA:138,0
DA:142,0
DA:144,0
DA:146,0
DA:147,0
DA:149,0
DA:150,0
DA:153,0
DA:154,0
DA:159,0
DA:160,0
DA:163,0
DA:167,0
DA:168,0
DA:171,0
DA:182,0
DA:198,0
DA:199,0
DA:200,0
DA:203,0
DA:204,0
DA:207,0
DA:208,0
DA:212,0
DA:213,0
DA:217,0
DA:220,0
DA:231,0
DA:233,0
DA:234,0
DA:238,0
DA:239,0
DA:242,0
DA:243,0
DA:246,0
DA:247,0
DA:251,0
DA:252,0
DA:256,0
DA:257,0
DA:261,0
DA:262,0
DA:264,0
DA:265,0
DA:268,0
DA:269,0
DA:274,0
DA:275,0
DA:276,0
DA:279,0
DA:280,0
DA:283,0
DA:284,0
DA:287,0
DA:288,0
DA:292,0
DA:293,0
DA:296,0
DA:297,0
DA:308,0
DA:309,0
DA:318,0
DA:319,0
DA:328,0
DA:332,3
LF:105
LH:10
BRDA:22,0,0,0
BRDA:22,0,1,0
BRDA:48,1,0,0
BRDA:48,1,1,0
BRDA:57,2,0,0
BRDA:57,2,1,18
BRDA:57,3,0,18
BRDA:57,3,1,18
BRDA:65,4,0,2
BRDA:65,4,1,16
BRDA:65,5,0,18
BRDA:65,5,1,18
BRDA:78,6,0,0
BRDA:78,6,1,0
BRDA:78,7,0,0
BRDA:78,7,1,0
BRDA:86,8,0,0
BRDA:86,8,1,0
BRDA:94,9,0,0
BRDA:94,9,1,0
BRDA:103,10,0,0
BRDA:103,10,1,0
BRDA:118,11,0,0
BRDA:118,11,1,0
BRDA:118,12,0,0
BRDA:118,12,1,0
BRDA:118,12,2,0
BRDA:127,13,0,0
BRDA:127,13,1,0
BRDA:132,14,0,0
BRDA:132,14,1,0
BRDA:149,15,0,0
BRDA:149,15,1,0
BRDA:149,16,0,0
BRDA:149,16,1,0
BRDA:153,17,0,0
BRDA:153,17,1,0
BRDA:159,18,0,0
BRDA:159,18,1,0
BRDA:167,19,0,0
BRDA:167,19,1,0
BRDA:177,20,0,0
BRDA:177,20,1,0
BRDA:178,21,0,0
BRDA:178,21,1,0
BRDA:199,22,0,0
BRDA:199,22,1,0
BRDA:199,23,0,0
BRDA:199,23,1,0
BRDA:207,24,0,0
BRDA:207,24,1,0
BRDA:212,25,0,0
BRDA:212,25,1,0
BRDA:233,26,0,0
BRDA:233,26,1,0
BRDA:233,27,0,0
BRDA:233,27,1,0
BRDA:239,28,0,0
BRDA:239,28,1,0
BRDA:242,29,0,0
BRDA:242,29,1,0
BRDA:246,30,0,0
BRDA:246,30,1,0
BRDA:251,31,0,0
BRDA:251,31,1,0
BRDA:256,32,0,0
BRDA:256,32,1,0
BRDA:262,33,0,0
BRDA:262,33,1,0
BRDA:264,34,0,0
BRDA:264,34,1,0
BRDA:283,35,0,0
BRDA:283,35,1,0
BRDA:284,36,0,0
BRDA:284,36,1,0
BRDA:287,37,0,0
BRDA:287,37,1,0
BRDA:288,38,0,0
BRDA:288,38,1,0
BRDA:296,39,0,0
BRDA:296,39,1,0
BRDA:297,40,0,0
BRDA:297,40,1,0
BRF:83
BRH:7
end_of_record
TN:
SF:src\shared\utils\singleflight.js
FN:6,createSingleflight
FN:8,(anonymous_1)
FN:12,(anonymous_2)
FNF:3
FNH:3
FNDA:1,createSingleflight
FNDA:2,(anonymous_1)
FNDA:1,(anonymous_2)
DA:7,1
DA:8,1
DA:9,2
DA:10,1
DA:12,1
DA:13,1
DA:14,1
DA:16,1
DA:19,1
DA:20,1
DA:23,3
LF:11
LH:11
BRDA:9,0,0,1
BRDA:9,0,1,1
BRF:2
BRH:2
end_of_record
