TN:
SF:src\main\services\scorm\cam\content-validator.js
FN:31,(anonymous_0)
FN:49,(anonymous_1)
FN:79,(anonymous_2)
FN:196,(anonymous_3)
FN:209,(anonymous_4)
FN:236,(anonymous_5)
FN:239,(anonymous_6)
FN:256,(anonymous_7)
FN:287,(anonymous_8)
FN:298,(anonymous_9)
FN:315,(anonymous_10)
FN:342,(anonymous_11)
FN:343,(anonymous_12)
FN:366,(anonymous_13)
FN:381,(anonymous_14)
FN:395,(anonymous_15)
FN:403,(anonymous_16)
FN:411,(anonymous_17)
FN:418,(anonymous_18)
FN:426,(anonymous_19)
FN:441,(anonymous_20)
FN:466,(anonymous_21)
FN:481,(anonymous_22)
FN:494,(anonymous_23)
FNF:24
FNH:24
FNDA:33,(anonymous_0)
FNDA:14,(anonymous_1)
FNDA:14,(anonymous_2)
FNDA:14,(anonymous_3)
FNDA:36,(anonymous_4)
FNDA:14,(anonymous_5)
FNDA:36,(anonymous_6)
FNDA:14,(anonymous_7)
FNDA:14,(anonymous_8)
FNDA:14,(anonymous_9)
FNDA:14,(anonymous_10)
FNDA:16,(anonymous_11)
FNDA:44,(anonymous_12)
FNDA:9,(anonymous_13)
FNDA:121,(anonymous_14)
FNDA:14,(anonymous_15)
FNDA:7,(anonymous_16)
FNDA:20,(anonymous_17)
FNDA:14,(anonymous_18)
FNDA:14,(anonymous_19)
FNDA:14,(anonymous_20)
FNDA:34,(anonymous_21)
FNDA:14,(anonymous_22)
FNDA:14,(anonymous_23)
DA:20,6
DA:21,6
DA:22,6
DA:32,33
DA:33,33
DA:34,33
DA:35,33
DA:36,33
DA:37,33
DA:38,33
DA:39,33
DA:40,33
DA:50,14
DA:51,14
DA:53,14
DA:55,14
DA:56,14
DA:57,14
DA:58,14
DA:59,14
DA:60,14
DA:61,14
DA:63,14
DA:70,0
DA:71,0
DA:80,14
DA:81,14
DA:82,14
DA:85,14
DA:86,0
DA:87,0
DA:88,0
DA:89,0
DA:90,0
DA:93,14
DA:94,0
DA:95,0
DA:96,0
DA:97,0
DA:98,0
DA:101,14
DA:110,14
DA:112,14
DA:113,14
DA:114,0
DA:115,0
DA:116,0
DA:118,14
DA:121,0
DA:122,0
DA:123,0
DA:126,14
DA:127,14
DA:128,0
DA:129,0
DA:130,0
DA:132,14
DA:135,0
DA:136,0
DA:137,0
DA:140,14
DA:141,14
DA:142,0
DA:143,0
DA:144,0
DA:146,14
DA:149,0
DA:150,0
DA:151,0
DA:154,14
DA:155,14
DA:158,14
DA:159,14
DA:160,9
DA:161,9
DA:162,9
DA:163,9
DA:165,5
DA:166,5
DA:167,5
DA:170,0
DA:171,0
DA:172,0
DA:176,14
DA:177,14
DA:178,1
DA:179,1
DA:180,13
DA:181,13
DA:184,0
DA:185,0
DA:188,14
DA:197,14
DA:199,14
DA:200,36
DA:210,36
DA:213,36
DA:214,27
DA:215,27
DA:216,5
DA:221,36
DA:222,36
DA:223,94
DA:224,94
DA:225,2
DA:237,14
DA:239,36
DA:241,14
DA:242,36
DA:243,36
DA:244,21
DA:245,0
DA:257,14
DA:258,0
DA:259,0
DA:262,14
DA:263,14
DA:264,36
DA:265,36
DA:266,0
DA:267,0
DA:271,36
DA:272,0
DA:273,0
DA:277,0
DA:280,14
DA:288,14
DA:290,14
DA:291,14
DA:292,0
DA:293,0
DA:297,14
DA:298,14
DA:299,14
DA:300,0
DA:305,14
DA:306,14
DA:316,14
DA:317,14
DA:318,0
DA:319,0
DA:322,14
DA:323,1
DA:327,14
DA:328,14
DA:331,14
DA:333,14
DA:343,44
DA:345,16
DA:346,30
DA:347,0
DA:351,30
DA:352,0
DA:356,30
DA:357,2
DA:367,9
DA:368,0
DA:371,9
DA:372,0
DA:382,121
DA:383,121
DA:384,114
DA:386,7
DA:396,14
DA:404,7
DA:412,20
DA:419,14
DA:420,14
DA:427,14
DA:428,14
DA:429,14
DA:430,14
DA:431,14
DA:432,14
DA:442,14
DA:443,14
DA:444,14
DA:445,14
DA:446,1
DA:447,1
DA:449,13
DA:450,0
DA:451,0
DA:455,14
DA:456,14
DA:457,13
DA:467,34
DA:468,21
DA:469,0
DA:471,21
DA:472,0
DA:475,34
DA:482,14
DA:495,14
DA:510,6
LF:195
LH:139
BRDA:80,0,0,14
BRDA:80,0,1,0
BRDA:81,1,0,14
BRDA:81,1,1,0
BRDA:82,2,0,14
BRDA:82,2,1,0
BRDA:85,3,0,0
BRDA:85,3,1,14
BRDA:86,4,0,0
BRDA:86,4,1,0
BRDA:93,5,0,0
BRDA:93,5,1,14
BRDA:94,6,0,0
BRDA:94,6,1,0
BRDA:101,7,0,14
BRDA:101,7,1,0
BRDA:113,8,0,0
BRDA:113,8,1,14
BRDA:114,9,0,0
BRDA:114,9,1,0
BRDA:118,10,0,14
BRDA:118,10,1,0
BRDA:121,11,0,0
BRDA:121,11,1,0
BRDA:127,12,0,0
BRDA:127,12,1,14
BRDA:128,13,0,0
BRDA:128,13,1,0
BRDA:132,14,0,14
BRDA:132,14,1,0
BRDA:135,15,0,0
BRDA:135,15,1,0
BRDA:141,16,0,0
BRDA:141,16,1,14
BRDA:142,17,0,0
BRDA:142,17,1,0
BRDA:146,18,0,14
BRDA:146,18,1,0
BRDA:146,19,0,0
BRDA:146,19,1,0
BRDA:149,20,0,0
BRDA:149,20,1,0
BRDA:155,21,0,14
BRDA:155,21,1,0
BRDA:159,22,0,9
BRDA:159,22,1,5
BRDA:160,23,0,9
BRDA:160,23,1,0
BRDA:163,24,0,9
BRDA:163,24,1,0
BRDA:165,25,0,5
BRDA:165,25,1,0
BRDA:170,26,0,0
BRDA:170,26,1,0
BRDA:177,27,0,1
BRDA:177,27,1,13
BRDA:177,28,0,14
BRDA:177,28,1,14
BRDA:178,29,0,1
BRDA:178,29,1,0
BRDA:180,30,0,13
BRDA:180,30,1,0
BRDA:181,31,0,13
BRDA:181,31,1,0
BRDA:184,32,0,0
BRDA:184,32,1,0
BRDA:188,33,0,14
BRDA:188,33,1,0
BRDA:197,34,0,0
BRDA:197,34,1,14
BRDA:210,35,0,36
BRDA:210,35,1,0
BRDA:213,36,0,27
BRDA:213,36,1,9
BRDA:215,37,0,5
BRDA:215,37,1,22
BRDA:221,38,0,36
BRDA:221,38,1,0
BRDA:223,39,0,94
BRDA:223,39,1,0
BRDA:224,40,0,2
BRDA:224,40,1,92
BRDA:225,41,0,2
BRDA:225,41,1,0
BRDA:237,42,0,0
BRDA:237,42,1,14
BRDA:242,43,0,36
BRDA:242,43,1,0
BRDA:244,44,0,0
BRDA:244,44,1,21
BRDA:244,45,0,21
BRDA:244,45,1,0
BRDA:245,46,0,0
BRDA:245,46,1,0
BRDA:257,47,0,0
BRDA:257,47,1,14
BRDA:264,48,0,36
BRDA:264,48,1,0
BRDA:265,49,0,0
BRDA:265,49,1,36
BRDA:271,50,0,0
BRDA:271,50,1,36
BRDA:271,51,0,36
BRDA:271,51,1,25
BRDA:288,52,0,0
BRDA:288,52,1,14
BRDA:291,53,0,0
BRDA:291,53,1,14
BRDA:291,54,0,14
BRDA:291,54,1,14
BRDA:297,55,0,14
BRDA:297,55,1,0
BRDA:299,56,0,0
BRDA:299,56,1,14
BRDA:317,57,0,0
BRDA:317,57,1,14
BRDA:322,58,0,1
BRDA:322,58,1,13
BRDA:327,59,0,14
BRDA:327,59,1,0
BRDA:331,60,0,0
BRDA:331,60,1,14
BRDA:343,61,0,16
BRDA:343,61,1,0
BRDA:346,62,0,0
BRDA:346,62,1,30
BRDA:351,63,0,0
BRDA:351,63,1,30
BRDA:351,64,0,30
BRDA:351,64,1,28
BRDA:356,65,0,2
BRDA:356,65,1,28
BRDA:356,66,0,30
BRDA:356,66,1,30
BRDA:367,67,0,0
BRDA:367,67,1,9
BRDA:367,68,0,9
BRDA:367,68,1,9
BRDA:371,69,0,0
BRDA:371,69,1,9
BRDA:371,70,0,9
BRDA:371,70,1,9
BRDA:443,71,0,14
BRDA:443,71,1,0
BRDA:443,72,0,14
BRDA:443,72,1,14
BRDA:445,73,0,1
BRDA:445,73,1,13
BRDA:449,74,0,0
BRDA:449,74,1,13
BRDA:449,75,0,13
BRDA:449,75,1,13
BRDA:456,76,0,13
BRDA:456,76,1,1
BRDA:468,77,0,0
BRDA:468,77,1,21
BRDA:471,78,0,0
BRDA:471,78,1,21
BRDA:471,79,0,21
BRDA:471,79,1,21
BRDA:482,80,0,14
BRDA:482,80,1,12
BRDA:482,80,2,12
BRDA:482,80,3,12
BRDA:482,80,4,12
BRDA:482,80,5,0
BRF:166
BRH:92
end_of_record
TN:
SF:src\main\services\scorm\cam\index.js
FN:32,(anonymous_0)
FN:55,(anonymous_1)
FN:94,(anonymous_2)
FN:95,(anonymous_3)
FN:100,(anonymous_4)
FN:103,(anonymous_5)
FN:180,(anonymous_6)
FN:181,(anonymous_7)
FN:190,(anonymous_8)
FN:207,(anonymous_9)
FN:228,(anonymous_10)
FN:240,(anonymous_11)
FN:255,(anonymous_12)
FN:256,(anonymous_13)
FN:261,(anonymous_14)
FN:369,(anonymous_15)
FN:377,(anonymous_16)
FN:408,(anonymous_17)
FN:412,(anonymous_18)
FN:444,(anonymous_19)
FN:483,(anonymous_20)
FN:501,(anonymous_21)
FN:519,(anonymous_22)
FN:528,(anonymous_23)
FN:536,(anonymous_24)
FN:554,(anonymous_25)
FN:556,(anonymous_26)
FN:557,(anonymous_27)
FN:567,(anonymous_28)
FN:626,(anonymous_29)
FN:630,(anonymous_30)
FN:634,(anonymous_31)
FN:670,(anonymous_32)
FN:674,(anonymous_33)
FN:722,(anonymous_34)
FN:739,(anonymous_35)
FN:740,(anonymous_36)
FN:741,(anonymous_37)
FN:753,(anonymous_38)
FNF:39
FNH:21
FNDA:15,(anonymous_0)
FNDA:14,(anonymous_1)
FNDA:26,(anonymous_2)
FNDA:45,(anonymous_3)
FNDA:13,(anonymous_4)
FNDA:19,(anonymous_5)
FNDA:67,(anonymous_6)
FNDA:352,(anonymous_7)
FNDA:13,(anonymous_8)
FNDA:28,(anonymous_9)
FNDA:15,(anonymous_10)
FNDA:3,(anonymous_11)
FNDA:26,(anonymous_12)
FNDA:28,(anonymous_13)
FNDA:13,(anonymous_14)
FNDA:11,(anonymous_15)
FNDA:0,(anonymous_16)
FNDA:0,(anonymous_17)
FNDA:39,(anonymous_18)
FNDA:0,(anonymous_19)
FNDA:1,(anonymous_20)
FNDA:1,(anonymous_21)
FNDA:1,(anonymous_22)
FNDA:0,(anonymous_23)
FNDA:1,(anonymous_24)
FNDA:0,(anonymous_25)
FNDA:0,(anonymous_26)
FNDA:0,(anonymous_27)
FNDA:0,(anonymous_28)
FNDA:0,(anonymous_29)
FNDA:0,(anonymous_30)
FNDA:0,(anonymous_31)
FNDA:0,(anonymous_32)
FNDA:0,(anonymous_33)
FNDA:0,(anonymous_34)
FNDA:0,(anonymous_35)
FNDA:0,(anonymous_36)
FNDA:0,(anonymous_37)
FNDA:0,(anonymous_38)
DA:16,5
DA:17,5
DA:18,5
DA:19,5
DA:20,5
DA:24,5
DA:33,15
DA:35,15
DA:36,15
DA:41,15
DA:42,15
DA:43,15
DA:44,15
DA:46,15
DA:56,14
DA:57,14
DA:60,14
DA:61,14
DA:64,14
DA:65,0
DA:66,0
DA:69,14
DA:70,0
DA:71,0
DA:74,14
DA:75,0
DA:76,0
DA:80,14
DA:82,14
DA:83,14
DA:84,13
DA:85,13
DA:93,13
DA:94,26
DA:95,45
DA:96,13
DA:97,13
DA:98,13
DA:99,13
DA:100,13
DA:102,13
DA:103,19
DA:104,13
DA:105,13
DA:116,13
DA:118,0
DA:122,1
DA:133,1
DA:135,1
DA:136,1
DA:138,0
DA:146,13
DA:147,0
DA:148,0
DA:151,13
DA:152,0
DA:153,0
DA:157,13
DA:159,13
DA:160,13
DA:161,13
DA:163,0
DA:164,0
DA:168,13
DA:170,13
DA:171,13
DA:172,13
DA:174,0
DA:175,0
DA:179,13
DA:180,67
DA:181,352
DA:183,13
DA:186,13
DA:187,13
DA:188,13
DA:189,13
DA:190,13
DA:194,13
DA:195,13
DA:196,13
DA:197,33
DA:198,33
DA:199,33
DA:202,33
DA:203,33
DA:207,13
DA:208,28
DA:209,28
DA:210,28
DA:211,28
DA:212,28
DA:214,28
DA:215,26
DA:216,26
DA:217,26
DA:218,26
DA:221,28
DA:222,28
DA:225,13
DA:228,13
DA:229,15
DA:230,12
DA:231,10
DA:233,2
DA:234,2
DA:236,4
DA:238,13
DA:239,13
DA:240,3
DA:241,3
DA:242,1
DA:243,1
DA:245,0
DA:246,0
DA:248,2
DA:250,3
DA:254,13
DA:255,26
DA:256,28
DA:257,13
DA:258,13
DA:259,13
DA:260,13
DA:261,13
DA:263,13
DA:264,13
DA:265,2
DA:266,2
DA:280,2
DA:281,2
DA:286,11
DA:287,11
DA:289,2
DA:291,2
DA:292,2
DA:297,11
DA:299,11
DA:300,11
DA:301,11
DA:303,0
DA:305,0
DA:309,11
DA:311,11
DA:312,11
DA:315,11
DA:318,11
DA:332,11
DA:340,11
DA:341,11
DA:344,3
DA:345,3
DA:351,3
DA:352,3
DA:355,3
DA:356,3
DA:360,0
DA:370,11
DA:372,11
DA:377,11
DA:378,11
DA:381,11
DA:382,11
DA:383,11
DA:386,11
DA:387,11
DA:388,11
DA:390,11
DA:393,11
DA:395,11
DA:396,11
DA:397,0
DA:398,0
DA:399,0
DA:400,0
DA:401,0
DA:402,0
DA:403,0
DA:404,0
DA:405,0
DA:407,0
DA:408,0
DA:412,11
DA:413,39
DA:414,39
DA:415,39
DA:416,28
DA:418,39
DA:419,11
DA:422,39
DA:423,39
DA:425,39
DA:427,11
DA:431,11
DA:432,11
DA:433,11
DA:434,11
DA:435,0
DA:436,11
DA:437,11
DA:438,0
DA:439,0
DA:440,0
DA:441,0
DA:442,0
DA:443,0
DA:444,0
DA:448,11
DA:452,11
DA:456,11
DA:461,11
DA:463,0
DA:465,0
DA:484,1
DA:485,1
DA:486,1
DA:487,1
DA:489,0
DA:490,0
DA:491,0
DA:502,1
DA:503,1
DA:504,1
DA:505,1
DA:507,0
DA:508,0
DA:509,0
DA:520,1
DA:529,0
DA:537,1
DA:556,0
DA:557,0
DA:561,0
DA:562,0
DA:563,0
DA:566,0
DA:567,0
DA:568,0
DA:569,0
DA:570,0
DA:571,0
DA:572,0
DA:573,0
DA:574,0
DA:577,0
DA:578,0
DA:579,0
DA:580,0
DA:581,0
DA:583,0
DA:584,0
DA:586,0
DA:596,0
DA:610,0
DA:621,0
DA:622,0
DA:623,0
DA:624,0
DA:625,0
DA:626,0
DA:628,0
DA:630,0
DA:634,0
DA:635,0
DA:636,0
DA:639,0
DA:641,0
DA:642,0
DA:643,0
DA:644,0
DA:645,0
DA:646,0
DA:647,0
DA:649,0
DA:650,0
DA:651,0
DA:659,0
DA:666,0
DA:670,0
DA:671,0
DA:672,0
DA:673,0
DA:674,0
DA:675,0
DA:676,0
DA:677,0
DA:678,0
DA:679,0
DA:680,0
DA:683,0
DA:684,0
DA:685,0
DA:686,0
DA:687,0
DA:689,0
DA:690,0
DA:691,0
DA:694,0
DA:705,0
DA:707,0
DA:709,0
DA:712,0
DA:717,0
DA:719,0
DA:722,0
DA:724,0
DA:725,0
DA:726,0
DA:727,0
DA:728,0
DA:732,0
DA:740,0
DA:741,0
DA:744,0
DA:745,0
DA:746,0
DA:747,0
DA:749,0
DA:750,0
DA:752,0
DA:753,0
DA:756,0
DA:757,0
DA:758,0
DA:759,0
DA:760,0
DA:761,0
DA:762,0
DA:764,0
DA:765,0
DA:774,0
DA:775,0
DA:779,5
LF:333
LH:182
BRDA:36,0,0,4
BRDA:36,0,1,11
BRDA:36,1,0,15
BRDA:36,1,1,4
BRDA:60,2,0,14
BRDA:60,2,1,0
BRDA:64,3,0,0
BRDA:64,3,1,14
BRDA:69,4,0,0
BRDA:69,4,1,14
BRDA:74,5,0,0
BRDA:74,5,1,14
BRDA:94,6,0,26
BRDA:94,6,1,0
BRDA:94,7,0,0
BRDA:94,7,1,0
BRDA:95,8,0,45
BRDA:95,9,0,45
BRDA:95,9,1,0
BRDA:95,10,0,45
BRDA:95,10,1,45
BRDA:96,11,0,13
BRDA:96,11,1,0
BRDA:99,12,0,13
BRDA:99,12,1,0
BRDA:100,13,0,13
BRDA:100,13,1,0
BRDA:100,14,0,13
BRDA:100,14,1,13
BRDA:101,15,0,0
BRDA:101,15,1,0
BRDA:102,16,0,13
BRDA:102,16,1,0
BRDA:103,17,0,19
BRDA:103,17,1,0
BRDA:103,17,2,0
BRDA:110,18,0,13
BRDA:110,18,1,0
BRDA:111,19,0,13
BRDA:111,19,1,0
BRDA:111,19,2,0
BRDA:118,20,0,0
BRDA:118,20,1,0
BRDA:125,21,0,1
BRDA:125,21,1,0
BRDA:126,22,0,1
BRDA:126,22,1,0
BRDA:135,23,0,1
BRDA:135,23,1,0
BRDA:140,24,0,0
BRDA:140,24,1,0
BRDA:146,25,0,0
BRDA:146,25,1,13
BRDA:151,26,0,0
BRDA:151,26,1,13
BRDA:180,27,0,67
BRDA:180,27,1,0
BRDA:180,28,0,0
BRDA:180,28,1,0
BRDA:181,29,0,324
BRDA:181,30,0,334
BRDA:181,30,1,18
BRDA:181,31,0,352
BRDA:181,31,1,334
BRDA:183,32,0,13
BRDA:183,32,1,0
BRDA:186,33,0,13
BRDA:186,33,1,0
BRDA:189,34,0,13
BRDA:189,34,1,0
BRDA:190,35,0,13
BRDA:190,35,1,0
BRDA:190,36,0,13
BRDA:190,36,1,13
BRDA:191,37,0,0
BRDA:191,37,1,0
BRDA:198,38,0,0
BRDA:198,38,1,33
BRDA:199,39,0,25
BRDA:199,39,1,8
BRDA:199,40,0,33
BRDA:199,40,1,33
BRDA:203,41,0,33
BRDA:203,41,1,8
BRDA:203,42,0,33
BRDA:203,42,1,0
BRDA:208,43,0,28
BRDA:208,43,1,0
BRDA:208,43,2,0
BRDA:214,44,0,26
BRDA:214,44,1,2
BRDA:214,45,0,28
BRDA:214,45,1,26
BRDA:218,46,0,25
BRDA:218,46,1,1
BRDA:218,47,0,1
BRDA:218,47,1,0
BRDA:225,48,0,13
BRDA:225,48,1,0
BRDA:229,49,0,15
BRDA:229,49,1,0
BRDA:230,50,0,10
BRDA:230,50,1,2
BRDA:230,51,0,12
BRDA:230,51,1,11
BRDA:230,52,0,11
BRDA:230,52,1,0
BRDA:231,53,0,10
BRDA:231,53,1,0
BRDA:231,53,2,0
BRDA:231,54,0,10
BRDA:231,54,1,0
BRDA:231,54,2,0
BRDA:234,55,0,1
BRDA:234,55,1,1
BRDA:239,56,0,3
BRDA:239,56,1,10
BRDA:241,57,0,3
BRDA:241,57,1,0
BRDA:242,58,0,1
BRDA:242,58,1,0
BRDA:243,59,0,1
BRDA:243,59,1,0
BRDA:243,59,2,0
BRDA:243,60,0,1
BRDA:243,60,1,0
BRDA:243,60,2,0
BRDA:246,61,0,0
BRDA:246,61,1,0
BRDA:255,62,0,26
BRDA:255,62,1,0
BRDA:255,63,0,0
BRDA:255,63,1,0
BRDA:256,64,0,28
BRDA:256,65,0,28
BRDA:256,65,1,0
BRDA:256,66,0,28
BRDA:256,66,1,28
BRDA:257,67,0,13
BRDA:257,67,1,0
BRDA:260,68,0,13
BRDA:260,68,1,0
BRDA:261,69,0,13
BRDA:261,69,1,0
BRDA:261,70,0,13
BRDA:261,70,1,13
BRDA:262,71,0,0
BRDA:262,71,1,0
BRDA:264,72,0,2
BRDA:264,72,1,11
BRDA:264,73,0,13
BRDA:264,73,1,13
BRDA:267,74,0,2
BRDA:267,74,1,0
BRDA:271,75,0,2
BRDA:271,75,1,0
BRDA:271,75,2,0
BRDA:280,76,0,2
BRDA:280,76,1,0
BRDA:280,77,0,2
BRDA:280,77,1,2
BRDA:280,77,2,0
BRDA:287,78,0,11
BRDA:287,78,1,0
BRDA:289,79,0,2
BRDA:289,79,1,0
BRDA:291,80,0,2
BRDA:291,80,1,0
BRDA:291,81,0,2
BRDA:291,81,1,2
BRDA:291,81,2,0
BRDA:312,82,0,11
BRDA:312,82,1,0
BRDA:315,83,0,11
BRDA:315,83,1,0
BRDA:321,84,0,11
BRDA:321,84,1,0
BRDA:324,85,0,11
BRDA:324,85,1,0
BRDA:346,86,0,3
BRDA:346,86,1,0
BRDA:347,87,0,3
BRDA:347,87,1,0
BRDA:348,88,0,3
BRDA:348,88,1,0
BRDA:349,89,0,3
BRDA:349,89,1,0
BRDA:355,90,0,3
BRDA:355,90,1,0
BRDA:355,91,0,3
BRDA:355,91,1,3
BRDA:355,91,2,0
BRDA:377,92,0,0
BRDA:377,92,1,0
BRDA:377,93,0,0
BRDA:377,93,1,0
BRDA:381,94,0,11
BRDA:381,94,1,0
BRDA:382,95,0,11
BRDA:382,95,1,0
BRDA:383,96,0,11
BRDA:383,96,1,3
BRDA:388,97,0,11
BRDA:388,97,1,0
BRDA:393,98,0,11
BRDA:393,98,1,0
BRDA:395,99,0,11
BRDA:395,99,1,0
BRDA:397,100,0,0
BRDA:397,100,1,0
BRDA:399,101,0,0
BRDA:399,101,1,0
BRDA:401,102,0,0
BRDA:401,102,1,0
BRDA:403,103,0,0
BRDA:403,103,1,0
BRDA:405,104,0,0
BRDA:405,104,1,0
BRDA:408,105,0,0
BRDA:408,105,1,0
BRDA:408,105,2,0
BRDA:408,105,3,0
BRDA:408,105,4,0
BRDA:413,106,0,0
BRDA:413,106,1,39
BRDA:413,107,0,39
BRDA:413,107,1,39
BRDA:415,108,0,28
BRDA:415,108,1,11
BRDA:415,109,0,39
BRDA:415,109,1,28
BRDA:418,110,0,11
BRDA:418,110,1,28
BRDA:418,111,0,39
BRDA:418,111,1,11
BRDA:422,112,0,39
BRDA:422,112,1,0
BRDA:432,113,0,11
BRDA:432,113,1,0
BRDA:434,114,0,0
BRDA:434,114,1,11
BRDA:436,115,0,11
BRDA:436,115,1,0
BRDA:438,116,0,0
BRDA:438,116,1,0
BRDA:440,117,0,0
BRDA:440,117,1,0
BRDA:442,118,0,0
BRDA:442,118,1,0
BRDA:444,119,0,0
BRDA:444,119,1,0
BRDA:444,119,2,0
BRDA:444,119,3,0
BRDA:448,120,0,11
BRDA:448,120,1,0
BRDA:448,121,0,11
BRDA:448,121,1,0
BRDA:449,122,0,11
BRDA:449,122,1,0
BRDA:452,123,0,11
BRDA:452,123,1,0
BRDA:454,124,0,0
BRDA:454,124,1,0
BRDA:457,125,0,11
BRDA:457,125,1,0
BRDA:458,126,0,11
BRDA:458,126,1,0
BRDA:466,127,0,0
BRDA:466,127,1,0
BRDA:467,128,0,0
BRDA:467,128,1,0
BRDA:468,129,0,0
BRDA:468,129,1,0
BRDA:469,130,0,0
BRDA:469,130,1,0
BRDA:471,131,0,0
BRDA:471,131,1,0
BRDA:472,132,0,0
BRDA:472,132,1,0
BRDA:546,133,0,1
BRDA:546,133,1,0
BRDA:556,134,0,0
BRDA:556,134,1,0
BRDA:556,135,0,0
BRDA:556,135,1,0
BRDA:557,136,0,0
BRDA:557,137,0,0
BRDA:557,137,1,0
BRDA:557,138,0,0
BRDA:557,138,1,0
BRDA:566,139,0,0
BRDA:566,139,1,0
BRDA:566,139,2,0
BRDA:566,139,3,0
BRDA:570,140,0,0
BRDA:570,140,1,0
BRDA:571,141,0,0
BRDA:571,141,1,0
BRDA:579,142,0,0
BRDA:579,142,1,0
BRDA:580,143,0,0
BRDA:580,143,1,0
BRDA:580,143,2,0
BRDA:580,143,3,0
BRDA:583,144,0,0
BRDA:583,144,1,0
BRDA:587,145,0,0
BRDA:587,145,1,0
BRDA:587,145,2,0
BRDA:587,145,3,0
BRDA:587,145,4,0
BRDA:587,145,5,0
BRDA:587,145,6,0
BRDA:599,146,0,0
BRDA:599,146,1,0
BRDA:600,147,0,0
BRDA:600,147,1,0
BRDA:600,147,2,0
BRDA:600,147,3,0
BRDA:612,148,0,0
BRDA:612,148,1,0
BRDA:613,149,0,0
BRDA:613,149,1,0
BRDA:614,150,0,0
BRDA:614,150,1,0
BRDA:615,151,0,0
BRDA:615,151,1,0
BRDA:616,152,0,0
BRDA:616,152,1,0
BRDA:625,153,0,0
BRDA:625,153,1,0
BRDA:626,154,0,0
BRDA:626,154,1,0
BRDA:628,155,0,0
BRDA:628,155,1,0
BRDA:628,156,0,0
BRDA:628,156,1,0
BRDA:630,157,0,0
BRDA:630,157,1,0
BRDA:630,158,0,0
BRDA:630,158,1,0
BRDA:630,159,0,0
BRDA:630,159,1,0
BRDA:630,160,0,0
BRDA:630,160,1,0
BRDA:630,160,2,0
BRDA:635,161,0,0
BRDA:635,161,1,0
BRDA:639,162,0,0
BRDA:639,162,1,0
BRDA:645,163,0,0
BRDA:645,163,1,0
BRDA:646,164,0,0
BRDA:646,164,1,0
BRDA:647,165,0,0
BRDA:647,165,1,0
BRDA:648,166,0,0
BRDA:648,166,1,0
BRDA:648,166,2,0
BRDA:649,167,0,0
BRDA:649,167,1,0
BRDA:650,168,0,0
BRDA:650,168,1,0
BRDA:650,168,2,0
BRDA:650,168,3,0
BRDA:652,169,0,0
BRDA:652,169,1,0
BRDA:654,170,0,0
BRDA:654,170,1,0
BRDA:661,171,0,0
BRDA:661,171,1,0
BRDA:661,171,2,0
BRDA:662,172,0,0
BRDA:662,172,1,0
BRDA:672,173,0,0
BRDA:672,173,1,0
BRDA:672,173,2,0
BRDA:672,173,3,0
BRDA:672,174,0,0
BRDA:672,174,1,0
BRDA:676,175,0,0
BRDA:676,175,1,0
BRDA:678,176,0,0
BRDA:678,176,1,0
BRDA:685,177,0,0
BRDA:685,177,1,0
BRDA:687,178,0,0
BRDA:687,178,1,0
BRDA:691,179,0,0
BRDA:691,179,1,0
BRDA:691,180,0,0
BRDA:691,180,1,0
BRDA:695,181,0,0
BRDA:695,181,1,0
BRDA:697,182,0,0
BRDA:697,182,1,0
BRDA:698,183,0,0
BRDA:698,183,1,0
BRDA:699,184,0,0
BRDA:699,184,1,0
BRDA:700,185,0,0
BRDA:700,185,1,0
BRDA:701,186,0,0
BRDA:701,186,1,0
BRDA:705,187,0,0
BRDA:705,187,1,0
BRDA:707,188,0,0
BRDA:707,188,1,0
BRDA:717,189,0,0
BRDA:717,189,1,0
BRDA:725,190,0,0
BRDA:725,190,1,0
BRDA:727,191,0,0
BRDA:727,191,1,0
BRDA:740,192,0,0
BRDA:740,192,1,0
BRDA:740,193,0,0
BRDA:740,193,1,0
BRDA:741,194,0,0
BRDA:741,195,0,0
BRDA:741,195,1,0
BRDA:741,196,0,0
BRDA:741,196,1,0
BRDA:745,197,0,0
BRDA:745,197,1,0
BRDA:747,198,0,0
BRDA:747,198,1,0
BRDA:750,199,0,0
BRDA:750,199,1,0
BRDA:750,200,0,0
BRDA:750,200,1,0
BRDA:753,201,0,0
BRDA:753,201,1,0
BRDA:753,201,2,0
BRDA:759,202,0,0
BRDA:759,202,1,0
BRDA:761,203,0,0
BRDA:761,203,1,0
BRDA:761,203,2,0
BRDA:761,203,3,0
BRDA:762,204,0,0
BRDA:762,204,1,0
BRDA:763,205,0,0
BRDA:763,205,1,0
BRDA:763,205,2,0
BRDA:764,206,0,0
BRDA:764,206,1,0
BRDA:768,207,0,0
BRDA:768,207,1,0
BRF:449
BRH:136
end_of_record
TN:
SF:src\main\services\scorm\cam\manifest-parser.js
FN:39,(anonymous_0)
FN:43,(anonymous_1)
FN:53,(anonymous_2)
FN:62,(anonymous_3)
FN:90,(anonymous_4)
FN:106,(anonymous_5)
FN:219,(anonymous_6)
FN:257,(anonymous_7)
FN:275,(anonymous_8)
FN:305,(anonymous_9)
FN:310,(anonymous_10)
FN:327,(anonymous_11)
FN:346,(anonymous_12)
FN:387,(anonymous_13)
FN:392,(anonymous_14)
FN:441,(anonymous_15)
FN:452,(anonymous_16)
FN:485,(anonymous_17)
FN:524,(anonymous_18)
FN:533,(anonymous_19)
FN:542,(anonymous_20)
FN:555,(anonymous_21)
FN:592,(anonymous_22)
FN:616,(anonymous_23)
FN:633,(anonymous_24)
FN:649,(anonymous_25)
FN:672,(anonymous_26)
FN:684,(anonymous_27)
FN:707,(anonymous_28)
FN:724,(anonymous_29)
FN:741,(anonymous_30)
FN:749,(anonymous_31)
FN:763,(anonymous_32)
FN:778,(anonymous_33)
FN:794,(anonymous_34)
FN:815,(anonymous_35)
FN:835,(anonymous_36)
FN:842,(anonymous_37)
FN:852,(anonymous_38)
FN:870,(anonymous_39)
FN:889,(anonymous_40)
FN:907,(anonymous_41)
FN:924,(anonymous_42)
FN:933,(anonymous_43)
FN:945,(anonymous_44)
FN:952,(anonymous_45)
FN:965,(anonymous_46)
FN:971,(anonymous_47)
FN:976,(anonymous_48)
FN:989,(anonymous_49)
FN:994,(anonymous_50)
FN:996,(anonymous_51)
FN:997,(anonymous_52)
FN:998,(anonymous_53)
FN:1016,(anonymous_54)
FN:1020,(anonymous_55)
FN:1040,(anonymous_56)
FN:1056,(anonymous_57)
FN:1060,(anonymous_58)
FN:1074,(anonymous_59)
FN:1078,(anonymous_60)
FN:1090,(anonymous_61)
FN:1094,(anonymous_62)
FN:1096,(anonymous_63)
FN:1098,(anonymous_64)
FN:1104,(anonymous_65)
FN:1114,(anonymous_66)
FN:1131,(anonymous_67)
FN:1146,(anonymous_68)
FN:1161,(anonymous_69)
FN:1175,(anonymous_70)
FN:1194,(anonymous_71)
FNF:72
FNH:40
FNDA:56,(anonymous_0)
FNDA:4,(anonymous_1)
FNDA:4,(anonymous_2)
FNDA:0,(anonymous_3)
FNDA:2,(anonymous_4)
FNDA:48,(anonymous_5)
FNDA:32,(anonymous_6)
FNDA:169,(anonymous_7)
FNDA:39,(anonymous_8)
FNDA:27,(anonymous_9)
FNDA:1,(anonymous_10)
FNDA:37,(anonymous_11)
FNDA:35,(anonymous_12)
FNDA:52,(anonymous_13)
FNDA:209,(anonymous_14)
FNDA:850,(anonymous_15)
FNDA:726,(anonymous_16)
FNDA:343,(anonymous_17)
FNDA:134,(anonymous_18)
FNDA:151,(anonymous_19)
FNDA:74,(anonymous_20)
FNDA:79,(anonymous_21)
FNDA:79,(anonymous_22)
FNDA:51,(anonymous_23)
FNDA:51,(anonymous_24)
FNDA:15,(anonymous_25)
FNDA:34,(anonymous_26)
FNDA:14,(anonymous_27)
FNDA:14,(anonymous_28)
FNDA:6,(anonymous_29)
FNDA:3,(anonymous_30)
FNDA:8,(anonymous_31)
FNDA:3,(anonymous_32)
FNDA:14,(anonymous_33)
FNDA:14,(anonymous_34)
FNDA:0,(anonymous_35)
FNDA:14,(anonymous_36)
FNDA:0,(anonymous_37)
FNDA:8,(anonymous_38)
FNDA:8,(anonymous_39)
FNDA:14,(anonymous_40)
FNDA:14,(anonymous_41)
FNDA:0,(anonymous_42)
FNDA:0,(anonymous_43)
FNDA:0,(anonymous_44)
FNDA:0,(anonymous_45)
FNDA:0,(anonymous_46)
FNDA:0,(anonymous_47)
FNDA:0,(anonymous_48)
FNDA:0,(anonymous_49)
FNDA:0,(anonymous_50)
FNDA:0,(anonymous_51)
FNDA:0,(anonymous_52)
FNDA:0,(anonymous_53)
FNDA:0,(anonymous_54)
FNDA:0,(anonymous_55)
FNDA:0,(anonymous_56)
FNDA:0,(anonymous_57)
FNDA:0,(anonymous_58)
FNDA:0,(anonymous_59)
FNDA:0,(anonymous_60)
FNDA:0,(anonymous_61)
FNDA:0,(anonymous_62)
FNDA:0,(anonymous_63)
FNDA:0,(anonymous_64)
FNDA:0,(anonymous_65)
FNDA:0,(anonymous_66)
FNDA:0,(anonymous_67)
FNDA:0,(anonymous_68)
FNDA:0,(anonymous_69)
FNDA:0,(anonymous_70)
FNDA:37,(anonymous_71)
DA:19,8
DA:20,8
DA:21,8
DA:22,8
DA:23,8
DA:29,8
DA:30,8
DA:40,56
DA:41,56
DA:45,4
DA:50,4
DA:51,4
DA:54,4
DA:59,4
DA:60,4
DA:63,0
DA:68,0
DA:69,0
DA:75,56
DA:91,2
DA:92,2
DA:93,1
DA:95,1
DA:96,1
DA:107,48
DA:108,48
DA:110,48
DA:111,3
DA:116,3
DA:117,3
DA:120,45
DA:122,45
DA:123,41
DA:125,41
DA:126,41
DA:127,0
DA:128,0
DA:129,0
DA:131,0
DA:136,0
DA:137,0
DA:140,41
DA:141,0
DA:145,0
DA:146,0
DA:149,41
DA:150,41
DA:151,2
DA:156,2
DA:157,2
DA:160,39
DA:161,39
DA:164,39
DA:166,39
DA:167,39
DA:170,0
DA:173,39
DA:174,35
DA:177,34
DA:178,34
DA:179,51
DA:182,34
DA:183,34
DA:185,0
DA:186,0
DA:190,34
DA:191,34
DA:192,35
DA:194,34
DA:195,41
DA:196,39
DA:197,2
DA:202,2
DA:203,2
DA:208,32
DA:218,32
DA:219,32
DA:220,32
DA:222,32
DA:235,32
DA:237,16
DA:238,0
DA:243,0
DA:244,0
DA:246,16
DA:247,16
DA:258,169
DA:259,169
DA:261,15
DA:277,39
DA:278,39
DA:279,2
DA:286,37
DA:290,37
DA:291,37
DA:292,37
DA:293,37
DA:296,37
DA:297,1
DA:304,36
DA:305,27
DA:306,27
DA:307,1
DA:310,1
DA:315,35
DA:328,37
DA:348,35
DA:349,35
DA:350,0
DA:357,35
DA:358,35
DA:360,35
DA:361,35
DA:362,52
DA:363,51
DA:364,51
DA:365,0
DA:370,51
DA:372,51
DA:373,2
DA:375,51
DA:378,34
DA:388,52
DA:389,52
DA:392,52
DA:393,209
DA:394,209
DA:395,52
DA:396,52
DA:397,52
DA:398,52
DA:401,157
DA:403,52
DA:404,52
DA:405,52
DA:406,52
DA:409,52
DA:410,0
DA:415,52
DA:416,1
DA:422,51
DA:442,850
DA:453,726
DA:454,726
DA:455,726
DA:457,726
DA:458,726
DA:459,2828
DA:460,2828
DA:462,1124
DA:463,1124
DA:465,1124
DA:466,254
DA:467,121
DA:468,44
DA:470,77
DA:471,72
DA:474,133
DA:478,477
DA:486,343
DA:487,343
DA:489,343
DA:490,343
DA:492,343
DA:493,343
DA:494,1529
DA:495,1529
DA:497,600
DA:498,600
DA:500,600
DA:501,285
DA:502,138
DA:503,9
DA:504,9
DA:506,129
DA:507,129
DA:508,129
DA:511,147
DA:515,343
DA:525,134
DA:526,134
DA:527,110
DA:528,110
DA:535,151
DA:536,220
DA:537,220
DA:539,69
DA:543,74
DA:544,76
DA:545,76
DA:547,2
DA:556,79
DA:557,79
DA:559,79
DA:560,79
DA:561,42
DA:562,42
DA:563,42
DA:564,0
DA:570,42
DA:573,42
DA:584,79
DA:595,79
DA:597,79
DA:599,14
DA:617,51
DA:618,51
DA:619,51
DA:620,116
DA:625,51
DA:634,51
DA:635,51
DA:636,51
DA:637,25
DA:641,51
DA:650,15
DA:651,15
DA:653,0
DA:676,34
DA:685,14
DA:687,14
DA:689,6
DA:708,14
DA:709,14
DA:711,2
DA:725,6
DA:726,6
DA:727,6
DA:728,3
DA:733,6
DA:742,3
DA:744,3
DA:746,3
DA:749,8
DA:764,3
DA:766,3
DA:768,0
DA:779,14
DA:780,14
DA:782,0
DA:795,14
DA:797,14
DA:799,0
DA:816,0
DA:818,0
DA:820,0
DA:836,14
DA:838,14
DA:840,8
DA:842,0
DA:853,8
DA:855,8
DA:857,8
DA:871,8
DA:873,8
DA:875,8
DA:890,14
DA:892,14
DA:894,0
DA:908,14
DA:910,14
DA:912,0
DA:925,0
DA:926,0
DA:928,0
DA:933,0
DA:946,0
DA:947,0
DA:949,0
DA:952,0
DA:966,0
DA:967,0
DA:969,0
DA:971,0
DA:976,0
DA:990,0
DA:991,0
DA:993,0
DA:994,0
DA:996,0
DA:997,0
DA:998,0
DA:1017,0
DA:1018,0
DA:1020,0
DA:1041,0
DA:1042,0
DA:1044,0
DA:1057,0
DA:1058,0
DA:1060,0
DA:1075,0
DA:1076,0
DA:1078,0
DA:1091,0
DA:1092,0
DA:1094,0
DA:1096,0
DA:1098,0
DA:1104,0
DA:1115,0
DA:1116,0
DA:1117,0
DA:1118,0
DA:1119,0
DA:1132,0
DA:1133,0
DA:1134,0
DA:1147,0
DA:1148,0
DA:1149,0
DA:1162,0
DA:1163,0
DA:1164,0
DA:1176,0
DA:1177,0
DA:1178,0
DA:1179,0
DA:1184,0
DA:1195,37
DA:1196,37
DA:1197,41
DA:1198,41
DA:1199,41
DA:1200,2
DA:1206,8
LF:326
LH:237
BRDA:106,0,0,17
BRDA:108,1,0,48
BRDA:108,1,1,3
BRDA:110,2,0,3
BRDA:110,2,1,45
BRDA:110,3,0,48
BRDA:110,3,1,45
BRDA:126,4,0,0
BRDA:126,4,1,41
BRDA:129,5,0,0
BRDA:129,5,1,0
BRDA:140,6,0,0
BRDA:140,6,1,41
BRDA:149,7,0,41
BRDA:149,7,1,0
BRDA:150,8,0,2
BRDA:150,8,1,39
BRDA:161,9,0,39
BRDA:161,9,1,20
BRDA:170,10,0,0
BRDA:170,10,1,0
BRDA:179,11,0,51
BRDA:179,11,1,0
BRDA:185,12,0,0
BRDA:185,12,1,0
BRDA:191,13,0,34
BRDA:191,13,1,0
BRDA:192,14,0,35
BRDA:192,14,1,0
BRDA:195,15,0,39
BRDA:195,15,1,2
BRDA:196,16,0,2
BRDA:196,16,1,37
BRDA:218,17,0,32
BRDA:218,17,1,0
BRDA:219,18,0,32
BRDA:219,18,1,0
BRDA:219,18,2,0
BRDA:219,19,0,32
BRDA:219,19,1,0
BRDA:219,20,0,0
BRDA:219,20,1,0
BRDA:220,21,0,32
BRDA:220,21,1,0
BRDA:226,22,0,32
BRDA:226,22,1,0
BRDA:229,23,0,32
BRDA:229,23,1,0
BRDA:237,24,0,0
BRDA:237,24,1,16
BRDA:259,25,0,154
BRDA:259,25,1,15
BRDA:278,26,0,2
BRDA:278,26,1,37
BRDA:286,27,0,37
BRDA:286,27,1,0
BRDA:287,28,0,37
BRDA:287,28,1,10
BRDA:296,29,0,1
BRDA:296,29,1,36
BRDA:304,30,0,27
BRDA:304,30,1,9
BRDA:305,31,0,27
BRDA:305,31,1,0
BRDA:306,32,0,1
BRDA:306,32,1,26
BRDA:316,33,0,35
BRDA:316,33,1,9
BRDA:316,33,2,0
BRDA:331,34,0,37
BRDA:331,34,1,37
BRDA:349,35,0,0
BRDA:349,35,1,35
BRDA:363,36,0,51
BRDA:363,36,1,0
BRDA:364,37,0,0
BRDA:364,37,1,51
BRDA:372,38,0,2
BRDA:372,38,1,49
BRDA:388,39,0,52
BRDA:388,39,1,51
BRDA:393,40,0,0
BRDA:393,40,1,209
BRDA:394,41,0,52
BRDA:394,41,1,157
BRDA:394,42,0,209
BRDA:394,42,1,52
BRDA:397,43,0,52
BRDA:397,43,1,0
BRDA:398,44,0,52
BRDA:398,44,1,2
BRDA:398,44,2,2
BRDA:401,45,0,157
BRDA:401,45,1,16
BRDA:401,45,2,16
BRDA:401,46,0,157
BRDA:401,46,1,0
BRDA:404,47,0,52
BRDA:404,47,1,2
BRDA:409,48,0,0
BRDA:409,48,1,52
BRDA:415,49,0,1
BRDA:415,49,1,51
BRDA:415,50,0,52
BRDA:415,50,1,37
BRDA:415,51,0,52
BRDA:415,51,1,2
BRDA:442,52,0,850
BRDA:442,52,1,349
BRDA:453,53,0,0
BRDA:453,53,1,726
BRDA:454,54,0,281
BRDA:454,54,1,445
BRDA:455,55,0,281
BRDA:455,55,1,445
BRDA:457,56,0,726
BRDA:457,56,1,0
BRDA:460,57,0,1704
BRDA:460,57,1,1124
BRDA:460,58,0,2828
BRDA:460,58,1,2828
BRDA:462,59,0,1124
BRDA:462,59,1,0
BRDA:463,60,0,1124
BRDA:463,60,1,905
BRDA:463,61,0,0
BRDA:463,61,1,905
BRDA:465,62,0,254
BRDA:465,62,1,870
BRDA:466,63,0,121
BRDA:466,63,1,133
BRDA:467,64,0,44
BRDA:467,64,1,77
BRDA:470,65,0,72
BRDA:470,65,1,5
BRDA:470,66,0,77
BRDA:470,66,1,77
BRDA:470,66,2,77
BRDA:487,67,0,0
BRDA:487,67,1,343
BRDA:489,68,0,168
BRDA:489,68,1,175
BRDA:490,69,0,168
BRDA:490,69,1,175
BRDA:492,70,0,343
BRDA:492,70,1,0
BRDA:495,71,0,929
BRDA:495,71,1,600
BRDA:495,72,0,1529
BRDA:495,72,1,1529
BRDA:497,73,0,600
BRDA:497,73,1,0
BRDA:498,74,0,600
BRDA:498,74,1,553
BRDA:498,75,0,0
BRDA:498,75,1,553
BRDA:500,76,0,285
BRDA:500,76,1,315
BRDA:501,77,0,138
BRDA:501,77,1,147
BRDA:502,78,0,9
BRDA:502,78,1,129
BRDA:506,79,0,129
BRDA:506,79,1,0
BRDA:506,80,0,129
BRDA:506,80,1,129
BRDA:506,80,2,129
BRDA:526,81,0,24
BRDA:526,81,1,110
BRDA:528,82,0,110
BRDA:528,82,1,0
BRDA:537,83,0,82
BRDA:537,83,1,138
BRDA:545,84,0,72
BRDA:545,84,1,4
BRDA:562,85,0,42
BRDA:562,85,1,0
BRDA:563,86,0,0
BRDA:563,86,1,42
BRDA:567,87,0,0
BRDA:567,87,1,0
BRDA:567,87,2,0
BRDA:595,88,0,79
BRDA:595,88,1,68
BRDA:597,89,0,65
BRDA:597,89,1,14
BRDA:651,90,0,15
BRDA:651,90,1,0
BRDA:685,91,0,14
BRDA:685,91,1,10
BRDA:687,92,0,8
BRDA:687,92,1,6
BRDA:709,93,0,12
BRDA:709,93,1,2
BRDA:742,94,0,3
BRDA:742,94,1,0
BRDA:744,95,0,0
BRDA:744,95,1,3
BRDA:747,96,0,3
BRDA:747,96,1,1
BRDA:751,97,0,8
BRDA:751,97,1,4
BRDA:764,98,0,3
BRDA:764,98,1,3
BRDA:766,99,0,3
BRDA:766,99,1,0
BRDA:780,100,0,14
BRDA:780,100,1,0
BRDA:795,101,0,14
BRDA:795,101,1,14
BRDA:797,102,0,14
BRDA:797,102,1,0
BRDA:816,103,0,0
BRDA:816,103,1,0
BRDA:818,104,0,0
BRDA:818,104,1,0
BRDA:836,105,0,14
BRDA:836,105,1,6
BRDA:838,106,0,6
BRDA:838,106,1,8
BRDA:852,107,0,0
BRDA:853,108,0,8
BRDA:853,108,1,0
BRDA:854,109,0,0
BRDA:854,109,1,0
BRDA:855,110,0,0
BRDA:855,110,1,8
BRDA:871,111,0,8
BRDA:871,111,1,0
BRDA:873,112,0,0
BRDA:873,112,1,8
BRDA:890,113,0,14
BRDA:890,113,1,14
BRDA:892,114,0,14
BRDA:892,114,1,0
BRDA:908,115,0,14
BRDA:908,115,1,14
BRDA:910,116,0,14
BRDA:910,116,1,0
BRDA:926,117,0,0
BRDA:926,117,1,0
BRDA:947,118,0,0
BRDA:947,118,1,0
BRDA:967,119,0,0
BRDA:967,119,1,0
BRDA:991,120,0,0
BRDA:991,120,1,0
BRDA:1018,121,0,0
BRDA:1018,121,1,0
BRDA:1042,122,0,0
BRDA:1042,122,1,0
BRDA:1058,123,0,0
BRDA:1058,123,1,0
BRDA:1076,124,0,0
BRDA:1076,124,1,0
BRDA:1092,125,0,0
BRDA:1092,125,1,0
BRDA:1116,126,0,0
BRDA:1116,126,1,0
BRDA:1118,127,0,0
BRDA:1118,127,1,0
BRDA:1133,128,0,0
BRDA:1133,128,1,0
BRDA:1148,129,0,0
BRDA:1148,129,1,0
BRDA:1161,130,0,0
BRDA:1163,131,0,0
BRDA:1163,131,1,0
BRDA:1184,132,0,0
BRDA:1184,132,1,0
BRDA:1195,133,0,0
BRDA:1195,133,1,37
BRDA:1197,134,0,0
BRDA:1197,134,1,41
BRDA:1199,135,0,2
BRDA:1199,135,1,39
BRDA:1199,136,0,41
BRDA:1199,136,1,41
BRF:278
BRH:179
end_of_record
TN:
SF:src\main\services\scorm\cam\metadata-handler.js
FN:28,(anonymous_0)
FN:70,(anonymous_1)
FN:102,(anonymous_2)
FN:121,(anonymous_3)
FN:144,(anonymous_4)
FN:162,(anonymous_5)
FN:175,(anonymous_6)
FN:192,(anonymous_7)
FN:213,(anonymous_8)
FN:226,(anonymous_9)
FNF:10
FNH:2
FNDA:15,(anonymous_0)
FNDA:11,(anonymous_1)
FNDA:0,(anonymous_2)
FNDA:0,(anonymous_3)
FNDA:0,(anonymous_4)
FNDA:0,(anonymous_5)
FNDA:0,(anonymous_6)
FNDA:0,(anonymous_7)
FNDA:0,(anonymous_8)
FNDA:0,(anonymous_9)
DA:19,5
DA:29,15
DA:32,15
DA:45,15
DA:71,11
DA:73,8
DA:74,8
DA:83,8
DA:84,0
DA:90,8
DA:92,0
DA:93,0
DA:103,0
DA:106,0
DA:107,0
DA:108,0
DA:112,0
DA:122,0
DA:124,0
DA:126,0
DA:128,0
DA:130,0
DA:132,0
DA:135,0
DA:145,0
DA:163,0
DA:176,0
DA:193,0
DA:214,0
DA:228,0
DA:255,5
LF:31
LH:10
BRDA:71,0,0,3
BRDA:71,0,1,8
BRDA:83,1,0,0
BRDA:83,1,1,8
BRDA:107,2,0,0
BRDA:107,2,1,0
BRDA:122,3,0,0
BRDA:122,3,1,0
BRDA:122,3,2,0
BRDA:122,3,3,0
BRDA:122,3,4,0
BRDA:122,3,5,0
BRF:12
BRH:3
end_of_record
TN:
SF:src\main\services\scorm\cam\package-analyzer.js
FN:31,(anonymous_0)
FN:42,(anonymous_1)
FN:66,(anonymous_2)
FN:85,(anonymous_3)
FN:90,(anonymous_4)
FN:102,(anonymous_5)
FN:121,(anonymous_6)
FN:141,(anonymous_7)
FN:159,(anonymous_8)
FN:171,(anonymous_9)
FN:192,(anonymous_10)
FN:218,(anonymous_11)
FN:283,(anonymous_12)
FN:286,(anonymous_13)
FN:297,(anonymous_14)
FN:307,(anonymous_15)
FN:317,(anonymous_16)
FN:331,(anonymous_17)
FN:336,(anonymous_18)
FN:343,(anonymous_19)
FN:345,(anonymous_20)
FN:350,(anonymous_21)
FN:351,(anonymous_22)
FN:362,(anonymous_23)
FN:380,(anonymous_24)
FN:393,(anonymous_25)
FN:405,(anonymous_26)
FN:406,(anonymous_27)
FN:411,(anonymous_28)
FN:414,(anonymous_29)
FN:419,(anonymous_30)
FN:420,(anonymous_31)
FN:425,(anonymous_32)
FN:426,(anonymous_33)
FN:431,(anonymous_34)
FN:434,(anonymous_35)
FN:441,(anonymous_36)
FN:442,(anonymous_37)
FN:444,(anonymous_38)
FN:466,(anonymous_39)
FN:468,(anonymous_40)
FN:475,(anonymous_41)
FN:477,(anonymous_42)
FN:484,(anonymous_43)
FN:486,(anonymous_44)
FN:488,(anonymous_45)
FN:497,(anonymous_46)
FN:498,(anonymous_47)
FN:503,(anonymous_48)
FN:504,(anonymous_49)
FN:509,(anonymous_50)
FN:510,(anonymous_51)
FN:515,(anonymous_52)
FN:520,(anonymous_53)
FN:523,(anonymous_54)
FN:525,(anonymous_55)
FN:533,(anonymous_56)
FN:534,(anonymous_57)
FN:544,(anonymous_58)
FN:549,(anonymous_59)
FN:560,(anonymous_60)
FN:567,(anonymous_61)
FN:576,(anonymous_62)
FN:579,(anonymous_63)
FN:583,(anonymous_64)
FN:588,(anonymous_65)
FN:589,(anonymous_66)
FN:597,(anonymous_67)
FN:600,(anonymous_68)
FN:601,(anonymous_69)
FN:607,(anonymous_70)
FN:608,(anonymous_71)
FN:611,(anonymous_72)
FN:614,(anonymous_73)
FN:624,(anonymous_74)
FN:632,(anonymous_75)
FN:636,(anonymous_76)
FN:641,(anonymous_77)
FN:645,(anonymous_78)
FN:648,(anonymous_79)
FN:649,(anonymous_80)
FN:651,(anonymous_81)
FN:673,(anonymous_82)
FN:674,(anonymous_83)
FN:677,(anonymous_84)
FN:680,(anonymous_85)
FN:687,(anonymous_86)
FN:702,(anonymous_87)
FN:713,(anonymous_88)
FN:721,(anonymous_89)
FN:722,(anonymous_90)
FN:727,(anonymous_91)
FN:728,(anonymous_92)
FN:735,(anonymous_93)
FN:739,(anonymous_94)
FNF:95
FNH:94
FNDA:18,(anonymous_0)
FNDA:14,(anonymous_1)
FNDA:14,(anonymous_2)
FNDA:14,(anonymous_3)
FNDA:14,(anonymous_4)
FNDA:14,(anonymous_5)
FNDA:14,(anonymous_6)
FNDA:14,(anonymous_7)
FNDA:14,(anonymous_8)
FNDA:14,(anonymous_9)
FNDA:0,(anonymous_10)
FNDA:17,(anonymous_11)
FNDA:17,(anonymous_12)
FNDA:37,(anonymous_13)
FNDA:17,(anonymous_14)
FNDA:16,(anonymous_15)
FNDA:37,(anonymous_16)
FNDA:14,(anonymous_17)
FNDA:14,(anonymous_18)
FNDA:59,(anonymous_19)
FNDA:58,(anonymous_20)
FNDA:140,(anonymous_21)
FNDA:86,(anonymous_22)
FNDA:14,(anonymous_23)
FNDA:35,(anonymous_24)
FNDA:34,(anonymous_25)
FNDA:14,(anonymous_26)
FNDA:14,(anonymous_27)
FNDA:132,(anonymous_28)
FNDA:90,(anonymous_29)
FNDA:42,(anonymous_30)
FNDA:42,(anonymous_31)
FNDA:176,(anonymous_32)
FNDA:120,(anonymous_33)
FNDA:14,(anonymous_34)
FNDA:14,(anonymous_35)
FNDA:44,(anonymous_36)
FNDA:30,(anonymous_37)
FNDA:59,(anonymous_38)
FNDA:14,(anonymous_39)
FNDA:36,(anonymous_40)
FNDA:14,(anonymous_41)
FNDA:36,(anonymous_42)
FNDA:14,(anonymous_43)
FNDA:36,(anonymous_44)
FNDA:94,(anonymous_45)
FNDA:14,(anonymous_46)
FNDA:36,(anonymous_47)
FNDA:14,(anonymous_48)
FNDA:36,(anonymous_49)
FNDA:28,(anonymous_50)
FNDA:72,(anonymous_51)
FNDA:14,(anonymous_52)
FNDA:14,(anonymous_53)
FNDA:36,(anonymous_54)
FNDA:21,(anonymous_55)
FNDA:36,(anonymous_56)
FNDA:21,(anonymous_57)
FNDA:14,(anonymous_58)
FNDA:48,(anonymous_59)
FNDA:21,(anonymous_60)
FNDA:36,(anonymous_61)
FNDA:14,(anonymous_62)
FNDA:14,(anonymous_63)
FNDA:36,(anonymous_64)
FNDA:44,(anonymous_65)
FNDA:30,(anonymous_66)
FNDA:14,(anonymous_67)
FNDA:36,(anonymous_68)
FNDA:21,(anonymous_69)
FNDA:9,(anonymous_70)
FNDA:9,(anonymous_71)
FNDA:14,(anonymous_72)
FNDA:57,(anonymous_73)
FNDA:21,(anonymous_74)
FNDA:36,(anonymous_75)
FNDA:28,(anonymous_76)
FNDA:28,(anonymous_77)
FNDA:14,(anonymous_78)
FNDA:44,(anonymous_79)
FNDA:30,(anonymous_80)
FNDA:59,(anonymous_81)
FNDA:28,(anonymous_82)
FNDA:72,(anonymous_83)
FNDA:14,(anonymous_84)
FNDA:14,(anonymous_85)
FNDA:14,(anonymous_86)
FNDA:14,(anonymous_87)
FNDA:14,(anonymous_88)
FNDA:14,(anonymous_89)
FNDA:21,(anonymous_90)
FNDA:44,(anonymous_91)
FNDA:30,(anonymous_92)
FNDA:44,(anonymous_93)
FNDA:30,(anonymous_94)
DA:20,6
DA:21,6
DA:22,6
DA:32,18
DA:33,18
DA:43,14
DA:44,14
DA:54,14
DA:56,0
DA:57,0
DA:67,14
DA:86,14
DA:88,14
DA:90,14
DA:103,14
DA:122,14
DA:124,14
DA:142,14
DA:143,14
DA:145,14
DA:160,14
DA:161,14
DA:163,14
DA:172,14
DA:173,14
DA:175,14
DA:193,0
DA:194,0
DA:195,0
DA:207,0
DA:208,0
DA:219,17
DA:220,17
DA:221,17
DA:222,17
DA:223,17
DA:225,17
DA:226,0
DA:227,0
DA:241,17
DA:242,17
DA:243,17
DA:244,17
DA:245,17
DA:247,17
DA:259,17
DA:260,17
DA:262,0
DA:263,0
DA:264,0
DA:284,17
DA:286,17
DA:287,37
DA:288,37
DA:298,17
DA:299,17
DA:302,17
DA:303,17
DA:307,17
DA:308,16
DA:309,16
DA:310,0
DA:312,16
DA:317,17
DA:318,37
DA:319,37
DA:320,0
DA:322,37
DA:326,17
DA:332,14
DA:333,14
DA:337,14
DA:338,14
DA:344,59
DA:345,59
DA:346,58
DA:351,140
DA:352,86
DA:363,14
DA:364,14
DA:365,14
DA:366,1
DA:368,13
DA:369,0
DA:372,13
DA:381,35
DA:382,34
DA:384,1
DA:385,1
DA:394,34
DA:395,21
DA:396,0
DA:398,21
DA:399,0
DA:402,34
DA:406,14
DA:407,14
DA:412,132
DA:414,42
DA:415,90
DA:420,42
DA:421,42
DA:426,176
DA:427,120
DA:432,14
DA:434,14
DA:435,14
DA:438,14
DA:442,44
DA:443,30
DA:444,59
DA:445,28
DA:446,28
DA:447,27
DA:448,1
DA:449,1
DA:452,0
DA:456,0
DA:458,2
DA:459,2
DA:462,30
DA:467,14
DA:468,14
DA:469,36
DA:470,36
DA:472,14
DA:476,14
DA:477,14
DA:478,36
DA:479,36
DA:481,14
DA:485,14
DA:486,14
DA:487,36
DA:488,36
DA:489,94
DA:490,94
DA:494,14
DA:498,14
DA:499,36
DA:504,14
DA:505,36
DA:510,28
DA:511,72
DA:517,14
DA:521,14
DA:523,14
DA:524,36
DA:526,21
DA:533,14
DA:534,36
DA:535,21
DA:536,21
DA:541,14
DA:545,14
DA:546,14
DA:547,14
DA:549,14
DA:550,48
DA:551,0
DA:552,0
DA:555,48
DA:557,36
DA:558,36
DA:560,36
DA:561,21
DA:564,36
DA:567,14
DA:568,36
DA:569,27
DA:573,14
DA:577,14
DA:579,14
DA:580,14
DA:583,14
DA:584,36
DA:589,44
DA:590,30
DA:591,28
DA:593,30
DA:598,14
DA:600,14
DA:601,36
DA:602,21
DA:606,14
DA:607,9
DA:608,9
DA:612,14
DA:614,14
DA:615,57
DA:616,57
DA:618,36
DA:619,36
DA:621,36
DA:622,15
DA:624,21
DA:625,21
DA:629,36
DA:632,36
DA:633,14
DA:637,28
DA:638,28
DA:640,28
DA:641,28
DA:646,14
DA:648,14
DA:649,44
DA:650,30
DA:651,59
DA:652,28
DA:653,27
DA:663,30
DA:664,30
DA:669,14
DA:670,14
DA:674,72
DA:678,14
DA:680,14
DA:681,14
DA:684,14
DA:689,14
DA:690,14
DA:692,14
DA:693,14
DA:694,14
DA:695,14
DA:696,14
DA:698,14
DA:703,14
DA:705,1
DA:714,14
DA:722,14
DA:723,21
DA:728,44
DA:729,30
DA:730,30
DA:736,44
DA:738,14
DA:739,14
DA:740,30
DA:743,14
DA:747,6
LF:242
LH:221
BRDA:69,0,0,14
BRDA:69,0,1,0
BRDA:71,1,0,14
BRDA:71,1,1,5
BRDA:72,2,0,14
BRDA:72,2,1,5
BRDA:86,3,0,14
BRDA:86,3,1,0
BRDA:93,4,0,14
BRDA:93,4,1,0
BRDA:106,5,0,14
BRDA:106,5,1,0
BRDA:107,6,0,14
BRDA:107,6,1,0
BRDA:108,7,0,14
BRDA:108,7,1,0
BRDA:111,8,0,14
BRDA:111,8,1,0
BRDA:122,9,0,14
BRDA:122,9,1,0
BRDA:142,10,0,14
BRDA:142,10,1,0
BRDA:161,11,0,0
BRDA:161,11,1,14
BRDA:163,12,0,14
BRDA:163,12,1,0
BRDA:163,13,0,14
BRDA:163,13,1,0
BRDA:172,14,0,14
BRDA:172,14,1,0
BRDA:173,15,0,14
BRDA:173,15,1,0
BRDA:220,16,0,17
BRDA:220,16,1,0
BRDA:221,17,0,17
BRDA:221,17,1,0
BRDA:222,18,0,17
BRDA:222,18,1,0
BRDA:223,19,0,17
BRDA:223,19,1,0
BRDA:225,20,0,0
BRDA:225,20,1,17
BRDA:241,21,0,17
BRDA:241,21,1,17
BRDA:241,21,2,16
BRDA:242,22,0,17
BRDA:242,22,1,1
BRDA:253,23,0,17
BRDA:253,23,1,16
BRDA:253,23,2,16
BRDA:254,24,0,17
BRDA:254,24,1,16
BRDA:254,24,2,16
BRDA:259,25,0,17
BRDA:259,25,1,0
BRDA:284,26,0,0
BRDA:284,26,1,17
BRDA:287,27,0,0
BRDA:287,27,1,37
BRDA:302,28,0,17
BRDA:302,28,1,0
BRDA:308,29,0,16
BRDA:308,29,1,0
BRDA:309,30,0,0
BRDA:309,30,1,16
BRDA:318,31,0,37
BRDA:318,31,1,0
BRDA:319,32,0,0
BRDA:319,32,1,37
BRDA:333,33,0,14
BRDA:333,33,1,1
BRDA:333,33,2,0
BRDA:338,34,0,1
BRDA:338,34,1,13
BRDA:344,35,0,59
BRDA:344,35,1,1
BRDA:346,36,0,58
BRDA:346,36,1,54
BRDA:346,37,0,54
BRDA:346,37,1,0
BRDA:352,38,0,86
BRDA:352,38,1,86
BRDA:352,39,0,86
BRDA:352,39,1,2
BRDA:363,40,0,14
BRDA:363,40,1,0
BRDA:365,41,0,1
BRDA:365,41,1,13
BRDA:368,42,0,0
BRDA:368,42,1,13
BRDA:368,43,0,13
BRDA:368,43,1,13
BRDA:381,44,0,34
BRDA:381,44,1,1
BRDA:381,45,0,35
BRDA:381,45,1,1
BRDA:385,46,0,1
BRDA:385,46,1,1
BRDA:385,46,2,0
BRDA:385,46,3,0
BRDA:395,47,0,0
BRDA:395,47,1,21
BRDA:398,48,0,0
BRDA:398,48,1,21
BRDA:398,49,0,21
BRDA:398,49,1,21
BRDA:407,50,0,14
BRDA:407,50,1,0
BRDA:411,51,0,42
BRDA:412,52,0,90
BRDA:412,52,1,42
BRDA:412,53,0,132
BRDA:412,53,1,132
BRDA:415,54,0,90
BRDA:415,54,1,0
BRDA:421,55,0,42
BRDA:421,55,1,0
BRDA:427,56,0,120
BRDA:427,56,1,0
BRDA:435,57,0,14
BRDA:435,57,1,0
BRDA:443,58,0,28
BRDA:443,58,1,2
BRDA:445,59,0,28
BRDA:445,59,1,0
BRDA:446,60,0,27
BRDA:446,60,1,1
BRDA:448,61,0,1
BRDA:448,61,1,0
BRDA:458,62,0,2
BRDA:458,62,1,0
BRDA:458,63,0,2
BRDA:458,63,1,2
BRDA:462,64,0,30
BRDA:462,64,1,0
BRDA:469,65,0,36
BRDA:469,65,1,0
BRDA:470,66,0,36
BRDA:470,66,1,13
BRDA:478,67,0,36
BRDA:478,67,1,0
BRDA:479,68,0,36
BRDA:479,68,1,23
BRDA:487,69,0,36
BRDA:487,69,1,0
BRDA:489,70,0,94
BRDA:489,70,1,0
BRDA:490,71,0,94
BRDA:490,71,1,34
BRDA:499,72,0,36
BRDA:499,72,1,25
BRDA:505,73,0,36
BRDA:505,73,1,25
BRDA:511,74,0,72
BRDA:511,74,1,0
BRDA:525,75,0,36
BRDA:525,75,1,0
BRDA:526,76,0,21
BRDA:526,76,1,0
BRDA:535,77,0,21
BRDA:535,77,1,0
BRDA:550,78,0,0
BRDA:550,78,1,48
BRDA:555,79,0,12
BRDA:555,79,1,36
BRDA:568,80,0,27
BRDA:568,80,1,9
BRDA:580,81,0,14
BRDA:580,81,1,0
BRDA:590,82,0,28
BRDA:590,82,1,2
BRDA:593,83,0,30
BRDA:593,83,1,0
BRDA:602,84,0,21
BRDA:602,84,1,9
BRDA:614,85,0,36
BRDA:615,86,0,0
BRDA:615,86,1,57
BRDA:616,87,0,21
BRDA:616,87,1,36
BRDA:621,88,0,15
BRDA:621,88,1,21
BRDA:621,89,0,36
BRDA:621,89,1,36
BRDA:637,90,0,28
BRDA:637,90,1,0
BRDA:640,91,0,28
BRDA:640,91,1,0
BRDA:650,92,0,28
BRDA:650,92,1,2
BRDA:652,93,0,27
BRDA:652,93,1,1
BRDA:652,94,0,28
BRDA:652,94,1,28
BRDA:663,95,0,30
BRDA:663,95,1,0
BRDA:678,96,0,0
BRDA:678,96,1,14
BRDA:681,97,0,14
BRDA:681,97,1,0
BRDA:689,98,0,14
BRDA:689,98,1,0
BRDA:690,99,0,14
BRDA:690,99,1,0
BRDA:696,100,0,1
BRDA:696,100,1,13
BRDA:703,101,0,13
BRDA:703,101,1,1
BRDA:723,102,0,21
BRDA:723,102,1,21
BRDA:729,103,0,30
BRDA:729,103,1,0
BRDA:730,104,0,1
BRDA:730,104,1,29
BRDA:731,105,0,30
BRDA:731,105,1,0
BRDA:736,106,0,30
BRDA:736,106,1,14
BRDA:736,107,0,44
BRDA:736,107,1,44
BRDA:740,108,0,30
BRDA:740,108,1,0
BRF:222
BRH:156
end_of_record
TN:
SF:src\main\services\scorm\rte\api-handler.js
FN:40,(anonymous_0)
FN:73,(anonymous_1)
FN:145,(anonymous_2)
FN:229,(anonymous_3)
FN:294,(anonymous_4)
FN:358,(anonymous_5)
FN:423,(anonymous_6)
FN:446,(anonymous_7)
FN:468,(anonymous_8)
FN:489,(anonymous_9)
FN:516,(anonymous_10)
FN:532,(anonymous_11)
FN:554,(anonymous_12)
FN:573,(anonymous_13)
FN:594,(anonymous_14)
FN:627,(anonymous_15)
FN:635,(anonymous_16)
FN:650,(anonymous_17)
FN:674,(anonymous_18)
FN:699,(anonymous_19)
FNF:20
FNH:17
FNDA:222,(anonymous_0)
FNDA:222,(anonymous_1)
FNDA:205,(anonymous_2)
FNDA:407,(anonymous_3)
FNDA:1017,(anonymous_4)
FNDA:205,(anonymous_5)
FNDA:14,(anonymous_6)
FNDA:2,(anonymous_7)
FNDA:2,(anonymous_8)
FNDA:221,(anonymous_9)
FNDA:221,(anonymous_10)
FNDA:205,(anonymous_11)
FNDA:203,(anonymous_12)
FNDA:204,(anonymous_13)
FNDA:0,(anonymous_14)
FNDA:221,(anonymous_15)
FNDA:0,(anonymous_16)
FNDA:0,(anonymous_17)
FNDA:2074,(anonymous_18)
FNDA:3060,(anonymous_19)
DA:20,5
DA:21,5
DA:22,5
DA:23,5
DA:24,5
DA:41,222
DA:42,222
DA:43,222
DA:44,222
DA:51,222
DA:52,222
DA:53,222
DA:56,222
DA:57,222
DA:58,222
DA:59,222
DA:62,222
DA:63,222
DA:65,222
DA:74,222
DA:75,222
DA:76,222
DA:77,222
DA:79,222
DA:80,222
DA:83,222
DA:84,1
DA:86,1
DA:87,1
DA:91,221
DA:93,0
DA:94,0
DA:95,0
DA:99,221
DA:100,221
DA:101,221
DA:102,221
DA:105,221
DA:108,221
DA:111,221
DA:112,218
DA:113,218
DA:115,0
DA:120,221
DA:121,221
DA:122,221
DA:123,221
DA:124,221
DA:125,221
DA:128,0
DA:129,0
DA:131,0
DA:132,0
DA:133,0
DA:135,222
DA:136,222
DA:146,205
DA:147,205
DA:148,205
DA:149,205
DA:151,205
DA:152,205
DA:155,205
DA:156,0
DA:158,0
DA:159,0
DA:163,205
DA:165,0
DA:166,0
DA:167,0
DA:171,205
DA:173,205
DA:181,205
DA:182,204
DA:183,204
DA:184,1
DA:188,0
DA:193,205
DA:196,205
DA:197,205
DA:200,205
DA:201,204
DA:204,205
DA:205,205
DA:206,205
DA:207,205
DA:208,205
DA:209,205
DA:212,0
DA:213,0
DA:215,0
DA:216,0
DA:217,0
DA:219,205
DA:220,205
DA:230,407
DA:231,407
DA:232,407
DA:233,407
DA:235,407
DA:236,407
DA:239,407
DA:241,0
DA:242,0
DA:243,0
DA:247,407
DA:248,0
DA:250,0
DA:251,0
DA:256,407
DA:257,0
DA:260,407
DA:262,407
DA:264,407
DA:265,204
DA:266,204
DA:267,204
DA:269,203
DA:270,203
DA:273,407
DA:276,0
DA:277,0
DA:279,0
DA:280,0
DA:281,0
DA:283,407
DA:284,407
DA:295,1017
DA:296,1017
DA:297,1017
DA:298,1017
DA:300,1017
DA:301,1017
DA:304,1017
DA:306,1
DA:307,1
DA:308,1
DA:312,1016
DA:313,1
DA:315,1
DA:316,1
DA:319,1015
DA:320,2
DA:322,2
DA:323,2
DA:327,1013
DA:329,1013
DA:330,1008
DA:331,1008
DA:332,1008
DA:333,1008
DA:335,5
DA:336,5
DA:338,1013
DA:341,0
DA:342,0
DA:344,0
DA:345,0
DA:346,0
DA:348,1017
DA:349,1017
DA:359,205
DA:360,205
DA:361,205
DA:362,205
DA:364,205
DA:365,205
DA:368,205
DA:369,1
DA:371,1
DA:372,1
DA:376,204
DA:378,0
DA:379,0
DA:380,0
DA:384,204
DA:385,0
DA:387,0
DA:388,0
DA:392,204
DA:394,204
DA:395,203
DA:396,203
DA:397,203
DA:398,203
DA:399,203
DA:401,1
DA:402,1
DA:404,204
DA:407,0
DA:408,0
DA:410,0
DA:411,0
DA:412,0
DA:414,205
DA:415,205
DA:424,14
DA:425,14
DA:426,14
DA:427,14
DA:429,14
DA:430,14
DA:431,14
DA:432,14
DA:433,14
DA:434,14
DA:436,14
DA:437,14
DA:447,2
DA:448,2
DA:449,2
DA:450,2
DA:452,2
DA:453,2
DA:454,2
DA:455,2
DA:456,2
DA:458,2
DA:459,2
DA:469,2
DA:470,2
DA:471,2
DA:472,2
DA:474,2
DA:475,2
DA:476,2
DA:477,2
DA:478,2
DA:480,2
DA:481,2
DA:491,221
DA:492,221
DA:495,221
DA:498,221
DA:501,221
DA:502,218
DA:503,218
DA:504,210
DA:508,221
DA:518,221
DA:519,221
DA:521,221
DA:522,0
DA:525,221
DA:533,205
DA:534,205
DA:535,205
DA:538,205
DA:539,205
DA:540,205
DA:542,205
DA:543,205
DA:545,205
DA:555,203
DA:556,203
DA:559,203
DA:560,203
DA:561,203
DA:565,203
DA:574,204
DA:576,204
DA:577,204
DA:580,204
DA:588,204
DA:589,204
DA:590,204
DA:592,204
DA:594,0
DA:595,0
DA:596,0
DA:599,0
DA:601,204
DA:603,0
DA:604,0
DA:606,0
DA:611,0
DA:612,0
DA:615,0
DA:616,0
DA:618,0
DA:628,221
DA:636,0
DA:651,0
DA:652,0
DA:653,0
DA:654,0
DA:655,0
DA:656,0
DA:658,0
DA:659,0
DA:661,0
DA:675,2074
DA:687,2074
DA:688,0
DA:689,0
DA:690,0
DA:692,0
DA:698,2074
DA:699,3060
DA:700,2074
DA:704,5
LF:301
LH:225
BRDA:40,0,0,11
BRDA:40,1,0,221
BRDA:83,2,0,1
BRDA:83,2,1,221
BRDA:91,3,0,0
BRDA:91,3,1,221
BRDA:111,4,0,218
BRDA:111,4,1,3
BRDA:155,5,0,0
BRDA:155,5,1,205
BRDA:163,6,0,0
BRDA:163,6,1,205
BRDA:181,7,0,204
BRDA:181,7,1,1
BRDA:183,8,0,1
BRDA:183,8,1,203
BRDA:200,9,0,204
BRDA:200,9,1,1
BRDA:200,10,0,205
BRDA:200,10,1,204
BRDA:239,11,0,0
BRDA:239,11,1,407
BRDA:247,12,0,0
BRDA:247,12,1,407
BRDA:256,13,0,0
BRDA:256,13,1,407
BRDA:264,14,0,204
BRDA:264,14,1,203
BRDA:304,15,0,1
BRDA:304,15,1,1016
BRDA:312,16,0,1
BRDA:312,16,1,1015
BRDA:319,17,0,2
BRDA:319,17,1,1013
BRDA:329,18,0,1008
BRDA:329,18,1,5
BRDA:368,19,0,1
BRDA:368,19,1,204
BRDA:376,20,0,0
BRDA:376,20,1,204
BRDA:384,21,0,0
BRDA:384,21,1,204
BRDA:384,22,0,204
BRDA:384,22,1,203
BRDA:394,23,0,203
BRDA:394,23,1,1
BRDA:501,24,0,218
BRDA:501,24,1,3
BRDA:503,25,0,210
BRDA:503,25,1,8
BRDA:521,26,0,0
BRDA:521,26,1,221
BRDA:521,27,0,221
BRDA:521,27,1,0
BRDA:533,28,0,205
BRDA:533,28,1,0
BRDA:559,29,0,203
BRDA:559,29,1,0
BRDA:588,30,0,204
BRDA:588,30,1,0
BRDA:592,31,0,0
BRDA:592,31,1,204
BRDA:592,32,0,204
BRDA:592,32,1,203
BRDA:687,33,0,0
BRDA:687,33,1,2074
BRDA:687,34,0,2074
BRDA:687,34,1,0
BRF:68
BRH:52
end_of_record
TN:
SF:src\main\services\scorm\rte\data-model.js
FN:33,(anonymous_0)
FN:57,(anonymous_1)
FN:110,(anonymous_2)
FN:159,(anonymous_3)
FN:196,(anonymous_4)
FN:235,(anonymous_5)
FN:285,(anonymous_6)
FN:305,(anonymous_7)
FN:335,(anonymous_8)
FN:383,(anonymous_9)
FN:431,(anonymous_10)
FN:479,(anonymous_11)
FN:503,(anonymous_12)
FN:531,(anonymous_13)
FN:541,(anonymous_14)
FN:552,(anonymous_15)
FN:561,(anonymous_16)
FN:574,(anonymous_17)
FN:589,(anonymous_18)
FN:604,(anonymous_19)
FN:615,(anonymous_20)
FN:626,(anonymous_21)
FN:634,(anonymous_22)
FN:642,(anonymous_23)
FNF:24
FNH:14
FNDA:222,(anonymous_0)
FNDA:849,(anonymous_1)
FNDA:1013,(anonymous_2)
FNDA:868,(anonymous_3)
FNDA:0,(anonymous_4)
FNDA:222,(anonymous_5)
FNDA:2730,(anonymous_6)
FNDA:2525,(anonymous_7)
FNDA:0,(anonymous_8)
FNDA:0,(anonymous_9)
FNDA:1879,(anonymous_10)
FNDA:1876,(anonymous_11)
FNDA:0,(anonymous_12)
FNDA:3738,(anonymous_13)
FNDA:1012,(anonymous_14)
FNDA:847,(anonymous_15)
FNDA:409,(anonymous_16)
FNDA:0,(anonymous_17)
FNDA:210,(anonymous_18)
FNDA:0,(anonymous_19)
FNDA:0,(anonymous_20)
FNDA:0,(anonymous_21)
FNDA:0,(anonymous_22)
FNDA:0,(anonymous_23)
DA:17,5
DA:18,5
DA:19,5
DA:34,222
DA:35,222
DA:38,222
DA:41,222
DA:42,222
DA:43,222
DA:44,222
DA:47,222
DA:49,222
DA:58,849
DA:60,849
DA:61,2
DA:63,2
DA:67,847
DA:68,201
DA:70,201
DA:74,646
DA:75,0
DA:79,646
DA:82,646
DA:83,0
DA:84,0
DA:85,0
DA:88,0
DA:90,0
DA:93,646
DA:94,646
DA:97,0
DA:98,0
DA:100,0
DA:111,1013
DA:113,1013
DA:114,1
DA:116,1
DA:120,1012
DA:121,1
DA:123,1
DA:127,1011
DA:128,3
DA:132,1008
DA:133,0
DA:137,1008
DA:139,1008
DA:140,1008
DA:141,1008
DA:144,0
DA:145,0
DA:147,0
DA:160,868
DA:162,868
DA:163,0
DA:164,0
DA:168,868
DA:169,0
DA:170,0
DA:174,868
DA:175,0
DA:179,868
DA:180,868
DA:181,868
DA:182,868
DA:184,0
DA:185,0
DA:197,0
DA:199,0
DA:200,0
DA:201,0
DA:205,0
DA:206,0
DA:210,0
DA:213,0
DA:214,0
DA:215,0
DA:216,0
DA:218,0
DA:219,0
DA:222,0
DA:223,0
DA:224,0
DA:226,0
DA:227,0
DA:237,222
DA:238,10434
DA:239,8214
DA:245,222
DA:246,222
DA:247,222
DA:248,222
DA:249,222
DA:250,222
DA:251,222
DA:252,222
DA:253,222
DA:254,222
DA:255,222
DA:256,222
DA:257,222
DA:260,222
DA:261,222
DA:262,222
DA:263,222
DA:266,222
DA:269,222
DA:270,222
DA:271,222
DA:272,222
DA:273,222
DA:274,222
DA:276,222
DA:286,2730
DA:287,0
DA:291,2730
DA:292,2727
DA:296,3
DA:307,2525
DA:308,0
DA:312,2525
DA:313,0
DA:317,2525
DA:318,0
DA:322,2525
DA:323,0
DA:326,2525
DA:337,0
DA:338,0
DA:339,0
DA:340,0
DA:342,0
DA:343,0
DA:345,0
DA:348,0
DA:349,0
DA:353,0
DA:354,0
DA:355,0
DA:356,0
DA:358,0
DA:359,0
DA:361,0
DA:364,0
DA:365,0
DA:371,0
DA:373,0
DA:385,0
DA:386,0
DA:387,0
DA:388,0
DA:391,0
DA:392,0
DA:395,0
DA:396,0
DA:397,0
DA:401,0
DA:402,0
DA:403,0
DA:404,0
DA:407,0
DA:408,0
DA:411,0
DA:412,0
DA:413,0
DA:419,0
DA:421,0
DA:432,1879
DA:433,1879
DA:435,0
DA:439,1879
DA:440,1
DA:442,1
DA:446,1878
DA:447,0
DA:449,0
DA:453,1878
DA:454,301
DA:455,301
DA:456,2
DA:458,2
DA:463,1876
DA:464,0
DA:466,0
DA:469,1876
DA:480,1876
DA:482,0
DA:484,299
DA:486,205
DA:488,0
DA:492,1372
DA:507,0
DA:509,0
DA:512,0
DA:514,0
DA:517,0
DA:519,0
DA:522,0
DA:532,3738
DA:542,1012
DA:543,1012
DA:553,847
DA:554,847
DA:562,409
DA:575,0
DA:576,0
DA:577,0
DA:578,0
DA:579,0
DA:581,0
DA:582,0
DA:590,210
DA:591,210
DA:593,210
DA:594,210
DA:597,210
DA:605,0
DA:606,0
DA:607,0
DA:616,0
DA:617,0
DA:618,0
DA:627,0
DA:635,0
DA:643,0
DA:652,5
LF:225
LH:112
BRDA:60,0,0,2
BRDA:60,0,1,847
BRDA:67,1,0,201
BRDA:67,1,1,646
BRDA:74,2,0,0
BRDA:74,2,1,646
BRDA:82,3,0,0
BRDA:82,3,1,646
BRDA:82,4,0,646
BRDA:82,4,1,646
BRDA:84,5,0,0
BRDA:84,5,1,0
BRDA:84,6,0,0
BRDA:84,6,1,0
BRDA:113,7,0,1
BRDA:113,7,1,1012
BRDA:120,8,0,1
BRDA:120,8,1,1011
BRDA:127,9,0,3
BRDA:127,9,1,1008
BRDA:132,10,0,0
BRDA:132,10,1,1008
BRDA:162,11,0,0
BRDA:162,11,1,868
BRDA:168,12,0,0
BRDA:168,12,1,868
BRDA:174,13,0,0
BRDA:174,13,1,868
BRDA:199,14,0,0
BRDA:199,14,1,0
BRDA:205,15,0,0
BRDA:205,15,1,0
BRDA:213,16,0,0
BRDA:213,16,1,0
BRDA:213,17,0,0
BRDA:213,17,1,0
BRDA:215,18,0,0
BRDA:215,18,1,0
BRDA:215,19,0,0
BRDA:215,19,1,0
BRDA:238,20,0,8214
BRDA:238,20,1,2220
BRDA:238,21,0,10434
BRDA:238,21,1,8214
BRDA:286,22,0,0
BRDA:286,22,1,2730
BRDA:286,23,0,2730
BRDA:286,23,1,2730
BRDA:291,24,0,2727
BRDA:291,24,1,3
BRDA:307,25,0,0
BRDA:307,25,1,2525
BRDA:312,26,0,0
BRDA:312,26,1,2525
BRDA:317,27,0,0
BRDA:317,27,1,2525
BRDA:317,28,0,2525
BRDA:317,28,1,0
BRDA:322,29,0,0
BRDA:322,29,1,2525
BRDA:322,30,0,2525
BRDA:322,30,1,0
BRDA:338,31,0,0
BRDA:338,31,1,0
BRDA:342,32,0,0
BRDA:342,32,1,0
BRDA:349,33,0,0
BRDA:349,33,1,0
BRDA:354,34,0,0
BRDA:354,34,1,0
BRDA:358,35,0,0
BRDA:358,35,1,0
BRDA:365,36,0,0
BRDA:365,36,1,0
BRDA:386,37,0,0
BRDA:386,37,1,0
BRDA:402,38,0,0
BRDA:402,38,1,0
BRDA:433,39,0,0
BRDA:433,39,1,1879
BRDA:439,40,0,1
BRDA:439,40,1,1878
BRDA:439,41,0,1879
BRDA:439,41,1,1006
BRDA:446,42,0,0
BRDA:446,42,1,1878
BRDA:446,43,0,1878
BRDA:446,43,1,367
BRDA:453,44,0,301
BRDA:453,44,1,1577
BRDA:453,45,0,1878
BRDA:453,45,1,301
BRDA:455,46,0,2
BRDA:455,46,1,299
BRDA:455,47,0,301
BRDA:455,47,1,301
BRDA:455,47,2,300
BRDA:463,48,0,0
BRDA:463,48,1,1876
BRDA:480,49,0,0
BRDA:480,49,1,299
BRDA:480,49,2,205
BRDA:480,49,3,0
BRDA:480,49,4,367
BRDA:480,49,5,1372
BRDA:480,49,6,1372
BRDA:507,50,0,0
BRDA:507,50,1,0
BRDA:509,51,0,0
BRDA:509,51,1,0
BRDA:512,52,0,0
BRDA:512,52,1,0
BRDA:517,53,0,0
BRDA:517,53,1,0
BRDA:532,54,0,3738
BRDA:532,54,1,0
BRDA:543,55,0,1012
BRDA:543,55,1,1012
BRDA:554,56,0,847
BRDA:554,56,1,847
BRDA:590,57,0,210
BRDA:590,57,1,0
BRDA:593,58,0,210
BRDA:593,58,1,0
BRDA:605,59,0,0
BRDA:605,59,1,0
BRDA:616,60,0,0
BRDA:616,60,1,0
BRDA:616,61,0,0
BRDA:616,61,1,0
BRDA:616,61,2,0
BRDA:627,62,0,0
BRDA:627,62,1,0
BRDA:635,63,0,0
BRDA:635,63,1,0
BRDA:644,64,0,0
BRDA:644,64,1,0
BRDA:645,65,0,0
BRDA:645,65,1,0
BRDA:646,66,0,0
BRDA:646,66,1,0
BRDA:647,67,0,0
BRDA:647,67,1,0
BRF:143
BRH:63
end_of_record
TN:
SF:src\main\services\scorm\rte\error-handler.js
FN:39,(anonymous_0)
FN:66,(anonymous_1)
FN:106,(anonymous_2)
FN:145,(anonymous_3)
FN:154,(anonymous_4)
FN:170,(anonymous_5)
FN:203,(anonymous_6)
FN:215,(anonymous_7)
FN:270,(anonymous_8)
FN:288,(anonymous_9)
FN:296,(anonymous_10)
FN:307,(anonymous_11)
FN:329,(anonymous_12)
FN:337,(anonymous_13)
FN:351,(anonymous_14)
FNF:15
FNH:12
FNDA:222,(anonymous_0)
FNDA:222,(anonymous_1)
FNDA:214,(anonymous_2)
FNDA:224,(anonymous_3)
FNDA:231,(anonymous_4)
FNDA:2,(anonymous_5)
FNDA:3151,(anonymous_6)
FNDA:2054,(anonymous_7)
FNDA:426,(anonymous_8)
FNDA:0,(anonymous_9)
FNDA:816,(anonymous_10)
FNDA:214,(anonymous_11)
FNDA:0,(anonymous_12)
FNDA:409,(anonymous_13)
FNDA:0,(anonymous_14)
DA:24,5
DA:26,5
DA:40,222
DA:43,222
DA:44,222
DA:47,222
DA:50,222
DA:51,222
DA:54,222
DA:57,222
DA:59,222
DA:68,222
DA:97,222
DA:107,214
DA:110,214
DA:111,0
DA:112,0
DA:116,214
DA:117,214
DA:120,214
DA:121,214
DA:125,214
DA:128,214
DA:129,214
DA:130,214
DA:132,214
DA:146,224
DA:155,231
DA:157,231
DA:158,0
DA:159,0
DA:162,231
DA:171,2
DA:173,2
DA:174,0
DA:175,0
DA:179,2
DA:180,2
DA:181,1
DA:185,1
DA:186,1
DA:188,1
DA:190,0
DA:192,0
DA:194,0
DA:196,0
DA:204,3151
DA:205,3151
DA:206,3151
DA:216,2054
DA:219,2054
DA:220,2053
DA:224,1
DA:225,0
DA:226,0
DA:229,0
DA:231,0
DA:232,0
DA:235,0
DA:239,1
DA:240,0
DA:241,0
DA:244,0
DA:246,0
DA:247,0
DA:250,0
DA:254,1
DA:255,1
DA:256,1
DA:259,1
DA:263,0
DA:271,426
DA:273,426
DA:274,0
DA:275,0
DA:278,426
DA:279,426
DA:281,426
DA:289,0
DA:297,816
DA:308,214
DA:317,214
DA:320,214
DA:321,0
DA:330,0
DA:338,409
DA:352,0
DA:353,0
DA:354,0
DA:355,0
DA:356,0
DA:358,0
DA:362,5
LF:93
LH:59
BRDA:106,0,0,0
BRDA:106,1,0,0
BRDA:110,2,0,0
BRDA:110,2,1,214
BRDA:120,3,0,214
BRDA:120,3,1,0
BRDA:128,4,0,214
BRDA:128,4,1,0
BRDA:157,5,0,0
BRDA:157,5,1,231
BRDA:173,6,0,0
BRDA:173,6,1,2
BRDA:180,7,0,1
BRDA:180,7,1,1
BRDA:186,8,0,1
BRDA:186,8,1,0
BRDA:186,8,2,0
BRDA:186,8,3,0
BRDA:186,8,4,0
BRDA:215,9,0,0
BRDA:219,10,0,2053
BRDA:219,10,1,1
BRDA:224,11,0,0
BRDA:224,11,1,1
BRDA:225,12,0,0
BRDA:225,12,1,0
BRDA:231,13,0,0
BRDA:231,13,1,0
BRDA:239,14,0,0
BRDA:239,14,1,1
BRDA:240,15,0,0
BRDA:240,15,1,0
BRDA:246,16,0,0
BRDA:246,16,1,0
BRDA:254,17,0,1
BRDA:254,17,1,0
BRDA:255,18,0,1
BRDA:255,18,1,0
BRDA:273,19,0,0
BRDA:273,19,1,426
BRDA:320,20,0,0
BRDA:320,20,1,214
BRF:42
BRH:16
end_of_record
TN:
SF:src\main\services\scorm\sn\activity-tree.js
FN:23,(anonymous_0)
FN:55,(anonymous_1)
FN:60,(anonymous_2)
FN:64,(anonymous_3)
FN:69,(anonymous_4)
FN:79,(anonymous_5)
FN:92,(anonymous_6)
FN:109,(anonymous_7)
FN:125,(anonymous_8)
FN:141,(anonymous_9)
FN:184,(anonymous_10)
FN:243,(anonymous_11)
FN:265,(anonymous_12)
FN:279,(anonymous_13)
FN:283,(anonymous_14)
FN:299,(anonymous_15)
FN:301,(anonymous_16)
FN:307,(anonymous_17)
FN:310,(anonymous_18)
FN:313,(anonymous_19)
FN:318,(anonymous_20)
FN:333,(anonymous_21)
FNF:22
FNH:22
FNDA:97,(anonymous_0)
FNDA:58,(anonymous_1)
FNDA:77,(anonymous_2)
FNDA:106,(anonymous_3)
FNDA:128,(anonymous_4)
FNDA:20,(anonymous_5)
FNDA:42,(anonymous_6)
FNDA:32,(anonymous_7)
FNDA:31,(anonymous_8)
FNDA:42,(anonymous_9)
FNDA:87,(anonymous_10)
FNDA:56,(anonymous_11)
FNDA:84,(anonymous_12)
FNDA:32,(anonymous_13)
FNDA:18,(anonymous_14)
FNDA:1,(anonymous_15)
FNDA:3,(anonymous_16)
FNDA:80,(anonymous_17)
FNDA:48,(anonymous_18)
FNDA:30,(anonymous_19)
FNDA:71,(anonymous_20)
FNDA:2,(anonymous_21)
DA:16,6
DA:24,97
DA:25,97
DA:26,97
DA:27,97
DA:28,97
DA:31,97
DA:32,97
DA:33,97
DA:34,97
DA:35,97
DA:38,97
DA:39,97
DA:40,97
DA:43,97
DA:44,97
DA:47,97
DA:48,97
DA:51,97
DA:52,97
DA:56,58
DA:57,58
DA:61,77
DA:65,106
DA:66,57
DA:70,128
DA:71,128
DA:72,128
DA:73,64
DA:74,64
DA:76,128
DA:80,20
DA:81,19
DA:82,19
DA:93,42
DA:94,42
DA:95,42
DA:96,42
DA:97,42
DA:98,42
DA:101,42
DA:110,32
DA:112,32
DA:113,32
DA:114,32
DA:115,1
DA:120,1
DA:124,31
DA:125,31
DA:126,31
DA:128,31
DA:129,0
DA:134,0
DA:138,31
DA:139,31
DA:140,31
DA:141,31
DA:142,42
DA:145,31
DA:148,31
DA:149,31
DA:150,1
DA:153,30
DA:156,30
DA:157,30
DA:158,30
DA:159,47
DA:160,1
DA:165,29
DA:167,29
DA:168,29
DA:171,0
DA:172,0
DA:177,0
DA:186,87
DA:187,2
DA:192,2
DA:195,85
DA:198,85
DA:199,1
DA:204,1
DA:208,84
DA:209,0
DA:210,0
DA:214,84
DA:215,84
DA:216,84
DA:217,0
DA:222,0
DA:225,84
DA:228,84
DA:229,84
DA:230,43
DA:233,84
DA:234,84
DA:235,84
DA:237,84
DA:244,56
DA:245,56
DA:247,2
DA:250,54
DA:252,54
DA:253,54
DA:254,54
DA:255,9
DA:256,1
DA:261,53
DA:262,53
DA:266,84
DA:267,3
DA:268,3
DA:269,3
DA:280,32
DA:284,18
DA:285,18
DA:286,1
DA:291,1
DA:293,17
DA:294,17
DA:295,17
DA:296,17
DA:300,1
DA:301,1
DA:302,3
DA:304,1
DA:308,80
DA:309,77
DA:310,77
DA:314,30
DA:315,30
DA:316,30
DA:317,30
DA:318,30
DA:319,71
DA:320,71
DA:321,71
DA:322,71
DA:324,30
DA:334,2
DA:335,2
DA:336,2
DA:337,2
DA:338,2
DA:342,6
LF:144
LH:135
BRDA:23,0,0,5
BRDA:23,1,0,13
BRDA:25,2,0,97
BRDA:25,2,1,0
BRDA:38,3,0,97
BRDA:38,3,1,80
BRDA:40,4,0,97
BRDA:40,4,1,90
BRDA:65,5,0,49
BRDA:65,5,1,57
BRDA:80,6,0,19
BRDA:80,6,1,1
BRDA:113,7,0,32
BRDA:113,7,1,1
BRDA:113,7,2,1
BRDA:114,8,0,1
BRDA:114,8,1,31
BRDA:114,9,0,32
BRDA:114,9,1,31
BRDA:125,10,0,31
BRDA:125,10,1,28
BRDA:125,11,0,31
BRDA:125,11,1,0
BRDA:126,12,0,28
BRDA:126,12,1,0
BRDA:128,13,0,0
BRDA:128,13,1,31
BRDA:139,14,0,24
BRDA:139,14,1,7
BRDA:139,15,0,7
BRDA:139,15,1,7
BRDA:139,15,2,7
BRDA:141,16,0,31
BRDA:141,16,1,0
BRDA:142,17,0,42
BRDA:142,17,1,0
BRDA:142,18,0,42
BRDA:142,18,1,42
BRDA:149,19,0,1
BRDA:149,19,1,30
BRDA:156,20,0,30
BRDA:156,20,1,0
BRDA:156,20,2,0
BRDA:157,21,0,30
BRDA:157,21,1,0
BRDA:159,22,0,1
BRDA:159,22,1,46
BRDA:184,23,0,0
BRDA:184,24,0,0
BRDA:186,25,0,2
BRDA:186,25,1,85
BRDA:186,26,0,87
BRDA:186,26,1,87
BRDA:198,27,0,1
BRDA:198,27,1,84
BRDA:208,28,0,0
BRDA:208,28,1,84
BRDA:214,29,0,54
BRDA:214,29,1,30
BRDA:215,30,0,84
BRDA:215,30,1,0
BRDA:216,31,0,0
BRDA:216,31,1,84
BRDA:229,32,0,43
BRDA:229,32,1,41
BRDA:230,33,0,43
BRDA:230,33,1,1
BRDA:245,34,0,2
BRDA:245,34,1,54
BRDA:252,35,0,54
BRDA:252,35,1,47
BRDA:252,35,2,47
BRDA:253,36,0,54
BRDA:253,36,1,0
BRDA:255,37,0,1
BRDA:255,37,1,8
BRDA:266,38,0,3
BRDA:266,38,1,81
BRDA:266,39,0,84
BRDA:266,39,1,84
BRDA:268,40,0,3
BRDA:268,40,1,0
BRDA:273,41,0,3
BRDA:273,41,1,2
BRDA:280,42,0,32
BRDA:280,42,1,3
BRDA:285,43,0,1
BRDA:285,43,1,17
BRDA:302,44,0,2
BRDA:302,44,1,1
BRDA:308,45,0,3
BRDA:308,45,1,77
BRDA:320,46,0,43
BRDA:320,46,1,28
BRDA:321,47,0,33
BRDA:321,47,1,38
BRF:96
BRH:80
end_of_record
TN:
SF:src\main\services\scorm\sn\index.js
FN:24,(anonymous_0)
FN:59,(anonymous_1)
FN:70,(anonymous_2)
FN:70,(anonymous_3)
FN:71,(anonymous_4)
FN:86,(anonymous_5)
FN:102,(anonymous_6)
FN:176,(anonymous_7)
FN:223,(anonymous_8)
FN:272,(anonymous_9)
FN:295,(anonymous_10)
FN:354,(anonymous_11)
FN:376,(anonymous_12)
FN:418,(anonymous_13)
FN:434,(anonymous_14)
FN:453,(anonymous_15)
FN:471,(anonymous_16)
FN:478,(anonymous_17)
FN:492,(anonymous_18)
FN:515,(anonymous_19)
FN:542,(anonymous_20)
FNF:21
FNH:17
FNDA:18,(anonymous_0)
FNDA:15,(anonymous_1)
FNDA:46,(anonymous_2)
FNDA:31,(anonymous_3)
FNDA:15,(anonymous_4)
FNDA:15,(anonymous_5)
FNDA:0,(anonymous_6)
FNDA:20,(anonymous_7)
FNDA:14,(anonymous_8)
FNDA:1,(anonymous_9)
FNDA:8,(anonymous_10)
FNDA:14,(anonymous_11)
FNDA:1,(anonymous_12)
FNDA:15,(anonymous_13)
FNDA:15,(anonymous_14)
FNDA:7,(anonymous_15)
FNDA:15,(anonymous_16)
FNDA:1,(anonymous_17)
FNDA:0,(anonymous_18)
FNDA:0,(anonymous_19)
FNDA:0,(anonymous_20)
DA:11,4
DA:12,4
DA:13,4
DA:14,4
DA:15,4
DA:25,18
DA:26,18
DA:27,18
DA:35,18
DA:36,18
DA:37,18
DA:43,18
DA:46,18
DA:47,18
DA:48,18
DA:50,18
DA:60,15
DA:61,15
DA:64,15
DA:66,15
DA:70,46
DA:71,15
DA:72,15
DA:73,11
DA:74,11
DA:75,20
DA:76,20
DA:77,20
DA:78,16
DA:79,16
DA:81,7
DA:84,15
DA:86,15
DA:90,15
DA:94,15
DA:96,0
DA:97,0
DA:98,0
DA:101,0
DA:102,0
DA:104,0
DA:105,0
DA:121,15
DA:122,15
DA:123,0
DA:127,15
DA:136,15
DA:137,15
DA:139,15
DA:140,15
DA:142,15
DA:151,0
DA:152,0
DA:159,0
DA:163,0
DA:164,0
DA:166,0
DA:177,20
DA:178,20
DA:179,1
DA:181,1
DA:184,19
DA:187,19
DA:189,19
DA:190,5
DA:194,14
DA:195,14
DA:197,14
DA:204,0
DA:210,0
DA:211,0
DA:213,0
DA:224,14
DA:226,14
DA:228,14
DA:229,1
DA:231,1
DA:233,1
DA:238,13
DA:241,13
DA:242,13
DA:243,13
DA:246,13
DA:260,0
DA:261,0
DA:273,1
DA:275,1
DA:277,0
DA:279,0
DA:281,0
DA:283,0
DA:285,0
DA:296,8
DA:297,8
DA:298,8
DA:299,1
DA:301,1
DA:305,7
DA:306,6
DA:310,7
DA:311,3
DA:312,3
DA:314,3
DA:315,1
DA:320,7
DA:321,7
DA:322,7
DA:326,7
DA:329,7
DA:330,6
DA:333,7
DA:335,7
DA:343,0
DA:344,0
DA:346,0
DA:355,14
DA:357,14
DA:377,1
DA:378,1
DA:380,1
DA:382,1
DA:387,1
DA:394,0
DA:395,0
DA:419,15
DA:420,15
DA:424,15
DA:428,15
DA:429,0
DA:434,15
DA:435,15
DA:436,11
DA:437,11
DA:438,20
DA:439,20
DA:440,20
DA:441,16
DA:442,16
DA:444,7
DA:447,15
DA:448,8
DA:453,7
DA:454,7
DA:455,7
DA:458,7
DA:460,0
DA:462,0
DA:472,15
DA:479,1
DA:480,1
DA:481,1
DA:482,1
DA:483,1
DA:485,1
DA:493,0
DA:516,0
DA:517,0
DA:518,0
DA:519,0
DA:521,0
DA:524,0
DA:525,0
DA:526,0
DA:528,0
DA:529,0
DA:531,0
DA:543,0
DA:544,0
DA:545,0
DA:546,0
DA:548,0
DA:551,0
DA:553,0
DA:555,0
DA:558,0
DA:559,0
DA:563,0
DA:564,0
DA:568,0
DA:569,0
DA:571,0
DA:572,0
DA:575,0
DA:577,0
DA:578,0
DA:580,0
DA:585,4
LF:187
LH:122
BRDA:24,0,0,17
BRDA:59,1,0,15
BRDA:66,2,0,15
BRDA:66,2,1,0
BRDA:66,2,2,15
BRDA:66,2,3,15
BRDA:66,2,4,0
BRDA:70,3,0,46
BRDA:70,3,1,0
BRDA:70,4,0,31
BRDA:70,4,1,27
BRDA:70,4,2,27
BRDA:72,5,0,4
BRDA:72,5,1,11
BRDA:73,6,0,11
BRDA:73,6,1,0
BRDA:76,7,0,0
BRDA:76,7,1,20
BRDA:77,8,0,4
BRDA:77,8,1,16
BRDA:78,9,0,3
BRDA:78,9,1,13
BRDA:78,10,0,0
BRDA:78,10,1,13
BRDA:79,11,0,3
BRDA:79,11,1,13
BRDA:86,12,0,15
BRDA:86,12,1,0
BRDA:88,13,0,15
BRDA:88,13,1,13
BRDA:94,14,0,0
BRDA:94,14,1,15
BRDA:97,15,0,0
BRDA:97,15,1,0
BRDA:98,16,0,0
BRDA:98,16,1,0
BRDA:98,16,2,0
BRDA:98,16,3,0
BRDA:98,16,4,0
BRDA:101,17,0,0
BRDA:101,17,1,0
BRDA:104,18,0,0
BRDA:104,18,1,0
BRDA:107,19,0,0
BRDA:107,19,1,0
BRDA:122,20,0,0
BRDA:122,20,1,15
BRDA:151,21,0,0
BRDA:151,21,1,0
BRDA:151,22,0,0
BRDA:151,22,1,0
BRDA:151,22,2,0
BRDA:176,23,0,18
BRDA:178,24,0,1
BRDA:178,24,1,19
BRDA:189,25,0,5
BRDA:189,25,1,14
BRDA:194,26,0,14
BRDA:194,26,1,0
BRDA:228,27,0,1
BRDA:228,27,1,13
BRDA:231,28,0,1
BRDA:231,28,1,0
BRDA:231,29,0,1
BRDA:231,29,1,1
BRDA:242,30,0,13
BRDA:242,30,1,0
BRDA:273,31,0,1
BRDA:273,31,1,0
BRDA:273,31,2,0
BRDA:273,31,3,0
BRDA:273,31,4,0
BRDA:273,31,5,0
BRDA:298,32,0,1
BRDA:298,32,1,7
BRDA:305,33,0,6
BRDA:305,33,1,1
BRDA:306,34,0,6
BRDA:306,34,1,0
BRDA:310,35,0,3
BRDA:310,35,1,4
BRDA:311,36,0,3
BRDA:311,36,1,0
BRDA:314,37,0,1
BRDA:314,37,1,2
BRDA:321,38,0,7
BRDA:321,38,1,0
BRDA:329,39,0,6
BRDA:329,39,1,1
BRDA:329,40,0,7
BRDA:329,40,1,6
BRDA:359,41,0,14
BRDA:359,41,1,3
BRDA:360,42,0,3
BRDA:360,42,1,11
BRDA:384,43,0,1
BRDA:384,43,1,0
BRDA:420,44,0,0
BRDA:420,44,1,15
BRDA:420,45,0,15
BRDA:420,45,1,15
BRDA:424,46,0,15
BRDA:424,46,1,15
BRDA:424,46,2,0
BRDA:424,46,3,0
BRDA:424,46,4,0
BRDA:428,47,0,0
BRDA:428,47,1,15
BRDA:428,48,0,15
BRDA:428,48,1,15
BRDA:435,49,0,4
BRDA:435,49,1,11
BRDA:435,50,0,15
BRDA:435,50,1,15
BRDA:436,51,0,11
BRDA:436,51,1,0
BRDA:439,52,0,0
BRDA:439,52,1,20
BRDA:440,53,0,4
BRDA:440,53,1,16
BRDA:441,54,0,3
BRDA:441,54,1,13
BRDA:441,55,0,0
BRDA:441,55,1,13
BRDA:442,56,0,3
BRDA:442,56,1,13
BRDA:447,57,0,8
BRDA:447,57,1,7
BRDA:454,58,0,7
BRDA:454,58,1,0
BRDA:504,59,0,0
BRDA:504,59,1,0
BRDA:518,60,0,0
BRDA:518,60,1,0
BRDA:545,61,0,0
BRDA:545,61,1,0
BRDA:555,62,0,0
BRDA:555,62,1,0
BRDA:555,62,2,0
BRDA:555,62,3,0
BRDA:555,62,4,0
BRDA:555,62,5,0
BRF:142
BRH:82
end_of_record
TN:
SF:src\main\services\scorm\sn\navigation-handler.js
FN:24,(anonymous_0)
FN:46,(anonymous_1)
FN:124,(anonymous_2)
FN:160,(anonymous_3)
FN:197,(anonymous_4)
FN:225,(anonymous_5)
FN:238,(anonymous_6)
FN:251,(anonymous_7)
FN:275,(anonymous_8)
FN:294,(anonymous_9)
FN:314,(anonymous_10)
FN:339,(anonymous_11)
FN:357,(anonymous_12)
FN:376,(anonymous_13)
FN:397,(anonymous_14)
FN:419,(anonymous_15)
FN:439,(anonymous_16)
FN:449,(anonymous_17)
FN:477,(anonymous_18)
FN:482,(anonymous_19)
FN:483,(anonymous_20)
FN:484,(anonymous_21)
FN:485,(anonymous_22)
FNF:23
FNH:17
FNDA:20,(anonymous_0)
FNDA:21,(anonymous_1)
FNDA:71,(anonymous_2)
FNDA:54,(anonymous_3)
FNDA:1,(anonymous_4)
FNDA:15,(anonymous_5)
FNDA:10,(anonymous_6)
FNDA:9,(anonymous_7)
FNDA:5,(anonymous_8)
FNDA:1,(anonymous_9)
FNDA:1,(anonymous_10)
FNDA:0,(anonymous_11)
FNDA:0,(anonymous_12)
FNDA:20,(anonymous_13)
FNDA:11,(anonymous_14)
FNDA:19,(anonymous_15)
FNDA:17,(anonymous_16)
FNDA:17,(anonymous_17)
FNDA:30,(anonymous_18)
FNDA:0,(anonymous_19)
FNDA:0,(anonymous_20)
FNDA:0,(anonymous_21)
FNDA:0,(anonymous_22)
DA:17,5
DA:25,20
DA:26,20
DA:27,20
DA:28,20
DA:31,20
DA:37,20
DA:47,21
DA:48,21
DA:51,21
DA:52,1
DA:54,1
DA:58,20
DA:59,20
DA:60,4
DA:62,4
DA:67,16
DA:69,9
DA:70,9
DA:72,0
DA:73,0
DA:75,5
DA:76,5
DA:78,1
DA:79,1
DA:81,1
DA:82,1
DA:84,0
DA:85,0
DA:87,0
DA:88,0
DA:90,0
DA:91,0
DA:93,0
DA:94,0
DA:96,0
DA:97,0
DA:99,0
DA:103,16
DA:104,15
DA:107,16
DA:108,16
DA:111,0
DA:112,0
DA:114,0
DA:125,71
DA:128,71
DA:129,26
DA:133,45
DA:134,36
DA:135,36
DA:136,1
DA:141,44
DA:143,1
DA:145,15
DA:147,10
DA:149,18
DA:162,54
DA:163,54
DA:164,109
DA:165,15
DA:167,15
DA:169,8
DA:170,4
DA:172,4
DA:175,5
DA:176,0
DA:178,5
DA:179,0
DA:181,5
DA:183,11
DA:185,94
DA:188,50
DA:198,1
DA:199,0
DA:202,1
DA:203,1
DA:204,0
DA:207,1
DA:208,0
DA:212,1
DA:213,1
DA:214,0
DA:217,1
DA:226,15
DA:227,15
DA:228,3
DA:230,12
DA:239,10
DA:240,10
DA:241,7
DA:243,3
DA:252,9
DA:253,9
DA:254,0
DA:257,9
DA:258,9
DA:259,1
DA:262,8
DA:276,5
DA:277,5
DA:278,0
DA:281,5
DA:295,1
DA:296,1
DA:297,0
DA:300,1
DA:315,1
DA:318,1
DA:319,1
DA:320,1
DA:321,1
DA:322,0
DA:326,1
DA:340,0
DA:341,0
DA:342,0
DA:345,0
DA:358,0
DA:359,0
DA:360,0
DA:361,0
DA:364,0
DA:377,20
DA:378,20
DA:379,0
DA:382,20
DA:383,20
DA:385,20
DA:386,17
DA:389,3
DA:398,11
DA:399,11
DA:400,0
DA:403,11
DA:404,11
DA:406,11
DA:407,4
DA:410,7
DA:420,19
DA:421,8
DA:424,11
DA:425,10
DA:426,10
DA:427,9
DA:431,2
DA:440,17
DA:441,17
DA:442,17
DA:450,17
DA:452,17
DA:453,17
DA:456,17
DA:457,7
DA:459,17
DA:460,2
DA:462,17
DA:463,9
DA:467,17
DA:468,17
DA:469,14
DA:478,30
DA:482,0
DA:483,0
DA:484,0
DA:485,0
DA:488,5
LF:167
LH:126
BRDA:46,0,0,2
BRDA:51,1,0,1
BRDA:51,1,1,20
BRDA:59,2,0,4
BRDA:59,2,1,16
BRDA:67,3,0,9
BRDA:67,3,1,0
BRDA:67,3,2,5
BRDA:67,3,3,1
BRDA:67,3,4,1
BRDA:67,3,5,0
BRDA:67,3,6,0
BRDA:67,3,7,0
BRDA:67,3,8,0
BRDA:67,3,9,0
BRDA:67,3,10,0
BRDA:103,4,0,15
BRDA:103,4,1,1
BRDA:103,5,0,16
BRDA:103,5,1,15
BRDA:124,6,0,51
BRDA:128,7,0,26
BRDA:128,7,1,45
BRDA:128,8,0,71
BRDA:128,8,1,35
BRDA:133,9,0,36
BRDA:133,9,1,9
BRDA:135,10,0,1
BRDA:135,10,1,35
BRDA:141,11,0,1
BRDA:141,11,1,15
BRDA:141,11,2,10
BRDA:141,11,3,18
BRDA:164,12,0,15
BRDA:164,12,1,94
BRDA:164,13,0,109
BRDA:164,13,1,109
BRDA:167,14,0,8
BRDA:167,14,1,3
BRDA:167,14,2,5
BRDA:169,15,0,4
BRDA:169,15,1,4
BRDA:175,16,0,0
BRDA:175,16,1,5
BRDA:178,17,0,0
BRDA:178,17,1,5
BRDA:178,18,0,5
BRDA:178,18,1,0
BRDA:198,19,0,0
BRDA:198,19,1,1
BRDA:203,20,0,0
BRDA:203,20,1,1
BRDA:207,21,0,0
BRDA:207,21,1,1
BRDA:213,22,0,0
BRDA:213,22,1,1
BRDA:213,23,0,1
BRDA:213,23,1,1
BRDA:227,24,0,3
BRDA:227,24,1,12
BRDA:240,25,0,7
BRDA:240,25,1,3
BRDA:253,26,0,0
BRDA:253,26,1,9
BRDA:258,27,0,1
BRDA:258,27,1,8
BRDA:277,28,0,0
BRDA:277,28,1,5
BRDA:296,29,0,0
BRDA:296,29,1,1
BRDA:319,30,0,1
BRDA:319,30,1,0
BRDA:321,31,0,0
BRDA:321,31,1,1
BRDA:341,32,0,0
BRDA:341,32,1,0
BRDA:359,33,0,0
BRDA:359,33,1,0
BRDA:378,34,0,0
BRDA:378,34,1,20
BRDA:378,35,0,20
BRDA:378,35,1,20
BRDA:385,36,0,17
BRDA:385,36,1,3
BRDA:399,37,0,0
BRDA:399,37,1,11
BRDA:399,38,0,11
BRDA:399,38,1,11
BRDA:406,39,0,4
BRDA:406,39,1,7
BRDA:420,40,0,8
BRDA:420,40,1,11
BRDA:426,41,0,9
BRDA:426,41,1,1
BRDA:453,42,0,0
BRDA:453,42,1,17
BRDA:456,43,0,7
BRDA:456,43,1,10
BRDA:459,44,0,2
BRDA:459,44,1,15
BRDA:462,45,0,9
BRDA:462,45,1,8
BRDA:468,46,0,14
BRDA:468,46,1,3
BRF:104
BRH:78
end_of_record
TN:
SF:src\main\services\scorm\sn\rollup-manager.js
FN:24,(anonymous_0)
FN:44,(anonymous_1)
FN:91,(anonymous_2)
FN:138,(anonymous_3)
FN:163,(anonymous_4)
FN:175,(anonymous_5)
FN:182,(anonymous_6)
FN:183,(anonymous_7)
FN:184,(anonymous_8)
FN:199,(anonymous_9)
FN:201,(anonymous_10)
FN:211,(anonymous_11)
FN:223,(anonymous_12)
FN:235,(anonymous_13)
FN:241,(anonymous_14)
FN:242,(anonymous_15)
FN:253,(anonymous_16)
FN:263,(anonymous_17)
FN:275,(anonymous_18)
FN:292,(anonymous_19)
FN:312,(anonymous_20)
FN:323,(anonymous_21)
FN:337,(anonymous_22)
FN:351,(anonymous_23)
FN:363,(anonymous_24)
FN:396,(anonymous_25)
FN:416,(anonymous_26)
FN:425,(anonymous_27)
FN:432,(anonymous_28)
FNF:29
FNH:25
FNDA:18,(anonymous_0)
FNDA:20,(anonymous_1)
FNDA:42,(anonymous_2)
FNDA:42,(anonymous_3)
FNDA:42,(anonymous_4)
FNDA:42,(anonymous_5)
FNDA:42,(anonymous_6)
FNDA:42,(anonymous_7)
FNDA:42,(anonymous_8)
FNDA:0,(anonymous_9)
FNDA:0,(anonymous_10)
FNDA:42,(anonymous_11)
FNDA:42,(anonymous_12)
FNDA:42,(anonymous_13)
FNDA:42,(anonymous_14)
FNDA:42,(anonymous_15)
FNDA:0,(anonymous_16)
FNDA:42,(anonymous_17)
FNDA:42,(anonymous_18)
FNDA:42,(anonymous_19)
FNDA:1,(anonymous_20)
FNDA:62,(anonymous_21)
FNDA:62,(anonymous_22)
FNDA:84,(anonymous_23)
FNDA:42,(anonymous_24)
FNDA:2,(anonymous_25)
FNDA:0,(anonymous_26)
FNDA:14,(anonymous_27)
FNDA:1,(anonymous_28)
DA:17,4
DA:25,18
DA:26,18
DA:27,18
DA:30,18
DA:33,18
DA:34,18
DA:36,18
DA:45,20
DA:46,20
DA:47,0
DA:50,20
DA:51,20
DA:53,20
DA:56,20
DA:57,20
DA:58,42
DA:59,42
DA:61,42
DA:62,0
DA:65,42
DA:68,20
DA:70,20
DA:77,0
DA:78,0
DA:79,0
DA:81,0
DA:92,42
DA:93,42
DA:94,42
DA:103,42
DA:104,42
DA:108,42
DA:109,42
DA:113,42
DA:114,42
DA:118,42
DA:120,42
DA:123,0
DA:124,0
DA:139,42
DA:149,42
DA:150,4
DA:153,38
DA:164,42
DA:165,42
DA:167,20
DA:175,42
DA:182,42
DA:183,42
DA:184,42
DA:186,22
DA:187,22
DA:190,22
DA:191,22
DA:192,3
DA:193,3
DA:194,19
DA:195,4
DA:196,4
DA:198,0
DA:199,0
DA:200,0
DA:201,0
DA:202,0
DA:203,0
DA:204,0
DA:208,22
DA:211,42
DA:224,42
DA:225,42
DA:227,20
DA:235,42
DA:241,42
DA:242,42
DA:244,22
DA:245,22
DA:248,22
DA:249,22
DA:250,22
DA:251,0
DA:252,0
DA:253,0
DA:254,0
DA:255,0
DA:256,0
DA:260,22
DA:263,42
DA:276,42
DA:277,42
DA:279,20
DA:280,20
DA:288,22
DA:289,22
DA:290,22
DA:292,22
DA:293,42
DA:294,42
DA:296,42
DA:297,1
DA:298,1
DA:299,1
DA:307,22
DA:309,22
DA:312,1
DA:324,62
DA:325,10
DA:328,52
DA:338,62
DA:339,2
DA:341,60
DA:352,84
DA:353,8
DA:355,76
DA:364,42
DA:365,38
DA:368,4
DA:369,4
DA:371,4
DA:373,1
DA:374,1
DA:376,1
DA:377,1
DA:381,1
DA:382,0
DA:383,0
DA:384,0
DA:397,2
DA:398,1
DA:404,2
DA:405,2
DA:407,2
DA:417,0
DA:418,0
DA:426,14
DA:433,1
DA:434,1
DA:435,1
DA:436,1
DA:440,4
LF:140
LH:114
BRDA:46,0,0,0
BRDA:46,0,1,20
BRDA:61,1,0,0
BRDA:61,1,1,42
BRDA:103,2,0,42
BRDA:103,2,1,0
BRDA:108,3,0,42
BRDA:108,3,1,0
BRDA:113,4,0,42
BRDA:113,4,1,0
BRDA:149,5,0,4
BRDA:149,5,1,38
BRDA:149,6,0,42
BRDA:149,6,1,42
BRDA:165,7,0,20
BRDA:165,7,1,22
BRDA:190,8,0,22
BRDA:190,8,1,0
BRDA:191,9,0,3
BRDA:191,9,1,19
BRDA:194,10,0,4
BRDA:194,10,1,15
BRDA:198,11,0,0
BRDA:198,11,1,0
BRDA:200,12,0,0
BRDA:200,12,1,0
BRDA:225,13,0,20
BRDA:225,13,1,22
BRDA:248,14,0,22
BRDA:248,14,1,0
BRDA:251,15,0,0
BRDA:251,15,1,0
BRDA:252,16,0,0
BRDA:252,16,1,0
BRDA:254,17,0,0
BRDA:254,17,1,0
BRDA:277,18,0,20
BRDA:277,18,1,22
BRDA:296,19,0,1
BRDA:296,19,1,41
BRDA:307,20,0,1
BRDA:307,20,1,21
BRDA:324,21,0,10
BRDA:324,21,1,52
BRDA:328,22,0,11
BRDA:328,22,1,41
BRDA:338,23,0,2
BRDA:338,23,1,60
BRDA:338,24,0,62
BRDA:338,24,1,10
BRDA:352,25,0,8
BRDA:352,25,1,76
BRDA:352,26,0,84
BRDA:352,26,1,84
BRDA:353,27,0,8
BRDA:353,27,1,0
BRDA:364,28,0,38
BRDA:364,28,1,4
BRDA:364,29,0,42
BRDA:364,29,1,4
BRDA:371,30,0,1
BRDA:371,30,1,3
BRDA:373,31,0,1
BRDA:373,31,1,0
BRDA:376,32,0,1
BRDA:376,32,1,0
BRDA:376,33,0,1
BRDA:376,33,1,1
BRDA:381,34,0,0
BRDA:381,34,1,1
BRDA:383,35,0,0
BRDA:383,35,1,0
BRDA:397,36,0,1
BRDA:397,36,1,1
BRDA:418,37,0,0
BRDA:418,37,1,0
BRF:76
BRH:51
end_of_record
TN:
SF:src\main\services\scorm\sn\sequencing-engine.js
FN:26,(anonymous_0)
FN:39,(anonymous_1)
FN:75,(anonymous_2)
FN:113,(anonymous_3)
FN:129,(anonymous_4)
FN:131,(anonymous_5)
FN:136,(anonymous_6)
FN:148,(anonymous_7)
FN:216,(anonymous_8)
FN:230,(anonymous_9)
FN:240,(anonymous_10)
FN:253,(anonymous_11)
FN:266,(anonymous_12)
FN:282,(anonymous_13)
FN:309,(anonymous_14)
FN:341,(anonymous_15)
FN:350,(anonymous_16)
FN:358,(anonymous_17)
FN:367,(anonymous_18)
FN:379,(anonymous_19)
FN:393,(anonymous_20)
FN:403,(anonymous_21)
FN:411,(anonymous_22)
FNF:23
FNH:11
FNDA:20,(anonymous_0)
FNDA:15,(anonymous_1)
FNDA:13,(anonymous_2)
FNDA:4,(anonymous_3)
FNDA:4,(anonymous_4)
FNDA:0,(anonymous_5)
FNDA:4,(anonymous_6)
FNDA:4,(anonymous_7)
FNDA:3,(anonymous_8)
FNDA:1,(anonymous_9)
FNDA:0,(anonymous_10)
FNDA:0,(anonymous_11)
FNDA:0,(anonymous_12)
FNDA:0,(anonymous_13)
FNDA:1,(anonymous_14)
FNDA:1,(anonymous_15)
FNDA:0,(anonymous_16)
FNDA:0,(anonymous_17)
FNDA:0,(anonymous_18)
FNDA:0,(anonymous_19)
FNDA:0,(anonymous_20)
FNDA:0,(anonymous_21)
FNDA:0,(anonymous_22)
DA:19,5
DA:27,20
DA:28,20
DA:29,20
DA:31,20
DA:40,15
DA:41,15
DA:42,13
DA:45,2
DA:47,2
DA:48,1
DA:50,1
DA:51,1
DA:52,1
DA:60,1
DA:63,0
DA:64,0
DA:66,0
DA:76,13
DA:77,13
DA:78,9
DA:81,4
DA:83,4
DA:84,3
DA:86,3
DA:87,3
DA:88,3
DA:96,1
DA:99,0
DA:100,0
DA:102,0
DA:114,4
DA:115,0
DA:118,4
DA:119,4
DA:121,4
DA:122,4
DA:123,4
DA:127,4
DA:128,4
DA:129,4
DA:130,0
DA:131,0
DA:134,4
DA:136,4
DA:149,4
DA:150,4
DA:152,4
DA:153,4
DA:155,4
DA:157,0
DA:158,0
DA:159,0
DA:162,3
DA:163,3
DA:164,3
DA:167,1
DA:168,1
DA:169,1
DA:172,0
DA:173,0
DA:174,0
DA:177,0
DA:178,0
DA:179,0
DA:182,0
DA:183,0
DA:184,0
DA:187,0
DA:188,0
DA:189,0
DA:192,0
DA:193,0
DA:194,0
DA:197,0
DA:198,0
DA:202,4
DA:203,2
DA:204,2
DA:207,4
DA:217,3
DA:218,1
DA:221,2
DA:231,1
DA:241,0
DA:242,0
DA:244,0
DA:254,0
DA:255,0
DA:257,0
DA:267,0
DA:268,0
DA:269,0
DA:270,0
DA:273,0
DA:283,0
DA:284,0
DA:287,0
DA:289,0
DA:291,0
DA:293,0
DA:295,0
DA:297,0
DA:299,0
DA:310,1
DA:311,1
DA:313,1
DA:315,0
DA:317,0
DA:319,0
DA:321,0
DA:323,0
DA:325,0
DA:327,0
DA:329,0
DA:332,0
DA:333,0
DA:342,1
DA:343,1
DA:351,0
DA:359,0
DA:360,0
DA:368,0
DA:369,0
DA:370,0
DA:372,0
DA:381,0
DA:382,0
DA:383,0
DA:384,0
DA:386,0
DA:394,0
DA:395,0
DA:396,0
DA:404,0
DA:412,0
DA:416,5
LF:137
LH:61
BRDA:41,0,0,13
BRDA:41,0,1,2
BRDA:41,1,0,15
BRDA:41,1,1,15
BRDA:45,2,0,2
BRDA:45,2,1,1
BRDA:50,3,0,1
BRDA:50,3,1,0
BRDA:77,4,0,9
BRDA:77,4,1,4
BRDA:77,5,0,13
BRDA:77,5,1,13
BRDA:81,6,0,4
BRDA:81,6,1,1
BRDA:86,7,0,3
BRDA:86,7,1,0
BRDA:114,8,0,0
BRDA:114,8,1,4
BRDA:114,9,0,4
BRDA:114,9,1,4
BRDA:118,10,0,4
BRDA:118,10,1,4
BRDA:128,11,0,4
BRDA:128,11,1,0
BRDA:130,12,0,0
BRDA:130,12,1,0
BRDA:150,13,0,4
BRDA:150,13,1,2
BRDA:155,14,0,0
BRDA:155,14,1,3
BRDA:155,14,2,1
BRDA:155,14,3,0
BRDA:155,14,4,0
BRDA:155,14,5,0
BRDA:155,14,6,0
BRDA:155,14,7,0
BRDA:155,14,8,0
BRDA:202,15,0,2
BRDA:202,15,1,2
BRDA:217,16,0,1
BRDA:217,16,1,2
BRDA:241,17,0,0
BRDA:241,17,1,0
BRDA:254,18,0,0
BRDA:254,18,1,0
BRDA:267,19,0,0
BRDA:267,19,1,0
BRDA:267,20,0,0
BRDA:267,20,1,0
BRDA:269,21,0,0
BRDA:269,21,1,0
BRDA:269,22,0,0
BRDA:269,22,1,0
BRDA:283,23,0,0
BRDA:283,23,1,0
BRDA:283,24,0,0
BRDA:283,24,1,0
BRDA:289,25,0,0
BRDA:289,25,1,0
BRDA:289,25,2,0
BRDA:289,25,3,0
BRDA:289,25,4,0
BRDA:311,26,0,1
BRDA:311,26,1,0
BRDA:311,26,2,0
BRDA:311,26,3,0
BRDA:311,26,4,0
BRDA:311,26,5,0
BRDA:311,26,6,0
BRDA:311,26,7,0
BRDA:311,26,8,0
BRDA:368,27,0,0
BRDA:368,27,1,0
BRF:73
BRH:29
end_of_record
